# /nfs/site/disks/crt_tools_055/ip2sd/23.02.001/bin/stageBin/ip2sd_updatecfg.pl
Starting ip2sd_updatecfg
Using ip2sdCfg file ip2sdCfg_25618.pm
$VAR1 = {
          'lcml' => undef,
          'phys_only' => 'no',
          'track_pattern' => undef,
          'heml' => '7',
          'flows_required' => 'dfi'
        };
-W- Invalid return value from ipattribute query for lcml: 
    Using default of 3
-W- Using default milestone of P10 since niether env var is set
-W- Invalid return value from IpAttribute.pm info query for phys_only: no
    Using default of "" (which means no)
Final value going to ip cfg file:
Heml: 7
Lcml: 3
Milestone: P10
Phys_only: 
Flows Required: dfi
Additional Options: 
-I- Writing IP config file: /nfs/site/disks/ipg_scf_00159/ajavidi_ship/SHIP_23ww18d3/arf096b192e1r1w0cbbeheaa4acw_work/ship/ip/arf096b192e1r1w0cbbeheaa4acw/zsc11_scca38002_3May2023_172640/ip2sd/collateral/ebb/cfg/arf096b192e1r1w0cbbeheaa4acw.cfg
Finished running ip2sd_updatecfg
