# /nfs/site/disks/crt_tools_055/ip2sd/23.02.001/bin/stageBin/ip2sd_libMerge.pl
-I- Using /p/hdk/cad/librarycompiler/T-2022.03-SP3/bin/lc_shell -no_home_init for lib operations
Starting ip2sd_libMerge
Using ip2sdCfg file ip2sdCfg_25618.pm
-I- Reading IP config file: /nfs/site/disks/ipg_scf_00159/ajavidi_ship/SHIP_23ww18d3/arf096b192e1r1w0cbbeheaa4acw_work/ship/ip/arf096b192e1r1w0cbbeheaa4acw/zsc11_scca38002_3May2023_172640/ip2sd/collateral/ebb/cfg/arf096b192e1r1w0cbbeheaa4acw.cfg
-I- Sucessfully read config file.
-I- ip cfg file: /nfs/site/disks/ipg_scf_00159/ajavidi_ship/SHIP_23ww18d3/arf096b192e1r1w0cbbeheaa4acw_work/ship/ip/arf096b192e1r1w0cbbeheaa4acw/zsc11_scca38002_3May2023_172640/ip2sd/collateral/ebb/cfg/arf096b192e1r1w0cbbeheaa4acw.cfg
-I- Reading IP config file: /nfs/site/disks/ipg_scf_00159/ajavidi_ship/SHIP_23ww18d3/arf096b192e1r1w0cbbeheaa4acw_work/ship/ip/arf096b192e1r1w0cbbeheaa4acw/zsc11_scca38002_3May2023_172640/ip2sd/collateral/ebb/cfg/arf096b192e1r1w0cbbeheaa4acw.cfg
-I- Sucessfully read config file.
-I- Executing cp /nfs/site/disks/ipg_scf_00159/ajavidi_ship/SHIP_23ww18d3/arf096b192e1r1w0cbbeheaa4acw_work/ship/ip/arf096b192e1r1w0cbbeheaa4acw/zsc11_scca38002_3May2023_172640/ip2sd/timing/arf096b192e1r1w0cbbeheaa4acw_p1276d4_tmin_0.55v_100c.min.lib /nfs/site/disks/ipg_scf_00159/ajavidi_ship/SHIP_23ww18d3/arf096b192e1r1w0cbbeheaa4acw_work/ship/ip/arf096b192e1r1w0cbbeheaa4acw/zsc11_scca38002_3May2023_172640/ip2sd/ip2sd/ip/arf096b192e1r1w0cbbeheaa4acw/ip2sd_libMerge/orig/timing/
-I- Executing cp /nfs/site/disks/ipg_scf_00159/ajavidi_ship/SHIP_23ww18d3/arf096b192e1r1w0cbbeheaa4acw_work/ship/ip/arf096b192e1r1w0cbbeheaa4acw/zsc11_scca38002_3May2023_172640/ip2sd/timing/arf096b192e1r1w0cbbeheaa4acw_p1276d4_tmin_0.65v_100c.min.lib /nfs/site/disks/ipg_scf_00159/ajavidi_ship/SHIP_23ww18d3/arf096b192e1r1w0cbbeheaa4acw_work/ship/ip/arf096b192e1r1w0cbbeheaa4acw/zsc11_scca38002_3May2023_172640/ip2sd/ip2sd/ip/arf096b192e1r1w0cbbeheaa4acw/ip2sd_libMerge/orig/timing/
-I- Executing cp /nfs/site/disks/ipg_scf_00159/ajavidi_ship/SHIP_23ww18d3/arf096b192e1r1w0cbbeheaa4acw_work/ship/ip/arf096b192e1r1w0cbbeheaa4acw/zsc11_scca38002_3May2023_172640/ip2sd/timing/arf096b192e1r1w0cbbeheaa4acw_p1276d4_tmin_0.85v_100c.min.lib /nfs/site/disks/ipg_scf_00159/ajavidi_ship/SHIP_23ww18d3/arf096b192e1r1w0cbbeheaa4acw_work/ship/ip/arf096b192e1r1w0cbbeheaa4acw/zsc11_scca38002_3May2023_172640/ip2sd/ip2sd/ip/arf096b192e1r1w0cbbeheaa4acw/ip2sd_libMerge/orig/timing/
-I- Executing cp /nfs/site/disks/ipg_scf_00159/ajavidi_ship/SHIP_23ww18d3/arf096b192e1r1w0cbbeheaa4acw_work/ship/ip/arf096b192e1r1w0cbbeheaa4acw/zsc11_scca38002_3May2023_172640/ip2sd/timing/arf096b192e1r1w0cbbeheaa4acw_p1276d4_tmin_1.10v_100c.min.lib /nfs/site/disks/ipg_scf_00159/ajavidi_ship/SHIP_23ww18d3/arf096b192e1r1w0cbbeheaa4acw_work/ship/ip/arf096b192e1r1w0cbbeheaa4acw/zsc11_scca38002_3May2023_172640/ip2sd/ip2sd/ip/arf096b192e1r1w0cbbeheaa4acw/ip2sd_libMerge/orig/timing/
-I- Executing cp /nfs/site/disks/ipg_scf_00159/ajavidi_ship/SHIP_23ww18d3/arf096b192e1r1w0cbbeheaa4acw_work/ship/ip/arf096b192e1r1w0cbbeheaa4acw/zsc11_scca38002_3May2023_172640/ip2sd/timing/arf096b192e1r1w0cbbeheaa4acw_p1276d4_tttt_0.55v_100c.max.lib /nfs/site/disks/ipg_scf_00159/ajavidi_ship/SHIP_23ww18d3/arf096b192e1r1w0cbbeheaa4acw_work/ship/ip/arf096b192e1r1w0cbbeheaa4acw/zsc11_scca38002_3May2023_172640/ip2sd/ip2sd/ip/arf096b192e1r1w0cbbeheaa4acw/ip2sd_libMerge/orig/timing/
-I- Executing cp /nfs/site/disks/ipg_scf_00159/ajavidi_ship/SHIP_23ww18d3/arf096b192e1r1w0cbbeheaa4acw_work/ship/ip/arf096b192e1r1w0cbbeheaa4acw/zsc11_scca38002_3May2023_172640/ip2sd/timing/arf096b192e1r1w0cbbeheaa4acw_p1276d4_tttt_0.65v_100c.max.lib /nfs/site/disks/ipg_scf_00159/ajavidi_ship/SHIP_23ww18d3/arf096b192e1r1w0cbbeheaa4acw_work/ship/ip/arf096b192e1r1w0cbbeheaa4acw/zsc11_scca38002_3May2023_172640/ip2sd/ip2sd/ip/arf096b192e1r1w0cbbeheaa4acw/ip2sd_libMerge/orig/timing/
-I- Executing cp /nfs/site/disks/ipg_scf_00159/ajavidi_ship/SHIP_23ww18d3/arf096b192e1r1w0cbbeheaa4acw_work/ship/ip/arf096b192e1r1w0cbbeheaa4acw/zsc11_scca38002_3May2023_172640/ip2sd/timing/arf096b192e1r1w0cbbeheaa4acw_p1276d4_tttt_0.85v_100c.max.lib /nfs/site/disks/ipg_scf_00159/ajavidi_ship/SHIP_23ww18d3/arf096b192e1r1w0cbbeheaa4acw_work/ship/ip/arf096b192e1r1w0cbbeheaa4acw/zsc11_scca38002_3May2023_172640/ip2sd/ip2sd/ip/arf096b192e1r1w0cbbeheaa4acw/ip2sd_libMerge/orig/timing/
-I- Executing cp /nfs/site/disks/ipg_scf_00159/ajavidi_ship/SHIP_23ww18d3/arf096b192e1r1w0cbbeheaa4acw_work/ship/ip/arf096b192e1r1w0cbbeheaa4acw/zsc11_scca38002_3May2023_172640/ip2sd/timing/arf096b192e1r1w0cbbeheaa4acw_p1276d4_tttt_1.10v_100c.max.lib /nfs/site/disks/ipg_scf_00159/ajavidi_ship/SHIP_23ww18d3/arf096b192e1r1w0cbbeheaa4acw_work/ship/ip/arf096b192e1r1w0cbbeheaa4acw/zsc11_scca38002_3May2023_172640/ip2sd/ip2sd/ip/arf096b192e1r1w0cbbeheaa4acw/ip2sd_libMerge/orig/timing/
-W- Not running libMerge, arf096b192e1r1w0cbbeheaa4acw.libMerge.yml not at /nfs/site/disks/ipg_scf_00159/ajavidi_ship/SHIP_23ww18d3/arf096b192e1r1w0cbbeheaa4acw_work/ship/ip/arf096b192e1r1w0cbbeheaa4acw/zsc11_scca38002_3May2023_172640/ip2sd/collateral/ebb/cfg/arf096b192e1r1w0cbbeheaa4acw.libMerge.yml or /nfs/site/disks/ipg_scf_00159/ajavidi_ship/SHIP_23ww18d3/arf096b192e1r1w0cbbeheaa4acw_work/ship/ip/arf096b192e1r1w0cbbeheaa4acw/zsc11_scca38002_3May2023_172640/ip2sd/doc/I7E240O4A0.arf096b192e1r1w0cbbeheaa4acw.libMerge.yml
-W- Will still copy a lib without max on min to both max and min
-I- Executing rm -f /nfs/site/disks/ipg_scf_00159/ajavidi_ship/SHIP_23ww18d3/arf096b192e1r1w0cbbeheaa4acw_work/ship/ip/arf096b192e1r1w0cbbeheaa4acw/zsc11_scca38002_3May2023_172640/ip2sd/timing/arf096b192e1r1w0cbbeheaa4acw_p1276d4_tmin_0.55v_100c.min.lib
-I- Executing rm -f /nfs/site/disks/ipg_scf_00159/ajavidi_ship/SHIP_23ww18d3/arf096b192e1r1w0cbbeheaa4acw_work/ship/ip/arf096b192e1r1w0cbbeheaa4acw/zsc11_scca38002_3May2023_172640/ip2sd/timing/arf096b192e1r1w0cbbeheaa4acw_p1276d4_tmin_0.65v_100c.min.lib
-I- Executing rm -f /nfs/site/disks/ipg_scf_00159/ajavidi_ship/SHIP_23ww18d3/arf096b192e1r1w0cbbeheaa4acw_work/ship/ip/arf096b192e1r1w0cbbeheaa4acw/zsc11_scca38002_3May2023_172640/ip2sd/timing/arf096b192e1r1w0cbbeheaa4acw_p1276d4_tmin_0.85v_100c.min.lib
-I- Executing rm -f /nfs/site/disks/ipg_scf_00159/ajavidi_ship/SHIP_23ww18d3/arf096b192e1r1w0cbbeheaa4acw_work/ship/ip/arf096b192e1r1w0cbbeheaa4acw/zsc11_scca38002_3May2023_172640/ip2sd/timing/arf096b192e1r1w0cbbeheaa4acw_p1276d4_tmin_1.10v_100c.min.lib
-I- Executing rm -f /nfs/site/disks/ipg_scf_00159/ajavidi_ship/SHIP_23ww18d3/arf096b192e1r1w0cbbeheaa4acw_work/ship/ip/arf096b192e1r1w0cbbeheaa4acw/zsc11_scca38002_3May2023_172640/ip2sd/timing/arf096b192e1r1w0cbbeheaa4acw_p1276d4_tttt_0.55v_100c.max.lib
-I- Executing rm -f /nfs/site/disks/ipg_scf_00159/ajavidi_ship/SHIP_23ww18d3/arf096b192e1r1w0cbbeheaa4acw_work/ship/ip/arf096b192e1r1w0cbbeheaa4acw/zsc11_scca38002_3May2023_172640/ip2sd/timing/arf096b192e1r1w0cbbeheaa4acw_p1276d4_tttt_0.65v_100c.max.lib
-I- Executing rm -f /nfs/site/disks/ipg_scf_00159/ajavidi_ship/SHIP_23ww18d3/arf096b192e1r1w0cbbeheaa4acw_work/ship/ip/arf096b192e1r1w0cbbeheaa4acw/zsc11_scca38002_3May2023_172640/ip2sd/timing/arf096b192e1r1w0cbbeheaa4acw_p1276d4_tttt_0.85v_100c.max.lib
-I- Executing rm -f /nfs/site/disks/ipg_scf_00159/ajavidi_ship/SHIP_23ww18d3/arf096b192e1r1w0cbbeheaa4acw_work/ship/ip/arf096b192e1r1w0cbbeheaa4acw/zsc11_scca38002_3May2023_172640/ip2sd/timing/arf096b192e1r1w0cbbeheaa4acw_p1276d4_tttt_1.10v_100c.max.lib
rm: cannot remove '/nfs/site/disks/ipg_scf_00159/ajavidi_ship/SHIP_23ww18d3/arf096b192e1r1w0cbbeheaa4acw_work/ship/ip/arf096b192e1r1w0cbbeheaa4acw/zsc11_scca38002_3May2023_172640/ip2sd/timing/*': No such file or directory
2023/05/03 17:28:19 cth_query Params
2023/05/03 17:28:19 $VAR1 = {
          'Params' => {
                        'MILESTONE' => 'UNDEF',
                        'dbi_binary_version' => 'py',
                        'p4' => '2019.2',
                        'sourcecode_p4port:zsc9' => 'p4refchtsce.sync.intel.com:1671',
                        'regression_ship' => '20.01.006',
                        'TechOption' => 'opt4',
                        'defaultArcRepo' => 'params(chop)arc',
                        'PDK_DIR' => '/p/hdk/cad/pdk/pdk764_r0.9.1HP2_23ww14.5',
                        'rapidesd_lte' => 'ESD.1.7.13',
                        'dbi_milestone' => 'prod',
                        'ship_config:manifest_cfg' => 'hipspec_be_timing',
                        'regression_c16_dpqa' => '2021.12.4',
                        'ip2sd_config:run_hacklib' => '0',
                        'rapidesd_totem' => 'Totem_Linux64e6_V2021R2.5p1',
                        'regression_finale' => '22.01.001',
                        'CHOP' => 'params(chop)',
                        'regression_r2g' => '2023.12.5',
                        'LIB_HEIGHT_CLASS' => 'g1m_8dg_50pp',
                        'chop' => 'ip76edmr',
                        'ship_config:crossfire_mode' => 'split',
                        'cpipad_lib' => '/p/hdk/cad/stdcells/cpipad_lib/cpipad764_r1.0_23ww10.2',
                        'sourcecode_p4port:zsc10' => 'p4refchtsce.sync.intel.com:1671',
                        'dbi_project' => 'ipg',
                        'sourcecode_p4port:master' => 'p4refchtsce.sync.intel.com:1671',
                        'soc_hier_file' => 'envs(PROJ_ARCHIVE)/soc_hier/params(chop)_hier.tcl',
                        'sourcecode_p4port:png' => 'p4refchtbae.sync.intel.com:1671',
                        'STEPPING' => 'params(stepping)',
                        'regression_ddm_api' => '21.01.001',
                        'ship_config:review_checklists' => 'crossfire_lv,crossfire_horizontal,crossfire_intgd,crossfire_lef,crossfire_timing,crossfire_power,crossfire_driftchecks',
                        'g1m' => '/p/hdk/cad/stdcells/lib764_g1m_240h_50pp/pdk090_r0v1p0_fv',
                        'regression_cth2_arc' => '23.01.001',
                        'sourcecode_p4port:sc' => 'p4refchtsce.sync.intel.com:1671',
                        'rapidesd_calibre' => 'aoi_cal_2021.2_28.15_cth',
                        'PRODUCT_NAME' => 'I7E240O4',
                        'iphs_enable_finale' => '1',
                        'sourcecode_p4port:iind' => 'p4refchtbae.sync.intel.com:1671',
                        'PRODUCT_STEP' => 'params(stepping)',
                        'stepping' => 'A0',
                        'TRACK_PATTERN' => 'tp4',
                        'regression_liteinfra' => '1.7',
                        'sourcecode_p4port:imu' => 'p4refchtimce.sync.intel.com:1671',
                        'LIB_NAME' => 'g1m',
                        'regression_cth2_connected_flow' => '20.04.004',
                        'regression_ship2' => '23.01.002',
                        'regression_cth2_clean_setup' => '23.02.001',
                        'wardprimarygroup' => 'ip7nm',
                        'milestone' => 'params(MILESTONE)',
                        'sourcecode_p4port:zsc11' => 'p4refchtsce.sync.intel.com:1671',
                        'kbsccmaillist' => 'narendra.nimmagadda@intel.com,garima.sharma@intel.com,Kainat.Theba@intel.com',
                        'sourcecode_p4port:pdx' => 'p4refchtsce.sync.intel.com:1671',
                        'regression_hdk_qa' => '23.13.1',
                        'r2g_tech' => '1276.4',
                        'LAYERSTACK' => 'm20_6x_4ya_2yb_2yc_2yd_2ye_1ga_mim3x_1gb__bumpp',
                        'groups' => 'soc,cicg,hdk7nm,hdk7nmproc',
                        'diamond_script' => '/usr/intel/bin/dts_register',
                        'sourcecode_p4port:iil' => 'p4refchtidce.sync.intel.com:1671',
                        'regression_cth_closure' => '21.03.004',
                        'defaultRepo' => 'params(chop)',
                        'regression_cth2_interface' => '23.02.001',
                        'use_model_file' => '1',
                        'stepping_lc' => 'a0',
                        'cth2_ver' => '2023.03.SP1',
                        'bu_scope' => 'server_ip'
                      }
        };
2023/05/03 17:28:19 Not in cth.ini: ship_config:duplicate_libs
-I- Executing cp /nfs/site/disks/ipg_scf_00159/ajavidi_ship/SHIP_23ww18d3/arf096b192e1r1w0cbbeheaa4acw_work/ship/ip/arf096b192e1r1w0cbbeheaa4acw/zsc11_scca38002_3May2023_172640/ip2sd/ip2sd/ip/arf096b192e1r1w0cbbeheaa4acw/ip2sd_libMerge/merged/timing/arf096b192e1r1w0cbbeheaa4acw_p1276d4_tmin_0.55v_100c.min.lib /nfs/site/disks/ipg_scf_00159/ajavidi_ship/SHIP_23ww18d3/arf096b192e1r1w0cbbeheaa4acw_work/ship/ip/arf096b192e1r1w0cbbeheaa4acw/zsc11_scca38002_3May2023_172640/ip2sd/timing/
-I- Executing cp /nfs/site/disks/ipg_scf_00159/ajavidi_ship/SHIP_23ww18d3/arf096b192e1r1w0cbbeheaa4acw_work/ship/ip/arf096b192e1r1w0cbbeheaa4acw/zsc11_scca38002_3May2023_172640/ip2sd/ip2sd/ip/arf096b192e1r1w0cbbeheaa4acw/ip2sd_libMerge/merged/timing/arf096b192e1r1w0cbbeheaa4acw_p1276d4_tmin_0.65v_100c.min.lib /nfs/site/disks/ipg_scf_00159/ajavidi_ship/SHIP_23ww18d3/arf096b192e1r1w0cbbeheaa4acw_work/ship/ip/arf096b192e1r1w0cbbeheaa4acw/zsc11_scca38002_3May2023_172640/ip2sd/timing/
-I- Executing cp /nfs/site/disks/ipg_scf_00159/ajavidi_ship/SHIP_23ww18d3/arf096b192e1r1w0cbbeheaa4acw_work/ship/ip/arf096b192e1r1w0cbbeheaa4acw/zsc11_scca38002_3May2023_172640/ip2sd/ip2sd/ip/arf096b192e1r1w0cbbeheaa4acw/ip2sd_libMerge/merged/timing/arf096b192e1r1w0cbbeheaa4acw_p1276d4_tmin_0.85v_100c.min.lib /nfs/site/disks/ipg_scf_00159/ajavidi_ship/SHIP_23ww18d3/arf096b192e1r1w0cbbeheaa4acw_work/ship/ip/arf096b192e1r1w0cbbeheaa4acw/zsc11_scca38002_3May2023_172640/ip2sd/timing/
-I- Executing cp /nfs/site/disks/ipg_scf_00159/ajavidi_ship/SHIP_23ww18d3/arf096b192e1r1w0cbbeheaa4acw_work/ship/ip/arf096b192e1r1w0cbbeheaa4acw/zsc11_scca38002_3May2023_172640/ip2sd/ip2sd/ip/arf096b192e1r1w0cbbeheaa4acw/ip2sd_libMerge/merged/timing/arf096b192e1r1w0cbbeheaa4acw_p1276d4_tmin_1.10v_100c.min.lib /nfs/site/disks/ipg_scf_00159/ajavidi_ship/SHIP_23ww18d3/arf096b192e1r1w0cbbeheaa4acw_work/ship/ip/arf096b192e1r1w0cbbeheaa4acw/zsc11_scca38002_3May2023_172640/ip2sd/timing/
-I- Executing cp /nfs/site/disks/ipg_scf_00159/ajavidi_ship/SHIP_23ww18d3/arf096b192e1r1w0cbbeheaa4acw_work/ship/ip/arf096b192e1r1w0cbbeheaa4acw/zsc11_scca38002_3May2023_172640/ip2sd/ip2sd/ip/arf096b192e1r1w0cbbeheaa4acw/ip2sd_libMerge/merged/timing/arf096b192e1r1w0cbbeheaa4acw_p1276d4_tttt_0.55v_100c.max.lib /nfs/site/disks/ipg_scf_00159/ajavidi_ship/SHIP_23ww18d3/arf096b192e1r1w0cbbeheaa4acw_work/ship/ip/arf096b192e1r1w0cbbeheaa4acw/zsc11_scca38002_3May2023_172640/ip2sd/timing/
-I- Executing cp /nfs/site/disks/ipg_scf_00159/ajavidi_ship/SHIP_23ww18d3/arf096b192e1r1w0cbbeheaa4acw_work/ship/ip/arf096b192e1r1w0cbbeheaa4acw/zsc11_scca38002_3May2023_172640/ip2sd/ip2sd/ip/arf096b192e1r1w0cbbeheaa4acw/ip2sd_libMerge/merged/timing/arf096b192e1r1w0cbbeheaa4acw_p1276d4_tttt_0.65v_100c.max.lib /nfs/site/disks/ipg_scf_00159/ajavidi_ship/SHIP_23ww18d3/arf096b192e1r1w0cbbeheaa4acw_work/ship/ip/arf096b192e1r1w0cbbeheaa4acw/zsc11_scca38002_3May2023_172640/ip2sd/timing/
-I- Executing cp /nfs/site/disks/ipg_scf_00159/ajavidi_ship/SHIP_23ww18d3/arf096b192e1r1w0cbbeheaa4acw_work/ship/ip/arf096b192e1r1w0cbbeheaa4acw/zsc11_scca38002_3May2023_172640/ip2sd/ip2sd/ip/arf096b192e1r1w0cbbeheaa4acw/ip2sd_libMerge/merged/timing/arf096b192e1r1w0cbbeheaa4acw_p1276d4_tttt_0.85v_100c.max.lib /nfs/site/disks/ipg_scf_00159/ajavidi_ship/SHIP_23ww18d3/arf096b192e1r1w0cbbeheaa4acw_work/ship/ip/arf096b192e1r1w0cbbeheaa4acw/zsc11_scca38002_3May2023_172640/ip2sd/timing/
-I- Executing cp /nfs/site/disks/ipg_scf_00159/ajavidi_ship/SHIP_23ww18d3/arf096b192e1r1w0cbbeheaa4acw_work/ship/ip/arf096b192e1r1w0cbbeheaa4acw/zsc11_scca38002_3May2023_172640/ip2sd/ip2sd/ip/arf096b192e1r1w0cbbeheaa4acw/ip2sd_libMerge/merged/timing/arf096b192e1r1w0cbbeheaa4acw_p1276d4_tttt_1.10v_100c.max.lib /nfs/site/disks/ipg_scf_00159/ajavidi_ship/SHIP_23ww18d3/arf096b192e1r1w0cbbeheaa4acw_work/ship/ip/arf096b192e1r1w0cbbeheaa4acw/zsc11_scca38002_3May2023_172640/ip2sd/timing/
2023/05/03 17:28:19 Waves:
$VAR1 = [];
Finished running ip2sd_libMerge
