-I- Executing command: chdir /nfs/site/disks/ipg_scf_00159/ajavidi_ship/SHIP_23ww17d4/arf198b128e1r1w0cbbehbaa4acw_work/ship/ip/arf198b128e1r1w0cbbehbaa4acw/zsc11_sccc012810_28Apr2023_034750/crossfire
-I- Executing command: /p/hdk/pu_tu/prd/ipqa_xfire/23.01.005.p003/bin/crossfire.py --block 'arf198b128e1r1w0cbbehbaa4acw'  --milestone 'uv1'  --review /nfs/site/disks/ipg_scf_00159/ajavidi_ship/SHIP_23ww17d4/arf198b128e1r1w0cbbehbaa4acw_work/ship/ip/arf198b128e1r1w0cbbehbaa4acw/zsc11_sccc012810_28Apr2023_034750/crossfire/collateral/ebb/checks/arf198b128e1r1w0cbbehbaa4acw.crossfire.log --location snps_manifest --append_manifest /nfs/site/disks/ipg_scf_00159/ajavidi_ship/SHIP_23ww17d4/arf198b128e1r1w0cbbehbaa4acw_work/ship/ip/arf198b128e1r1w0cbbehbaa4acw/zsc11_sccc012810_28Apr2023_034750/crossfire/collateral/ebb/checks/arf198b128e1r1w0cbbehbaa4acw.crossfire.manifest --snps_manifests /nfs/site/disks/ipg_scf_00159/ajavidi_ship/SHIP_23ww17d4/arf198b128e1r1w0cbbehbaa4acw_work/ship/ip/arf198b128e1r1w0cbbehbaa4acw/zsc11_sccc012810_28Apr2023_034750/staging/manifest.xml    |& tee /nfs/site/disks/ipg_scf_00159/ajavidi_ship/SHIP_23ww17d4/arf198b128e1r1w0cbbehbaa4acw_work/ship/ip/arf198b128e1r1w0cbbehbaa4acw/zsc11_sccc012810_28Apr2023_034750/crossfire/collateral/ebb/checks/arf198b128e1r1w0cbbehbaa4acw.crossfire.run.log
03:56:46-INIT-INFO: Running: /p/hdk/pu_tu/prd/ipqa_xfire/23.01.005.p003/bin/crossfire.py --block arf198b128e1r1w0cbbehbaa4acw --milestone uv1 --review /nfs/site/disks/ipg_scf_00159/ajavidi_ship/SHIP_23ww17d4/arf198b128e1r1w0cbbehbaa4acw_work/ship/ip/arf198b128e1r1w0cbbehbaa4acw/zsc11_sccc012810_28Apr2023_034750/crossfire/collateral/ebb/checks/arf198b128e1r1w0cbbehbaa4acw.crossfire.log --location snps_manifest --append_manifest /nfs/site/disks/ipg_scf_00159/ajavidi_ship/SHIP_23ww17d4/arf198b128e1r1w0cbbehbaa4acw_work/ship/ip/arf198b128e1r1w0cbbehbaa4acw/zsc11_sccc012810_28Apr2023_034750/crossfire/collateral/ebb/checks/arf198b128e1r1w0cbbehbaa4acw.crossfire.manifest --snps_manifests /nfs/site/disks/ipg_scf_00159/ajavidi_ship/SHIP_23ww17d4/arf198b128e1r1w0cbbehbaa4acw_work/ship/ip/arf198b128e1r1w0cbbehbaa4acw/zsc11_sccc012810_28Apr2023_034750/staging/manifest.xml 
03:56:46-INIT-INFO:     block ==> arf198b128e1r1w0cbbehbaa4acw
03:56:46-INIT-INFO:     milestone ==> uv1
03:56:46-INIT-INFO:     location ==> snps_manifest
03:56:46-INIT-INFO:     strict_location ==> False
03:56:46-INIT-INFO:     multi_cell ==> False
03:56:46-INIT-INFO:     snap_test ==> False
03:56:46-INIT-INFO:     crossfire_manual ==> False
03:56:46-INIT-INFO:     shell ==> False
03:56:46-INIT-INFO:     append_manifest ==> /nfs/site/disks/ipg_scf_00159/ajavidi_ship/SHIP_23ww17d4/arf198b128e1r1w0cbbehbaa4acw_work/ship/ip/arf198b128e1r1w0cbbehbaa4acw/zsc11_sccc012810_28Apr2023_034750/crossfire/collateral/ebb/checks/arf198b128e1r1w0cbbehbaa4acw.crossfire.manifest
03:56:46-INIT-INFO:     dumpmilestones ==> None
03:56:46-INIT-INFO:     snps_manifests ==> /nfs/site/disks/ipg_scf_00159/ajavidi_ship/SHIP_23ww17d4/arf198b128e1r1w0cbbehbaa4acw_work/ship/ip/arf198b128e1r1w0cbbehbaa4acw/zsc11_sccc012810_28Apr2023_034750/staging/manifest.xml
03:56:46-INIT-INFO:     review ==> /nfs/site/disks/ipg_scf_00159/ajavidi_ship/SHIP_23ww17d4/arf198b128e1r1w0cbbehbaa4acw_work/ship/ip/arf198b128e1r1w0cbbehbaa4acw/zsc11_sccc012810_28Apr2023_034750/crossfire/collateral/ebb/checks/arf198b128e1r1w0cbbehbaa4acw.crossfire.log
03:56:46-INIT-INFO:     report ==> False
03:56:46-SETUP-INFO: Setting RUNDIR: /nfs/site/disks/ipg_scf_00159/ajavidi_ship/SHIP_23ww17d4/arf198b128e1r1w0cbbehbaa4acw_work/ship/ip/arf198b128e1r1w0cbbehbaa4acw/zsc11_sccc012810_28Apr2023_034750/crossfire/crossfire/arf198b128e1r1w0cbbehbaa4acw.uv1.2023_04_28_035646.28334
03:56:46-SETUP-INFO: Creating file: /nfs/site/disks/ipg_scf_00159/ajavidi_ship/SHIP_23ww17d4/arf198b128e1r1w0cbbehbaa4acw_work/ship/ip/arf198b128e1r1w0cbbehbaa4acw/zsc11_sccc012810_28Apr2023_034750/crossfire/crossfire/arf198b128e1r1w0cbbehbaa4acw.latest
03:56:46-SETUP-INFO: Vendor help docs can be found by running: firefox /p/hdk/cad/crossfire/2023.2.W07/docs/html/index.html &
03:56:47-MAIN-INFO:   IPQA_ROOT: /p/hdk/pu_tu/prd/ipqa_xfire/23.01.005.p003
03:56:47-MAIN-INFO:   CROSSFIRE_ROOT: /p/hdk/cad/crossfire/2023.2.W07
03:56:53-KVP-INFO: Processing KVP file: /p/hdk/pu_tu/prd/ipqa_xfire/23.01.005.p003/data/default/kvp_cth_query.cfg
03:56:56-MAIN-INFO: Adding FUSIONCOMPILER_DIR to path.
03:56:56-KVP-INFO: Processing KVP file: /p/hdk/pu_tu/prd/ipqa_xfire/23.01.005.p003/data/default/kvp_preloc.cfg
03:56:58-MAIN-INFO: Figuring out what checks to run...
03:56:59-MAIN-INFO: -I- Using config set '1276_plt'
03:56:59-KVP-INFO: Processing KVP file: /nfs/site/disks/ipg_scf_00159/ajavidi_ship/SHIP_23ww17d4/arf198b128e1r1w0cbbehbaa4acw_work/ship/ip/arf198b128e1r1w0cbbehbaa4acw/zsc11_sccc012810_28Apr2023_034750/crossfire/crossfire/arf198b128e1r1w0cbbehbaa4acw.uv1.2023_04_28_035646.28334/presetup/kvp_p0.cfg
03:57:01-MAIN-INFO: Reading checks config file: /nfs/site/disks/ipg_scf_00159/ajavidi_ship/SHIP_23ww17d4/arf198b128e1r1w0cbbehbaa4acw_work/ship/ip/arf198b128e1r1w0cbbehbaa4acw/zsc11_sccc012810_28Apr2023_034750/crossfire/crossfire/arf198b128e1r1w0cbbehbaa4acw.uv1.2023_04_28_035646.28334/presetup/checks.cfg
03:57:01-MAIN-INFO: Using  manifest.xml file from snps_manifests
03:57:01-MAIN-INFO: manifest_file_use => /nfs/site/disks/ipg_scf_00159/ajavidi_ship/SHIP_23ww17d4/arf198b128e1r1w0cbbehbaa4acw_work/ship/ip/arf198b128e1r1w0cbbehbaa4acw/zsc11_sccc012810_28Apr2023_034750/staging/manifest.xml
03:57:01-MAIN-INFO: ----------------------------------------------------------------
03:57:01-MAIN-INFO: Gather pre-populate data files
03:57:01-MAIN-INFO: Location_cfg: /nfs/site/disks/ipg_scf_00159/ajavidi_ship/SHIP_23ww17d4/arf198b128e1r1w0cbbehbaa4acw_work/ship/ip/arf198b128e1r1w0cbbehbaa4acw/zsc11_sccc012810_28Apr2023_034750/crossfire/crossfire/arf198b128e1r1w0cbbehbaa4acw.uv1.2023_04_28_035646.28334/presetup/locations_snps_p0.cfg
03:57:01-MAIN-INFO: Manifests provided: /nfs/site/disks/ipg_scf_00159/ajavidi_ship/SHIP_23ww17d4/arf198b128e1r1w0cbbehbaa4acw_work/ship/ip/arf198b128e1r1w0cbbehbaa4acw/zsc11_sccc012810_28Apr2023_034750/staging/manifest.xml
03:57:01-MAIN-INFO: Manifest filters provided: 
03:57:01-MAIN-INFO: Running command: /p/hdk/pu_tu/prd/ipqa_xfire/23.01.005.p003/bin/snps_manifest_populate.py -ip arf198b128e1r1w0cbbehbaa4acw -config /nfs/site/disks/ipg_scf_00159/ajavidi_ship/SHIP_23ww17d4/arf198b128e1r1w0cbbehbaa4acw_work/ship/ip/arf198b128e1r1w0cbbehbaa4acw/zsc11_sccc012810_28Apr2023_034750/crossfire/crossfire/arf198b128e1r1w0cbbehbaa4acw.uv1.2023_04_28_035646.28334/presetup/locations_snps_p0.cfg -manifest /nfs/site/disks/ipg_scf_00159/ajavidi_ship/SHIP_23ww17d4/arf198b128e1r1w0cbbehbaa4acw_work/ship/ip/arf198b128e1r1w0cbbehbaa4acw/zsc11_sccc012810_28Apr2023_034750/staging/manifest.xml -collateral_dir "" -manifest_filter "" -dest /nfs/site/disks/ipg_scf_00159/ajavidi_ship/SHIP_23ww17d4/arf198b128e1r1w0cbbehbaa4acw_work/ship/ip/arf198b128e1r1w0cbbehbaa4acw/zsc11_sccc012810_28Apr2023_034750/crossfire/crossfire/arf198b128e1r1w0cbbehbaa4acw.uv1.2023_04_28_035646.28334/data
03:57:02-MAIN-INFO: ----------------------------------------------------------------
03:57:02-MAIN-INFO: Gather previous tag data files
03:57:02-MAIN-INFO: Location_cfg: /nfs/site/disks/ipg_scf_00159/ajavidi_ship/SHIP_23ww17d4/arf198b128e1r1w0cbbehbaa4acw_work/ship/ip/arf198b128e1r1w0cbbehbaa4acw/zsc11_sccc012810_28Apr2023_034750/crossfire/crossfire/arf198b128e1r1w0cbbehbaa4acw.uv1.2023_04_28_035646.28334/presetup/locations_snps_p1.cfg
03:57:02-MAIN-INFO: Manifests provided: /nfs/site/disks/ipi7.arc.proj_archive/arc/arf198b128e1r1w0cbbehbaa4acw/ip_handoff/I7E240O4A0UV1RTL1IFC1V1/be/manifest.xml
03:57:02-MAIN-INFO: Manifest filters provided: 
03:57:02-MAIN-INFO: Running command: /p/hdk/pu_tu/prd/ipqa_xfire/23.01.005.p003/bin/snps_manifest_populate.py -ip arf198b128e1r1w0cbbehbaa4acw -config /nfs/site/disks/ipg_scf_00159/ajavidi_ship/SHIP_23ww17d4/arf198b128e1r1w0cbbehbaa4acw_work/ship/ip/arf198b128e1r1w0cbbehbaa4acw/zsc11_sccc012810_28Apr2023_034750/crossfire/crossfire/arf198b128e1r1w0cbbehbaa4acw.uv1.2023_04_28_035646.28334/presetup/locations_snps_p1.cfg -manifest /nfs/site/disks/ipi7.arc.proj_archive/arc/arf198b128e1r1w0cbbehbaa4acw/ip_handoff/I7E240O4A0UV1RTL1IFC1V1/be/manifest.xml -collateral_dir "/nfs/site/disks/ipi7.arc.proj_archive/arc/arf198b128e1r1w0cbbehbaa4acw/ip_handoff/I7E240O4A0UV1RTL1IFC1V1/be" -manifest_filter "" -dest /nfs/site/disks/ipg_scf_00159/ajavidi_ship/SHIP_23ww17d4/arf198b128e1r1w0cbbehbaa4acw_work/ship/ip/arf198b128e1r1w0cbbehbaa4acw/zsc11_sccc012810_28Apr2023_034750/crossfire/crossfire/arf198b128e1r1w0cbbehbaa4acw.uv1.2023_04_28_035646.28334/data
03:57:02-MAIN-INFO: Location_cfg: /nfs/site/disks/ipg_scf_00159/ajavidi_ship/SHIP_23ww17d4/arf198b128e1r1w0cbbehbaa4acw_work/ship/ip/arf198b128e1r1w0cbbehbaa4acw/zsc11_sccc012810_28Apr2023_034750/crossfire/crossfire/arf198b128e1r1w0cbbehbaa4acw.uv1.2023_04_28_035646.28334/presetup/locations_snps_p1.cfg
03:57:02-MAIN-INFO: Manifests provided: /nfs/site/disks/ipi7.arc.proj_archive/arc/arf198b128e1r1w0cbbehbaa4acw/ip_handoff/I7E240O4A0UV1RTL1IFC1V1/fe/manifest.xml
03:57:02-MAIN-INFO: Manifest filters provided: 
03:57:02-MAIN-INFO: Running command: /p/hdk/pu_tu/prd/ipqa_xfire/23.01.005.p003/bin/snps_manifest_populate.py -ip arf198b128e1r1w0cbbehbaa4acw -config /nfs/site/disks/ipg_scf_00159/ajavidi_ship/SHIP_23ww17d4/arf198b128e1r1w0cbbehbaa4acw_work/ship/ip/arf198b128e1r1w0cbbehbaa4acw/zsc11_sccc012810_28Apr2023_034750/crossfire/crossfire/arf198b128e1r1w0cbbehbaa4acw.uv1.2023_04_28_035646.28334/presetup/locations_snps_p1.cfg -manifest /nfs/site/disks/ipi7.arc.proj_archive/arc/arf198b128e1r1w0cbbehbaa4acw/ip_handoff/I7E240O4A0UV1RTL1IFC1V1/fe/manifest.xml -collateral_dir "/nfs/site/disks/ipi7.arc.proj_archive/arc/arf198b128e1r1w0cbbehbaa4acw/ip_handoff/I7E240O4A0UV1RTL1IFC1V1/fe" -manifest_filter "" -dest /nfs/site/disks/ipg_scf_00159/ajavidi_ship/SHIP_23ww17d4/arf198b128e1r1w0cbbehbaa4acw_work/ship/ip/arf198b128e1r1w0cbbehbaa4acw/zsc11_sccc012810_28Apr2023_034750/crossfire/crossfire/arf198b128e1r1w0cbbehbaa4acw.uv1.2023_04_28_035646.28334/data
03:57:02-KVP-INFO: Processing KVP file: /nfs/site/disks/ipg_scf_00159/ajavidi_ship/SHIP_23ww17d4/arf198b128e1r1w0cbbehbaa4acw_work/ship/ip/arf198b128e1r1w0cbbehbaa4acw/zsc11_sccc012810_28Apr2023_034750/crossfire/crossfire/arf198b128e1r1w0cbbehbaa4acw.uv1.2023_04_28_035646.28334/presetup/kvp_p1.cfg
03:57:08-MAIN-INFO: Gathering collateral files ...
03:57:08-MAIN-INFO: ----------------------------------------------------------------
03:57:08-MAIN-INFO: Main data populate from snps manifest
03:57:08-MAIN-INFO: Location_cfg: /nfs/site/disks/ipg_scf_00159/ajavidi_ship/SHIP_23ww17d4/arf198b128e1r1w0cbbehbaa4acw_work/ship/ip/arf198b128e1r1w0cbbehbaa4acw/zsc11_sccc012810_28Apr2023_034750/crossfire/crossfire/arf198b128e1r1w0cbbehbaa4acw.uv1.2023_04_28_035646.28334/presetup/locations_snps.cfg
03:57:08-MAIN-INFO: Manifests provided: /nfs/site/disks/ipg_scf_00159/ajavidi_ship/SHIP_23ww17d4/arf198b128e1r1w0cbbehbaa4acw_work/ship/ip/arf198b128e1r1w0cbbehbaa4acw/zsc11_sccc012810_28Apr2023_034750/staging/manifest.xml
03:57:08-MAIN-INFO: Manifest filters provided: 
03:57:08-MAIN-INFO: Running command: /p/hdk/pu_tu/prd/ipqa_xfire/23.01.005.p003/bin/snps_manifest_populate.py -ip arf198b128e1r1w0cbbehbaa4acw -config /nfs/site/disks/ipg_scf_00159/ajavidi_ship/SHIP_23ww17d4/arf198b128e1r1w0cbbehbaa4acw_work/ship/ip/arf198b128e1r1w0cbbehbaa4acw/zsc11_sccc012810_28Apr2023_034750/crossfire/crossfire/arf198b128e1r1w0cbbehbaa4acw.uv1.2023_04_28_035646.28334/presetup/locations_snps.cfg -manifest /nfs/site/disks/ipg_scf_00159/ajavidi_ship/SHIP_23ww17d4/arf198b128e1r1w0cbbehbaa4acw_work/ship/ip/arf198b128e1r1w0cbbehbaa4acw/zsc11_sccc012810_28Apr2023_034750/staging/manifest.xml -collateral_dir "" -manifest_filter "" -dest /nfs/site/disks/ipg_scf_00159/ajavidi_ship/SHIP_23ww17d4/arf198b128e1r1w0cbbehbaa4acw_work/ship/ip/arf198b128e1r1w0cbbehbaa4acw/zsc11_sccc012810_28Apr2023_034750/crossfire/crossfire/arf198b128e1r1w0cbbehbaa4acw.uv1.2023_04_28_035646.28334/data
03:57:10-MAIN-INFO: Location compile log file: /nfs/site/disks/ipg_scf_00159/ajavidi_ship/SHIP_23ww17d4/arf198b128e1r1w0cbbehbaa4acw_work/ship/ip/arf198b128e1r1w0cbbehbaa4acw/zsc11_sccc012810_28Apr2023_034750/crossfire/crossfire/arf198b128e1r1w0cbbehbaa4acw.uv1.2023_04_28_035646.28334/location.log
03:57:10-MAIN-INFO: Reading loc_file: /nfs/site/disks/ipg_scf_00159/ajavidi_ship/SHIP_23ww17d4/arf198b128e1r1w0cbbehbaa4acw_work/ship/ip/arf198b128e1r1w0cbbehbaa4acw/zsc11_sccc012810_28Apr2023_034750/crossfire/crossfire/arf198b128e1r1w0cbbehbaa4acw.uv1.2023_04_28_035646.28334/presetup/locations_shiplog.cfg
03:57:10-KVP-INFO: Processing KVP file: /nfs/site/disks/ipg_scf_00159/ajavidi_ship/SHIP_23ww17d4/arf198b128e1r1w0cbbehbaa4acw_work/ship/ip/arf198b128e1r1w0cbbehbaa4acw/zsc11_sccc012810_28Apr2023_034750/crossfire/crossfire/arf198b128e1r1w0cbbehbaa4acw.uv1.2023_04_28_035646.28334/presetup/kvp.cfg
03:57:49-MAIN-INFO: Compiling config ...
03:57:49-MAIN-INFO: Found value for XFIRE_PDK_LAYER_MAP: tf_layermap
03:57:49-MAIN-INFO: Opening file for append: /nfs/site/disks/ipg_scf_00159/ajavidi_ship/SHIP_23ww17d4/arf198b128e1r1w0cbbehbaa4acw_work/ship/ip/arf198b128e1r1w0cbbehbaa4acw/zsc11_sccc012810_28Apr2023_034750/crossfire/crossfire/arf198b128e1r1w0cbbehbaa4acw.uv1.2023_04_28_035646.28334/crossfire.compile.log
03:58:06-MAIN-INFO: Active checks: 1103 15105 15106 15112 15118 15122 15133 15206 15211 15214 15217 15301 15302 15304 15305 15306 15308 15315 15321 15322 16002 16015 16024 16026 16029 16040 16041 16042 16043 16044 16046 16048 16107 16108 16109 16200 16206 16215 16217 16225 16227 16350 16510 16704 16712 21 31 32 61 7309 7410 7503 7505 7510 7605 7607 7708 7709 7710
03:58:27-MAIN-INFO: Generated merged CFS file: /nfs/site/disks/ipg_scf_00159/ajavidi_ship/SHIP_23ww17d4/arf198b128e1r1w0cbbehbaa4acw_work/ship/ip/arf198b128e1r1w0cbbehbaa4acw/zsc11_sccc012810_28Apr2023_034750/crossfire/crossfire/arf198b128e1r1w0cbbehbaa4acw.uv1.2023_04_28_035646.28334/setup.cfs
04:00:18-MAIN-INFO: Copying /nfs/site/disks/ipg_scf_00159/ajavidi_ship/SHIP_23ww17d4/arf198b128e1r1w0cbbehbaa4acw_work/ship/ip/arf198b128e1r1w0cbbehbaa4acw/zsc11_sccc012810_28Apr2023_034750/crossfire/crossfire/arf198b128e1r1w0cbbehbaa4acw.uv1.2023_04_28_035646.28334/presetup/false_messages.filter to /nfs/site/disks/ipg_scf_00159/ajavidi_ship/SHIP_23ww17d4/arf198b128e1r1w0cbbehbaa4acw_work/ship/ip/arf198b128e1r1w0cbbehbaa4acw/zsc11_sccc012810_28Apr2023_034750/crossfire/crossfire/arf198b128e1r1w0cbbehbaa4acw.uv1.2023_04_28_035646.28334/data/internal_waivers.filter
04:00:18-MAIN-INFO: Applying internal waivers
04:00:25-MAIN-INFO: Running command: /p/hdk/pu_tu/prd/ipqa_xfire/23.01.005.p003/bin/parallelization.py -c waives.cfg -o /nfs/site/disks/ipg_scf_00159/ajavidi_ship/SHIP_23ww17d4/arf198b128e1r1w0cbbehbaa4acw_work/ship/ip/arf198b128e1r1w0cbbehbaa4acw/zsc11_sccc012810_28Apr2023_034750/crossfire/crossfire/arf198b128e1r1w0cbbehbaa4acw.uv1.2023_04_28_035646.28334/split_checks > /nfs/site/disks/ipg_scf_00159/ajavidi_ship/SHIP_23ww17d4/arf198b128e1r1w0cbbehbaa4acw_work/ship/ip/arf198b128e1r1w0cbbehbaa4acw/zsc11_sccc012810_28Apr2023_034750/crossfire/crossfire/arf198b128e1r1w0cbbehbaa4acw.uv1.2023_04_28_035646.28334/crossfire.run.log.parallelization
04:00:25-MAIN-INFO: To see status of local checks, look at /nfs/site/disks/ipg_scf_00159/ajavidi_ship/SHIP_23ww17d4/arf198b128e1r1w0cbbehbaa4acw_work/ship/ip/arf198b128e1r1w0cbbehbaa4acw/zsc11_sccc012810_28Apr2023_034750/crossfire/crossfire/arf198b128e1r1w0cbbehbaa4acw.uv1.2023_04_28_035646.28334/crossfire.run.log.parallelization
04:00:25-MAIN-INFO: To see status of netbatch checks, look at /nfs/site/disks/ipg_scf_00159/ajavidi_ship/SHIP_23ww17d4/arf198b128e1r1w0cbbehbaa4acw_work/ship/ip/arf198b128e1r1w0cbbehbaa4acw/zsc11_sccc012810_28Apr2023_034750/crossfire/crossfire/arf198b128e1r1w0cbbehbaa4acw.uv1.2023_04_28_035646.28334/crossfire.run.log.nblog
04:00:25-MAIN-INFO:   Note: it may take a minute or so before the file starts to be populated
04:09:58-MAIN-INFO: Wrote file: /nfs/site/disks/ipg_scf_00159/ajavidi_ship/SHIP_23ww17d4/arf198b128e1r1w0cbbehbaa4acw_work/ship/ip/arf198b128e1r1w0cbbehbaa4acw/zsc11_sccc012810_28Apr2023_034750/crossfire/crossfire/arf198b128e1r1w0cbbehbaa4acw.uv1.2023_04_28_035646.28334/crossfire.run.log.report
04:09:58-MAIN-INFO: Wrote /nfs/site/disks/ipg_scf_00159/ajavidi_ship/SHIP_23ww17d4/arf198b128e1r1w0cbbehbaa4acw_work/ship/ip/arf198b128e1r1w0cbbehbaa4acw/zsc11_sccc012810_28Apr2023_034750/crossfire/crossfire/arf198b128e1r1w0cbbehbaa4acw.uv1.2023_04_28_035646.28334/crossfire.run.log
04:09:58-MAIN-INFO: Writing review files ...
04:09:58-MAIN-INFO: Running review command: /p/hdk/pu_tu/prd/ipqa_xfire/23.01.005.p003/bin/write_review.py --mode ship --checks_run /nfs/site/disks/ipg_scf_00159/ajavidi_ship/SHIP_23ww17d4/arf198b128e1r1w0cbbehbaa4acw_work/ship/ip/arf198b128e1r1w0cbbehbaa4acw/zsc11_sccc012810_28Apr2023_034750/crossfire/crossfire/arf198b128e1r1w0cbbehbaa4acw.uv1.2023_04_28_035646.28334/crossfire.checks_run --dynamic_log /nfs/site/disks/ipg_scf_00159/ajavidi_ship/SHIP_23ww17d4/arf198b128e1r1w0cbbehbaa4acw_work/ship/ip/arf198b128e1r1w0cbbehbaa4acw/zsc11_sccc012810_28Apr2023_034750/crossfire/crossfire/arf198b128e1r1w0cbbehbaa4acw.uv1.2023_04_28_035646.28334/crossfire.dynamic.rules --waived_log /nfs/site/disks/ipg_scf_00159/ajavidi_ship/SHIP_23ww17d4/arf198b128e1r1w0cbbehbaa4acw_work/ship/ip/arf198b128e1r1w0cbbehbaa4acw/zsc11_sccc012810_28Apr2023_034750/crossfire/crossfire/arf198b128e1r1w0cbbehbaa4acw.uv1.2023_04_28_035646.28334/crossfire.run.log --output_log /nfs/site/disks/ipg_scf_00159/ajavidi_ship/SHIP_23ww17d4/arf198b128e1r1w0cbbehbaa4acw_work/ship/ip/arf198b128e1r1w0cbbehbaa4acw/zsc11_sccc012810_28Apr2023_034750/crossfire/collateral/ebb/checks/arf198b128e1r1w0cbbehbaa4acw.crossfire.log --config /nfs/site/disks/ipg_scf_00159/ajavidi_ship/SHIP_23ww17d4/arf198b128e1r1w0cbbehbaa4acw_work/ship/ip/arf198b128e1r1w0cbbehbaa4acw/zsc11_sccc012810_28Apr2023_034750/crossfire/crossfire/arf198b128e1r1w0cbbehbaa4acw.uv1.2023_04_28_035646.28334/presetup/review.cfg --drift 31,32,61,7303,7306,16910/nfs/site/disks/ipg_scf_00159/ajavidi_ship/SHIP_23ww17d4/arf198b128e1r1w0cbbehbaa4acw_work/ship/ip/arf198b128e1r1w0cbbehbaa4acw/zsc11_sccc012810_28Apr2023_034750/crossfire/collateral/ebb/checks/arf198b128e1r1w0cbbehbaa4acw.crossfire.manifest --append_manifest 1 --checklist default,31,32,7303,7306 --checklist timing,31,32,15118,16002,7605,16026,16108,16712,16107,16215,7607,7708,7709,7710,7410,7503,16510,16704 --checklist horizontal,61,16227,16217,7505,15106,21,7309,15105,15112,16024,16029,16044,16048,16109,16040,16041,16042,16043,16046,16206,16225,16350,1103,7510,15122,15133,15211,16015,16200 --checklist driftchecks,16910 --checklist lef,15217,15301,15302,15308,15315,15206,15214,15304,15322,15305,15306,15321
04:10:02-MAIN-INFO: fail:rule_number,rule_name,duration,waive,setup_warning,warning,error,fatal
04:10:02-MAIN-INFO: pass:0,parsing: Rule 0,550.335,0,0,1,0,0
04:10:02-MAIN-INFO: pass:1103,Check if the correct related power pins are used in a liberty file: Rule 1103,35.268,0,0,0,0,0
04:10:02-MAIN-INFO: pass:15105,Naming convention check for buses: Rule 15105,12.628,0,1,0,0,0
04:10:02-MAIN-INFO: pass:15106,Check for the presence of a file: Rule 15106,5.884,0,0,0,0,0
04:10:02-MAIN-INFO: pass:15112:Lef_pin_direction_check,Pin direction check: Rule 15112,6.098,0,0,0,0,0
04:10:02-MAIN-INFO: pass:15112:PinDirectionCheck,Pin direction check: Rule 15112,11.593,0,0,0,0,0
04:10:02-MAIN-INFO: pass:15118,Check power and ground pin names: Rule 15118,11.470,0,0,0,0,0
04:10:02-MAIN-INFO: pass:15122,Liberty vs UPF: Rule 15122,16.575,0,0,0,0,0
04:10:02-MAIN-INFO: pass:15133,Analog bidirectional pins check: Rule 15133,13.799,0,0,0,0,0
04:10:02-MAIN-INFO: pass:15206,Layer presence check: Rule 15206,10.649,0,0,0,0,0
04:10:02-MAIN-INFO: pass:15211,Pin location check: Rule 15211,14.834,0,0,0,0,0
04:10:02-MAIN-INFO: pass:15214,Polygon covered by BOUNDARY check: Rule 15214,5.976,0,0,0,0,0
04:10:02-MAIN-INFO: pass:15217,Pin width and length check: Rule 15217,6.089,0,0,0,0,0
04:10:02-MAIN-INFO: pass:15301,LEF CLASS check: Rule 15301,5.323,0,0,0,0,0
04:10:02-MAIN-INFO: pass:15302,LEF ORIGIN and SIZE check: Rule 15302,6.788,0,0,0,0,0
04:10:02-MAIN-INFO: pass:15304,LEF MACRO check: Rule 15304,7.663,0,0,0,0,0
04:10:02-MAIN-INFO: pass:15305,LEF HEADER check: Rule 15305,7.348,0,0,0,0,0
04:10:02-MAIN-INFO: pass:15306,LEF SYMMETRY check: Rule 15306,5.653,1,0,0,0,0
04:10:02-MAIN-INFO: pass:15308,LEF double PINS and rectangles check: Rule 15308,7.763,0,0,0,0,0
04:10:02-MAIN-INFO: pass:15315,LEF presence of sheet and detailed OBS layers check: Rule 15315,6.040,0,1,0,0,0
04:10:02-MAIN-INFO: pass:16002,compiles-lib-in-current-environment: Rule 16002,232.213,0,0,0,0,0
04:10:02-MAIN-INFO: pass:16015,Check-for-PIN-types-defined-in-attribute.xml: Rule 16015,5.615,0,0,0,0,0
04:10:02-MAIN-INFO: pass:16024,Check-for-ip2sd-error-messages: Rule 16024,5.283,0,0,6,0,0
04:10:02-MAIN-INFO: pass:16026,NDM-load-ability-check: Rule 16026,37.589,0,0,0,0,0
04:10:02-MAIN-INFO: pass:16029,Reports-UPF-sourcing-errors: Rule 16029,7.140,0,0,0,0,0
04:10:02-MAIN-INFO: pass:16048,Checks-attribute-value-in-attribute.XML: Rule 16048,7.454,0,0,1,0,0
04:10:02-MAIN-INFO: pass:16107,Liberty-file-naming-rule-check.: Rule 16107,14.563,0,0,0,0,0
04:10:02-MAIN-INFO: pass:16108,Analog-attribute-consistency-check: Rule 16108,7.867,0,0,1,0,0
04:10:02-MAIN-INFO: fail:16109,PSC-CSV-check: Rule 16109,13.545,0,0,0,9,0
04:10:02-MAIN-INFO: pass:16206,Hipspec-Compliance-check: Rule 16206,6.215,0,0,0,0,0
04:10:02-MAIN-INFO: pass:16215,Checks-that-pins-matching-the-bus-naming-convention-is-defined-within-buses: Rule 16215,11.351,0,0,0,0,0
04:10:02-MAIN-INFO: pass:16217,Flags-pins-that-have-illegal-related_pin-on-timing-arcs: Rule 16217,17.760,0,0,0,0,0
04:10:02-MAIN-INFO: pass:16225,Flags-errors-thrown-by-ship---swizzle-stage: Rule 16225,7.558,0,0,2,0,0
04:10:02-MAIN-INFO: pass:16227,Check-for-custom-cfs: Rule 16227,5.795,0,0,0,0,0
04:10:02-MAIN-INFO: pass:16350,Flags-absolute-links-within-a-directory: Rule 16350,6.897,0,0,0,0,0
04:10:02-MAIN-INFO: fail:16510,Generic-attribute-conditions-check: Rule 16510,17.859,0,1,0,8,0
04:10:02-MAIN-INFO: fail:16704,Runs-OCV-presence-checks: Rule 16704,16.638,0,0,0,19936,0
04:10:02-MAIN-INFO: pass:16712,Flags-duplicate-pvts: Rule 16712,13.455,0,0,0,0,0
04:10:02-MAIN-INFO: pass:21,cell presence contents check: Rule 21,19.114,0,0,0,0,0
04:10:02-MAIN-INFO: pass:"31,32","pin quantity check: Rule 31,32",17.658,0,0,0,0,0
04:10:02-MAIN-INFO: pass:7309,Check pin properties across liberty files: Rule 7309,12.092,0,0,0,0,0
04:10:02-MAIN-INFO: pass:7410,Ensure arcs present for given related_pins: Rule 7410,11.199,0,0,0,0,0
04:10:02-MAIN-INFO: pass:7503,Check for double defined voltage_map: Rule 7503,11.579,0,0,0,0,0
04:10:02-MAIN-INFO: pass:7505,Intra-Liberty Related PG Pin Check: Rule 7505,16.138,0,0,0,0,0
04:10:02-MAIN-INFO: pass:7510,Generic attribute conditions check: Rule 7510,15.756,0,0,0,0,0
04:10:02-MAIN-INFO: pass:7601,Cross-check presence of all tables in NLDM files: Rule 7601,23.485,0,0,0,0,0
04:10:02-MAIN-INFO: pass:7605:OptUserParameters,Check user defined parameters and values in liberty file: Rule 7605,11.450,0,0,0,0,0
04:10:02-MAIN-INFO: pass:7605:UserParameters,Check user defined parameters and values in liberty file: Rule 7605,10.801,0,0,0,0,0
04:10:02-MAIN-INFO: pass:7607,Check the presence of arcs on pins: Rule 7607,12.577,0,0,0,0,0
04:10:02-MAIN-INFO: SUCCESSFUL DIRTY RUN (4 rules failed)
04:10:02-MAIN-INFO: Elapsed time: 0:13:15.758993  (hr:min:sec)
04:10:02-MAIN-INFO: Crossfire Run Completed.
04:10:02-MAIN-INFO: Wrote file: /nfs/site/disks/ipg_scf_00159/ajavidi_ship/SHIP_23ww17d4/arf198b128e1r1w0cbbehbaa4acw_work/ship/ip/arf198b128e1r1w0cbbehbaa4acw/zsc11_sccc012810_28Apr2023_034750/crossfire/crossfire/arf198b128e1r1w0cbbehbaa4acw.uv1.2023_04_28_035646.28334/crossfire_metrics.json
