-I- Running SHIP as /p/hdk/pu_tu/prd/ship/23.02.001/bin/ship.pl -block arf198b128e1r1w0cbbehbaa4acw -fqn ipghrf_7nm.CMO_SPRF_DMRA0_EV1_UPDATE@.MAINLINE -source /nfs/site/disks/ipg_scf_00159/ajavidi_ship/SHIP_23ww17d4/memory_sources_combo/arf198b128e1r1w0cbbehbaa4acw -milestone UV1 -skip_stages pre_checks,archive_gate -ip_type hip -manifest_cfg hipspec -tag I7E240O4A0UV1RTL1IFC1V2 -skip_prompt
-I- Checking if model file is enabled, through params : iphs_enable_model_file
-I- Did not find model file enabled for this project, proceeding to ship
-I- Checking if group file is enabled, through params : iphs_enable_group_file
-I- Resolved -manifest_cfg hipspec to built-in: /p/hdk/pu_tu/prd/ship/23.02.001/config/manifest_templates/hipspec_1276.manifest.cfg
-I- Found required group in user groups: cicg
-I- Found required group in user groups: ip7nm
-I- Tag I7E240O4A0UV1RTL1IFC1V2 OK
-I- Executing command: mkdir -p /nfs/site/disks/ipg_scf_00159/ajavidi_ship/SHIP_23ww17d4/arf198b128e1r1w0cbbehbaa4acw_work/ship/ip/arf198b128e1r1w0cbbehbaa4acw/zsc11_sccc012810_28Apr2023_034750
-I- Executing command: ln -sfn zsc11_sccc012810_28Apr2023_034750 /nfs/site/disks/ipg_scf_00159/ajavidi_ship/SHIP_23ww17d4/arf198b128e1r1w0cbbehbaa4acw_work/ship/ip/arf198b128e1r1w0cbbehbaa4acw//latest
-I- Executing command: mkdir -p /nfs/site/disks/ipg_scf_00159/ajavidi_ship/SHIP_23ww17d4/arf198b128e1r1w0cbbehbaa4acw_work/ship/ip/arf198b128e1r1w0cbbehbaa4acw/zsc11_sccc012810_28Apr2023_034750/.metadata
-I- Executing command: mkdir -p /nfs/site/disks/ipg_scf_00159/ajavidi_ship/SHIP_23ww17d4/arf198b128e1r1w0cbbehbaa4acw_work/ship/ip/arf198b128e1r1w0cbbehbaa4acw/zsc11_sccc012810_28Apr2023_034750/.metadata/original_stages
-I- Executing command: mkdir -p /nfs/site/disks/ipg_scf_00159/ajavidi_ship/SHIP_23ww17d4/arf198b128e1r1w0cbbehbaa4acw_work/ship/cmdline/zsc11_sccc012810_28Apr2023_034750/arf198b128e1r1w0cbbehbaa4acw
-I- Executing command: mkdir -p /nfs/site/disks/ipg_scf_00159/ajavidi_ship/SHIP_23ww17d4/arf198b128e1r1w0cbbehbaa4acw_work/ship/log/arf198b128e1r1w0cbbehbaa4acw/zsc11_sccc012810_28Apr2023_034750
-I- Executing command: chgrp ip7nm /nfs/site/disks/ipg_scf_00159/ajavidi_ship/SHIP_23ww17d4/arf198b128e1r1w0cbbehbaa4acw_work/ship/ip/arf198b128e1r1w0cbbehbaa4acw/zsc11_sccc012810_28Apr2023_034750
-I- Executing command: chmod g+s /nfs/site/disks/ipg_scf_00159/ajavidi_ship/SHIP_23ww17d4/arf198b128e1r1w0cbbehbaa4acw_work/ship/ip/arf198b128e1r1w0cbbehbaa4acw/zsc11_sccc012810_28Apr2023_034750
-I- Executing command: sitecode
-I- Skip stage 'pre_checks'
-I- Switch 'run_rtl_viewgen' is disabled for stage 'rtl_qa', enable '?run_rtl_viewgen==1' to avoid skipping the stage
-I- Stage 'rtl_qa' should be skipped due to switch
-I- Switch 'run_feqa' is disabled for stage 'feqa', enable '?run_feqa==1&&$ENV{IPHS_RUN_FEQA}' to avoid skipping the stage
-I- Stage 'feqa' should be skipped due to switch
-I- Switch 'run_calibre' is disabled for stage 'onelv_calibre', enable '?run_calibre==1&&$ENV{USE_ONELV_CALIBRE}' to avoid skipping the stage
-I- Stage 'onelv_calibre' should be skipped due to switch
-I- Switch 'run_icv' is disabled for stage 'onelv_icv', enable '?run_icv==1&&$ENV{USE_ONELV_ICV}' to avoid skipping the stage
-I- Stage 'onelv_icv' should be skipped due to switch
-I- Skip stage 'archive_gate'
-I- Executing command: hostname --long
-I- ::RUNTIME:: Runtime for prep work: 0 hours 0 minutes 17 seconds
-I- dir.run ->  orig
-I- orig.run ->  unpacked
-I- unpacked.run ->  viewgen
-I- viewgen.run ->  ip2sd
-I- unpacked.run ->  staging
-I- staging.run ->  traceability
-I- staging.run ->  checks
-I- checks.run ->  crossfire
-I- checks.run ->  review
-I- checks.run ->  qa_wb
-I- staging.run ->  archive
-I- archive.run ->  checkin
-I- archive.archive ->  checkin
-I- Trying to create feeder: arf198b128e1r1w0cbbehbaa4acw_22611_zsc11_sccc012810 at: /tmp/ship_feeders.ajavidi/arf198b128e1r1w0cbbehbaa4acw_22611_zsc11_sccc012810
-I- Using feeder: arf198b128e1r1w0cbbehbaa4acw_22611_zsc11_sccc012810 at: /tmp/ship_feeders.ajavidi/arf198b128e1r1w0cbbehbaa4acw_22611_zsc11_sccc012810
-I- Resolved feeder to sccc012810.zsc11.intel.com:35519
-I- No cleanup jobs, skipping
-I- Launching task file /nfs/site/disks/ipg_scf_00159/ajavidi_ship/SHIP_23ww17d4/arf198b128e1r1w0cbbehbaa4acw_work/ship/ip/arf198b128e1r1w0cbbehbaa4acw/zsc11_sccc012810_28Apr2023_034750/.metadata/nb_task to feeder: sccc012810.zsc11.intel.com:35519
-I- Loaded task into feeder with id: 1
-I- arf198b128e1r1w0cbbehbaa4acw_zsc11_sccc012810_28Apr2023_034750_0 status Unknown -> Running
-I- run status Unknown -> Running
-I- orig status Unknown -> Running : ship/log/arf198b128e1r1w0cbbehbaa4acw/zsc11_sccc012810_28Apr2023_034750/arf198b128e1r1w0cbbehbaa4acw.orig.run.log
-I- unpacked status Unknown -> Wait
-I- viewgen status Unknown -> Wait
-I- ip2sd status Unknown -> Wait
-I- staging status Unknown -> Wait
-I- traceability status Unknown -> Wait
-I- checks status Unknown -> Wait
-I- crossfire status Unknown -> Wait
-I- review status Unknown -> Wait
-I- qa_wb status Unknown -> Wait
-I- archive status Unknown -> Wait
-I- checkin status Unknown -> Wait
-I- archive status Unknown -> Wait
-I- checkin status Unknown -> Wait
-----------------------------------------------------------------------------------------------------------------------------
  Task Name                      :: Status             :: Exit Code   :: Start Time                :: Finish Time              
   orig.run                      :: Running            :: --          :: 04/28/2023 03:48:41       ::                          
    unpacked.run                 :: Wait               :: --          :: --                        :: --                       
     viewgen.run                 :: Wait               :: --          :: --                        :: --                       
      ip2sd.run                  :: Wait               :: --          :: --                        :: --                       
     staging.run                 :: Wait               :: --          :: --                        :: --                       
      traceability.run           :: Wait               :: --          :: --                        :: --                       
      checks.run                 :: Wait               :: --          :: --                        :: --                       
       crossfire.run             :: Wait               :: --          :: --                        :: --                       
       review.run                :: Wait               :: --          :: --                        :: --                       
       qa_wb.run                 :: Wait               :: --          :: --                        :: --                       
      archive.run                :: Wait               :: --          :: --                        :: --                       
       checkin.run               :: Wait               :: --          :: --                        :: --                       
       checkin.archive           :: Wait               :: --          :: --                        :: --                       
-----------------------------------------------------------------------------------------------------------------------------
-I- orig status Running -> PASS : ship/log/arf198b128e1r1w0cbbehbaa4acw/zsc11_sccc012810_28Apr2023_034750/arf198b128e1r1w0cbbehbaa4acw.orig.run.log
-----------------------------------------------------------------------------------------------------------------------------
  Task Name                      :: Status             :: Exit Code   :: Start Time                :: Finish Time              
   orig.run                      :: PASS               :: 0           :: 04/28/2023 03:48:41       :: 04/28/2023 03:48:52      
    unpacked.run                 :: Wait               :: --          :: --                        :: --                       
     viewgen.run                 :: Wait               :: --          :: --                        :: --                       
      ip2sd.run                  :: Wait               :: --          :: --                        :: --                       
     staging.run                 :: Wait               :: --          :: --                        :: --                       
      traceability.run           :: Wait               :: --          :: --                        :: --                       
      checks.run                 :: Wait               :: --          :: --                        :: --                       
       crossfire.run             :: Wait               :: --          :: --                        :: --                       
       review.run                :: Wait               :: --          :: --                        :: --                       
       qa_wb.run                 :: Wait               :: --          :: --                        :: --                       
      archive.run                :: Wait               :: --          :: --                        :: --                       
       checkin.run               :: Wait               :: --          :: --                        :: --                       
       checkin.archive           :: Wait               :: --          :: --                        :: --                       
-----------------------------------------------------------------------------------------------------------------------------
-I- unpacked status Wait -> Running : ship/log/arf198b128e1r1w0cbbehbaa4acw/zsc11_sccc012810_28Apr2023_034750/arf198b128e1r1w0cbbehbaa4acw.unpacked.run.log
-----------------------------------------------------------------------------------------------------------------------------
  Task Name                      :: Status             :: Exit Code   :: Start Time                :: Finish Time              
   orig.run                      :: PASS               :: 0           :: 04/28/2023 03:48:41       :: 04/28/2023 03:48:52      
    unpacked.run                 :: Running            :: --          :: 04/28/2023 03:48:57       ::                          
     viewgen.run                 :: Wait               :: --          :: --                        :: --                       
      ip2sd.run                  :: Wait               :: --          :: --                        :: --                       
     staging.run                 :: Wait               :: --          :: --                        :: --                       
      traceability.run           :: Wait               :: --          :: --                        :: --                       
      checks.run                 :: Wait               :: --          :: --                        :: --                       
       crossfire.run             :: Wait               :: --          :: --                        :: --                       
       review.run                :: Wait               :: --          :: --                        :: --                       
       qa_wb.run                 :: Wait               :: --          :: --                        :: --                       
      archive.run                :: Wait               :: --          :: --                        :: --                       
       checkin.run               :: Wait               :: --          :: --                        :: --                       
       checkin.archive           :: Wait               :: --          :: --                        :: --                       
-----------------------------------------------------------------------------------------------------------------------------
-I- unpacked status Running -> PASS : ship/log/arf198b128e1r1w0cbbehbaa4acw/zsc11_sccc012810_28Apr2023_034750/arf198b128e1r1w0cbbehbaa4acw.unpacked.run.log
-----------------------------------------------------------------------------------------------------------------------------
  Task Name                      :: Status             :: Exit Code   :: Start Time                :: Finish Time              
   orig.run                      :: PASS               :: 0           :: 04/28/2023 03:48:41       :: 04/28/2023 03:48:52      
    unpacked.run                 :: PASS               :: 0           :: 04/28/2023 03:48:57       :: 04/28/2023 03:49:20      
     viewgen.run                 :: Wait               :: --          :: --                        :: --                       
      ip2sd.run                  :: Wait               :: --          :: --                        :: --                       
     staging.run                 :: Wait               :: --          :: --                        :: --                       
      traceability.run           :: Wait               :: --          :: --                        :: --                       
      checks.run                 :: Wait               :: --          :: --                        :: --                       
       crossfire.run             :: Wait               :: --          :: --                        :: --                       
       review.run                :: Wait               :: --          :: --                        :: --                       
       qa_wb.run                 :: Wait               :: --          :: --                        :: --                       
      archive.run                :: Wait               :: --          :: --                        :: --                       
       checkin.run               :: Wait               :: --          :: --                        :: --                       
       checkin.archive           :: Wait               :: --          :: --                        :: --                       
-----------------------------------------------------------------------------------------------------------------------------
-I- viewgen status Wait -> PASS : ship/log/arf198b128e1r1w0cbbehbaa4acw/zsc11_sccc012810_28Apr2023_034750/arf198b128e1r1w0cbbehbaa4acw.viewgen.run.log
-----------------------------------------------------------------------------------------------------------------------------
  Task Name                      :: Status             :: Exit Code   :: Start Time                :: Finish Time              
   orig.run                      :: PASS               :: 0           :: 04/28/2023 03:48:41       :: 04/28/2023 03:48:52      
    unpacked.run                 :: PASS               :: 0           :: 04/28/2023 03:48:57       :: 04/28/2023 03:49:20      
     viewgen.run                 :: PASS               :: 0           :: 04/28/2023 03:49:22       :: 04/28/2023 03:49:24      
      ip2sd.run                  :: Wait               :: --          :: --                        :: --                       
     staging.run                 :: Wait               :: --          :: --                        :: --                       
      traceability.run           :: Wait               :: --          :: --                        :: --                       
      checks.run                 :: Wait               :: --          :: --                        :: --                       
       crossfire.run             :: Wait               :: --          :: --                        :: --                       
       review.run                :: Wait               :: --          :: --                        :: --                       
       qa_wb.run                 :: Wait               :: --          :: --                        :: --                       
      archive.run                :: Wait               :: --          :: --                        :: --                       
       checkin.run               :: Wait               :: --          :: --                        :: --                       
       checkin.archive           :: Wait               :: --          :: --                        :: --                       
-----------------------------------------------------------------------------------------------------------------------------
-I- ip2sd status Wait -> Running : ship/log/arf198b128e1r1w0cbbehbaa4acw/zsc11_sccc012810_28Apr2023_034750/arf198b128e1r1w0cbbehbaa4acw.ip2sd.run.log
-----------------------------------------------------------------------------------------------------------------------------
  Task Name                      :: Status             :: Exit Code   :: Start Time                :: Finish Time              
   orig.run                      :: PASS               :: 0           :: 04/28/2023 03:48:41       :: 04/28/2023 03:48:52      
    unpacked.run                 :: PASS               :: 0           :: 04/28/2023 03:48:57       :: 04/28/2023 03:49:20      
     viewgen.run                 :: PASS               :: 0           :: 04/28/2023 03:49:22       :: 04/28/2023 03:49:24      
      ip2sd.run                  :: Running            :: --          :: 04/28/2023 03:49:27       ::                          
     staging.run                 :: Wait               :: --          :: --                        :: --                       
      traceability.run           :: Wait               :: --          :: --                        :: --                       
      checks.run                 :: Wait               :: --          :: --                        :: --                       
       crossfire.run             :: Wait               :: --          :: --                        :: --                       
       review.run                :: Wait               :: --          :: --                        :: --                       
       qa_wb.run                 :: Wait               :: --          :: --                        :: --                       
      archive.run                :: Wait               :: --          :: --                        :: --                       
       checkin.run               :: Wait               :: --          :: --                        :: --                       
       checkin.archive           :: Wait               :: --          :: --                        :: --                       
-----------------------------------------------------------------------------------------------------------------------------
-I- ip2sd status Running -> PASS : ship/log/arf198b128e1r1w0cbbehbaa4acw/zsc11_sccc012810_28Apr2023_034750/arf198b128e1r1w0cbbehbaa4acw.ip2sd.run.log
-I- staging status Wait -> Running : ship/log/arf198b128e1r1w0cbbehbaa4acw/zsc11_sccc012810_28Apr2023_034750/arf198b128e1r1w0cbbehbaa4acw.staging.run.log
-----------------------------------------------------------------------------------------------------------------------------
  Task Name                      :: Status             :: Exit Code   :: Start Time                :: Finish Time              
   orig.run                      :: PASS               :: 0           :: 04/28/2023 03:48:41       :: 04/28/2023 03:48:52      
    unpacked.run                 :: PASS               :: 0           :: 04/28/2023 03:48:57       :: 04/28/2023 03:49:20      
     viewgen.run                 :: PASS               :: 0           :: 04/28/2023 03:49:22       :: 04/28/2023 03:49:24      
      ip2sd.run                  :: PASS               :: 0           :: 04/28/2023 03:49:27       :: 04/28/2023 03:56:17      
     staging.run                 :: Running            :: --          :: 04/28/2023 03:56:22       ::                          
      traceability.run           :: Wait               :: --          :: --                        :: --                       
      checks.run                 :: Wait               :: --          :: --                        :: --                       
       crossfire.run             :: Wait               :: --          :: --                        :: --                       
       review.run                :: Wait               :: --          :: --                        :: --                       
       qa_wb.run                 :: Wait               :: --          :: --                        :: --                       
      archive.run                :: Wait               :: --          :: --                        :: --                       
       checkin.run               :: Wait               :: --          :: --                        :: --                       
       checkin.archive           :: Wait               :: --          :: --                        :: --                       
-----------------------------------------------------------------------------------------------------------------------------
-I- staging status Running -> PASS : ship/log/arf198b128e1r1w0cbbehbaa4acw/zsc11_sccc012810_28Apr2023_034750/arf198b128e1r1w0cbbehbaa4acw.staging.run.log
-I- traceability status Wait -> Running : ship/log/arf198b128e1r1w0cbbehbaa4acw/zsc11_sccc012810_28Apr2023_034750/arf198b128e1r1w0cbbehbaa4acw.traceability.run.log
-----------------------------------------------------------------------------------------------------------------------------
  Task Name                      :: Status             :: Exit Code   :: Start Time                :: Finish Time              
   orig.run                      :: PASS               :: 0           :: 04/28/2023 03:48:41       :: 04/28/2023 03:48:52      
    unpacked.run                 :: PASS               :: 0           :: 04/28/2023 03:48:57       :: 04/28/2023 03:49:20      
     viewgen.run                 :: PASS               :: 0           :: 04/28/2023 03:49:22       :: 04/28/2023 03:49:24      
      ip2sd.run                  :: PASS               :: 0           :: 04/28/2023 03:49:27       :: 04/28/2023 03:56:17      
     staging.run                 :: PASS               :: 0           :: 04/28/2023 03:56:22       :: 04/28/2023 03:56:29      
      traceability.run           :: Running            :: --          :: 04/28/2023 03:56:32       ::                          
      checks.run                 :: Wait               :: --          :: --                        :: --                       
       crossfire.run             :: Wait               :: --          :: --                        :: --                       
       review.run                :: Wait               :: --          :: --                        :: --                       
       qa_wb.run                 :: Wait               :: --          :: --                        :: --                       
      archive.run                :: Wait               :: --          :: --                        :: --                       
       checkin.run               :: Wait               :: --          :: --                        :: --                       
       checkin.archive           :: Wait               :: --          :: --                        :: --                       
-----------------------------------------------------------------------------------------------------------------------------
-I- traceability status Running -> PASS : ship/log/arf198b128e1r1w0cbbehbaa4acw/zsc11_sccc012810_28Apr2023_034750/arf198b128e1r1w0cbbehbaa4acw.traceability.run.log
-I- checks status Wait -> PASS : ship/log/arf198b128e1r1w0cbbehbaa4acw/zsc11_sccc012810_28Apr2023_034750/arf198b128e1r1w0cbbehbaa4acw.checks.run.log
-----------------------------------------------------------------------------------------------------------------------------
  Task Name                      :: Status             :: Exit Code   :: Start Time                :: Finish Time              
   orig.run                      :: PASS               :: 0           :: 04/28/2023 03:48:41       :: 04/28/2023 03:48:52      
    unpacked.run                 :: PASS               :: 0           :: 04/28/2023 03:48:57       :: 04/28/2023 03:49:20      
     viewgen.run                 :: PASS               :: 0           :: 04/28/2023 03:49:22       :: 04/28/2023 03:49:24      
      ip2sd.run                  :: PASS               :: 0           :: 04/28/2023 03:49:27       :: 04/28/2023 03:56:17      
     staging.run                 :: PASS               :: 0           :: 04/28/2023 03:56:22       :: 04/28/2023 03:56:29      
      traceability.run           :: PASS               :: 0           :: 04/28/2023 03:56:32       :: 04/28/2023 03:56:35      
      checks.run                 :: PASS               :: 0           :: 04/28/2023 03:56:37       :: 04/28/2023 03:56:39      
       crossfire.run             :: Wait               :: --          :: --                        :: --                       
       review.run                :: Wait               :: --          :: --                        :: --                       
       qa_wb.run                 :: Wait               :: --          :: --                        :: --                       
      archive.run                :: Wait               :: --          :: --                        :: --                       
       checkin.run               :: Wait               :: --          :: --                        :: --                       
       checkin.archive           :: Wait               :: --          :: --                        :: --                       
-----------------------------------------------------------------------------------------------------------------------------
-I- crossfire status Wait -> Running : ship/log/arf198b128e1r1w0cbbehbaa4acw/zsc11_sccc012810_28Apr2023_034750/arf198b128e1r1w0cbbehbaa4acw.crossfire.run.log
-----------------------------------------------------------------------------------------------------------------------------
  Task Name                      :: Status             :: Exit Code   :: Start Time                :: Finish Time              
   orig.run                      :: PASS               :: 0           :: 04/28/2023 03:48:41       :: 04/28/2023 03:48:52      
    unpacked.run                 :: PASS               :: 0           :: 04/28/2023 03:48:57       :: 04/28/2023 03:49:20      
     viewgen.run                 :: PASS               :: 0           :: 04/28/2023 03:49:22       :: 04/28/2023 03:49:24      
      ip2sd.run                  :: PASS               :: 0           :: 04/28/2023 03:49:27       :: 04/28/2023 03:56:17      
     staging.run                 :: PASS               :: 0           :: 04/28/2023 03:56:22       :: 04/28/2023 03:56:29      
      traceability.run           :: PASS               :: 0           :: 04/28/2023 03:56:32       :: 04/28/2023 03:56:35      
      checks.run                 :: PASS               :: 0           :: 04/28/2023 03:56:37       :: 04/28/2023 03:56:39      
       crossfire.run             :: Running            :: --          :: 04/28/2023 03:56:42       ::                          
       review.run                :: Wait               :: --          :: --                        :: --                       
       qa_wb.run                 :: Wait               :: --          :: --                        :: --                       
      archive.run                :: Wait               :: --          :: --                        :: --                       
       checkin.run               :: Wait               :: --          :: --                        :: --                       
       checkin.archive           :: Wait               :: --          :: --                        :: --                       
-----------------------------------------------------------------------------------------------------------------------------
-I- crossfire status Running -> FAIL:QUALITY : ship/log/arf198b128e1r1w0cbbehbaa4acw/zsc11_sccc012810_28Apr2023_034750/arf198b128e1r1w0cbbehbaa4acw.crossfire.run.log
-I- review status Wait -> Running : ship/log/arf198b128e1r1w0cbbehbaa4acw/zsc11_sccc012810_28Apr2023_034750/arf198b128e1r1w0cbbehbaa4acw.review.run.log
-----------------------------------------------------------------------------------------------------------------------------
  Task Name                      :: Status             :: Exit Code   :: Start Time                :: Finish Time              
   orig.run                      :: PASS               :: 0           :: 04/28/2023 03:48:41       :: 04/28/2023 03:48:52      
    unpacked.run                 :: PASS               :: 0           :: 04/28/2023 03:48:57       :: 04/28/2023 03:49:20      
     viewgen.run                 :: PASS               :: 0           :: 04/28/2023 03:49:22       :: 04/28/2023 03:49:24      
      ip2sd.run                  :: PASS               :: 0           :: 04/28/2023 03:49:27       :: 04/28/2023 03:56:17      
     staging.run                 :: PASS               :: 0           :: 04/28/2023 03:56:22       :: 04/28/2023 03:56:29      
      traceability.run           :: PASS               :: 0           :: 04/28/2023 03:56:32       :: 04/28/2023 03:56:35      
      checks.run                 :: PASS               :: 0           :: 04/28/2023 03:56:37       :: 04/28/2023 03:56:39      
       crossfire.run             :: FAIL:QUALITY       :: 0           :: 04/28/2023 03:56:42       :: 04/28/2023 04:10:24      
       review.run                :: Running            :: --          :: 04/28/2023 04:10:27       ::                          
       qa_wb.run                 :: Wait               :: --          :: --                        :: --                       
      archive.run                :: Wait               :: --          :: --                        :: --                       
       checkin.run               :: Wait               :: --          :: --                        :: --                       
       checkin.archive           :: Wait               :: --          :: --                        :: --                       
-----------------------------------------------------------------------------------------------------------------------------
-I- review status Running -> PASS : ship/log/arf198b128e1r1w0cbbehbaa4acw/zsc11_sccc012810_28Apr2023_034750/arf198b128e1r1w0cbbehbaa4acw.review.run.log
-I- qa_wb status Wait -> Running : ship/log/arf198b128e1r1w0cbbehbaa4acw/zsc11_sccc012810_28Apr2023_034750/arf198b128e1r1w0cbbehbaa4acw.qa_wb.run.log
-----------------------------------------------------------------------------------------------------------------------------
  Task Name                      :: Status             :: Exit Code   :: Start Time                :: Finish Time              
   orig.run                      :: PASS               :: 0           :: 04/28/2023 03:48:41       :: 04/28/2023 03:48:52      
    unpacked.run                 :: PASS               :: 0           :: 04/28/2023 03:48:57       :: 04/28/2023 03:49:20      
     viewgen.run                 :: PASS               :: 0           :: 04/28/2023 03:49:22       :: 04/28/2023 03:49:24      
      ip2sd.run                  :: PASS               :: 0           :: 04/28/2023 03:49:27       :: 04/28/2023 03:56:17      
     staging.run                 :: PASS               :: 0           :: 04/28/2023 03:56:22       :: 04/28/2023 03:56:29      
      traceability.run           :: PASS               :: 0           :: 04/28/2023 03:56:32       :: 04/28/2023 03:56:35      
      checks.run                 :: PASS               :: 0           :: 04/28/2023 03:56:37       :: 04/28/2023 03:56:39      
       crossfire.run             :: FAIL:QUALITY       :: 0           :: 04/28/2023 03:56:42       :: 04/28/2023 04:10:24      
       review.run                :: PASS               :: 0           :: 04/28/2023 04:10:27       :: 04/28/2023 04:10:41      
       qa_wb.run                 :: Running            :: --          :: 04/28/2023 04:10:42       ::                          
      archive.run                :: Wait               :: --          :: --                        :: --                       
       checkin.run               :: Wait               :: --          :: --                        :: --                       
       checkin.archive           :: Wait               :: --          :: --                        :: --                       
-----------------------------------------------------------------------------------------------------------------------------
-I- qa_wb status Running -> PASS : ship/log/arf198b128e1r1w0cbbehbaa4acw/zsc11_sccc012810_28Apr2023_034750/arf198b128e1r1w0cbbehbaa4acw.qa_wb.run.log
-I- archive status Wait -> Running : ship/log/arf198b128e1r1w0cbbehbaa4acw/zsc11_sccc012810_28Apr2023_034750/arf198b128e1r1w0cbbehbaa4acw.archive.run.log
-----------------------------------------------------------------------------------------------------------------------------
  Task Name                      :: Status             :: Exit Code   :: Start Time                :: Finish Time              
   orig.run                      :: PASS               :: 0           :: 04/28/2023 03:48:41       :: 04/28/2023 03:48:52      
    unpacked.run                 :: PASS               :: 0           :: 04/28/2023 03:48:57       :: 04/28/2023 03:49:20      
     viewgen.run                 :: PASS               :: 0           :: 04/28/2023 03:49:22       :: 04/28/2023 03:49:24      
      ip2sd.run                  :: PASS               :: 0           :: 04/28/2023 03:49:27       :: 04/28/2023 03:56:17      
     staging.run                 :: PASS               :: 0           :: 04/28/2023 03:56:22       :: 04/28/2023 03:56:29      
      traceability.run           :: PASS               :: 0           :: 04/28/2023 03:56:32       :: 04/28/2023 03:56:35      
      checks.run                 :: PASS               :: 0           :: 04/28/2023 03:56:37       :: 04/28/2023 03:56:39      
       crossfire.run             :: FAIL:QUALITY       :: 0           :: 04/28/2023 03:56:42       :: 04/28/2023 04:10:24      
       review.run                :: PASS               :: 0           :: 04/28/2023 04:10:27       :: 04/28/2023 04:10:41      
       qa_wb.run                 :: PASS               :: 0           :: 04/28/2023 04:10:42       :: 04/28/2023 04:10:45      
      archive.run                :: Running            :: --          :: 04/28/2023 04:10:47       ::                          
       checkin.run               :: Wait               :: --          :: --                        :: --                       
       checkin.archive           :: Wait               :: --          :: --                        :: --                       
-----------------------------------------------------------------------------------------------------------------------------
-I- archive status Running -> PASS : ship/log/arf198b128e1r1w0cbbehbaa4acw/zsc11_sccc012810_28Apr2023_034750/arf198b128e1r1w0cbbehbaa4acw.archive.run.log
-I- checkin status Wait -> Running : ship/log/arf198b128e1r1w0cbbehbaa4acw/zsc11_sccc012810_28Apr2023_034750/arf198b128e1r1w0cbbehbaa4acw.checkin.run.log
-----------------------------------------------------------------------------------------------------------------------------
  Task Name                      :: Status             :: Exit Code   :: Start Time                :: Finish Time              
   orig.run                      :: PASS               :: 0           :: 04/28/2023 03:48:41       :: 04/28/2023 03:48:52      
    unpacked.run                 :: PASS               :: 0           :: 04/28/2023 03:48:57       :: 04/28/2023 03:49:20      
     viewgen.run                 :: PASS               :: 0           :: 04/28/2023 03:49:22       :: 04/28/2023 03:49:24      
      ip2sd.run                  :: PASS               :: 0           :: 04/28/2023 03:49:27       :: 04/28/2023 03:56:17      
     staging.run                 :: PASS               :: 0           :: 04/28/2023 03:56:22       :: 04/28/2023 03:56:29      
      traceability.run           :: PASS               :: 0           :: 04/28/2023 03:56:32       :: 04/28/2023 03:56:35      
      checks.run                 :: PASS               :: 0           :: 04/28/2023 03:56:37       :: 04/28/2023 03:56:39      
       crossfire.run             :: FAIL:QUALITY       :: 0           :: 04/28/2023 03:56:42       :: 04/28/2023 04:10:24      
       review.run                :: PASS               :: 0           :: 04/28/2023 04:10:27       :: 04/28/2023 04:10:41      
       qa_wb.run                 :: PASS               :: 0           :: 04/28/2023 04:10:42       :: 04/28/2023 04:10:45      
      archive.run                :: PASS               :: 0           :: 04/28/2023 04:10:47       :: 04/28/2023 04:10:51      
       checkin.run               :: Running            :: --          :: 04/28/2023 04:10:52       ::                          
       checkin.archive           :: Wait               :: --          :: --                        :: --                       
-----------------------------------------------------------------------------------------------------------------------------
