
s: Crossfire Rule: 15118
d: PowerNameCheck
i: firefox -new-window /nfs/site/disks/ipg_scf_00159/ajavidi_ship/SHIP_23ww17d4/ip764hduspsr2048x39m8b2s0r2p0d0_work/ship/ip/ip764hduspsr2048x39m8b2s0r2p0d0/zsc11_scea121612_28Apr2023_044735/crossfire/crossfire/ip764hduspsr2048x39m8b2s0r2p0d0.uv1.2023_04_28_050249.25026/html/index_per_rule.html

s: Crossfire Rule: 16002
d: Compiles_lib_check
i: firefox -new-window /nfs/site/disks/ipg_scf_00159/ajavidi_ship/SHIP_23ww17d4/ip764hduspsr2048x39m8b2s0r2p0d0_work/ship/ip/ip764hduspsr2048x39m8b2s0r2p0d0/zsc11_scea121612_28Apr2023_044735/crossfire/crossfire/ip764hduspsr2048x39m8b2s0r2p0d0.uv1.2023_04_28_050249.25026/html/index_per_rule.html

s: Crossfire Rule: 16026
d: Ndm_check
i: firefox -new-window /nfs/site/disks/ipg_scf_00159/ajavidi_ship/SHIP_23ww17d4/ip764hduspsr2048x39m8b2s0r2p0d0_work/ship/ip/ip764hduspsr2048x39m8b2s0r2p0d0/zsc11_scea121612_28Apr2023_044735/crossfire/crossfire/ip764hduspsr2048x39m8b2s0r2p0d0.uv1.2023_04_28_050249.25026/html/index_per_rule.html

s: Crossfire Rule: 16107
d: Libname_check
i: firefox -new-window /nfs/site/disks/ipg_scf_00159/ajavidi_ship/SHIP_23ww17d4/ip764hduspsr2048x39m8b2s0r2p0d0_work/ship/ip/ip764hduspsr2048x39m8b2s0r2p0d0/zsc11_scea121612_28Apr2023_044735/crossfire/crossfire/ip764hduspsr2048x39m8b2s0r2p0d0.uv1.2023_04_28_050249.25026/html/index_per_rule.html

s: Crossfire Rule: 16108
d: Analogattr_check
i: firefox -new-window /nfs/site/disks/ipg_scf_00159/ajavidi_ship/SHIP_23ww17d4/ip764hduspsr2048x39m8b2s0r2p0d0_work/ship/ip/ip764hduspsr2048x39m8b2s0r2p0d0/zsc11_scea121612_28Apr2023_044735/crossfire/crossfire/ip764hduspsr2048x39m8b2s0r2p0d0.uv1.2023_04_28_050249.25026/html/index_per_rule.html

s: Crossfire Rule: 16215
d: Pin_hierarchy_check
i: firefox -new-window /nfs/site/disks/ipg_scf_00159/ajavidi_ship/SHIP_23ww17d4/ip764hduspsr2048x39m8b2s0r2p0d0_work/ship/ip/ip764hduspsr2048x39m8b2s0r2p0d0/zsc11_scea121612_28Apr2023_044735/crossfire/crossfire/ip764hduspsr2048x39m8b2s0r2p0d0.uv1.2023_04_28_050249.25026/html/index_per_rule.html

s: Crossfire Rule: 16510
d: Generic_attribute_conditions
i: firefox -new-window /nfs/site/disks/ipg_scf_00159/ajavidi_ship/SHIP_23ww17d4/ip764hduspsr2048x39m8b2s0r2p0d0_work/ship/ip/ip764hduspsr2048x39m8b2s0r2p0d0/zsc11_scea121612_28Apr2023_044735/crossfire/crossfire/ip764hduspsr2048x39m8b2s0r2p0d0.uv1.2023_04_28_050249.25026/html/index_per_rule.html

s: Crossfire Rule: 16704
d: Ocv_presence_check
i: firefox -new-window /nfs/site/disks/ipg_scf_00159/ajavidi_ship/SHIP_23ww17d4/ip764hduspsr2048x39m8b2s0r2p0d0_work/ship/ip/ip764hduspsr2048x39m8b2s0r2p0d0/zsc11_scea121612_28Apr2023_044735/crossfire/crossfire/ip764hduspsr2048x39m8b2s0r2p0d0.uv1.2023_04_28_050249.25026/html/index_per_rule.html

s: Crossfire Rule: 16712
d: Duplicate_pvt_check
i: firefox -new-window /nfs/site/disks/ipg_scf_00159/ajavidi_ship/SHIP_23ww17d4/ip764hduspsr2048x39m8b2s0r2p0d0_work/ship/ip/ip764hduspsr2048x39m8b2s0r2p0d0/zsc11_scea121612_28Apr2023_044735/crossfire/crossfire/ip764hduspsr2048x39m8b2s0r2p0d0.uv1.2023_04_28_050249.25026/html/index_per_rule.html

s: Crossfire Rule: 31
d: pins terminals
i: firefox -new-window /nfs/site/disks/ipg_scf_00159/ajavidi_ship/SHIP_23ww17d4/ip764hduspsr2048x39m8b2s0r2p0d0_work/ship/ip/ip764hduspsr2048x39m8b2s0r2p0d0/zsc11_scea121612_28Apr2023_044735/crossfire/crossfire/ip764hduspsr2048x39m8b2s0r2p0d0.uv1.2023_04_28_050249.25026/html/index_per_rule.html

s: Crossfire Rule: 7410
d: Ensure_arcs_present_for_given_related_pins
i: firefox -new-window /nfs/site/disks/ipg_scf_00159/ajavidi_ship/SHIP_23ww17d4/ip764hduspsr2048x39m8b2s0r2p0d0_work/ship/ip/ip764hduspsr2048x39m8b2s0r2p0d0/zsc11_scea121612_28Apr2023_044735/crossfire/crossfire/ip764hduspsr2048x39m8b2s0r2p0d0.uv1.2023_04_28_050249.25026/html/index_per_rule.html

s: Crossfire Rule: 7503
d: VoltageMapCheck
i: firefox -new-window /nfs/site/disks/ipg_scf_00159/ajavidi_ship/SHIP_23ww17d4/ip764hduspsr2048x39m8b2s0r2p0d0_work/ship/ip/ip764hduspsr2048x39m8b2s0r2p0d0/zsc11_scea121612_28Apr2023_044735/crossfire/crossfire/ip764hduspsr2048x39m8b2s0r2p0d0.uv1.2023_04_28_050249.25026/html/index_per_rule.html

s: Crossfire Rule: 7605:UserParameters
d: UserParameters
i: firefox -new-window /nfs/site/disks/ipg_scf_00159/ajavidi_ship/SHIP_23ww17d4/ip764hduspsr2048x39m8b2s0r2p0d0_work/ship/ip/ip764hduspsr2048x39m8b2s0r2p0d0/zsc11_scea121612_28Apr2023_044735/crossfire/crossfire/ip764hduspsr2048x39m8b2s0r2p0d0.uv1.2023_04_28_050249.25026/html/index_per_rule.html

s: Crossfire Rule: 7605:OptUserParameters
d: OptUserParameters
i: firefox -new-window /nfs/site/disks/ipg_scf_00159/ajavidi_ship/SHIP_23ww17d4/ip764hduspsr2048x39m8b2s0r2p0d0_work/ship/ip/ip764hduspsr2048x39m8b2s0r2p0d0/zsc11_scea121612_28Apr2023_044735/crossfire/crossfire/ip764hduspsr2048x39m8b2s0r2p0d0.uv1.2023_04_28_050249.25026/html/index_per_rule.html

s: Crossfire Rule: 7607
d: ArcPresence
i: firefox -new-window /nfs/site/disks/ipg_scf_00159/ajavidi_ship/SHIP_23ww17d4/ip764hduspsr2048x39m8b2s0r2p0d0_work/ship/ip/ip764hduspsr2048x39m8b2s0r2p0d0/zsc11_scea121612_28Apr2023_044735/crossfire/crossfire/ip764hduspsr2048x39m8b2s0r2p0d0.uv1.2023_04_28_050249.25026/html/index_per_rule.html

s: Crossfire Rule: 7708
d: Value_range_ocv_delay
i: firefox -new-window /nfs/site/disks/ipg_scf_00159/ajavidi_ship/SHIP_23ww17d4/ip764hduspsr2048x39m8b2s0r2p0d0_work/ship/ip/ip764hduspsr2048x39m8b2s0r2p0d0/zsc11_scea121612_28Apr2023_044735/crossfire/crossfire/ip764hduspsr2048x39m8b2s0r2p0d0.uv1.2023_04_28_050249.25026/html/index_per_rule.html

s: Crossfire Rule: 7709
d: Value_range_ocv_transition
i: firefox -new-window /nfs/site/disks/ipg_scf_00159/ajavidi_ship/SHIP_23ww17d4/ip764hduspsr2048x39m8b2s0r2p0d0_work/ship/ip/ip764hduspsr2048x39m8b2s0r2p0d0/zsc11_scea121612_28Apr2023_044735/crossfire/crossfire/ip764hduspsr2048x39m8b2s0r2p0d0.uv1.2023_04_28_050249.25026/html/index_per_rule.html

s: Crossfire Rule: 7710
d: Value_range_ocv_constraint
i: firefox -new-window /nfs/site/disks/ipg_scf_00159/ajavidi_ship/SHIP_23ww17d4/ip764hduspsr2048x39m8b2s0r2p0d0_work/ship/ip/ip764hduspsr2048x39m8b2s0r2p0d0/zsc11_scea121612_28Apr2023_044735/crossfire/crossfire/ip764hduspsr2048x39m8b2s0r2p0d0.uv1.2023_04_28_050249.25026/html/index_per_rule.html
e: OCV constraint values are found outside the specified range. The value found is [*100000.0ps*] > *:*:*::"[0.0ps 10000.0ps]" In NLDM_NLPM_OCV~synopsys~NLDM-NLPM-OCV~ip764hduspsr2048x39m8b2s0r2p0d0_tttt_0.55v_0.55v_100c.lib at line 1715
e: OCV constraint values are found outside the specified range. The value found is [*100000.0ps*] > *:*:*::"[0.0ps 10000.0ps]" In NLDM_NLPM_OCV~synopsys~NLDM-NLPM-OCV~ip764hduspsr2048x39m8b2s0r2p0d0_tttt_0.55v_0.55v_100c.lib at line 1718
e: OCV constraint values are found outside the specified range. The value found is [*100000.0ps*] > *:*:*::"[0.0ps 10000.0ps]" In NLDM_NLPM_OCV~synopsys~NLDM-NLPM-OCV~ip764hduspsr2048x39m8b2s0r2p0d0_tttt_0.55v_0.55v_100c.lib at line 1732
e: OCV constraint values are found outside the specified range. The value found is [*100000.0ps*] > *:*:*::"[0.0ps 10000.0ps]" In NLDM_NLPM_OCV~synopsys~NLDM-NLPM-OCV~ip764hduspsr2048x39m8b2s0r2p0d0_tttt_0.55v_0.55v_100c.lib at line 1735
e: OCV constraint values are found outside the specified range. The value found is [*100000.0ps*] > *:*:*::"[0.0ps 10000.0ps]" In NLDM_NLPM_OCV~synopsys~NLDM-NLPM-OCV~ip764hduspsr2048x39m8b2s0r2p0d0_tttt_0.55v_0.55v_100c.prev.lib at line 1716
e: OCV constraint values are found outside the specified range. The value found is [*100000.0ps*] > *:*:*::"[0.0ps 10000.0ps]" In NLDM_NLPM_OCV~synopsys~NLDM-NLPM-OCV~ip764hduspsr2048x39m8b2s0r2p0d0_tttt_0.55v_0.55v_100c.prev.lib at line 1719
e: OCV constraint values are found outside the specified range. The value found is [*100000.0ps*] > *:*:*::"[0.0ps 10000.0ps]" In NLDM_NLPM_OCV~synopsys~NLDM-NLPM-OCV~ip764hduspsr2048x39m8b2s0r2p0d0_tttt_0.55v_0.55v_100c.prev.lib at line 1733
e: OCV constraint values are found outside the specified range. The value found is [*100000.0ps*] > *:*:*::"[0.0ps 10000.0ps]" In NLDM_NLPM_OCV~synopsys~NLDM-NLPM-OCV~ip764hduspsr2048x39m8b2s0r2p0d0_tttt_0.55v_0.55v_100c.prev.lib at line 1736
e: OCV constraint values are found outside the specified range. The value found is [*100000.0ps*] > *:*:*::"[0.0ps 10000.0ps]" In NLDM_NLPM_OCV~synopsys~NLDM-NLPM-OCV~ip764hduspsr2048x39m8b2s0r2p0d0_tttt_0.65v_0.65v_-40c.lib at line 1611
e: OCV constraint values are found outside the specified range. The value found is [*100000.0ps*] > *:*:*::"[0.0ps 10000.0ps]" In NLDM_NLPM_OCV~synopsys~NLDM-NLPM-OCV~ip764hduspsr2048x39m8b2s0r2p0d0_tttt_0.65v_0.65v_-40c.lib at line 1614
e: OCV constraint values are found outside the specified range. The value found is [*100000.0ps*] > *:*:*::"[0.0ps 10000.0ps]" In NLDM_NLPM_OCV~synopsys~NLDM-NLPM-OCV~ip764hduspsr2048x39m8b2s0r2p0d0_tttt_0.65v_0.65v_-40c.prev.lib at line 1612
e: OCV constraint values are found outside the specified range. The value found is [*100000.0ps*] > *:*:*::"[0.0ps 10000.0ps]" In NLDM_NLPM_OCV~synopsys~NLDM-NLPM-OCV~ip764hduspsr2048x39m8b2s0r2p0d0_tttt_0.65v_0.65v_-40c.prev.lib at line 1615
