-I- Running SHIP as /p/hdk/pu_tu/prd/ship/23.02.001/bin/ship.pl -block arf046b032e1r1w0cbbehraa4acw -fqn ipghrf_7nm.CMO_SPRF_DMRA0_EV1_UPDATE@.MAINLINE -source /nfs/site/disks/ipg_scf_00159/ajavidi_ship/SHIP_23ww17d4/memory_sources_combo/arf046b032e1r1w0cbbehraa4acw -milestone UV1 -skip_stages pre_checks,archive_gate -ip_type hip -manifest_cfg hipspec -tag I7E240O4A0UV1RTL1IFC1V2 -skip_prompt
-I- Checking if model file is enabled, through params : iphs_enable_model_file
-I- Did not find model file enabled for this project, proceeding to ship
-I- Checking if group file is enabled, through params : iphs_enable_group_file
-I- Resolved -manifest_cfg hipspec to built-in: /p/hdk/pu_tu/prd/ship/23.02.001/config/manifest_templates/hipspec_1276.manifest.cfg
-I- Found required group in user groups: cicg
-I- Found required group in user groups: ip7nm
-I- Tag I7E240O4A0UV1RTL1IFC1V2 OK
-I- Executing command: mkdir -p /nfs/site/disks/ipg_scf_00159/ajavidi_ship/SHIP_23ww17d4/arf046b032e1r1w0cbbehraa4acw_work/ship/ip/arf046b032e1r1w0cbbehraa4acw/zsc11_scc259181_27Apr2023_210444
-I- Executing command: ln -sfn zsc11_scc259181_27Apr2023_210444 /nfs/site/disks/ipg_scf_00159/ajavidi_ship/SHIP_23ww17d4/arf046b032e1r1w0cbbehraa4acw_work/ship/ip/arf046b032e1r1w0cbbehraa4acw//latest
-I- Executing command: mkdir -p /nfs/site/disks/ipg_scf_00159/ajavidi_ship/SHIP_23ww17d4/arf046b032e1r1w0cbbehraa4acw_work/ship/ip/arf046b032e1r1w0cbbehraa4acw/zsc11_scc259181_27Apr2023_210444/.metadata
-I- Executing command: mkdir -p /nfs/site/disks/ipg_scf_00159/ajavidi_ship/SHIP_23ww17d4/arf046b032e1r1w0cbbehraa4acw_work/ship/ip/arf046b032e1r1w0cbbehraa4acw/zsc11_scc259181_27Apr2023_210444/.metadata/original_stages
-I- Executing command: mkdir -p /nfs/site/disks/ipg_scf_00159/ajavidi_ship/SHIP_23ww17d4/arf046b032e1r1w0cbbehraa4acw_work/ship/cmdline/zsc11_scc259181_27Apr2023_210444/arf046b032e1r1w0cbbehraa4acw
-I- Executing command: mkdir -p /nfs/site/disks/ipg_scf_00159/ajavidi_ship/SHIP_23ww17d4/arf046b032e1r1w0cbbehraa4acw_work/ship/log/arf046b032e1r1w0cbbehraa4acw/zsc11_scc259181_27Apr2023_210444
-I- Executing command: chgrp ip7nm /nfs/site/disks/ipg_scf_00159/ajavidi_ship/SHIP_23ww17d4/arf046b032e1r1w0cbbehraa4acw_work/ship/ip/arf046b032e1r1w0cbbehraa4acw/zsc11_scc259181_27Apr2023_210444
-I- Executing command: chmod g+s /nfs/site/disks/ipg_scf_00159/ajavidi_ship/SHIP_23ww17d4/arf046b032e1r1w0cbbehraa4acw_work/ship/ip/arf046b032e1r1w0cbbehraa4acw/zsc11_scc259181_27Apr2023_210444
-I- Executing command: sitecode
-I- Skip stage 'pre_checks'
-I- Switch 'run_rtl_viewgen' is disabled for stage 'rtl_qa', enable '?run_rtl_viewgen==1' to avoid skipping the stage
-I- Stage 'rtl_qa' should be skipped due to switch
-I- Switch 'run_feqa' is disabled for stage 'feqa', enable '?run_feqa==1&&$ENV{IPHS_RUN_FEQA}' to avoid skipping the stage
-I- Stage 'feqa' should be skipped due to switch
-I- Switch 'run_calibre' is disabled for stage 'onelv_calibre', enable '?run_calibre==1&&$ENV{USE_ONELV_CALIBRE}' to avoid skipping the stage
-I- Stage 'onelv_calibre' should be skipped due to switch
-I- Switch 'run_icv' is disabled for stage 'onelv_icv', enable '?run_icv==1&&$ENV{USE_ONELV_ICV}' to avoid skipping the stage
-I- Stage 'onelv_icv' should be skipped due to switch
-I- Skip stage 'archive_gate'
-I- Executing command: hostname --long
-I- ::RUNTIME:: Runtime for prep work: 0 hours 0 minutes 21 seconds
-I- dir.run ->  orig
-I- orig.run ->  unpacked
-I- unpacked.run ->  viewgen
-I- viewgen.run ->  ip2sd
-I- unpacked.run ->  staging
-I- staging.run ->  traceability
-I- staging.run ->  checks
-I- checks.run ->  crossfire
-I- checks.run ->  review
-I- checks.run ->  qa_wb
-I- staging.run ->  archive
-I- archive.run ->  checkin
-I- archive.archive ->  checkin
-I- Trying to create feeder: arf046b032e1r1w0cbbehraa4acw_10511_zsc11_scc259181 at: /tmp/ship_feeders.ajavidi/arf046b032e1r1w0cbbehraa4acw_10511_zsc11_scc259181
-I- Using feeder: arf046b032e1r1w0cbbehraa4acw_10511_zsc11_scc259181 at: /tmp/ship_feeders.ajavidi/arf046b032e1r1w0cbbehraa4acw_10511_zsc11_scc259181
-I- Resolved feeder to scc259181.zsc11.intel.com:45521
-I- No cleanup jobs, skipping
-I- Launching task file /nfs/site/disks/ipg_scf_00159/ajavidi_ship/SHIP_23ww17d4/arf046b032e1r1w0cbbehraa4acw_work/ship/ip/arf046b032e1r1w0cbbehraa4acw/zsc11_scc259181_27Apr2023_210444/.metadata/nb_task to feeder: scc259181.zsc11.intel.com:45521
-I- Loaded task into feeder with id: 1
-I- arf046b032e1r1w0cbbehraa4acw_zsc11_scc259181_27Apr2023_210444_0 status Unknown -> Running
-I- run status Unknown -> Running
-I- orig status Unknown -> PASS : ship/log/arf046b032e1r1w0cbbehraa4acw/zsc11_scc259181_27Apr2023_210444/arf046b032e1r1w0cbbehraa4acw.orig.run.log
-I- unpacked status Unknown -> Wait
-I- viewgen status Unknown -> Wait
-I- ip2sd status Unknown -> Wait
-I- staging status Unknown -> Wait
-I- traceability status Unknown -> Wait
-I- checks status Unknown -> Wait
-I- crossfire status Unknown -> Wait
-I- review status Unknown -> Wait
-I- qa_wb status Unknown -> Wait
-I- archive status Unknown -> Wait
-I- checkin status Unknown -> Wait
-I- archive status Unknown -> Wait
-I- checkin status Unknown -> Wait
-----------------------------------------------------------------------------------------------------------------------------
  Task Name                      :: Status             :: Exit Code   :: Start Time                :: Finish Time              
   orig.run                      :: PASS               :: 0           :: 04/27/2023 21:05:23       :: 04/27/2023 21:05:25      
    unpacked.run                 :: Wait               :: --          :: --                        :: --                       
     viewgen.run                 :: Wait               :: --          :: --                        :: --                       
      ip2sd.run                  :: Wait               :: --          :: --                        :: --                       
     staging.run                 :: Wait               :: --          :: --                        :: --                       
      traceability.run           :: Wait               :: --          :: --                        :: --                       
      checks.run                 :: Wait               :: --          :: --                        :: --                       
       crossfire.run             :: Wait               :: --          :: --                        :: --                       
       review.run                :: Wait               :: --          :: --                        :: --                       
       qa_wb.run                 :: Wait               :: --          :: --                        :: --                       
      archive.run                :: Wait               :: --          :: --                        :: --                       
       checkin.run               :: Wait               :: --          :: --                        :: --                       
       checkin.archive           :: Wait               :: --          :: --                        :: --                       
-----------------------------------------------------------------------------------------------------------------------------
-I- unpacked status Wait -> Running : ship/log/arf046b032e1r1w0cbbehraa4acw/zsc11_scc259181_27Apr2023_210444/arf046b032e1r1w0cbbehraa4acw.unpacked.run.log
-----------------------------------------------------------------------------------------------------------------------------
  Task Name                      :: Status             :: Exit Code   :: Start Time                :: Finish Time              
   orig.run                      :: PASS               :: 0           :: 04/27/2023 21:05:23       :: 04/27/2023 21:05:25      
    unpacked.run                 :: Running            :: --          :: 04/27/2023 21:05:28       ::                          
     viewgen.run                 :: Wait               :: --          :: --                        :: --                       
      ip2sd.run                  :: Wait               :: --          :: --                        :: --                       
     staging.run                 :: Wait               :: --          :: --                        :: --                       
      traceability.run           :: Wait               :: --          :: --                        :: --                       
      checks.run                 :: Wait               :: --          :: --                        :: --                       
       crossfire.run             :: Wait               :: --          :: --                        :: --                       
       review.run                :: Wait               :: --          :: --                        :: --                       
       qa_wb.run                 :: Wait               :: --          :: --                        :: --                       
      archive.run                :: Wait               :: --          :: --                        :: --                       
       checkin.run               :: Wait               :: --          :: --                        :: --                       
       checkin.archive           :: Wait               :: --          :: --                        :: --                       
-----------------------------------------------------------------------------------------------------------------------------
-I- unpacked status Running -> PASS : ship/log/arf046b032e1r1w0cbbehraa4acw/zsc11_scc259181_27Apr2023_210444/arf046b032e1r1w0cbbehraa4acw.unpacked.run.log
-----------------------------------------------------------------------------------------------------------------------------
  Task Name                      :: Status             :: Exit Code   :: Start Time                :: Finish Time              
   orig.run                      :: PASS               :: 0           :: 04/27/2023 21:05:23       :: 04/27/2023 21:05:25      
    unpacked.run                 :: PASS               :: 0           :: 04/27/2023 21:05:28       :: 04/27/2023 21:05:52      
     viewgen.run                 :: Wait               :: --          :: --                        :: --                       
      ip2sd.run                  :: Wait               :: --          :: --                        :: --                       
     staging.run                 :: Wait               :: --          :: --                        :: --                       
      traceability.run           :: Wait               :: --          :: --                        :: --                       
      checks.run                 :: Wait               :: --          :: --                        :: --                       
       crossfire.run             :: Wait               :: --          :: --                        :: --                       
       review.run                :: Wait               :: --          :: --                        :: --                       
       qa_wb.run                 :: Wait               :: --          :: --                        :: --                       
      archive.run                :: Wait               :: --          :: --                        :: --                       
       checkin.run               :: Wait               :: --          :: --                        :: --                       
       checkin.archive           :: Wait               :: --          :: --                        :: --                       
-----------------------------------------------------------------------------------------------------------------------------
-I- viewgen status Wait -> PASS : ship/log/arf046b032e1r1w0cbbehraa4acw/zsc11_scc259181_27Apr2023_210444/arf046b032e1r1w0cbbehraa4acw.viewgen.run.log
-----------------------------------------------------------------------------------------------------------------------------
  Task Name                      :: Status             :: Exit Code   :: Start Time                :: Finish Time              
   orig.run                      :: PASS               :: 0           :: 04/27/2023 21:05:23       :: 04/27/2023 21:05:25      
    unpacked.run                 :: PASS               :: 0           :: 04/27/2023 21:05:28       :: 04/27/2023 21:05:52      
     viewgen.run                 :: PASS               :: 0           :: 04/27/2023 21:05:53       :: 04/27/2023 21:05:56      
      ip2sd.run                  :: Wait               :: --          :: --                        :: --                       
     staging.run                 :: Wait               :: --          :: --                        :: --                       
      traceability.run           :: Wait               :: --          :: --                        :: --                       
      checks.run                 :: Wait               :: --          :: --                        :: --                       
       crossfire.run             :: Wait               :: --          :: --                        :: --                       
       review.run                :: Wait               :: --          :: --                        :: --                       
       qa_wb.run                 :: Wait               :: --          :: --                        :: --                       
      archive.run                :: Wait               :: --          :: --                        :: --                       
       checkin.run               :: Wait               :: --          :: --                        :: --                       
       checkin.archive           :: Wait               :: --          :: --                        :: --                       
-----------------------------------------------------------------------------------------------------------------------------
-I- ip2sd status Wait -> Running : ship/log/arf046b032e1r1w0cbbehraa4acw/zsc11_scc259181_27Apr2023_210444/arf046b032e1r1w0cbbehraa4acw.ip2sd.run.log
-----------------------------------------------------------------------------------------------------------------------------
  Task Name                      :: Status             :: Exit Code   :: Start Time                :: Finish Time              
   orig.run                      :: PASS               :: 0           :: 04/27/2023 21:05:23       :: 04/27/2023 21:05:25      
    unpacked.run                 :: PASS               :: 0           :: 04/27/2023 21:05:28       :: 04/27/2023 21:05:52      
     viewgen.run                 :: PASS               :: 0           :: 04/27/2023 21:05:53       :: 04/27/2023 21:05:56      
      ip2sd.run                  :: Running            :: --          :: 04/27/2023 21:05:58       ::                          
     staging.run                 :: Wait               :: --          :: --                        :: --                       
      traceability.run           :: Wait               :: --          :: --                        :: --                       
      checks.run                 :: Wait               :: --          :: --                        :: --                       
       crossfire.run             :: Wait               :: --          :: --                        :: --                       
       review.run                :: Wait               :: --          :: --                        :: --                       
       qa_wb.run                 :: Wait               :: --          :: --                        :: --                       
      archive.run                :: Wait               :: --          :: --                        :: --                       
       checkin.run               :: Wait               :: --          :: --                        :: --                       
       checkin.archive           :: Wait               :: --          :: --                        :: --                       
-----------------------------------------------------------------------------------------------------------------------------
-I- ip2sd status Running -> PASS : ship/log/arf046b032e1r1w0cbbehraa4acw/zsc11_scc259181_27Apr2023_210444/arf046b032e1r1w0cbbehraa4acw.ip2sd.run.log
-I- staging status Wait -> Running : ship/log/arf046b032e1r1w0cbbehraa4acw/zsc11_scc259181_27Apr2023_210444/arf046b032e1r1w0cbbehraa4acw.staging.run.log
-----------------------------------------------------------------------------------------------------------------------------
  Task Name                      :: Status             :: Exit Code   :: Start Time                :: Finish Time              
   orig.run                      :: PASS               :: 0           :: 04/27/2023 21:05:23       :: 04/27/2023 21:05:25      
    unpacked.run                 :: PASS               :: 0           :: 04/27/2023 21:05:28       :: 04/27/2023 21:05:52      
     viewgen.run                 :: PASS               :: 0           :: 04/27/2023 21:05:53       :: 04/27/2023 21:05:56      
      ip2sd.run                  :: PASS               :: 0           :: 04/27/2023 21:05:58       :: 04/27/2023 21:12:34      
     staging.run                 :: Running            :: --          :: 04/27/2023 21:12:38       ::                          
      traceability.run           :: Wait               :: --          :: --                        :: --                       
      checks.run                 :: Wait               :: --          :: --                        :: --                       
       crossfire.run             :: Wait               :: --          :: --                        :: --                       
       review.run                :: Wait               :: --          :: --                        :: --                       
       qa_wb.run                 :: Wait               :: --          :: --                        :: --                       
      archive.run                :: Wait               :: --          :: --                        :: --                       
       checkin.run               :: Wait               :: --          :: --                        :: --                       
       checkin.archive           :: Wait               :: --          :: --                        :: --                       
-----------------------------------------------------------------------------------------------------------------------------
-I- staging status Running -> PASS : ship/log/arf046b032e1r1w0cbbehraa4acw/zsc11_scc259181_27Apr2023_210444/arf046b032e1r1w0cbbehraa4acw.staging.run.log
-I- traceability status Wait -> Running : ship/log/arf046b032e1r1w0cbbehraa4acw/zsc11_scc259181_27Apr2023_210444/arf046b032e1r1w0cbbehraa4acw.traceability.run.log
-----------------------------------------------------------------------------------------------------------------------------
  Task Name                      :: Status             :: Exit Code   :: Start Time                :: Finish Time              
   orig.run                      :: PASS               :: 0           :: 04/27/2023 21:05:23       :: 04/27/2023 21:05:25      
    unpacked.run                 :: PASS               :: 0           :: 04/27/2023 21:05:28       :: 04/27/2023 21:05:52      
     viewgen.run                 :: PASS               :: 0           :: 04/27/2023 21:05:53       :: 04/27/2023 21:05:56      
      ip2sd.run                  :: PASS               :: 0           :: 04/27/2023 21:05:58       :: 04/27/2023 21:12:34      
     staging.run                 :: PASS               :: 0           :: 04/27/2023 21:12:38       :: 04/27/2023 21:12:42      
      traceability.run           :: Running            :: --          :: 04/27/2023 21:12:43       ::                          
      checks.run                 :: Wait               :: --          :: --                        :: --                       
       crossfire.run             :: Wait               :: --          :: --                        :: --                       
       review.run                :: Wait               :: --          :: --                        :: --                       
       qa_wb.run                 :: Wait               :: --          :: --                        :: --                       
      archive.run                :: Wait               :: --          :: --                        :: --                       
       checkin.run               :: Wait               :: --          :: --                        :: --                       
       checkin.archive           :: Wait               :: --          :: --                        :: --                       
-----------------------------------------------------------------------------------------------------------------------------
-I- traceability status Running -> PASS : ship/log/arf046b032e1r1w0cbbehraa4acw/zsc11_scc259181_27Apr2023_210444/arf046b032e1r1w0cbbehraa4acw.traceability.run.log
-I- checks status Wait -> Running : ship/log/arf046b032e1r1w0cbbehraa4acw/zsc11_scc259181_27Apr2023_210444/arf046b032e1r1w0cbbehraa4acw.checks.run.log
-----------------------------------------------------------------------------------------------------------------------------
  Task Name                      :: Status             :: Exit Code   :: Start Time                :: Finish Time              
   orig.run                      :: PASS               :: 0           :: 04/27/2023 21:05:23       :: 04/27/2023 21:05:25      
    unpacked.run                 :: PASS               :: 0           :: 04/27/2023 21:05:28       :: 04/27/2023 21:05:52      
     viewgen.run                 :: PASS               :: 0           :: 04/27/2023 21:05:53       :: 04/27/2023 21:05:56      
      ip2sd.run                  :: PASS               :: 0           :: 04/27/2023 21:05:58       :: 04/27/2023 21:12:34      
     staging.run                 :: PASS               :: 0           :: 04/27/2023 21:12:38       :: 04/27/2023 21:12:42      
      traceability.run           :: PASS               :: 0           :: 04/27/2023 21:12:43       :: 04/27/2023 21:12:52      
      checks.run                 :: Running            :: --          :: 04/27/2023 21:12:53       ::                          
       crossfire.run             :: Wait               :: --          :: --                        :: --                       
       review.run                :: Wait               :: --          :: --                        :: --                       
       qa_wb.run                 :: Wait               :: --          :: --                        :: --                       
      archive.run                :: Wait               :: --          :: --                        :: --                       
       checkin.run               :: Wait               :: --          :: --                        :: --                       
       checkin.archive           :: Wait               :: --          :: --                        :: --                       
-----------------------------------------------------------------------------------------------------------------------------
-I- checks status Running -> PASS : ship/log/arf046b032e1r1w0cbbehraa4acw/zsc11_scc259181_27Apr2023_210444/arf046b032e1r1w0cbbehraa4acw.checks.run.log
-I- crossfire status Wait -> Running : ship/log/arf046b032e1r1w0cbbehraa4acw/zsc11_scc259181_27Apr2023_210444/arf046b032e1r1w0cbbehraa4acw.crossfire.run.log
-----------------------------------------------------------------------------------------------------------------------------
  Task Name                      :: Status             :: Exit Code   :: Start Time                :: Finish Time              
   orig.run                      :: PASS               :: 0           :: 04/27/2023 21:05:23       :: 04/27/2023 21:05:25      
    unpacked.run                 :: PASS               :: 0           :: 04/27/2023 21:05:28       :: 04/27/2023 21:05:52      
     viewgen.run                 :: PASS               :: 0           :: 04/27/2023 21:05:53       :: 04/27/2023 21:05:56      
      ip2sd.run                  :: PASS               :: 0           :: 04/27/2023 21:05:58       :: 04/27/2023 21:12:34      
     staging.run                 :: PASS               :: 0           :: 04/27/2023 21:12:38       :: 04/27/2023 21:12:42      
      traceability.run           :: PASS               :: 0           :: 04/27/2023 21:12:43       :: 04/27/2023 21:12:52      
      checks.run                 :: PASS               :: 0           :: 04/27/2023 21:12:53       :: 04/27/2023 21:12:55      
       crossfire.run             :: Running            :: --          :: 04/27/2023 21:12:58       ::                          
       review.run                :: Wait               :: --          :: --                        :: --                       
       qa_wb.run                 :: Wait               :: --          :: --                        :: --                       
      archive.run                :: Wait               :: --          :: --                        :: --                       
       checkin.run               :: Wait               :: --          :: --                        :: --                       
       checkin.archive           :: Wait               :: --          :: --                        :: --                       
-----------------------------------------------------------------------------------------------------------------------------
-I- crossfire status Running -> FAIL:QUALITY : ship/log/arf046b032e1r1w0cbbehraa4acw/zsc11_scc259181_27Apr2023_210444/arf046b032e1r1w0cbbehraa4acw.crossfire.run.log
-I- review status Wait -> Running : ship/log/arf046b032e1r1w0cbbehraa4acw/zsc11_scc259181_27Apr2023_210444/arf046b032e1r1w0cbbehraa4acw.review.run.log
-----------------------------------------------------------------------------------------------------------------------------
  Task Name                      :: Status             :: Exit Code   :: Start Time                :: Finish Time              
   orig.run                      :: PASS               :: 0           :: 04/27/2023 21:05:23       :: 04/27/2023 21:05:25      
    unpacked.run                 :: PASS               :: 0           :: 04/27/2023 21:05:28       :: 04/27/2023 21:05:52      
     viewgen.run                 :: PASS               :: 0           :: 04/27/2023 21:05:53       :: 04/27/2023 21:05:56      
      ip2sd.run                  :: PASS               :: 0           :: 04/27/2023 21:05:58       :: 04/27/2023 21:12:34      
     staging.run                 :: PASS               :: 0           :: 04/27/2023 21:12:38       :: 04/27/2023 21:12:42      
      traceability.run           :: PASS               :: 0           :: 04/27/2023 21:12:43       :: 04/27/2023 21:12:52      
      checks.run                 :: PASS               :: 0           :: 04/27/2023 21:12:53       :: 04/27/2023 21:12:55      
       crossfire.run             :: FAIL:QUALITY       :: 0           :: 04/27/2023 21:12:58       :: 04/27/2023 21:31:37      
       review.run                :: Running            :: --          :: 04/27/2023 21:31:39       ::                          
       qa_wb.run                 :: Wait               :: --          :: --                        :: --                       
      archive.run                :: Wait               :: --          :: --                        :: --                       
       checkin.run               :: Wait               :: --          :: --                        :: --                       
       checkin.archive           :: Wait               :: --          :: --                        :: --                       
-----------------------------------------------------------------------------------------------------------------------------
-I- review status Running -> PASS : ship/log/arf046b032e1r1w0cbbehraa4acw/zsc11_scc259181_27Apr2023_210444/arf046b032e1r1w0cbbehraa4acw.review.run.log
-----------------------------------------------------------------------------------------------------------------------------
  Task Name                      :: Status             :: Exit Code   :: Start Time                :: Finish Time              
   orig.run                      :: PASS               :: 0           :: 04/27/2023 21:05:23       :: 04/27/2023 21:05:25      
    unpacked.run                 :: PASS               :: 0           :: 04/27/2023 21:05:28       :: 04/27/2023 21:05:52      
     viewgen.run                 :: PASS               :: 0           :: 04/27/2023 21:05:53       :: 04/27/2023 21:05:56      
      ip2sd.run                  :: PASS               :: 0           :: 04/27/2023 21:05:58       :: 04/27/2023 21:12:34      
     staging.run                 :: PASS               :: 0           :: 04/27/2023 21:12:38       :: 04/27/2023 21:12:42      
      traceability.run           :: PASS               :: 0           :: 04/27/2023 21:12:43       :: 04/27/2023 21:12:52      
      checks.run                 :: PASS               :: 0           :: 04/27/2023 21:12:53       :: 04/27/2023 21:12:55      
       crossfire.run             :: FAIL:QUALITY       :: 0           :: 04/27/2023 21:12:58       :: 04/27/2023 21:31:37      
       review.run                :: PASS               :: 0           :: 04/27/2023 21:31:39       :: 04/27/2023 21:31:56      
       qa_wb.run                 :: Wait               :: --          :: --                        :: --                       
      archive.run                :: Wait               :: --          :: --                        :: --                       
       checkin.run               :: Wait               :: --          :: --                        :: --                       
       checkin.archive           :: Wait               :: --          :: --                        :: --                       
-----------------------------------------------------------------------------------------------------------------------------
-I- qa_wb status Wait -> Running : ship/log/arf046b032e1r1w0cbbehraa4acw/zsc11_scc259181_27Apr2023_210444/arf046b032e1r1w0cbbehraa4acw.qa_wb.run.log
-----------------------------------------------------------------------------------------------------------------------------
  Task Name                      :: Status             :: Exit Code   :: Start Time                :: Finish Time              
   orig.run                      :: PASS               :: 0           :: 04/27/2023 21:05:23       :: 04/27/2023 21:05:25      
    unpacked.run                 :: PASS               :: 0           :: 04/27/2023 21:05:28       :: 04/27/2023 21:05:52      
     viewgen.run                 :: PASS               :: 0           :: 04/27/2023 21:05:53       :: 04/27/2023 21:05:56      
      ip2sd.run                  :: PASS               :: 0           :: 04/27/2023 21:05:58       :: 04/27/2023 21:12:34      
     staging.run                 :: PASS               :: 0           :: 04/27/2023 21:12:38       :: 04/27/2023 21:12:42      
      traceability.run           :: PASS               :: 0           :: 04/27/2023 21:12:43       :: 04/27/2023 21:12:52      
      checks.run                 :: PASS               :: 0           :: 04/27/2023 21:12:53       :: 04/27/2023 21:12:55      
       crossfire.run             :: FAIL:QUALITY       :: 0           :: 04/27/2023 21:12:58       :: 04/27/2023 21:31:37      
       review.run                :: PASS               :: 0           :: 04/27/2023 21:31:39       :: 04/27/2023 21:31:56      
       qa_wb.run                 :: Running            :: --          :: 04/27/2023 21:31:59       ::                          
      archive.run                :: Wait               :: --          :: --                        :: --                       
       checkin.run               :: Wait               :: --          :: --                        :: --                       
       checkin.archive           :: Wait               :: --          :: --                        :: --                       
-----------------------------------------------------------------------------------------------------------------------------
-I- qa_wb status Running -> PASS : ship/log/arf046b032e1r1w0cbbehraa4acw/zsc11_scc259181_27Apr2023_210444/arf046b032e1r1w0cbbehraa4acw.qa_wb.run.log
-----------------------------------------------------------------------------------------------------------------------------
  Task Name                      :: Status             :: Exit Code   :: Start Time                :: Finish Time              
   orig.run                      :: PASS               :: 0           :: 04/27/2023 21:05:23       :: 04/27/2023 21:05:25      
    unpacked.run                 :: PASS               :: 0           :: 04/27/2023 21:05:28       :: 04/27/2023 21:05:52      
     viewgen.run                 :: PASS               :: 0           :: 04/27/2023 21:05:53       :: 04/27/2023 21:05:56      
      ip2sd.run                  :: PASS               :: 0           :: 04/27/2023 21:05:58       :: 04/27/2023 21:12:34      
     staging.run                 :: PASS               :: 0           :: 04/27/2023 21:12:38       :: 04/27/2023 21:12:42      
      traceability.run           :: PASS               :: 0           :: 04/27/2023 21:12:43       :: 04/27/2023 21:12:52      
      checks.run                 :: PASS               :: 0           :: 04/27/2023 21:12:53       :: 04/27/2023 21:12:55      
       crossfire.run             :: FAIL:QUALITY       :: 0           :: 04/27/2023 21:12:58       :: 04/27/2023 21:31:37      
       review.run                :: PASS               :: 0           :: 04/27/2023 21:31:39       :: 04/27/2023 21:31:56      
       qa_wb.run                 :: PASS               :: 0           :: 04/27/2023 21:31:59       :: 04/27/2023 21:32:04      
      archive.run                :: Wait               :: --          :: --                        :: --                       
       checkin.run               :: Wait               :: --          :: --                        :: --                       
       checkin.archive           :: Wait               :: --          :: --                        :: --                       
-----------------------------------------------------------------------------------------------------------------------------
-I- archive status Wait -> PASS : ship/log/arf046b032e1r1w0cbbehraa4acw/zsc11_scc259181_27Apr2023_210444/arf046b032e1r1w0cbbehraa4acw.archive.run.log
-----------------------------------------------------------------------------------------------------------------------------
  Task Name                      :: Status             :: Exit Code   :: Start Time                :: Finish Time              
   orig.run                      :: PASS               :: 0           :: 04/27/2023 21:05:23       :: 04/27/2023 21:05:25      
    unpacked.run                 :: PASS               :: 0           :: 04/27/2023 21:05:28       :: 04/27/2023 21:05:52      
     viewgen.run                 :: PASS               :: 0           :: 04/27/2023 21:05:53       :: 04/27/2023 21:05:56      
      ip2sd.run                  :: PASS               :: 0           :: 04/27/2023 21:05:58       :: 04/27/2023 21:12:34      
     staging.run                 :: PASS               :: 0           :: 04/27/2023 21:12:38       :: 04/27/2023 21:12:42      
      traceability.run           :: PASS               :: 0           :: 04/27/2023 21:12:43       :: 04/27/2023 21:12:52      
      checks.run                 :: PASS               :: 0           :: 04/27/2023 21:12:53       :: 04/27/2023 21:12:55      
       crossfire.run             :: FAIL:QUALITY       :: 0           :: 04/27/2023 21:12:58       :: 04/27/2023 21:31:37      
       review.run                :: PASS               :: 0           :: 04/27/2023 21:31:39       :: 04/27/2023 21:31:56      
       qa_wb.run                 :: PASS               :: 0           :: 04/27/2023 21:31:59       :: 04/27/2023 21:32:04      
      archive.run                :: PASS               :: 0           :: 04/27/2023 21:32:09       :: 04/27/2023 21:32:10      
       checkin.run               :: Wait               :: --          :: --                        :: --                       
       checkin.archive           :: Wait               :: --          :: --                        :: --                       
-----------------------------------------------------------------------------------------------------------------------------
