+-----------------------------------------------------------------------------+
| Executed on    : scc259181           Feeder : arf046b032e1r1w0cbbehraa4acw_10511_zsc11_scc259181|
| Starting time  : Thu Apr 27  9:12:43 2023                                   |
| Command        : /nfs/site/disks/ipg_scf_00159/ajavidi_ship/SHIP_23ww17d4/arf046b032e1r1w0cbbehraa4acw_work/ship/ip/arf046b032e1r1w0cbbehraa4acw/zsc11_scc259181_27Apr2023_210444/.metadata/scripts/staging.traceability.staging-traceability.run.csh|
+-----------------------------------------------------------------------------+
/p/hdk/pu_tu/prd/ship/23.02.001/bin/ship_sa.pl -block arf046b032e1r1w0cbbehraa4acw -src staging -dest traceability -action run -meta_dir /nfs/site/disks/ipg_scf_00159/ajavidi_ship/SHIP_23ww17d4/arf046b032e1r1w0cbbehraa4acw_work/ship/ip/arf046b032e1r1w0cbbehraa4acw/zsc11_scc259181_27Apr2023_210444/.metadata -task staging-traceability -meta_prefix ship.default
-I- Loaded /nfs/site/disks/ipg_scf_00159/ajavidi_ship/SHIP_23ww17d4/arf046b032e1r1w0cbbehraa4acw_work/ship/ip/arf046b032e1r1w0cbbehraa4acw/zsc11_scc259181_27Apr2023_210444/.metadata/ip_arf046b032e1r1w0cbbehraa4acw.yml
-I- Loaded /nfs/site/disks/ipg_scf_00159/ajavidi_ship/SHIP_23ww17d4/arf046b032e1r1w0cbbehraa4acw_work/ship/ip/arf046b032e1r1w0cbbehraa4acw/zsc11_scc259181_27Apr2023_210444/.metadata/stage_staging_arf046b032e1r1w0cbbehraa4acw.yml
-I- Loaded /nfs/site/disks/ipg_scf_00159/ajavidi_ship/SHIP_23ww17d4/arf046b032e1r1w0cbbehraa4acw_work/ship/ip/arf046b032e1r1w0cbbehraa4acw/zsc11_scc259181_27Apr2023_210444/.metadata/stage_traceability_arf046b032e1r1w0cbbehraa4acw.yml
-I- Writing summary file to /nfs/site/disks/ipg_scf_00159/ajavidi_ship/SHIP_23ww17d4/arf046b032e1r1w0cbbehraa4acw_work/ship/ip/arf046b032e1r1w0cbbehraa4acw/zsc11_scc259181_27Apr2023_210444/.metadata/ship.default.traceability.run.sum
-I- Loaded /nfs/site/disks/ipg_scf_00159/ajavidi_ship/SHIP_23ww17d4/arf046b032e1r1w0cbbehraa4acw_work/ship/ip/arf046b032e1r1w0cbbehraa4acw/zsc11_scc259181_27Apr2023_210444/.metadata/stage_staging_arf046b032e1r1w0cbbehraa4acw.yml
-I- Project library is: not applicable to ARC projects
-I- -fqn switch is: ipghrf_7nm.CMO_SPRF_DMRA0_EV1_UPDATE@.MAINLINE
-I- meta file fqn: ipghrf_7nm.CMO_SPRF_DMRA0_EV1_UPDATE@.MAINLINE
-I- Executing command: ipx ip lineage -ip ipghrf_7nm.CMO_SPRF_DMRA0_EV1_UPDATE@.MAINLINE -logfile none -format flatjson
INFO: IPX completed successfully
-I- Shipped IP will be traced back to this lineage:
-I- ipghrf_7nm.CMO_SPRF_DMRA0_EV1_UPDATE@291.MAINLINE
-I- Writing summary file to /nfs/site/disks/ipg_scf_00159/ajavidi_ship/SHIP_23ww17d4/arf046b032e1r1w0cbbehraa4acw_work/ship/ip/arf046b032e1r1w0cbbehraa4acw/zsc11_scc259181_27Apr2023_210444/.metadata/ship.default.traceability.run.sum
+-----------------------------------------------------------------------------+
| Exit Status    : 0                                                          |
| Finishing time : Thu Apr 27  9:12:52 2023                                   |
+-----------------------------------------------------------------------------+
