+-----------------------------------------------------------------------------+
| Executed on    : scc259181           Feeder : arf046b032e1r1w0cbbehraa4acw_10511_zsc11_scc259181|
| Starting time  : Thu Apr 27  9:31:59 2023                                   |
| Command        : /nfs/site/disks/ipg_scf_00159/ajavidi_ship/SHIP_23ww17d4/arf046b032e1r1w0cbbehraa4acw_work/ship/ip/arf046b032e1r1w0cbbehraa4acw/zsc11_scc259181_27Apr2023_210444/.metadata/scripts/checks.qa_wb.checks-qa_wb.run.csh|
+-----------------------------------------------------------------------------+
/p/hdk/pu_tu/prd/ship/23.02.001/bin/ship_sa.pl -block arf046b032e1r1w0cbbehraa4acw -src checks -dest qa_wb -action run -meta_dir /nfs/site/disks/ipg_scf_00159/ajavidi_ship/SHIP_23ww17d4/arf046b032e1r1w0cbbehraa4acw_work/ship/ip/arf046b032e1r1w0cbbehraa4acw/zsc11_scc259181_27Apr2023_210444/.metadata -task checks-qa_wb -meta_prefix ship.default
-I- Loaded /nfs/site/disks/ipg_scf_00159/ajavidi_ship/SHIP_23ww17d4/arf046b032e1r1w0cbbehraa4acw_work/ship/ip/arf046b032e1r1w0cbbehraa4acw/zsc11_scc259181_27Apr2023_210444/.metadata/ip_arf046b032e1r1w0cbbehraa4acw.yml
-I- Loaded /nfs/site/disks/ipg_scf_00159/ajavidi_ship/SHIP_23ww17d4/arf046b032e1r1w0cbbehraa4acw_work/ship/ip/arf046b032e1r1w0cbbehraa4acw/zsc11_scc259181_27Apr2023_210444/.metadata/stage_checks_arf046b032e1r1w0cbbehraa4acw.yml
-I- Loaded /nfs/site/disks/ipg_scf_00159/ajavidi_ship/SHIP_23ww17d4/arf046b032e1r1w0cbbehraa4acw_work/ship/ip/arf046b032e1r1w0cbbehraa4acw/zsc11_scc259181_27Apr2023_210444/.metadata/stage_qa_wb_arf046b032e1r1w0cbbehraa4acw.yml
-I- Writing summary file to /nfs/site/disks/ipg_scf_00159/ajavidi_ship/SHIP_23ww17d4/arf046b032e1r1w0cbbehraa4acw_work/ship/ip/arf046b032e1r1w0cbbehraa4acw/zsc11_scc259181_27Apr2023_210444/.metadata/ship.default.qa_wb.run.sum
-I- Loaded /nfs/site/disks/ipg_scf_00159/ajavidi_ship/SHIP_23ww17d4/arf046b032e1r1w0cbbehraa4acw_work/ship/ip/arf046b032e1r1w0cbbehraa4acw/zsc11_scc259181_27Apr2023_210444/.metadata/stage_crossfire_arf046b032e1r1w0cbbehraa4acw.yml
-I- crossfire -> /nfs/site/disks/ipg_scf_00159/ajavidi_ship/SHIP_23ww17d4/arf046b032e1r1w0cbbehraa4acw_work/ship/ip/arf046b032e1r1w0cbbehraa4acw/zsc11_scc259181_27Apr2023_210444/crossfire
-I- Loaded /nfs/site/disks/ipg_scf_00159/ajavidi_ship/SHIP_23ww17d4/arf046b032e1r1w0cbbehraa4acw_work/ship/ip/arf046b032e1r1w0cbbehraa4acw/zsc11_scc259181_27Apr2023_210444/.metadata/stage_staging_arf046b032e1r1w0cbbehraa4acw.yml
-I- staging -> /nfs/site/disks/ipg_scf_00159/ajavidi_ship/SHIP_23ww17d4/arf046b032e1r1w0cbbehraa4acw_work/ship/ip/arf046b032e1r1w0cbbehraa4acw/zsc11_scc259181_27Apr2023_210444/staging
-I- Mapping /nfs/site/disks/ipg_scf_00159/ajavidi_ship/SHIP_23ww17d4/arf046b032e1r1w0cbbehraa4acw_work/ship/ip/arf046b032e1r1w0cbbehraa4acw/zsc11_scc259181_27Apr2023_210444/crossfire to /nfs/site/disks/ipg_scf_00159/ajavidi_ship/SHIP_23ww17d4/arf046b032e1r1w0cbbehraa4acw_work/ship/ip/arf046b032e1r1w0cbbehraa4acw/zsc11_scc259181_27Apr2023_210444/staging
-I- Running 13 copy ops from /nfs/site/disks/ipg_scf_00159/ajavidi_ship/SHIP_23ww17d4/arf046b032e1r1w0cbbehraa4acw_work/ship/ip/arf046b032e1r1w0cbbehraa4acw/zsc11_scc259181_27Apr2023_210444/crossfire
-I- Writing summary file to /nfs/site/disks/ipg_scf_00159/ajavidi_ship/SHIP_23ww17d4/arf046b032e1r1w0cbbehraa4acw_work/ship/ip/arf046b032e1r1w0cbbehraa4acw/zsc11_scc259181_27Apr2023_210444/.metadata/ship.default.qa_wb.run.sum
+-----------------------------------------------------------------------------+
| Exit Status    : 0                                                          |
| Finishing time : Thu Apr 27  9:32:04 2023                                   |
+-----------------------------------------------------------------------------+
