+-----------------------------------------------------------------------------+
| Executed on    : scca38002           Feeder : arf096b192e1r1w0cbbeheaa4acw_17203_zsc11_scca38002|
| Starting time  : Wed May 03  5:55:09 2023                                   |
| Command        : /nfs/site/disks/ipg_scf_00159/ajavidi_ship/SHIP_23ww18d3/arf096b192e1r1w0cbbeheaa4acw_work/ship/ip/arf096b192e1r1w0cbbeheaa4acw/zsc11_scca38002_3May2023_172640/.metadata/scripts/checks.qa_wb.checks-qa_wb.run.csh|
+-----------------------------------------------------------------------------+
/p/hdk/pu_tu/prd/ship/23.02.001/bin/ship_sa.pl -block arf096b192e1r1w0cbbeheaa4acw -src checks -dest qa_wb -action run -meta_dir /nfs/site/disks/ipg_scf_00159/ajavidi_ship/SHIP_23ww18d3/arf096b192e1r1w0cbbeheaa4acw_work/ship/ip/arf096b192e1r1w0cbbeheaa4acw/zsc11_scca38002_3May2023_172640/.metadata -task checks-qa_wb -meta_prefix ship.default
-I- Loaded /nfs/site/disks/ipg_scf_00159/ajavidi_ship/SHIP_23ww18d3/arf096b192e1r1w0cbbeheaa4acw_work/ship/ip/arf096b192e1r1w0cbbeheaa4acw/zsc11_scca38002_3May2023_172640/.metadata/ip_arf096b192e1r1w0cbbeheaa4acw.yml
-I- Loaded /nfs/site/disks/ipg_scf_00159/ajavidi_ship/SHIP_23ww18d3/arf096b192e1r1w0cbbeheaa4acw_work/ship/ip/arf096b192e1r1w0cbbeheaa4acw/zsc11_scca38002_3May2023_172640/.metadata/stage_checks_arf096b192e1r1w0cbbeheaa4acw.yml
-I- Loaded /nfs/site/disks/ipg_scf_00159/ajavidi_ship/SHIP_23ww18d3/arf096b192e1r1w0cbbeheaa4acw_work/ship/ip/arf096b192e1r1w0cbbeheaa4acw/zsc11_scca38002_3May2023_172640/.metadata/stage_qa_wb_arf096b192e1r1w0cbbeheaa4acw.yml
-I- Writing summary file to /nfs/site/disks/ipg_scf_00159/ajavidi_ship/SHIP_23ww18d3/arf096b192e1r1w0cbbeheaa4acw_work/ship/ip/arf096b192e1r1w0cbbeheaa4acw/zsc11_scca38002_3May2023_172640/.metadata/ship.default.qa_wb.run.sum
-I- Loaded /nfs/site/disks/ipg_scf_00159/ajavidi_ship/SHIP_23ww18d3/arf096b192e1r1w0cbbeheaa4acw_work/ship/ip/arf096b192e1r1w0cbbeheaa4acw/zsc11_scca38002_3May2023_172640/.metadata/stage_crossfire_arf096b192e1r1w0cbbeheaa4acw.yml
-I- crossfire -> /nfs/site/disks/ipg_scf_00159/ajavidi_ship/SHIP_23ww18d3/arf096b192e1r1w0cbbeheaa4acw_work/ship/ip/arf096b192e1r1w0cbbeheaa4acw/zsc11_scca38002_3May2023_172640/crossfire
-I- Loaded /nfs/site/disks/ipg_scf_00159/ajavidi_ship/SHIP_23ww18d3/arf096b192e1r1w0cbbeheaa4acw_work/ship/ip/arf096b192e1r1w0cbbeheaa4acw/zsc11_scca38002_3May2023_172640/.metadata/stage_staging_arf096b192e1r1w0cbbeheaa4acw.yml
-I- staging -> /nfs/site/disks/ipg_scf_00159/ajavidi_ship/SHIP_23ww18d3/arf096b192e1r1w0cbbeheaa4acw_work/ship/ip/arf096b192e1r1w0cbbeheaa4acw/zsc11_scca38002_3May2023_172640/staging
-I- Mapping /nfs/site/disks/ipg_scf_00159/ajavidi_ship/SHIP_23ww18d3/arf096b192e1r1w0cbbeheaa4acw_work/ship/ip/arf096b192e1r1w0cbbeheaa4acw/zsc11_scca38002_3May2023_172640/crossfire to /nfs/site/disks/ipg_scf_00159/ajavidi_ship/SHIP_23ww18d3/arf096b192e1r1w0cbbeheaa4acw_work/ship/ip/arf096b192e1r1w0cbbeheaa4acw/zsc11_scca38002_3May2023_172640/staging
-I- Running 13 copy ops from /nfs/site/disks/ipg_scf_00159/ajavidi_ship/SHIP_23ww18d3/arf096b192e1r1w0cbbeheaa4acw_work/ship/ip/arf096b192e1r1w0cbbeheaa4acw/zsc11_scca38002_3May2023_172640/crossfire
-I- Writing summary file to /nfs/site/disks/ipg_scf_00159/ajavidi_ship/SHIP_23ww18d3/arf096b192e1r1w0cbbeheaa4acw_work/ship/ip/arf096b192e1r1w0cbbeheaa4acw/zsc11_scca38002_3May2023_172640/.metadata/ship.default.qa_wb.run.sum
+-----------------------------------------------------------------------------+
| Exit Status    : 0                                                          |
| Finishing time : Wed May 03  5:55:14 2023                                   |
+-----------------------------------------------------------------------------+
