+-----------------------------------------------------------------------------+
| Executed on    : scca38002           Feeder : arf096b192e1r1w0cbbeheaa4acw_17203_zsc11_scca38002|
| Starting time  : Wed May 03  5:27:48 2023                                   |
| Command        : /nfs/site/disks/ipg_scf_00159/ajavidi_ship/SHIP_23ww18d3/arf096b192e1r1w0cbbeheaa4acw_work/ship/ip/arf096b192e1r1w0cbbeheaa4acw/zsc11_scca38002_3May2023_172640/.metadata/scripts/orig.unpacked.orig-unpacked.run.csh|
+-----------------------------------------------------------------------------+
/p/hdk/pu_tu/prd/ship/23.02.001/bin/ship_sa.pl -block arf096b192e1r1w0cbbeheaa4acw -src orig -dest unpacked -action run -meta_dir /nfs/site/disks/ipg_scf_00159/ajavidi_ship/SHIP_23ww18d3/arf096b192e1r1w0cbbeheaa4acw_work/ship/ip/arf096b192e1r1w0cbbeheaa4acw/zsc11_scca38002_3May2023_172640/.metadata -task orig-unpacked -meta_prefix ship.default
-I- Loaded /nfs/site/disks/ipg_scf_00159/ajavidi_ship/SHIP_23ww18d3/arf096b192e1r1w0cbbeheaa4acw_work/ship/ip/arf096b192e1r1w0cbbeheaa4acw/zsc11_scca38002_3May2023_172640/.metadata/ip_arf096b192e1r1w0cbbeheaa4acw.yml
-I- Loaded /nfs/site/disks/ipg_scf_00159/ajavidi_ship/SHIP_23ww18d3/arf096b192e1r1w0cbbeheaa4acw_work/ship/ip/arf096b192e1r1w0cbbeheaa4acw/zsc11_scca38002_3May2023_172640/.metadata/stage_orig_arf096b192e1r1w0cbbeheaa4acw.yml
-I- Loaded /nfs/site/disks/ipg_scf_00159/ajavidi_ship/SHIP_23ww18d3/arf096b192e1r1w0cbbeheaa4acw_work/ship/ip/arf096b192e1r1w0cbbeheaa4acw/zsc11_scca38002_3May2023_172640/.metadata/stage_unpacked_arf096b192e1r1w0cbbeheaa4acw.yml
-I- Writing summary file to /nfs/site/disks/ipg_scf_00159/ajavidi_ship/SHIP_23ww18d3/arf096b192e1r1w0cbbeheaa4acw_work/ship/ip/arf096b192e1r1w0cbbeheaa4acw/zsc11_scca38002_3May2023_172640/.metadata/ship.default.unpacked.run.sum
-I- Executing command: mkdir -p /nfs/site/disks/ipg_scf_00159/ajavidi_ship/SHIP_23ww18d3/arf096b192e1r1w0cbbeheaa4acw_work/ship/ip/arf096b192e1r1w0cbbeheaa4acw/zsc11_scca38002_3May2023_172640/unpacked
-I- Unpacking .
-I- Executing command: mkdir -p /nfs/site/disks/ipg_scf_00159/ajavidi_ship/SHIP_23ww18d3/arf096b192e1r1w0cbbeheaa4acw_work/ship/ip/arf096b192e1r1w0cbbeheaa4acw/zsc11_scca38002_3May2023_172640/unpacked/.
-I- Executing command: tar -zxf /nfs/site/disks/ipg_scf_00159/ajavidi_ship/SHIP_23ww18d3/arf096b192e1r1w0cbbeheaa4acw_work/ship/ip/arf096b192e1r1w0cbbeheaa4acw/zsc11_scca38002_3May2023_172640/orig/arf096b192e1r1w0cbbeheaa4acw.tar.gz -C /nfs/site/disks/ipg_scf_00159/ajavidi_ship/SHIP_23ww18d3/arf096b192e1r1w0cbbeheaa4acw_work/ship/ip/arf096b192e1r1w0cbbeheaa4acw/zsc11_scca38002_3May2023_172640/unpacked/.
-I- Using hipspec config /p/hdk/pu_tu/prd/ship/23.02.001/config/manifest_templates/hipspec_1276.manifest.cfg
-I- -manifest_cfg resolved to '/nfs/site/disks/crt_tools_050/ship/23.02.001/config/manifest_templates/hipspec_1276.manifest.cfg'
-I- Executing command: /p/hdk/pu_tu/prd/iphandoff/23.02.001/bin/make_manifest.py -write_cfg /nfs/site/disks/ipg_scf_00159/ajavidi_ship/SHIP_23ww18d3/arf096b192e1r1w0cbbeheaa4acw_work/ship/ip/arf096b192e1r1w0cbbeheaa4acw/zsc11_scca38002_3May2023_172640/unpacked/arf096b192e1r1w0cbbeheaa4acw.manifest.cfg -config /nfs/site/disks/crt_tools_050/ship/23.02.001/config/manifest_templates/hipspec_1276.manifest.cfg -dir /nfs/site/disks/ipg_scf_00159/ajavidi_ship/SHIP_23ww18d3/arf096b192e1r1w0cbbeheaa4acw_work/ship/ip/arf096b192e1r1w0cbbeheaa4acw/zsc11_scca38002_3May2023_172640/unpacked -libname arf096b192e1r1w0cbbeheaa4acw -output '/nfs/site/disks/ipg_scf_00159/ajavidi_ship/SHIP_23ww18d3/arf096b192e1r1w0cbbeheaa4acw_work/ship/ip/arf096b192e1r1w0cbbeheaa4acw/zsc11_scca38002_3May2023_172640/unpacked/manifest.xml' IP=arf096b192e1r1w0cbbeheaa4acw
-I- Unzipping data in /nfs/site/disks/ipg_scf_00159/ajavidi_ship/SHIP_23ww18d3/arf096b192e1r1w0cbbeheaa4acw_work/ship/ip/arf096b192e1r1w0cbbeheaa4acw/zsc11_scca38002_3May2023_172640/unpacked/manifest.xml
-I- Writing updated manifest to /nfs/site/disks/ipg_scf_00159/ajavidi_ship/SHIP_23ww18d3/arf096b192e1r1w0cbbeheaa4acw_work/ship/ip/arf096b192e1r1w0cbbeheaa4acw/zsc11_scca38002_3May2023_172640/unpacked/manifest.xml
-I- Checking /nfs/site/disks/ipg_scf_00159/ajavidi_ship/SHIP_23ww18d3/arf096b192e1r1w0cbbeheaa4acw_work/ship/ip/arf096b192e1r1w0cbbeheaa4acw/zsc11_scca38002_3May2023_172640/unpacked/manifest.xml for <type>attribute_xml
-I- Checking /nfs/site/disks/ipg_scf_00159/ajavidi_ship/SHIP_23ww18d3/arf096b192e1r1w0cbbeheaa4acw_work/ship/ip/arf096b192e1r1w0cbbeheaa4acw/zsc11_scca38002_3May2023_172640/unpacked/doc/arf096b192e1r1w0cbbeheaa4acw.attribute.xml for <multi_cell>
-I- Writing summary file to /nfs/site/disks/ipg_scf_00159/ajavidi_ship/SHIP_23ww18d3/arf096b192e1r1w0cbbeheaa4acw_work/ship/ip/arf096b192e1r1w0cbbeheaa4acw/zsc11_scca38002_3May2023_172640/.metadata/ship.default.unpacked.run.sum
+-----------------------------------------------------------------------------+
| Exit Status    : 0                                                          |
| Finishing time : Wed May 03  5:28:03 2023                                   |
+-----------------------------------------------------------------------------+
