# /nfs/site/disks/crt_tools_055/ip2sd/23.02.001/bin/stageBin/ip2sd_libprep.pl
-I- Using /p/hdk/cad/librarycompiler/T-2022.03-SP3/bin/lc_shell -no_home_init for lib operations
Starting ip2sd_libprep
Using ip2sdCfg file ip2sdCfg_32315.pm
-I- ip cfg file: /nfs/site/disks/ipg_scf_00159/ajavidi_ship/SHIP_23ww18d3/arf086b128e1r1w0cbbehsaa4acw_work/ship/ip/arf086b128e1r1w0cbbehsaa4acw/zsc11_scc018035_3May2023_172639/ip2sd/collateral/ebb/cfg/arf086b128e1r1w0cbbehsaa4acw.cfg
-I- Reading IP config file: /nfs/site/disks/ipg_scf_00159/ajavidi_ship/SHIP_23ww18d3/arf086b128e1r1w0cbbehsaa4acw_work/ship/ip/arf086b128e1r1w0cbbehsaa4acw/zsc11_scc018035_3May2023_172639/ip2sd/collateral/ebb/cfg/arf086b128e1r1w0cbbehsaa4acw.cfg
-I- Sucessfully read config file.
-I- Correcting library attribute and pin case in lib file arf086b128e1r1w0cbbehsaa4acw_p1276d4_tmin_0.55v_100c.min.lib
-I- Correcting library attribute and pin case in lib file arf086b128e1r1w0cbbehsaa4acw_p1276d4_tmin_0.85v_100c.min.lib
-I- Correcting library attribute and pin case in lib file arf086b128e1r1w0cbbehsaa4acw_p1276d4_tmin_1.10v_100c.min.lib
-I- Correcting library attribute and pin case in lib file arf086b128e1r1w0cbbehsaa4acw_p1276d4_tttt_0.55v_100c.max.lib
-I- Correcting library attribute and pin case in lib file arf086b128e1r1w0cbbehsaa4acw_p1276d4_tmin_0.65v_100c.min.lib
-I- Correcting library attribute and pin case in lib file arf086b128e1r1w0cbbehsaa4acw_p1276d4_tttt_0.65v_100c.max.lib
-I- Correcting library attribute and pin case in lib file arf086b128e1r1w0cbbehsaa4acw_p1276d4_tttt_1.10v_100c.max.lib
-I- Correcting library attribute and pin case in lib file arf086b128e1r1w0cbbehsaa4acw_p1276d4_tttt_0.85v_100c.max.lib
dos2unix: converting file /nfs/site/disks/ipg_scf_00159/ajavidi_ship/SHIP_23ww18d3/arf086b128e1r1w0cbbehsaa4acw_work/ship/ip/arf086b128e1r1w0cbbehsaa4acw/zsc11_scc018035_3May2023_172639/ip2sd/timing/arf086b128e1r1w0cbbehsaa4acw_p1276d4_tmin_1.10v_100c.min.lib to Unix format ...
dos2unix: converting file /nfs/site/disks/ipg_scf_00159/ajavidi_ship/SHIP_23ww18d3/arf086b128e1r1w0cbbehsaa4acw_work/ship/ip/arf086b128e1r1w0cbbehsaa4acw/zsc11_scc018035_3May2023_172639/ip2sd/timing/arf086b128e1r1w0cbbehsaa4acw_p1276d4_tmin_0.55v_100c.min.lib to Unix format ...
dos2unix: converting file /nfs/site/disks/ipg_scf_00159/ajavidi_ship/SHIP_23ww18d3/arf086b128e1r1w0cbbehsaa4acw_work/ship/ip/arf086b128e1r1w0cbbehsaa4acw/zsc11_scc018035_3May2023_172639/ip2sd/timing/arf086b128e1r1w0cbbehsaa4acw_p1276d4_tmin_0.65v_100c.min.lib to Unix format ...
dos2unix: converting file /nfs/site/disks/ipg_scf_00159/ajavidi_ship/SHIP_23ww18d3/arf086b128e1r1w0cbbehsaa4acw_work/ship/ip/arf086b128e1r1w0cbbehsaa4acw/zsc11_scc018035_3May2023_172639/ip2sd/timing/arf086b128e1r1w0cbbehsaa4acw_p1276d4_tttt_0.65v_100c.max.lib to Unix format ...
dos2unix: converting file /nfs/site/disks/ipg_scf_00159/ajavidi_ship/SHIP_23ww18d3/arf086b128e1r1w0cbbehsaa4acw_work/ship/ip/arf086b128e1r1w0cbbehsaa4acw/zsc11_scc018035_3May2023_172639/ip2sd/timing/arf086b128e1r1w0cbbehsaa4acw_p1276d4_tttt_0.55v_100c.max.lib to Unix format ...
dos2unix: converting file /nfs/site/disks/ipg_scf_00159/ajavidi_ship/SHIP_23ww18d3/arf086b128e1r1w0cbbehsaa4acw_work/ship/ip/arf086b128e1r1w0cbbehsaa4acw/zsc11_scc018035_3May2023_172639/ip2sd/timing/arf086b128e1r1w0cbbehsaa4acw_p1276d4_tmin_0.85v_100c.min.lib to Unix format ...
dos2unix: converting file /nfs/site/disks/ipg_scf_00159/ajavidi_ship/SHIP_23ww18d3/arf086b128e1r1w0cbbehsaa4acw_work/ship/ip/arf086b128e1r1w0cbbehsaa4acw/zsc11_scc018035_3May2023_172639/ip2sd/timing/arf086b128e1r1w0cbbehsaa4acw_p1276d4_tttt_1.10v_100c.max.lib to Unix format ...
dos2unix: converting file /nfs/site/disks/ipg_scf_00159/ajavidi_ship/SHIP_23ww18d3/arf086b128e1r1w0cbbehsaa4acw_work/ship/ip/arf086b128e1r1w0cbbehsaa4acw/zsc11_scc018035_3May2023_172639/ip2sd/timing/arf086b128e1r1w0cbbehsaa4acw_p1276d4_tttt_0.85v_100c.max.lib to Unix format ...
-I- libprep arf086b128e1r1w0cbbehsaa4acw_p1276d4_tttt_0.65v_100c.max.lib returned 0
-I- libprep arf086b128e1r1w0cbbehsaa4acw_p1276d4_tmin_1.10v_100c.min.lib returned 0
-I- libprep arf086b128e1r1w0cbbehsaa4acw_p1276d4_tmin_0.85v_100c.min.lib returned 0
-I- libprep arf086b128e1r1w0cbbehsaa4acw_p1276d4_tmin_0.65v_100c.min.lib returned 0
-I- libprep arf086b128e1r1w0cbbehsaa4acw_p1276d4_tttt_0.55v_100c.max.lib returned 0
-I- libprep arf086b128e1r1w0cbbehsaa4acw_p1276d4_tttt_1.10v_100c.max.lib returned 0
-I- libprep arf086b128e1r1w0cbbehsaa4acw_p1276d4_tttt_0.85v_100c.max.lib returned 0
-I- libprep arf086b128e1r1w0cbbehsaa4acw_p1276d4_tmin_0.55v_100c.min.lib returned 0
Finished running ip2sd_libprep
