-I- Running SHIP as /p/hdk/pu_tu/prd/ship/23.02.001/bin/ship.pl -block arf030b256e1r1w0cbbeheaa4acw -fqn ipghrf_7nm.CMO_SPRF_DMRA0_EV1_UPDATE@.MAINLINE -source /nfs/site/disks/ipg_scf_00159/ajavidi_ship/SHIP_23ww17d4/memory_sources_combo/arf030b256e1r1w0cbbeheaa4acw -milestone UV1 -skip_stages pre_checks,archive_gate -ip_type hip -manifest_cfg hipspec -tag I7E240O4A0UV1RTL1IFC1V2 -skip_prompt
-I- Checking if model file is enabled, through params : iphs_enable_model_file
-I- Did not find model file enabled for this project, proceeding to ship
-I- Checking if group file is enabled, through params : iphs_enable_group_file
-I- Resolved -manifest_cfg hipspec to built-in: /p/hdk/pu_tu/prd/ship/23.02.001/config/manifest_templates/hipspec_1276.manifest.cfg
-I- Found required group in user groups: cicg
-I- Found required group in user groups: ip7nm
-I- Tag I7E240O4A0UV1RTL1IFC1V2 OK
-I- Executing command: mkdir -p /nfs/site/disks/ipg_scf_00159/ajavidi_ship/SHIP_23ww17d4/arf030b256e1r1w0cbbeheaa4acw_work/ship/ip/arf030b256e1r1w0cbbeheaa4acw/zsc11_sccd245502_27Apr2023_204059
-I- Executing command: ln -sfn zsc11_sccd245502_27Apr2023_204059 /nfs/site/disks/ipg_scf_00159/ajavidi_ship/SHIP_23ww17d4/arf030b256e1r1w0cbbeheaa4acw_work/ship/ip/arf030b256e1r1w0cbbeheaa4acw//latest
-I- Executing command: mkdir -p /nfs/site/disks/ipg_scf_00159/ajavidi_ship/SHIP_23ww17d4/arf030b256e1r1w0cbbeheaa4acw_work/ship/ip/arf030b256e1r1w0cbbeheaa4acw/zsc11_sccd245502_27Apr2023_204059/.metadata
-I- Executing command: mkdir -p /nfs/site/disks/ipg_scf_00159/ajavidi_ship/SHIP_23ww17d4/arf030b256e1r1w0cbbeheaa4acw_work/ship/ip/arf030b256e1r1w0cbbeheaa4acw/zsc11_sccd245502_27Apr2023_204059/.metadata/original_stages
-I- Executing command: mkdir -p /nfs/site/disks/ipg_scf_00159/ajavidi_ship/SHIP_23ww17d4/arf030b256e1r1w0cbbeheaa4acw_work/ship/cmdline/zsc11_sccd245502_27Apr2023_204059/arf030b256e1r1w0cbbeheaa4acw
-I- Executing command: mkdir -p /nfs/site/disks/ipg_scf_00159/ajavidi_ship/SHIP_23ww17d4/arf030b256e1r1w0cbbeheaa4acw_work/ship/log/arf030b256e1r1w0cbbeheaa4acw/zsc11_sccd245502_27Apr2023_204059
-I- Executing command: chgrp ip7nm /nfs/site/disks/ipg_scf_00159/ajavidi_ship/SHIP_23ww17d4/arf030b256e1r1w0cbbeheaa4acw_work/ship/ip/arf030b256e1r1w0cbbeheaa4acw/zsc11_sccd245502_27Apr2023_204059
-I- Executing command: chmod g+s /nfs/site/disks/ipg_scf_00159/ajavidi_ship/SHIP_23ww17d4/arf030b256e1r1w0cbbeheaa4acw_work/ship/ip/arf030b256e1r1w0cbbeheaa4acw/zsc11_sccd245502_27Apr2023_204059
-I- Executing command: sitecode
-I- Skip stage 'pre_checks'
-I- Switch 'run_rtl_viewgen' is disabled for stage 'rtl_qa', enable '?run_rtl_viewgen==1' to avoid skipping the stage
-I- Stage 'rtl_qa' should be skipped due to switch
-I- Switch 'run_feqa' is disabled for stage 'feqa', enable '?run_feqa==1&&$ENV{IPHS_RUN_FEQA}' to avoid skipping the stage
-I- Stage 'feqa' should be skipped due to switch
-I- Switch 'run_calibre' is disabled for stage 'onelv_calibre', enable '?run_calibre==1&&$ENV{USE_ONELV_CALIBRE}' to avoid skipping the stage
-I- Stage 'onelv_calibre' should be skipped due to switch
-I- Switch 'run_icv' is disabled for stage 'onelv_icv', enable '?run_icv==1&&$ENV{USE_ONELV_ICV}' to avoid skipping the stage
-I- Stage 'onelv_icv' should be skipped due to switch
-I- Skip stage 'archive_gate'
-I- Executing command: hostname --long
-I- ::RUNTIME:: Runtime for prep work: 0 hours 0 minutes 16 seconds
-I- dir.run ->  orig
-I- orig.run ->  unpacked
-I- unpacked.run ->  viewgen
-I- viewgen.run ->  ip2sd
-I- unpacked.run ->  staging
-I- staging.run ->  traceability
-I- staging.run ->  checks
-I- checks.run ->  crossfire
-I- checks.run ->  review
-I- checks.run ->  qa_wb
-I- staging.run ->  archive
-I- archive.run ->  checkin
-I- archive.archive ->  checkin
-I- Trying to create feeder: arf030b256e1r1w0cbbeheaa4acw_18463_zsc11_sccd245502 at: /tmp/ship_feeders.ajavidi/arf030b256e1r1w0cbbeheaa4acw_18463_zsc11_sccd245502
-I- Using feeder: arf030b256e1r1w0cbbeheaa4acw_18463_zsc11_sccd245502 at: /tmp/ship_feeders.ajavidi/arf030b256e1r1w0cbbeheaa4acw_18463_zsc11_sccd245502
-I- Resolved feeder to sccd245502.zsc11.intel.com:36251
-I- No cleanup jobs, skipping
-I- Launching task file /nfs/site/disks/ipg_scf_00159/ajavidi_ship/SHIP_23ww17d4/arf030b256e1r1w0cbbeheaa4acw_work/ship/ip/arf030b256e1r1w0cbbeheaa4acw/zsc11_sccd245502_27Apr2023_204059/.metadata/nb_task to feeder: sccd245502.zsc11.intel.com:36251
-I- Loaded task into feeder with id: 1
-I- arf030b256e1r1w0cbbeheaa4acw_zsc11_sccd245502_27Apr2023_204059_0 status Unknown -> Running
-I- run status Unknown -> Running
-I- orig status Unknown -> Running : ship/log/arf030b256e1r1w0cbbeheaa4acw/zsc11_sccd245502_27Apr2023_204059/arf030b256e1r1w0cbbeheaa4acw.orig.run.log
-I- unpacked status Unknown -> Wait
-I- viewgen status Unknown -> Wait
-I- ip2sd status Unknown -> Wait
-I- staging status Unknown -> Wait
-I- traceability status Unknown -> Wait
-I- checks status Unknown -> Wait
-I- crossfire status Unknown -> Wait
-I- review status Unknown -> Wait
-I- qa_wb status Unknown -> Wait
-I- archive status Unknown -> Wait
-I- checkin status Unknown -> Wait
-I- archive status Unknown -> Wait
-I- checkin status Unknown -> Wait
-----------------------------------------------------------------------------------------------------------------------------
  Task Name                      :: Status             :: Exit Code   :: Start Time                :: Finish Time              
   orig.run                      :: Running            :: --          :: 04/27/2023 20:41:19       ::                          
    unpacked.run                 :: Wait               :: --          :: --                        :: --                       
     viewgen.run                 :: Wait               :: --          :: --                        :: --                       
      ip2sd.run                  :: Wait               :: --          :: --                        :: --                       
     staging.run                 :: Wait               :: --          :: --                        :: --                       
      traceability.run           :: Wait               :: --          :: --                        :: --                       
      checks.run                 :: Wait               :: --          :: --                        :: --                       
       crossfire.run             :: Wait               :: --          :: --                        :: --                       
       review.run                :: Wait               :: --          :: --                        :: --                       
       qa_wb.run                 :: Wait               :: --          :: --                        :: --                       
      archive.run                :: Wait               :: --          :: --                        :: --                       
       checkin.run               :: Wait               :: --          :: --                        :: --                       
       checkin.archive           :: Wait               :: --          :: --                        :: --                       
-----------------------------------------------------------------------------------------------------------------------------
-I- orig status Running -> PASS : ship/log/arf030b256e1r1w0cbbeheaa4acw/zsc11_sccd245502_27Apr2023_204059/arf030b256e1r1w0cbbeheaa4acw.orig.run.log
-I- unpacked status Wait -> Running : ship/log/arf030b256e1r1w0cbbeheaa4acw/zsc11_sccd245502_27Apr2023_204059/arf030b256e1r1w0cbbeheaa4acw.unpacked.run.log
-----------------------------------------------------------------------------------------------------------------------------
  Task Name                      :: Status             :: Exit Code   :: Start Time                :: Finish Time              
   orig.run                      :: PASS               :: 0           :: 04/27/2023 20:41:19       :: 04/27/2023 20:41:21      
    unpacked.run                 :: Running            :: --          :: 04/27/2023 20:41:24       ::                          
     viewgen.run                 :: Wait               :: --          :: --                        :: --                       
      ip2sd.run                  :: Wait               :: --          :: --                        :: --                       
     staging.run                 :: Wait               :: --          :: --                        :: --                       
      traceability.run           :: Wait               :: --          :: --                        :: --                       
      checks.run                 :: Wait               :: --          :: --                        :: --                       
       crossfire.run             :: Wait               :: --          :: --                        :: --                       
       review.run                :: Wait               :: --          :: --                        :: --                       
       qa_wb.run                 :: Wait               :: --          :: --                        :: --                       
      archive.run                :: Wait               :: --          :: --                        :: --                       
       checkin.run               :: Wait               :: --          :: --                        :: --                       
       checkin.archive           :: Wait               :: --          :: --                        :: --                       
-----------------------------------------------------------------------------------------------------------------------------
-I- unpacked status Running -> PASS : ship/log/arf030b256e1r1w0cbbeheaa4acw/zsc11_sccd245502_27Apr2023_204059/arf030b256e1r1w0cbbeheaa4acw.unpacked.run.log
-----------------------------------------------------------------------------------------------------------------------------
  Task Name                      :: Status             :: Exit Code   :: Start Time                :: Finish Time              
   orig.run                      :: PASS               :: 0           :: 04/27/2023 20:41:19       :: 04/27/2023 20:41:21      
    unpacked.run                 :: PASS               :: 0           :: 04/27/2023 20:41:24       :: 04/27/2023 20:41:41      
     viewgen.run                 :: Wait               :: --          :: --                        :: --                       
      ip2sd.run                  :: Wait               :: --          :: --                        :: --                       
     staging.run                 :: Wait               :: --          :: --                        :: --                       
      traceability.run           :: Wait               :: --          :: --                        :: --                       
      checks.run                 :: Wait               :: --          :: --                        :: --                       
       crossfire.run             :: Wait               :: --          :: --                        :: --                       
       review.run                :: Wait               :: --          :: --                        :: --                       
       qa_wb.run                 :: Wait               :: --          :: --                        :: --                       
      archive.run                :: Wait               :: --          :: --                        :: --                       
       checkin.run               :: Wait               :: --          :: --                        :: --                       
       checkin.archive           :: Wait               :: --          :: --                        :: --                       
-----------------------------------------------------------------------------------------------------------------------------
-I- viewgen status Wait -> PASS : ship/log/arf030b256e1r1w0cbbeheaa4acw/zsc11_sccd245502_27Apr2023_204059/arf030b256e1r1w0cbbeheaa4acw.viewgen.run.log
-----------------------------------------------------------------------------------------------------------------------------
  Task Name                      :: Status             :: Exit Code   :: Start Time                :: Finish Time              
   orig.run                      :: PASS               :: 0           :: 04/27/2023 20:41:19       :: 04/27/2023 20:41:21      
    unpacked.run                 :: PASS               :: 0           :: 04/27/2023 20:41:24       :: 04/27/2023 20:41:41      
     viewgen.run                 :: PASS               :: 0           :: 04/27/2023 20:41:44       :: 04/27/2023 20:41:46      
      ip2sd.run                  :: Wait               :: --          :: --                        :: --                       
     staging.run                 :: Wait               :: --          :: --                        :: --                       
      traceability.run           :: Wait               :: --          :: --                        :: --                       
      checks.run                 :: Wait               :: --          :: --                        :: --                       
       crossfire.run             :: Wait               :: --          :: --                        :: --                       
       review.run                :: Wait               :: --          :: --                        :: --                       
       qa_wb.run                 :: Wait               :: --          :: --                        :: --                       
      archive.run                :: Wait               :: --          :: --                        :: --                       
       checkin.run               :: Wait               :: --          :: --                        :: --                       
       checkin.archive           :: Wait               :: --          :: --                        :: --                       
-----------------------------------------------------------------------------------------------------------------------------
-I- ip2sd status Wait -> Running : ship/log/arf030b256e1r1w0cbbeheaa4acw/zsc11_sccd245502_27Apr2023_204059/arf030b256e1r1w0cbbeheaa4acw.ip2sd.run.log
-----------------------------------------------------------------------------------------------------------------------------
  Task Name                      :: Status             :: Exit Code   :: Start Time                :: Finish Time              
   orig.run                      :: PASS               :: 0           :: 04/27/2023 20:41:19       :: 04/27/2023 20:41:21      
    unpacked.run                 :: PASS               :: 0           :: 04/27/2023 20:41:24       :: 04/27/2023 20:41:41      
     viewgen.run                 :: PASS               :: 0           :: 04/27/2023 20:41:44       :: 04/27/2023 20:41:46      
      ip2sd.run                  :: Running            :: --          :: 04/27/2023 20:41:49       ::                          
     staging.run                 :: Wait               :: --          :: --                        :: --                       
      traceability.run           :: Wait               :: --          :: --                        :: --                       
      checks.run                 :: Wait               :: --          :: --                        :: --                       
       crossfire.run             :: Wait               :: --          :: --                        :: --                       
       review.run                :: Wait               :: --          :: --                        :: --                       
       qa_wb.run                 :: Wait               :: --          :: --                        :: --                       
      archive.run                :: Wait               :: --          :: --                        :: --                       
       checkin.run               :: Wait               :: --          :: --                        :: --                       
       checkin.archive           :: Wait               :: --          :: --                        :: --                       
-----------------------------------------------------------------------------------------------------------------------------
-I- ip2sd status Running -> PASS : ship/log/arf030b256e1r1w0cbbeheaa4acw/zsc11_sccd245502_27Apr2023_204059/arf030b256e1r1w0cbbeheaa4acw.ip2sd.run.log
-----------------------------------------------------------------------------------------------------------------------------
  Task Name                      :: Status             :: Exit Code   :: Start Time                :: Finish Time              
   orig.run                      :: PASS               :: 0           :: 04/27/2023 20:41:19       :: 04/27/2023 20:41:21      
    unpacked.run                 :: PASS               :: 0           :: 04/27/2023 20:41:24       :: 04/27/2023 20:41:41      
     viewgen.run                 :: PASS               :: 0           :: 04/27/2023 20:41:44       :: 04/27/2023 20:41:46      
      ip2sd.run                  :: PASS               :: 0           :: 04/27/2023 20:41:49       :: 04/27/2023 20:46:37      
     staging.run                 :: Wait               :: --          :: --                        :: --                       
      traceability.run           :: Wait               :: --          :: --                        :: --                       
      checks.run                 :: Wait               :: --          :: --                        :: --                       
       crossfire.run             :: Wait               :: --          :: --                        :: --                       
       review.run                :: Wait               :: --          :: --                        :: --                       
       qa_wb.run                 :: Wait               :: --          :: --                        :: --                       
      archive.run                :: Wait               :: --          :: --                        :: --                       
       checkin.run               :: Wait               :: --          :: --                        :: --                       
       checkin.archive           :: Wait               :: --          :: --                        :: --                       
-----------------------------------------------------------------------------------------------------------------------------
-I- staging status Wait -> PASS : ship/log/arf030b256e1r1w0cbbeheaa4acw/zsc11_sccd245502_27Apr2023_204059/arf030b256e1r1w0cbbeheaa4acw.staging.run.log
-----------------------------------------------------------------------------------------------------------------------------
  Task Name                      :: Status             :: Exit Code   :: Start Time                :: Finish Time              
   orig.run                      :: PASS               :: 0           :: 04/27/2023 20:41:19       :: 04/27/2023 20:41:21      
    unpacked.run                 :: PASS               :: 0           :: 04/27/2023 20:41:24       :: 04/27/2023 20:41:41      
     viewgen.run                 :: PASS               :: 0           :: 04/27/2023 20:41:44       :: 04/27/2023 20:41:46      
      ip2sd.run                  :: PASS               :: 0           :: 04/27/2023 20:41:49       :: 04/27/2023 20:46:37      
     staging.run                 :: PASS               :: 0           :: 04/27/2023 20:46:39       :: 04/27/2023 20:46:42      
      traceability.run           :: Wait               :: --          :: --                        :: --                       
      checks.run                 :: Wait               :: --          :: --                        :: --                       
       crossfire.run             :: Wait               :: --          :: --                        :: --                       
       review.run                :: Wait               :: --          :: --                        :: --                       
       qa_wb.run                 :: Wait               :: --          :: --                        :: --                       
      archive.run                :: Wait               :: --          :: --                        :: --                       
       checkin.run               :: Wait               :: --          :: --                        :: --                       
       checkin.archive           :: Wait               :: --          :: --                        :: --                       
-----------------------------------------------------------------------------------------------------------------------------
-I- traceability status Wait -> PASS : ship/log/arf030b256e1r1w0cbbeheaa4acw/zsc11_sccd245502_27Apr2023_204059/arf030b256e1r1w0cbbeheaa4acw.traceability.run.log
-----------------------------------------------------------------------------------------------------------------------------
  Task Name                      :: Status             :: Exit Code   :: Start Time                :: Finish Time              
   orig.run                      :: PASS               :: 0           :: 04/27/2023 20:41:19       :: 04/27/2023 20:41:21      
    unpacked.run                 :: PASS               :: 0           :: 04/27/2023 20:41:24       :: 04/27/2023 20:41:41      
     viewgen.run                 :: PASS               :: 0           :: 04/27/2023 20:41:44       :: 04/27/2023 20:41:46      
      ip2sd.run                  :: PASS               :: 0           :: 04/27/2023 20:41:49       :: 04/27/2023 20:46:37      
     staging.run                 :: PASS               :: 0           :: 04/27/2023 20:46:39       :: 04/27/2023 20:46:42      
      traceability.run           :: PASS               :: 0           :: 04/27/2023 20:46:44       :: 04/27/2023 20:46:47      
      checks.run                 :: Wait               :: --          :: --                        :: --                       
       crossfire.run             :: Wait               :: --          :: --                        :: --                       
       review.run                :: Wait               :: --          :: --                        :: --                       
       qa_wb.run                 :: Wait               :: --          :: --                        :: --                       
      archive.run                :: Wait               :: --          :: --                        :: --                       
       checkin.run               :: Wait               :: --          :: --                        :: --                       
       checkin.archive           :: Wait               :: --          :: --                        :: --                       
-----------------------------------------------------------------------------------------------------------------------------
-I- checks status Wait -> PASS : ship/log/arf030b256e1r1w0cbbeheaa4acw/zsc11_sccd245502_27Apr2023_204059/arf030b256e1r1w0cbbeheaa4acw.checks.run.log
-----------------------------------------------------------------------------------------------------------------------------
  Task Name                      :: Status             :: Exit Code   :: Start Time                :: Finish Time              
   orig.run                      :: PASS               :: 0           :: 04/27/2023 20:41:19       :: 04/27/2023 20:41:21      
    unpacked.run                 :: PASS               :: 0           :: 04/27/2023 20:41:24       :: 04/27/2023 20:41:41      
     viewgen.run                 :: PASS               :: 0           :: 04/27/2023 20:41:44       :: 04/27/2023 20:41:46      
      ip2sd.run                  :: PASS               :: 0           :: 04/27/2023 20:41:49       :: 04/27/2023 20:46:37      
     staging.run                 :: PASS               :: 0           :: 04/27/2023 20:46:39       :: 04/27/2023 20:46:42      
      traceability.run           :: PASS               :: 0           :: 04/27/2023 20:46:44       :: 04/27/2023 20:46:47      
      checks.run                 :: PASS               :: 0           :: 04/27/2023 20:46:49       :: 04/27/2023 20:46:51      
       crossfire.run             :: Wait               :: --          :: --                        :: --                       
       review.run                :: Wait               :: --          :: --                        :: --                       
       qa_wb.run                 :: Wait               :: --          :: --                        :: --                       
      archive.run                :: Wait               :: --          :: --                        :: --                       
       checkin.run               :: Wait               :: --          :: --                        :: --                       
       checkin.archive           :: Wait               :: --          :: --                        :: --                       
-----------------------------------------------------------------------------------------------------------------------------
-I- crossfire status Wait -> Running : ship/log/arf030b256e1r1w0cbbeheaa4acw/zsc11_sccd245502_27Apr2023_204059/arf030b256e1r1w0cbbeheaa4acw.crossfire.run.log
-----------------------------------------------------------------------------------------------------------------------------
  Task Name                      :: Status             :: Exit Code   :: Start Time                :: Finish Time              
   orig.run                      :: PASS               :: 0           :: 04/27/2023 20:41:19       :: 04/27/2023 20:41:21      
    unpacked.run                 :: PASS               :: 0           :: 04/27/2023 20:41:24       :: 04/27/2023 20:41:41      
     viewgen.run                 :: PASS               :: 0           :: 04/27/2023 20:41:44       :: 04/27/2023 20:41:46      
      ip2sd.run                  :: PASS               :: 0           :: 04/27/2023 20:41:49       :: 04/27/2023 20:46:37      
     staging.run                 :: PASS               :: 0           :: 04/27/2023 20:46:39       :: 04/27/2023 20:46:42      
      traceability.run           :: PASS               :: 0           :: 04/27/2023 20:46:44       :: 04/27/2023 20:46:47      
      checks.run                 :: PASS               :: 0           :: 04/27/2023 20:46:49       :: 04/27/2023 20:46:51      
       crossfire.run             :: Running            :: --          :: 04/27/2023 20:46:54       ::                          
       review.run                :: Wait               :: --          :: --                        :: --                       
       qa_wb.run                 :: Wait               :: --          :: --                        :: --                       
      archive.run                :: Wait               :: --          :: --                        :: --                       
       checkin.run               :: Wait               :: --          :: --                        :: --                       
       checkin.archive           :: Wait               :: --          :: --                        :: --                       
-----------------------------------------------------------------------------------------------------------------------------
-I- crossfire status Running -> FAIL:QUALITY : ship/log/arf030b256e1r1w0cbbeheaa4acw/zsc11_sccd245502_27Apr2023_204059/arf030b256e1r1w0cbbeheaa4acw.crossfire.run.log
-----------------------------------------------------------------------------------------------------------------------------
  Task Name                      :: Status             :: Exit Code   :: Start Time                :: Finish Time              
   orig.run                      :: PASS               :: 0           :: 04/27/2023 20:41:19       :: 04/27/2023 20:41:21      
    unpacked.run                 :: PASS               :: 0           :: 04/27/2023 20:41:24       :: 04/27/2023 20:41:41      
     viewgen.run                 :: PASS               :: 0           :: 04/27/2023 20:41:44       :: 04/27/2023 20:41:46      
      ip2sd.run                  :: PASS               :: 0           :: 04/27/2023 20:41:49       :: 04/27/2023 20:46:37      
     staging.run                 :: PASS               :: 0           :: 04/27/2023 20:46:39       :: 04/27/2023 20:46:42      
      traceability.run           :: PASS               :: 0           :: 04/27/2023 20:46:44       :: 04/27/2023 20:46:47      
      checks.run                 :: PASS               :: 0           :: 04/27/2023 20:46:49       :: 04/27/2023 20:46:51      
       crossfire.run             :: FAIL:QUALITY       :: 0           :: 04/27/2023 20:46:54       :: 04/27/2023 20:59:50      
       review.run                :: Wait               :: --          :: --                        :: --                       
       qa_wb.run                 :: Wait               :: --          :: --                        :: --                       
      archive.run                :: Wait               :: --          :: --                        :: --                       
       checkin.run               :: Wait               :: --          :: --                        :: --                       
       checkin.archive           :: Wait               :: --          :: --                        :: --                       
-----------------------------------------------------------------------------------------------------------------------------
-I- review status Wait -> Running : ship/log/arf030b256e1r1w0cbbeheaa4acw/zsc11_sccd245502_27Apr2023_204059/arf030b256e1r1w0cbbeheaa4acw.review.run.log
-----------------------------------------------------------------------------------------------------------------------------
  Task Name                      :: Status             :: Exit Code   :: Start Time                :: Finish Time              
   orig.run                      :: PASS               :: 0           :: 04/27/2023 20:41:19       :: 04/27/2023 20:41:21      
    unpacked.run                 :: PASS               :: 0           :: 04/27/2023 20:41:24       :: 04/27/2023 20:41:41      
     viewgen.run                 :: PASS               :: 0           :: 04/27/2023 20:41:44       :: 04/27/2023 20:41:46      
      ip2sd.run                  :: PASS               :: 0           :: 04/27/2023 20:41:49       :: 04/27/2023 20:46:37      
     staging.run                 :: PASS               :: 0           :: 04/27/2023 20:46:39       :: 04/27/2023 20:46:42      
      traceability.run           :: PASS               :: 0           :: 04/27/2023 20:46:44       :: 04/27/2023 20:46:47      
      checks.run                 :: PASS               :: 0           :: 04/27/2023 20:46:49       :: 04/27/2023 20:46:51      
       crossfire.run             :: FAIL:QUALITY       :: 0           :: 04/27/2023 20:46:54       :: 04/27/2023 20:59:50      
       review.run                :: Running            :: --          :: 04/27/2023 20:59:55       ::                          
       qa_wb.run                 :: Wait               :: --          :: --                        :: --                       
      archive.run                :: Wait               :: --          :: --                        :: --                       
       checkin.run               :: Wait               :: --          :: --                        :: --                       
       checkin.archive           :: Wait               :: --          :: --                        :: --                       
-----------------------------------------------------------------------------------------------------------------------------
-I- review status Running -> PASS : ship/log/arf030b256e1r1w0cbbeheaa4acw/zsc11_sccd245502_27Apr2023_204059/arf030b256e1r1w0cbbeheaa4acw.review.run.log
-I- qa_wb status Wait -> Running : ship/log/arf030b256e1r1w0cbbeheaa4acw/zsc11_sccd245502_27Apr2023_204059/arf030b256e1r1w0cbbeheaa4acw.qa_wb.run.log
-----------------------------------------------------------------------------------------------------------------------------
  Task Name                      :: Status             :: Exit Code   :: Start Time                :: Finish Time              
   orig.run                      :: PASS               :: 0           :: 04/27/2023 20:41:19       :: 04/27/2023 20:41:21      
    unpacked.run                 :: PASS               :: 0           :: 04/27/2023 20:41:24       :: 04/27/2023 20:41:41      
     viewgen.run                 :: PASS               :: 0           :: 04/27/2023 20:41:44       :: 04/27/2023 20:41:46      
      ip2sd.run                  :: PASS               :: 0           :: 04/27/2023 20:41:49       :: 04/27/2023 20:46:37      
     staging.run                 :: PASS               :: 0           :: 04/27/2023 20:46:39       :: 04/27/2023 20:46:42      
      traceability.run           :: PASS               :: 0           :: 04/27/2023 20:46:44       :: 04/27/2023 20:46:47      
      checks.run                 :: PASS               :: 0           :: 04/27/2023 20:46:49       :: 04/27/2023 20:46:51      
       crossfire.run             :: FAIL:QUALITY       :: 0           :: 04/27/2023 20:46:54       :: 04/27/2023 20:59:50      
       review.run                :: PASS               :: 0           :: 04/27/2023 20:59:55       :: 04/27/2023 21:00:07      
       qa_wb.run                 :: Running            :: --          :: 04/27/2023 21:00:10       ::                          
      archive.run                :: Wait               :: --          :: --                        :: --                       
       checkin.run               :: Wait               :: --          :: --                        :: --                       
       checkin.archive           :: Wait               :: --          :: --                        :: --                       
-----------------------------------------------------------------------------------------------------------------------------
-I- qa_wb status Running -> PASS : ship/log/arf030b256e1r1w0cbbeheaa4acw/zsc11_sccd245502_27Apr2023_204059/arf030b256e1r1w0cbbeheaa4acw.qa_wb.run.log
-I- archive status Wait -> Running : ship/log/arf030b256e1r1w0cbbeheaa4acw/zsc11_sccd245502_27Apr2023_204059/arf030b256e1r1w0cbbeheaa4acw.archive.run.log
-----------------------------------------------------------------------------------------------------------------------------
  Task Name                      :: Status             :: Exit Code   :: Start Time                :: Finish Time              
   orig.run                      :: PASS               :: 0           :: 04/27/2023 20:41:19       :: 04/27/2023 20:41:21      
    unpacked.run                 :: PASS               :: 0           :: 04/27/2023 20:41:24       :: 04/27/2023 20:41:41      
     viewgen.run                 :: PASS               :: 0           :: 04/27/2023 20:41:44       :: 04/27/2023 20:41:46      
      ip2sd.run                  :: PASS               :: 0           :: 04/27/2023 20:41:49       :: 04/27/2023 20:46:37      
     staging.run                 :: PASS               :: 0           :: 04/27/2023 20:46:39       :: 04/27/2023 20:46:42      
      traceability.run           :: PASS               :: 0           :: 04/27/2023 20:46:44       :: 04/27/2023 20:46:47      
      checks.run                 :: PASS               :: 0           :: 04/27/2023 20:46:49       :: 04/27/2023 20:46:51      
       crossfire.run             :: FAIL:QUALITY       :: 0           :: 04/27/2023 20:46:54       :: 04/27/2023 20:59:50      
       review.run                :: PASS               :: 0           :: 04/27/2023 20:59:55       :: 04/27/2023 21:00:07      
       qa_wb.run                 :: PASS               :: 0           :: 04/27/2023 21:00:10       :: 04/27/2023 21:00:14      
      archive.run                :: Running            :: --          :: 04/27/2023 21:00:15       ::                          
       checkin.run               :: Wait               :: --          :: --                        :: --                       
       checkin.archive           :: Wait               :: --          :: --                        :: --                       
-----------------------------------------------------------------------------------------------------------------------------
-I- archive status Running -> PASS : ship/log/arf030b256e1r1w0cbbeheaa4acw/zsc11_sccd245502_27Apr2023_204059/arf030b256e1r1w0cbbeheaa4acw.archive.run.log
-I- checkin status Wait -> Running : ship/log/arf030b256e1r1w0cbbeheaa4acw/zsc11_sccd245502_27Apr2023_204059/arf030b256e1r1w0cbbeheaa4acw.checkin.run.log
-----------------------------------------------------------------------------------------------------------------------------
  Task Name                      :: Status             :: Exit Code   :: Start Time                :: Finish Time              
   orig.run                      :: PASS               :: 0           :: 04/27/2023 20:41:19       :: 04/27/2023 20:41:21      
    unpacked.run                 :: PASS               :: 0           :: 04/27/2023 20:41:24       :: 04/27/2023 20:41:41      
     viewgen.run                 :: PASS               :: 0           :: 04/27/2023 20:41:44       :: 04/27/2023 20:41:46      
      ip2sd.run                  :: PASS               :: 0           :: 04/27/2023 20:41:49       :: 04/27/2023 20:46:37      
     staging.run                 :: PASS               :: 0           :: 04/27/2023 20:46:39       :: 04/27/2023 20:46:42      
      traceability.run           :: PASS               :: 0           :: 04/27/2023 20:46:44       :: 04/27/2023 20:46:47      
      checks.run                 :: PASS               :: 0           :: 04/27/2023 20:46:49       :: 04/27/2023 20:46:51      
       crossfire.run             :: FAIL:QUALITY       :: 0           :: 04/27/2023 20:46:54       :: 04/27/2023 20:59:50      
       review.run                :: PASS               :: 0           :: 04/27/2023 20:59:55       :: 04/27/2023 21:00:07      
       qa_wb.run                 :: PASS               :: 0           :: 04/27/2023 21:00:10       :: 04/27/2023 21:00:14      
      archive.run                :: PASS               :: 0           :: 04/27/2023 21:00:15       :: 04/27/2023 21:00:16      
       checkin.run               :: Running            :: --          :: 04/27/2023 21:00:20       ::                          
       checkin.archive           :: Wait               :: --          :: --                        :: --                       
-----------------------------------------------------------------------------------------------------------------------------
