-I- Executing command: chdir /nfs/site/disks/ipg_scf_00159/ajavidi_ship/SHIP_23ww17d4/arf030b256e1r1w0cbbeheaa4acw_work/ship/ip/arf030b256e1r1w0cbbeheaa4acw/zsc11_sccd245502_27Apr2023_204059/crossfire
-I- Executing command: /p/hdk/pu_tu/prd/ipqa_xfire/23.01.005.p003/bin/crossfire.py --block 'arf030b256e1r1w0cbbeheaa4acw'  --milestone 'uv1'  --review /nfs/site/disks/ipg_scf_00159/ajavidi_ship/SHIP_23ww17d4/arf030b256e1r1w0cbbeheaa4acw_work/ship/ip/arf030b256e1r1w0cbbeheaa4acw/zsc11_sccd245502_27Apr2023_204059/crossfire/collateral/ebb/checks/arf030b256e1r1w0cbbeheaa4acw.crossfire.log --location snps_manifest --append_manifest /nfs/site/disks/ipg_scf_00159/ajavidi_ship/SHIP_23ww17d4/arf030b256e1r1w0cbbeheaa4acw_work/ship/ip/arf030b256e1r1w0cbbeheaa4acw/zsc11_sccd245502_27Apr2023_204059/crossfire/collateral/ebb/checks/arf030b256e1r1w0cbbeheaa4acw.crossfire.manifest --snps_manifests /nfs/site/disks/ipg_scf_00159/ajavidi_ship/SHIP_23ww17d4/arf030b256e1r1w0cbbeheaa4acw_work/ship/ip/arf030b256e1r1w0cbbeheaa4acw/zsc11_sccd245502_27Apr2023_204059/staging/manifest.xml    |& tee /nfs/site/disks/ipg_scf_00159/ajavidi_ship/SHIP_23ww17d4/arf030b256e1r1w0cbbeheaa4acw_work/ship/ip/arf030b256e1r1w0cbbeheaa4acw/zsc11_sccd245502_27Apr2023_204059/crossfire/collateral/ebb/checks/arf030b256e1r1w0cbbeheaa4acw.crossfire.run.log
20:46:57-INIT-INFO: Running: /p/hdk/pu_tu/prd/ipqa_xfire/23.01.005.p003/bin/crossfire.py --block arf030b256e1r1w0cbbeheaa4acw --milestone uv1 --review /nfs/site/disks/ipg_scf_00159/ajavidi_ship/SHIP_23ww17d4/arf030b256e1r1w0cbbeheaa4acw_work/ship/ip/arf030b256e1r1w0cbbeheaa4acw/zsc11_sccd245502_27Apr2023_204059/crossfire/collateral/ebb/checks/arf030b256e1r1w0cbbeheaa4acw.crossfire.log --location snps_manifest --append_manifest /nfs/site/disks/ipg_scf_00159/ajavidi_ship/SHIP_23ww17d4/arf030b256e1r1w0cbbeheaa4acw_work/ship/ip/arf030b256e1r1w0cbbeheaa4acw/zsc11_sccd245502_27Apr2023_204059/crossfire/collateral/ebb/checks/arf030b256e1r1w0cbbeheaa4acw.crossfire.manifest --snps_manifests /nfs/site/disks/ipg_scf_00159/ajavidi_ship/SHIP_23ww17d4/arf030b256e1r1w0cbbeheaa4acw_work/ship/ip/arf030b256e1r1w0cbbeheaa4acw/zsc11_sccd245502_27Apr2023_204059/staging/manifest.xml 
20:46:57-INIT-INFO:     block ==> arf030b256e1r1w0cbbeheaa4acw
20:46:57-INIT-INFO:     milestone ==> uv1
20:46:57-INIT-INFO:     location ==> snps_manifest
20:46:57-INIT-INFO:     strict_location ==> False
20:46:57-INIT-INFO:     multi_cell ==> False
20:46:57-INIT-INFO:     snap_test ==> False
20:46:57-INIT-INFO:     crossfire_manual ==> False
20:46:57-INIT-INFO:     shell ==> False
20:46:57-INIT-INFO:     append_manifest ==> /nfs/site/disks/ipg_scf_00159/ajavidi_ship/SHIP_23ww17d4/arf030b256e1r1w0cbbeheaa4acw_work/ship/ip/arf030b256e1r1w0cbbeheaa4acw/zsc11_sccd245502_27Apr2023_204059/crossfire/collateral/ebb/checks/arf030b256e1r1w0cbbeheaa4acw.crossfire.manifest
20:46:57-INIT-INFO:     dumpmilestones ==> None
20:46:57-INIT-INFO:     snps_manifests ==> /nfs/site/disks/ipg_scf_00159/ajavidi_ship/SHIP_23ww17d4/arf030b256e1r1w0cbbeheaa4acw_work/ship/ip/arf030b256e1r1w0cbbeheaa4acw/zsc11_sccd245502_27Apr2023_204059/staging/manifest.xml
20:46:57-INIT-INFO:     review ==> /nfs/site/disks/ipg_scf_00159/ajavidi_ship/SHIP_23ww17d4/arf030b256e1r1w0cbbeheaa4acw_work/ship/ip/arf030b256e1r1w0cbbeheaa4acw/zsc11_sccd245502_27Apr2023_204059/crossfire/collateral/ebb/checks/arf030b256e1r1w0cbbeheaa4acw.crossfire.log
20:46:57-INIT-INFO:     report ==> False
20:46:57-SETUP-INFO: Setting RUNDIR: /nfs/site/disks/ipg_scf_00159/ajavidi_ship/SHIP_23ww17d4/arf030b256e1r1w0cbbeheaa4acw_work/ship/ip/arf030b256e1r1w0cbbeheaa4acw/zsc11_sccd245502_27Apr2023_204059/crossfire/crossfire/arf030b256e1r1w0cbbeheaa4acw.uv1.2023_04_27_204657.40423
20:46:57-SETUP-INFO: Creating file: /nfs/site/disks/ipg_scf_00159/ajavidi_ship/SHIP_23ww17d4/arf030b256e1r1w0cbbeheaa4acw_work/ship/ip/arf030b256e1r1w0cbbeheaa4acw/zsc11_sccd245502_27Apr2023_204059/crossfire/crossfire/arf030b256e1r1w0cbbeheaa4acw.latest
20:46:57-SETUP-INFO: Vendor help docs can be found by running: firefox /p/hdk/cad/crossfire/2023.2.W07/docs/html/index.html &
20:46:59-MAIN-INFO:   IPQA_ROOT: /p/hdk/pu_tu/prd/ipqa_xfire/23.01.005.p003
20:46:59-MAIN-INFO:   CROSSFIRE_ROOT: /p/hdk/cad/crossfire/2023.2.W07
20:47:03-KVP-INFO: Processing KVP file: /p/hdk/pu_tu/prd/ipqa_xfire/23.01.005.p003/data/default/kvp_cth_query.cfg
20:47:05-MAIN-INFO: Adding FUSIONCOMPILER_DIR to path.
20:47:05-KVP-INFO: Processing KVP file: /p/hdk/pu_tu/prd/ipqa_xfire/23.01.005.p003/data/default/kvp_preloc.cfg
20:47:07-MAIN-INFO: Figuring out what checks to run...
20:47:07-MAIN-INFO: -I- Using config set '1276_plt'
20:47:07-KVP-INFO: Processing KVP file: /nfs/site/disks/ipg_scf_00159/ajavidi_ship/SHIP_23ww17d4/arf030b256e1r1w0cbbeheaa4acw_work/ship/ip/arf030b256e1r1w0cbbeheaa4acw/zsc11_sccd245502_27Apr2023_204059/crossfire/crossfire/arf030b256e1r1w0cbbeheaa4acw.uv1.2023_04_27_204657.40423/presetup/kvp_p0.cfg
20:47:09-MAIN-INFO: Reading checks config file: /nfs/site/disks/ipg_scf_00159/ajavidi_ship/SHIP_23ww17d4/arf030b256e1r1w0cbbeheaa4acw_work/ship/ip/arf030b256e1r1w0cbbeheaa4acw/zsc11_sccd245502_27Apr2023_204059/crossfire/crossfire/arf030b256e1r1w0cbbeheaa4acw.uv1.2023_04_27_204657.40423/presetup/checks.cfg
20:47:09-MAIN-INFO: Using  manifest.xml file from snps_manifests
20:47:09-MAIN-INFO: manifest_file_use => /nfs/site/disks/ipg_scf_00159/ajavidi_ship/SHIP_23ww17d4/arf030b256e1r1w0cbbeheaa4acw_work/ship/ip/arf030b256e1r1w0cbbeheaa4acw/zsc11_sccd245502_27Apr2023_204059/staging/manifest.xml
20:47:09-MAIN-INFO: ----------------------------------------------------------------
20:47:09-MAIN-INFO: Gather pre-populate data files
20:47:09-MAIN-INFO: Location_cfg: /nfs/site/disks/ipg_scf_00159/ajavidi_ship/SHIP_23ww17d4/arf030b256e1r1w0cbbeheaa4acw_work/ship/ip/arf030b256e1r1w0cbbeheaa4acw/zsc11_sccd245502_27Apr2023_204059/crossfire/crossfire/arf030b256e1r1w0cbbeheaa4acw.uv1.2023_04_27_204657.40423/presetup/locations_snps_p0.cfg
20:47:09-MAIN-INFO: Manifests provided: /nfs/site/disks/ipg_scf_00159/ajavidi_ship/SHIP_23ww17d4/arf030b256e1r1w0cbbeheaa4acw_work/ship/ip/arf030b256e1r1w0cbbeheaa4acw/zsc11_sccd245502_27Apr2023_204059/staging/manifest.xml
20:47:09-MAIN-INFO: Manifest filters provided: 
20:47:09-MAIN-INFO: Running command: /p/hdk/pu_tu/prd/ipqa_xfire/23.01.005.p003/bin/snps_manifest_populate.py -ip arf030b256e1r1w0cbbeheaa4acw -config /nfs/site/disks/ipg_scf_00159/ajavidi_ship/SHIP_23ww17d4/arf030b256e1r1w0cbbeheaa4acw_work/ship/ip/arf030b256e1r1w0cbbeheaa4acw/zsc11_sccd245502_27Apr2023_204059/crossfire/crossfire/arf030b256e1r1w0cbbeheaa4acw.uv1.2023_04_27_204657.40423/presetup/locations_snps_p0.cfg -manifest /nfs/site/disks/ipg_scf_00159/ajavidi_ship/SHIP_23ww17d4/arf030b256e1r1w0cbbeheaa4acw_work/ship/ip/arf030b256e1r1w0cbbeheaa4acw/zsc11_sccd245502_27Apr2023_204059/staging/manifest.xml -collateral_dir "" -manifest_filter "" -dest /nfs/site/disks/ipg_scf_00159/ajavidi_ship/SHIP_23ww17d4/arf030b256e1r1w0cbbeheaa4acw_work/ship/ip/arf030b256e1r1w0cbbeheaa4acw/zsc11_sccd245502_27Apr2023_204059/crossfire/crossfire/arf030b256e1r1w0cbbeheaa4acw.uv1.2023_04_27_204657.40423/data
20:47:10-MAIN-INFO: ----------------------------------------------------------------
20:47:10-MAIN-INFO: Gather previous tag data files
20:47:10-MAIN-INFO: Location_cfg: /nfs/site/disks/ipg_scf_00159/ajavidi_ship/SHIP_23ww17d4/arf030b256e1r1w0cbbeheaa4acw_work/ship/ip/arf030b256e1r1w0cbbeheaa4acw/zsc11_sccd245502_27Apr2023_204059/crossfire/crossfire/arf030b256e1r1w0cbbeheaa4acw.uv1.2023_04_27_204657.40423/presetup/locations_snps_p1.cfg
20:47:10-MAIN-INFO: Manifests provided: /nfs/site/disks/ipi7.arc.proj_archive/arc/arf030b256e1r1w0cbbeheaa4acw/ip_handoff/I7E240O4A0UV1RTL1IFC1V1/be/manifest.xml
20:47:10-MAIN-INFO: Manifest filters provided: 
20:47:10-MAIN-INFO: Running command: /p/hdk/pu_tu/prd/ipqa_xfire/23.01.005.p003/bin/snps_manifest_populate.py -ip arf030b256e1r1w0cbbeheaa4acw -config /nfs/site/disks/ipg_scf_00159/ajavidi_ship/SHIP_23ww17d4/arf030b256e1r1w0cbbeheaa4acw_work/ship/ip/arf030b256e1r1w0cbbeheaa4acw/zsc11_sccd245502_27Apr2023_204059/crossfire/crossfire/arf030b256e1r1w0cbbeheaa4acw.uv1.2023_04_27_204657.40423/presetup/locations_snps_p1.cfg -manifest /nfs/site/disks/ipi7.arc.proj_archive/arc/arf030b256e1r1w0cbbeheaa4acw/ip_handoff/I7E240O4A0UV1RTL1IFC1V1/be/manifest.xml -collateral_dir "/nfs/site/disks/ipi7.arc.proj_archive/arc/arf030b256e1r1w0cbbeheaa4acw/ip_handoff/I7E240O4A0UV1RTL1IFC1V1/be" -manifest_filter "" -dest /nfs/site/disks/ipg_scf_00159/ajavidi_ship/SHIP_23ww17d4/arf030b256e1r1w0cbbeheaa4acw_work/ship/ip/arf030b256e1r1w0cbbeheaa4acw/zsc11_sccd245502_27Apr2023_204059/crossfire/crossfire/arf030b256e1r1w0cbbeheaa4acw.uv1.2023_04_27_204657.40423/data
20:47:10-MAIN-INFO: Location_cfg: /nfs/site/disks/ipg_scf_00159/ajavidi_ship/SHIP_23ww17d4/arf030b256e1r1w0cbbeheaa4acw_work/ship/ip/arf030b256e1r1w0cbbeheaa4acw/zsc11_sccd245502_27Apr2023_204059/crossfire/crossfire/arf030b256e1r1w0cbbeheaa4acw.uv1.2023_04_27_204657.40423/presetup/locations_snps_p1.cfg
20:47:10-MAIN-INFO: Manifests provided: /nfs/site/disks/ipi7.arc.proj_archive/arc/arf030b256e1r1w0cbbeheaa4acw/ip_handoff/I7E240O4A0UV1RTL1IFC1V1/fe/manifest.xml
20:47:10-MAIN-INFO: Manifest filters provided: 
20:47:10-MAIN-INFO: Running command: /p/hdk/pu_tu/prd/ipqa_xfire/23.01.005.p003/bin/snps_manifest_populate.py -ip arf030b256e1r1w0cbbeheaa4acw -config /nfs/site/disks/ipg_scf_00159/ajavidi_ship/SHIP_23ww17d4/arf030b256e1r1w0cbbeheaa4acw_work/ship/ip/arf030b256e1r1w0cbbeheaa4acw/zsc11_sccd245502_27Apr2023_204059/crossfire/crossfire/arf030b256e1r1w0cbbeheaa4acw.uv1.2023_04_27_204657.40423/presetup/locations_snps_p1.cfg -manifest /nfs/site/disks/ipi7.arc.proj_archive/arc/arf030b256e1r1w0cbbeheaa4acw/ip_handoff/I7E240O4A0UV1RTL1IFC1V1/fe/manifest.xml -collateral_dir "/nfs/site/disks/ipi7.arc.proj_archive/arc/arf030b256e1r1w0cbbeheaa4acw/ip_handoff/I7E240O4A0UV1RTL1IFC1V1/fe" -manifest_filter "" -dest /nfs/site/disks/ipg_scf_00159/ajavidi_ship/SHIP_23ww17d4/arf030b256e1r1w0cbbeheaa4acw_work/ship/ip/arf030b256e1r1w0cbbeheaa4acw/zsc11_sccd245502_27Apr2023_204059/crossfire/crossfire/arf030b256e1r1w0cbbeheaa4acw.uv1.2023_04_27_204657.40423/data
20:47:10-KVP-INFO: Processing KVP file: /nfs/site/disks/ipg_scf_00159/ajavidi_ship/SHIP_23ww17d4/arf030b256e1r1w0cbbeheaa4acw_work/ship/ip/arf030b256e1r1w0cbbeheaa4acw/zsc11_sccd245502_27Apr2023_204059/crossfire/crossfire/arf030b256e1r1w0cbbeheaa4acw.uv1.2023_04_27_204657.40423/presetup/kvp_p1.cfg
20:47:15-MAIN-INFO: Gathering collateral files ...
20:47:15-MAIN-INFO: ----------------------------------------------------------------
20:47:15-MAIN-INFO: Main data populate from snps manifest
20:47:15-MAIN-INFO: Location_cfg: /nfs/site/disks/ipg_scf_00159/ajavidi_ship/SHIP_23ww17d4/arf030b256e1r1w0cbbeheaa4acw_work/ship/ip/arf030b256e1r1w0cbbeheaa4acw/zsc11_sccd245502_27Apr2023_204059/crossfire/crossfire/arf030b256e1r1w0cbbeheaa4acw.uv1.2023_04_27_204657.40423/presetup/locations_snps.cfg
20:47:15-MAIN-INFO: Manifests provided: /nfs/site/disks/ipg_scf_00159/ajavidi_ship/SHIP_23ww17d4/arf030b256e1r1w0cbbeheaa4acw_work/ship/ip/arf030b256e1r1w0cbbeheaa4acw/zsc11_sccd245502_27Apr2023_204059/staging/manifest.xml
20:47:15-MAIN-INFO: Manifest filters provided: 
20:47:15-MAIN-INFO: Running command: /p/hdk/pu_tu/prd/ipqa_xfire/23.01.005.p003/bin/snps_manifest_populate.py -ip arf030b256e1r1w0cbbeheaa4acw -config /nfs/site/disks/ipg_scf_00159/ajavidi_ship/SHIP_23ww17d4/arf030b256e1r1w0cbbeheaa4acw_work/ship/ip/arf030b256e1r1w0cbbeheaa4acw/zsc11_sccd245502_27Apr2023_204059/crossfire/crossfire/arf030b256e1r1w0cbbeheaa4acw.uv1.2023_04_27_204657.40423/presetup/locations_snps.cfg -manifest /nfs/site/disks/ipg_scf_00159/ajavidi_ship/SHIP_23ww17d4/arf030b256e1r1w0cbbeheaa4acw_work/ship/ip/arf030b256e1r1w0cbbeheaa4acw/zsc11_sccd245502_27Apr2023_204059/staging/manifest.xml -collateral_dir "" -manifest_filter "" -dest /nfs/site/disks/ipg_scf_00159/ajavidi_ship/SHIP_23ww17d4/arf030b256e1r1w0cbbeheaa4acw_work/ship/ip/arf030b256e1r1w0cbbeheaa4acw/zsc11_sccd245502_27Apr2023_204059/crossfire/crossfire/arf030b256e1r1w0cbbeheaa4acw.uv1.2023_04_27_204657.40423/data
20:47:15-MAIN-INFO: Location compile log file: /nfs/site/disks/ipg_scf_00159/ajavidi_ship/SHIP_23ww17d4/arf030b256e1r1w0cbbeheaa4acw_work/ship/ip/arf030b256e1r1w0cbbeheaa4acw/zsc11_sccd245502_27Apr2023_204059/crossfire/crossfire/arf030b256e1r1w0cbbeheaa4acw.uv1.2023_04_27_204657.40423/location.log
20:47:15-MAIN-INFO: Reading loc_file: /nfs/site/disks/ipg_scf_00159/ajavidi_ship/SHIP_23ww17d4/arf030b256e1r1w0cbbeheaa4acw_work/ship/ip/arf030b256e1r1w0cbbeheaa4acw/zsc11_sccd245502_27Apr2023_204059/crossfire/crossfire/arf030b256e1r1w0cbbeheaa4acw.uv1.2023_04_27_204657.40423/presetup/locations_shiplog.cfg
20:47:16-KVP-INFO: Processing KVP file: /nfs/site/disks/ipg_scf_00159/ajavidi_ship/SHIP_23ww17d4/arf030b256e1r1w0cbbeheaa4acw_work/ship/ip/arf030b256e1r1w0cbbeheaa4acw/zsc11_sccd245502_27Apr2023_204059/crossfire/crossfire/arf030b256e1r1w0cbbeheaa4acw.uv1.2023_04_27_204657.40423/presetup/kvp.cfg
20:47:46-MAIN-INFO: Compiling config ...
20:47:46-MAIN-INFO: Found value for XFIRE_PDK_LAYER_MAP: tf_layermap
20:47:46-MAIN-INFO: Opening file for append: /nfs/site/disks/ipg_scf_00159/ajavidi_ship/SHIP_23ww17d4/arf030b256e1r1w0cbbeheaa4acw_work/ship/ip/arf030b256e1r1w0cbbeheaa4acw/zsc11_sccd245502_27Apr2023_204059/crossfire/crossfire/arf030b256e1r1w0cbbeheaa4acw.uv1.2023_04_27_204657.40423/crossfire.compile.log
20:47:59-MAIN-INFO: Active checks: 1103 15105 15106 15112 15118 15122 15133 15206 15211 15214 15217 15301 15302 15304 15305 15306 15308 15315 15321 15322 16002 16015 16024 16026 16029 16040 16041 16042 16043 16044 16046 16048 16107 16108 16109 16200 16206 16215 16217 16225 16227 16350 16510 16704 16712 21 31 32 61 7309 7410 7503 7505 7510 7605 7607 7708 7709 7710
20:48:18-MAIN-INFO: Generated merged CFS file: /nfs/site/disks/ipg_scf_00159/ajavidi_ship/SHIP_23ww17d4/arf030b256e1r1w0cbbeheaa4acw_work/ship/ip/arf030b256e1r1w0cbbeheaa4acw/zsc11_sccd245502_27Apr2023_204059/crossfire/crossfire/arf030b256e1r1w0cbbeheaa4acw.uv1.2023_04_27_204657.40423/setup.cfs
20:50:06-MAIN-INFO: Copying /nfs/site/disks/ipg_scf_00159/ajavidi_ship/SHIP_23ww17d4/arf030b256e1r1w0cbbeheaa4acw_work/ship/ip/arf030b256e1r1w0cbbeheaa4acw/zsc11_sccd245502_27Apr2023_204059/crossfire/crossfire/arf030b256e1r1w0cbbeheaa4acw.uv1.2023_04_27_204657.40423/presetup/false_messages.filter to /nfs/site/disks/ipg_scf_00159/ajavidi_ship/SHIP_23ww17d4/arf030b256e1r1w0cbbeheaa4acw_work/ship/ip/arf030b256e1r1w0cbbeheaa4acw/zsc11_sccd245502_27Apr2023_204059/crossfire/crossfire/arf030b256e1r1w0cbbeheaa4acw.uv1.2023_04_27_204657.40423/data/internal_waivers.filter
20:50:06-MAIN-INFO: Applying internal waivers
20:50:12-MAIN-INFO: Running command: /p/hdk/pu_tu/prd/ipqa_xfire/23.01.005.p003/bin/parallelization.py -c waives.cfg -o /nfs/site/disks/ipg_scf_00159/ajavidi_ship/SHIP_23ww17d4/arf030b256e1r1w0cbbeheaa4acw_work/ship/ip/arf030b256e1r1w0cbbeheaa4acw/zsc11_sccd245502_27Apr2023_204059/crossfire/crossfire/arf030b256e1r1w0cbbeheaa4acw.uv1.2023_04_27_204657.40423/split_checks > /nfs/site/disks/ipg_scf_00159/ajavidi_ship/SHIP_23ww17d4/arf030b256e1r1w0cbbeheaa4acw_work/ship/ip/arf030b256e1r1w0cbbeheaa4acw/zsc11_sccd245502_27Apr2023_204059/crossfire/crossfire/arf030b256e1r1w0cbbeheaa4acw.uv1.2023_04_27_204657.40423/crossfire.run.log.parallelization
20:50:12-MAIN-INFO: To see status of local checks, look at /nfs/site/disks/ipg_scf_00159/ajavidi_ship/SHIP_23ww17d4/arf030b256e1r1w0cbbeheaa4acw_work/ship/ip/arf030b256e1r1w0cbbeheaa4acw/zsc11_sccd245502_27Apr2023_204059/crossfire/crossfire/arf030b256e1r1w0cbbeheaa4acw.uv1.2023_04_27_204657.40423/crossfire.run.log.parallelization
20:50:12-MAIN-INFO: To see status of netbatch checks, look at /nfs/site/disks/ipg_scf_00159/ajavidi_ship/SHIP_23ww17d4/arf030b256e1r1w0cbbeheaa4acw_work/ship/ip/arf030b256e1r1w0cbbeheaa4acw/zsc11_sccd245502_27Apr2023_204059/crossfire/crossfire/arf030b256e1r1w0cbbeheaa4acw.uv1.2023_04_27_204657.40423/crossfire.run.log.nblog
20:50:12-MAIN-INFO:   Note: it may take a minute or so before the file starts to be populated
20:59:34-MAIN-INFO: Wrote file: /nfs/site/disks/ipg_scf_00159/ajavidi_ship/SHIP_23ww17d4/arf030b256e1r1w0cbbeheaa4acw_work/ship/ip/arf030b256e1r1w0cbbeheaa4acw/zsc11_sccd245502_27Apr2023_204059/crossfire/crossfire/arf030b256e1r1w0cbbeheaa4acw.uv1.2023_04_27_204657.40423/crossfire.run.log.report
20:59:34-MAIN-INFO: Wrote /nfs/site/disks/ipg_scf_00159/ajavidi_ship/SHIP_23ww17d4/arf030b256e1r1w0cbbeheaa4acw_work/ship/ip/arf030b256e1r1w0cbbeheaa4acw/zsc11_sccd245502_27Apr2023_204059/crossfire/crossfire/arf030b256e1r1w0cbbeheaa4acw.uv1.2023_04_27_204657.40423/crossfire.run.log
20:59:34-MAIN-INFO: Writing review files ...
20:59:34-MAIN-INFO: Running review command: /p/hdk/pu_tu/prd/ipqa_xfire/23.01.005.p003/bin/write_review.py --mode ship --checks_run /nfs/site/disks/ipg_scf_00159/ajavidi_ship/SHIP_23ww17d4/arf030b256e1r1w0cbbeheaa4acw_work/ship/ip/arf030b256e1r1w0cbbeheaa4acw/zsc11_sccd245502_27Apr2023_204059/crossfire/crossfire/arf030b256e1r1w0cbbeheaa4acw.uv1.2023_04_27_204657.40423/crossfire.checks_run --dynamic_log /nfs/site/disks/ipg_scf_00159/ajavidi_ship/SHIP_23ww17d4/arf030b256e1r1w0cbbeheaa4acw_work/ship/ip/arf030b256e1r1w0cbbeheaa4acw/zsc11_sccd245502_27Apr2023_204059/crossfire/crossfire/arf030b256e1r1w0cbbeheaa4acw.uv1.2023_04_27_204657.40423/crossfire.dynamic.rules --waived_log /nfs/site/disks/ipg_scf_00159/ajavidi_ship/SHIP_23ww17d4/arf030b256e1r1w0cbbeheaa4acw_work/ship/ip/arf030b256e1r1w0cbbeheaa4acw/zsc11_sccd245502_27Apr2023_204059/crossfire/crossfire/arf030b256e1r1w0cbbeheaa4acw.uv1.2023_04_27_204657.40423/crossfire.run.log --output_log /nfs/site/disks/ipg_scf_00159/ajavidi_ship/SHIP_23ww17d4/arf030b256e1r1w0cbbeheaa4acw_work/ship/ip/arf030b256e1r1w0cbbeheaa4acw/zsc11_sccd245502_27Apr2023_204059/crossfire/collateral/ebb/checks/arf030b256e1r1w0cbbeheaa4acw.crossfire.log --config /nfs/site/disks/ipg_scf_00159/ajavidi_ship/SHIP_23ww17d4/arf030b256e1r1w0cbbeheaa4acw_work/ship/ip/arf030b256e1r1w0cbbeheaa4acw/zsc11_sccd245502_27Apr2023_204059/crossfire/crossfire/arf030b256e1r1w0cbbeheaa4acw.uv1.2023_04_27_204657.40423/presetup/review.cfg --drift 31,32,61,7303,7306,16910/nfs/site/disks/ipg_scf_00159/ajavidi_ship/SHIP_23ww17d4/arf030b256e1r1w0cbbeheaa4acw_work/ship/ip/arf030b256e1r1w0cbbeheaa4acw/zsc11_sccd245502_27Apr2023_204059/crossfire/collateral/ebb/checks/arf030b256e1r1w0cbbeheaa4acw.crossfire.manifest --append_manifest 1 --checklist default,31,32,7303,7306 --checklist timing,31,32,15118,16002,7605,16026,16108,16712,16107,16215,7607,7708,7709,7710,7410,7503,16510,16704 --checklist horizontal,61,16227,16217,7505,15106,21,7309,15105,15112,16024,16029,16044,16048,16109,16040,16041,16042,16043,16046,16206,16225,16350,1103,7510,15122,15133,15211,16015,16200 --checklist driftchecks,16910 --checklist lef,15217,15301,15302,15308,15315,15206,15214,15304,15322,15305,15306,15321
20:59:35-MAIN-INFO: fail:rule_number,rule_name,duration,waive,setup_warning,warning,error,fatal
20:59:35-MAIN-INFO: pass:0,parsing: Rule 0,493.884,0,0,1,0,0
20:59:35-MAIN-INFO: pass:1103,Check if the correct related power pins are used in a liberty file: Rule 1103,18.459,0,0,0,0,0
20:59:35-MAIN-INFO: pass:15105,Naming convention check for buses: Rule 15105,13.037,0,1,0,0,0
20:59:35-MAIN-INFO: pass:15106,Check for the presence of a file: Rule 15106,5.903,0,0,0,0,0
20:59:35-MAIN-INFO: pass:15112:Lef_pin_direction_check,Pin direction check: Rule 15112,6.487,0,0,0,0,0
20:59:35-MAIN-INFO: pass:15112:PinDirectionCheck,Pin direction check: Rule 15112,13.599,0,0,0,0,0
20:59:35-MAIN-INFO: pass:15118,Check power and ground pin names: Rule 15118,12.480,0,0,0,0,0
20:59:35-MAIN-INFO: pass:15122,Liberty vs UPF: Rule 15122,18.005,0,0,0,0,0
20:59:35-MAIN-INFO: pass:15133,Analog bidirectional pins check: Rule 15133,12.737,0,0,0,0,0
20:59:35-MAIN-INFO: pass:15206,Layer presence check: Rule 15206,6.022,0,0,0,0,0
20:59:35-MAIN-INFO: pass:15211,Pin location check: Rule 15211,14.153,0,0,0,0,0
20:59:35-MAIN-INFO: pass:15214,Polygon covered by BOUNDARY check: Rule 15214,6.022,0,0,0,0,0
20:59:35-MAIN-INFO: pass:15217,Pin width and length check: Rule 15217,5.598,0,0,0,0,0
20:59:35-MAIN-INFO: pass:15301,LEF CLASS check: Rule 15301,5.602,0,0,0,0,0
20:59:35-MAIN-INFO: pass:15302,LEF ORIGIN and SIZE check: Rule 15302,7.772,0,0,0,0,0
20:59:35-MAIN-INFO: pass:15304,LEF MACRO check: Rule 15304,6.633,0,0,0,0,0
20:59:35-MAIN-INFO: pass:15305,LEF HEADER check: Rule 15305,6.984,0,0,0,0,0
20:59:35-MAIN-INFO: pass:15306,LEF SYMMETRY check: Rule 15306,5.342,1,0,0,0,0
20:59:35-MAIN-INFO: pass:15308,LEF double PINS and rectangles check: Rule 15308,5.939,0,0,0,0,0
20:59:35-MAIN-INFO: pass:15315,LEF presence of sheet and detailed OBS layers check: Rule 15315,5.194,0,1,0,0,0
20:59:35-MAIN-INFO: pass:16002,compiles-lib-in-current-environment: Rule 16002,252.214,0,0,0,0,0
20:59:35-MAIN-INFO: pass:16015,Check-for-PIN-types-defined-in-attribute.xml: Rule 16015,5.106,0,0,0,0,0
20:59:35-MAIN-INFO: pass:16024,Check-for-ip2sd-error-messages: Rule 16024,5.370,0,0,6,0,0
20:59:35-MAIN-INFO: pass:16026,NDM-load-ability-check: Rule 16026,28.558,0,0,0,0,0
20:59:35-MAIN-INFO: pass:16029,Reports-UPF-sourcing-errors: Rule 16029,5.064,0,0,0,0,0
20:59:35-MAIN-INFO: pass:16048,Checks-attribute-value-in-attribute.XML: Rule 16048,5.422,0,0,1,0,0
20:59:35-MAIN-INFO: pass:16107,Liberty-file-naming-rule-check.: Rule 16107,12.631,0,0,0,0,0
20:59:35-MAIN-INFO: pass:16108,Analog-attribute-consistency-check: Rule 16108,5.813,0,0,1,0,0
20:59:35-MAIN-INFO: fail:16109,PSC-CSV-check: Rule 16109,11.262,0,0,0,9,0
20:59:35-MAIN-INFO: pass:16206,Hipspec-Compliance-check: Rule 16206,5.383,0,0,0,0,0
20:59:35-MAIN-INFO: pass:16215,Checks-that-pins-matching-the-bus-naming-convention-is-defined-within-buses: Rule 16215,11.714,0,0,0,0,0
20:59:35-MAIN-INFO: pass:16217,Flags-pins-that-have-illegal-related_pin-on-timing-arcs: Rule 16217,10.627,0,0,0,0,0
20:59:35-MAIN-INFO: pass:16225,Flags-errors-thrown-by-ship---swizzle-stage: Rule 16225,5.274,0,0,2,0,0
20:59:35-MAIN-INFO: pass:16227,Check-for-custom-cfs: Rule 16227,5.173,0,0,0,0,0
20:59:35-MAIN-INFO: pass:16350,Flags-absolute-links-within-a-directory: Rule 16350,6.930,0,0,0,0,0
20:59:35-MAIN-INFO: fail:16510,Generic-attribute-conditions-check: Rule 16510,16.004,0,1,0,8,0
20:59:35-MAIN-INFO: fail:16704,Runs-OCV-presence-checks: Rule 16704,11.453,0,0,0,3872,0
20:59:35-MAIN-INFO: pass:16712,Flags-duplicate-pvts: Rule 16712,12.913,0,0,0,0,0
20:59:35-MAIN-INFO: pass:21,cell presence contents check: Rule 21,16.889,0,0,0,0,0
20:59:35-MAIN-INFO: pass:"31,32","pin quantity check: Rule 31,32",16.241,0,0,0,0,0
20:59:35-MAIN-INFO: pass:7309,Check pin properties across liberty files: Rule 7309,10.496,0,0,0,0,0
20:59:35-MAIN-INFO: pass:7410,Ensure arcs present for given related_pins: Rule 7410,10.959,0,0,0,0,0
20:59:35-MAIN-INFO: pass:7503,Check for double defined voltage_map: Rule 7503,11.056,0,0,0,0,0
20:59:35-MAIN-INFO: pass:7505,Intra-Liberty Related PG Pin Check: Rule 7505,13.252,0,0,0,0,0
20:59:35-MAIN-INFO: pass:7510,Generic attribute conditions check: Rule 7510,11.431,0,0,0,0,0
20:59:35-MAIN-INFO: pass:7601,Cross-check presence of all tables in NLDM files: Rule 7601,12.966,0,0,0,0,0
20:59:35-MAIN-INFO: pass:7605:OptUserParameters,Check user defined parameters and values in liberty file: Rule 7605,11.533,0,0,0,0,0
20:59:35-MAIN-INFO: pass:7605:UserParameters,Check user defined parameters and values in liberty file: Rule 7605,11.978,0,0,0,0,0
20:59:35-MAIN-INFO: pass:7607,Check the presence of arcs on pins: Rule 7607,13.191,0,0,0,0,0
20:59:35-MAIN-INFO: SUCCESSFUL DIRTY RUN (4 rules failed)
20:59:35-MAIN-INFO: Elapsed time: 0:12:37.922619  (hr:min:sec)
20:59:35-MAIN-INFO: Crossfire Run Completed.
20:59:35-MAIN-INFO: Wrote file: /nfs/site/disks/ipg_scf_00159/ajavidi_ship/SHIP_23ww17d4/arf030b256e1r1w0cbbeheaa4acw_work/ship/ip/arf030b256e1r1w0cbbeheaa4acw/zsc11_sccd245502_27Apr2023_204059/crossfire/crossfire/arf030b256e1r1w0cbbeheaa4acw.uv1.2023_04_27_204657.40423/crossfire_metrics.json
