+-----------------------------------------------------------------------------+
| Executed on    : scc280023           Feeder : arf104b256e1r1w0cbbehcaa4acw_29589_zsc11_scc280023|
| Starting time  : Fri Apr 28  1:18:29 2023                                   |
| Command        : /nfs/site/disks/ipg_scf_00159/ajavidi_ship/SHIP_23ww17d4/arf104b256e1r1w0cbbehcaa4acw_work/ship/ip/arf104b256e1r1w0cbbehcaa4acw/zsc11_scc280023_28Apr2023_005756/.metadata/scripts/checks.qa_wb.checks-qa_wb.run.csh|
+-----------------------------------------------------------------------------+
/p/hdk/pu_tu/prd/ship/23.02.001/bin/ship_sa.pl -block arf104b256e1r1w0cbbehcaa4acw -src checks -dest qa_wb -action run -meta_dir /nfs/site/disks/ipg_scf_00159/ajavidi_ship/SHIP_23ww17d4/arf104b256e1r1w0cbbehcaa4acw_work/ship/ip/arf104b256e1r1w0cbbehcaa4acw/zsc11_scc280023_28Apr2023_005756/.metadata -task checks-qa_wb -meta_prefix ship.default
-I- Loaded /nfs/site/disks/ipg_scf_00159/ajavidi_ship/SHIP_23ww17d4/arf104b256e1r1w0cbbehcaa4acw_work/ship/ip/arf104b256e1r1w0cbbehcaa4acw/zsc11_scc280023_28Apr2023_005756/.metadata/ip_arf104b256e1r1w0cbbehcaa4acw.yml
-I- Loaded /nfs/site/disks/ipg_scf_00159/ajavidi_ship/SHIP_23ww17d4/arf104b256e1r1w0cbbehcaa4acw_work/ship/ip/arf104b256e1r1w0cbbehcaa4acw/zsc11_scc280023_28Apr2023_005756/.metadata/stage_checks_arf104b256e1r1w0cbbehcaa4acw.yml
-I- Loaded /nfs/site/disks/ipg_scf_00159/ajavidi_ship/SHIP_23ww17d4/arf104b256e1r1w0cbbehcaa4acw_work/ship/ip/arf104b256e1r1w0cbbehcaa4acw/zsc11_scc280023_28Apr2023_005756/.metadata/stage_qa_wb_arf104b256e1r1w0cbbehcaa4acw.yml
-I- Writing summary file to /nfs/site/disks/ipg_scf_00159/ajavidi_ship/SHIP_23ww17d4/arf104b256e1r1w0cbbehcaa4acw_work/ship/ip/arf104b256e1r1w0cbbehcaa4acw/zsc11_scc280023_28Apr2023_005756/.metadata/ship.default.qa_wb.run.sum
-I- Loaded /nfs/site/disks/ipg_scf_00159/ajavidi_ship/SHIP_23ww17d4/arf104b256e1r1w0cbbehcaa4acw_work/ship/ip/arf104b256e1r1w0cbbehcaa4acw/zsc11_scc280023_28Apr2023_005756/.metadata/stage_crossfire_arf104b256e1r1w0cbbehcaa4acw.yml
-I- crossfire -> /nfs/site/disks/ipg_scf_00159/ajavidi_ship/SHIP_23ww17d4/arf104b256e1r1w0cbbehcaa4acw_work/ship/ip/arf104b256e1r1w0cbbehcaa4acw/zsc11_scc280023_28Apr2023_005756/crossfire
-I- Loaded /nfs/site/disks/ipg_scf_00159/ajavidi_ship/SHIP_23ww17d4/arf104b256e1r1w0cbbehcaa4acw_work/ship/ip/arf104b256e1r1w0cbbehcaa4acw/zsc11_scc280023_28Apr2023_005756/.metadata/stage_staging_arf104b256e1r1w0cbbehcaa4acw.yml
-I- staging -> /nfs/site/disks/ipg_scf_00159/ajavidi_ship/SHIP_23ww17d4/arf104b256e1r1w0cbbehcaa4acw_work/ship/ip/arf104b256e1r1w0cbbehcaa4acw/zsc11_scc280023_28Apr2023_005756/staging
-I- Mapping /nfs/site/disks/ipg_scf_00159/ajavidi_ship/SHIP_23ww17d4/arf104b256e1r1w0cbbehcaa4acw_work/ship/ip/arf104b256e1r1w0cbbehcaa4acw/zsc11_scc280023_28Apr2023_005756/crossfire to /nfs/site/disks/ipg_scf_00159/ajavidi_ship/SHIP_23ww17d4/arf104b256e1r1w0cbbehcaa4acw_work/ship/ip/arf104b256e1r1w0cbbehcaa4acw/zsc11_scc280023_28Apr2023_005756/staging
-I- Running 13 copy ops from /nfs/site/disks/ipg_scf_00159/ajavidi_ship/SHIP_23ww17d4/arf104b256e1r1w0cbbehcaa4acw_work/ship/ip/arf104b256e1r1w0cbbehcaa4acw/zsc11_scc280023_28Apr2023_005756/crossfire
-I- Writing summary file to /nfs/site/disks/ipg_scf_00159/ajavidi_ship/SHIP_23ww17d4/arf104b256e1r1w0cbbehcaa4acw_work/ship/ip/arf104b256e1r1w0cbbehcaa4acw/zsc11_scc280023_28Apr2023_005756/.metadata/ship.default.qa_wb.run.sum
+-----------------------------------------------------------------------------+
| Exit Status    : 0                                                          |
| Finishing time : Fri Apr 28  1:18:31 2023                                   |
+-----------------------------------------------------------------------------+
