+-----------------------------------------------------------------------------+
| Executed on    : sccc011308          Feeder : arf066b128e1r1w0cbbehsaa4acw_32708_zsc11_sccc011308|
| Starting time  : Thu Apr 27 10:25:25 2023                                   |
| Command        : /nfs/site/disks/ipg_scf_00159/ajavidi_ship/SHIP_23ww17d4/arf066b128e1r1w0cbbehsaa4acw_work/ship/ip/arf066b128e1r1w0cbbehsaa4acw/zsc11_sccc011308_27Apr2023_221738/.metadata/scripts/staging.traceability.staging-traceability.run.csh|
+-----------------------------------------------------------------------------+
/p/hdk/pu_tu/prd/ship/23.02.001/bin/ship_sa.pl -block arf066b128e1r1w0cbbehsaa4acw -src staging -dest traceability -action run -meta_dir /nfs/site/disks/ipg_scf_00159/ajavidi_ship/SHIP_23ww17d4/arf066b128e1r1w0cbbehsaa4acw_work/ship/ip/arf066b128e1r1w0cbbehsaa4acw/zsc11_sccc011308_27Apr2023_221738/.metadata -task staging-traceability -meta_prefix ship.default
-I- Loaded /nfs/site/disks/ipg_scf_00159/ajavidi_ship/SHIP_23ww17d4/arf066b128e1r1w0cbbehsaa4acw_work/ship/ip/arf066b128e1r1w0cbbehsaa4acw/zsc11_sccc011308_27Apr2023_221738/.metadata/ip_arf066b128e1r1w0cbbehsaa4acw.yml
-I- Loaded /nfs/site/disks/ipg_scf_00159/ajavidi_ship/SHIP_23ww17d4/arf066b128e1r1w0cbbehsaa4acw_work/ship/ip/arf066b128e1r1w0cbbehsaa4acw/zsc11_sccc011308_27Apr2023_221738/.metadata/stage_staging_arf066b128e1r1w0cbbehsaa4acw.yml
-I- Loaded /nfs/site/disks/ipg_scf_00159/ajavidi_ship/SHIP_23ww17d4/arf066b128e1r1w0cbbehsaa4acw_work/ship/ip/arf066b128e1r1w0cbbehsaa4acw/zsc11_sccc011308_27Apr2023_221738/.metadata/stage_traceability_arf066b128e1r1w0cbbehsaa4acw.yml
-I- Writing summary file to /nfs/site/disks/ipg_scf_00159/ajavidi_ship/SHIP_23ww17d4/arf066b128e1r1w0cbbehsaa4acw_work/ship/ip/arf066b128e1r1w0cbbehsaa4acw/zsc11_sccc011308_27Apr2023_221738/.metadata/ship.default.traceability.run.sum
-I- Loaded /nfs/site/disks/ipg_scf_00159/ajavidi_ship/SHIP_23ww17d4/arf066b128e1r1w0cbbehsaa4acw_work/ship/ip/arf066b128e1r1w0cbbehsaa4acw/zsc11_sccc011308_27Apr2023_221738/.metadata/stage_staging_arf066b128e1r1w0cbbehsaa4acw.yml
-I- Project library is: not applicable to ARC projects
-I- -fqn switch is: ipghrf_7nm.CMO_SPRF_DMRA0_EV1_UPDATE@.MAINLINE
-I- meta file fqn: ipghrf_7nm.CMO_SPRF_DMRA0_EV1_UPDATE@.MAINLINE
-I- Executing command: ipx ip lineage -ip ipghrf_7nm.CMO_SPRF_DMRA0_EV1_UPDATE@.MAINLINE -logfile none -format flatjson
INFO: IPX completed successfully
-I- Shipped IP will be traced back to this lineage:
-I- ipghrf_7nm.CMO_SPRF_DMRA0_EV1_UPDATE@291.MAINLINE
-I- Writing summary file to /nfs/site/disks/ipg_scf_00159/ajavidi_ship/SHIP_23ww17d4/arf066b128e1r1w0cbbehsaa4acw_work/ship/ip/arf066b128e1r1w0cbbehsaa4acw/zsc11_sccc011308_27Apr2023_221738/.metadata/ship.default.traceability.run.sum
+-----------------------------------------------------------------------------+
| Exit Status    : 0                                                          |
| Finishing time : Thu Apr 27 10:25:30 2023                                   |
+-----------------------------------------------------------------------------+
