+-----------------------------------------------------------------------------+
| Executed on    : scc433003           Feeder : arf028b032e2r2w0cbbehraa4acw_1989_zsc11_scc433003|
| Starting time  : Thu Apr 27  8:33:03 2023                                   |
| Command        : /nfs/site/disks/ipg_scf_00159/ajavidi_ship/SHIP_23ww17d4/arf028b032e2r2w0cbbehraa4acw_work/ship/ip/arf028b032e2r2w0cbbehraa4acw/zsc11_scc433003_27Apr2023_201320/.metadata/scripts/checks.qa_wb.checks-qa_wb.run.csh|
+-----------------------------------------------------------------------------+
/p/hdk/pu_tu/prd/ship/23.02.001/bin/ship_sa.pl -block arf028b032e2r2w0cbbehraa4acw -src checks -dest qa_wb -action run -meta_dir /nfs/site/disks/ipg_scf_00159/ajavidi_ship/SHIP_23ww17d4/arf028b032e2r2w0cbbehraa4acw_work/ship/ip/arf028b032e2r2w0cbbehraa4acw/zsc11_scc433003_27Apr2023_201320/.metadata -task checks-qa_wb -meta_prefix ship.default
-I- Loaded /nfs/site/disks/ipg_scf_00159/ajavidi_ship/SHIP_23ww17d4/arf028b032e2r2w0cbbehraa4acw_work/ship/ip/arf028b032e2r2w0cbbehraa4acw/zsc11_scc433003_27Apr2023_201320/.metadata/ip_arf028b032e2r2w0cbbehraa4acw.yml
-I- Loaded /nfs/site/disks/ipg_scf_00159/ajavidi_ship/SHIP_23ww17d4/arf028b032e2r2w0cbbehraa4acw_work/ship/ip/arf028b032e2r2w0cbbehraa4acw/zsc11_scc433003_27Apr2023_201320/.metadata/stage_checks_arf028b032e2r2w0cbbehraa4acw.yml
-I- Loaded /nfs/site/disks/ipg_scf_00159/ajavidi_ship/SHIP_23ww17d4/arf028b032e2r2w0cbbehraa4acw_work/ship/ip/arf028b032e2r2w0cbbehraa4acw/zsc11_scc433003_27Apr2023_201320/.metadata/stage_qa_wb_arf028b032e2r2w0cbbehraa4acw.yml
-I- Writing summary file to /nfs/site/disks/ipg_scf_00159/ajavidi_ship/SHIP_23ww17d4/arf028b032e2r2w0cbbehraa4acw_work/ship/ip/arf028b032e2r2w0cbbehraa4acw/zsc11_scc433003_27Apr2023_201320/.metadata/ship.default.qa_wb.run.sum
-I- Loaded /nfs/site/disks/ipg_scf_00159/ajavidi_ship/SHIP_23ww17d4/arf028b032e2r2w0cbbehraa4acw_work/ship/ip/arf028b032e2r2w0cbbehraa4acw/zsc11_scc433003_27Apr2023_201320/.metadata/stage_crossfire_arf028b032e2r2w0cbbehraa4acw.yml
-I- crossfire -> /nfs/site/disks/ipg_scf_00159/ajavidi_ship/SHIP_23ww17d4/arf028b032e2r2w0cbbehraa4acw_work/ship/ip/arf028b032e2r2w0cbbehraa4acw/zsc11_scc433003_27Apr2023_201320/crossfire
-I- Loaded /nfs/site/disks/ipg_scf_00159/ajavidi_ship/SHIP_23ww17d4/arf028b032e2r2w0cbbehraa4acw_work/ship/ip/arf028b032e2r2w0cbbehraa4acw/zsc11_scc433003_27Apr2023_201320/.metadata/stage_staging_arf028b032e2r2w0cbbehraa4acw.yml
-I- staging -> /nfs/site/disks/ipg_scf_00159/ajavidi_ship/SHIP_23ww17d4/arf028b032e2r2w0cbbehraa4acw_work/ship/ip/arf028b032e2r2w0cbbehraa4acw/zsc11_scc433003_27Apr2023_201320/staging
-I- Mapping /nfs/site/disks/ipg_scf_00159/ajavidi_ship/SHIP_23ww17d4/arf028b032e2r2w0cbbehraa4acw_work/ship/ip/arf028b032e2r2w0cbbehraa4acw/zsc11_scc433003_27Apr2023_201320/crossfire to /nfs/site/disks/ipg_scf_00159/ajavidi_ship/SHIP_23ww17d4/arf028b032e2r2w0cbbehraa4acw_work/ship/ip/arf028b032e2r2w0cbbehraa4acw/zsc11_scc433003_27Apr2023_201320/staging
-I- Running 13 copy ops from /nfs/site/disks/ipg_scf_00159/ajavidi_ship/SHIP_23ww17d4/arf028b032e2r2w0cbbehraa4acw_work/ship/ip/arf028b032e2r2w0cbbehraa4acw/zsc11_scc433003_27Apr2023_201320/crossfire
-I- Writing summary file to /nfs/site/disks/ipg_scf_00159/ajavidi_ship/SHIP_23ww17d4/arf028b032e2r2w0cbbehraa4acw_work/ship/ip/arf028b032e2r2w0cbbehraa4acw/zsc11_scc433003_27Apr2023_201320/.metadata/ship.default.qa_wb.run.sum
+-----------------------------------------------------------------------------+
| Exit Status    : 0                                                          |
| Finishing time : Thu Apr 27  8:33:05 2023                                   |
+-----------------------------------------------------------------------------+
