-I- Executing command: chdir /nfs/site/disks/ipg_scf_00159/ajavidi_ship/SHIP_23ww17d4/arf104b064e1r1w0cbbehbaa4acw_work/ship/ip/arf104b064e1r1w0cbbehbaa4acw/zsc11_scc242114_27Apr2023_235753/crossfire
-I- Executing command: /p/hdk/pu_tu/prd/ipqa_xfire/23.01.005.p003/bin/crossfire.py --block 'arf104b064e1r1w0cbbehbaa4acw'  --milestone 'uv1'  --review /nfs/site/disks/ipg_scf_00159/ajavidi_ship/SHIP_23ww17d4/arf104b064e1r1w0cbbehbaa4acw_work/ship/ip/arf104b064e1r1w0cbbehbaa4acw/zsc11_scc242114_27Apr2023_235753/crossfire/collateral/ebb/checks/arf104b064e1r1w0cbbehbaa4acw.crossfire.log --location snps_manifest --append_manifest /nfs/site/disks/ipg_scf_00159/ajavidi_ship/SHIP_23ww17d4/arf104b064e1r1w0cbbehbaa4acw_work/ship/ip/arf104b064e1r1w0cbbehbaa4acw/zsc11_scc242114_27Apr2023_235753/crossfire/collateral/ebb/checks/arf104b064e1r1w0cbbehbaa4acw.crossfire.manifest --snps_manifests /nfs/site/disks/ipg_scf_00159/ajavidi_ship/SHIP_23ww17d4/arf104b064e1r1w0cbbehbaa4acw_work/ship/ip/arf104b064e1r1w0cbbehbaa4acw/zsc11_scc242114_27Apr2023_235753/staging/manifest.xml    |& tee /nfs/site/disks/ipg_scf_00159/ajavidi_ship/SHIP_23ww17d4/arf104b064e1r1w0cbbehbaa4acw_work/ship/ip/arf104b064e1r1w0cbbehbaa4acw/zsc11_scc242114_27Apr2023_235753/crossfire/collateral/ebb/checks/arf104b064e1r1w0cbbehbaa4acw.crossfire.run.log
00:06:38-INIT-INFO: Running: /p/hdk/pu_tu/prd/ipqa_xfire/23.01.005.p003/bin/crossfire.py --block arf104b064e1r1w0cbbehbaa4acw --milestone uv1 --review /nfs/site/disks/ipg_scf_00159/ajavidi_ship/SHIP_23ww17d4/arf104b064e1r1w0cbbehbaa4acw_work/ship/ip/arf104b064e1r1w0cbbehbaa4acw/zsc11_scc242114_27Apr2023_235753/crossfire/collateral/ebb/checks/arf104b064e1r1w0cbbehbaa4acw.crossfire.log --location snps_manifest --append_manifest /nfs/site/disks/ipg_scf_00159/ajavidi_ship/SHIP_23ww17d4/arf104b064e1r1w0cbbehbaa4acw_work/ship/ip/arf104b064e1r1w0cbbehbaa4acw/zsc11_scc242114_27Apr2023_235753/crossfire/collateral/ebb/checks/arf104b064e1r1w0cbbehbaa4acw.crossfire.manifest --snps_manifests /nfs/site/disks/ipg_scf_00159/ajavidi_ship/SHIP_23ww17d4/arf104b064e1r1w0cbbehbaa4acw_work/ship/ip/arf104b064e1r1w0cbbehbaa4acw/zsc11_scc242114_27Apr2023_235753/staging/manifest.xml 
00:06:38-INIT-INFO:     block ==> arf104b064e1r1w0cbbehbaa4acw
00:06:38-INIT-INFO:     milestone ==> uv1
00:06:38-INIT-INFO:     location ==> snps_manifest
00:06:38-INIT-INFO:     strict_location ==> False
00:06:38-INIT-INFO:     multi_cell ==> False
00:06:38-INIT-INFO:     snap_test ==> False
00:06:38-INIT-INFO:     crossfire_manual ==> False
00:06:38-INIT-INFO:     shell ==> False
00:06:38-INIT-INFO:     append_manifest ==> /nfs/site/disks/ipg_scf_00159/ajavidi_ship/SHIP_23ww17d4/arf104b064e1r1w0cbbehbaa4acw_work/ship/ip/arf104b064e1r1w0cbbehbaa4acw/zsc11_scc242114_27Apr2023_235753/crossfire/collateral/ebb/checks/arf104b064e1r1w0cbbehbaa4acw.crossfire.manifest
00:06:38-INIT-INFO:     dumpmilestones ==> None
00:06:38-INIT-INFO:     snps_manifests ==> /nfs/site/disks/ipg_scf_00159/ajavidi_ship/SHIP_23ww17d4/arf104b064e1r1w0cbbehbaa4acw_work/ship/ip/arf104b064e1r1w0cbbehbaa4acw/zsc11_scc242114_27Apr2023_235753/staging/manifest.xml
00:06:38-INIT-INFO:     review ==> /nfs/site/disks/ipg_scf_00159/ajavidi_ship/SHIP_23ww17d4/arf104b064e1r1w0cbbehbaa4acw_work/ship/ip/arf104b064e1r1w0cbbehbaa4acw/zsc11_scc242114_27Apr2023_235753/crossfire/collateral/ebb/checks/arf104b064e1r1w0cbbehbaa4acw.crossfire.log
00:06:38-INIT-INFO:     report ==> False
00:06:38-SETUP-INFO: Setting RUNDIR: /nfs/site/disks/ipg_scf_00159/ajavidi_ship/SHIP_23ww17d4/arf104b064e1r1w0cbbehbaa4acw_work/ship/ip/arf104b064e1r1w0cbbehbaa4acw/zsc11_scc242114_27Apr2023_235753/crossfire/crossfire/arf104b064e1r1w0cbbehbaa4acw.uv1.2023_04_28_000638.22124
00:06:38-SETUP-INFO: Creating file: /nfs/site/disks/ipg_scf_00159/ajavidi_ship/SHIP_23ww17d4/arf104b064e1r1w0cbbehbaa4acw_work/ship/ip/arf104b064e1r1w0cbbehbaa4acw/zsc11_scc242114_27Apr2023_235753/crossfire/crossfire/arf104b064e1r1w0cbbehbaa4acw.latest
00:06:38-SETUP-INFO: Vendor help docs can be found by running: firefox /p/hdk/cad/crossfire/2023.2.W07/docs/html/index.html &
00:06:40-MAIN-INFO:   IPQA_ROOT: /p/hdk/pu_tu/prd/ipqa_xfire/23.01.005.p003
00:06:40-MAIN-INFO:   CROSSFIRE_ROOT: /p/hdk/cad/crossfire/2023.2.W07
00:06:45-KVP-INFO: Processing KVP file: /p/hdk/pu_tu/prd/ipqa_xfire/23.01.005.p003/data/default/kvp_cth_query.cfg
00:06:48-MAIN-INFO: Adding FUSIONCOMPILER_DIR to path.
00:06:48-KVP-INFO: Processing KVP file: /p/hdk/pu_tu/prd/ipqa_xfire/23.01.005.p003/data/default/kvp_preloc.cfg
00:06:50-MAIN-INFO: Figuring out what checks to run...
00:06:50-MAIN-INFO: -I- Using config set '1276_plt'
00:06:50-KVP-INFO: Processing KVP file: /nfs/site/disks/ipg_scf_00159/ajavidi_ship/SHIP_23ww17d4/arf104b064e1r1w0cbbehbaa4acw_work/ship/ip/arf104b064e1r1w0cbbehbaa4acw/zsc11_scc242114_27Apr2023_235753/crossfire/crossfire/arf104b064e1r1w0cbbehbaa4acw.uv1.2023_04_28_000638.22124/presetup/kvp_p0.cfg
00:06:53-MAIN-INFO: Reading checks config file: /nfs/site/disks/ipg_scf_00159/ajavidi_ship/SHIP_23ww17d4/arf104b064e1r1w0cbbehbaa4acw_work/ship/ip/arf104b064e1r1w0cbbehbaa4acw/zsc11_scc242114_27Apr2023_235753/crossfire/crossfire/arf104b064e1r1w0cbbehbaa4acw.uv1.2023_04_28_000638.22124/presetup/checks.cfg
00:06:53-MAIN-INFO: Using  manifest.xml file from snps_manifests
00:06:53-MAIN-INFO: manifest_file_use => /nfs/site/disks/ipg_scf_00159/ajavidi_ship/SHIP_23ww17d4/arf104b064e1r1w0cbbehbaa4acw_work/ship/ip/arf104b064e1r1w0cbbehbaa4acw/zsc11_scc242114_27Apr2023_235753/staging/manifest.xml
00:06:53-MAIN-INFO: ----------------------------------------------------------------
00:06:53-MAIN-INFO: Gather pre-populate data files
00:06:53-MAIN-INFO: Location_cfg: /nfs/site/disks/ipg_scf_00159/ajavidi_ship/SHIP_23ww17d4/arf104b064e1r1w0cbbehbaa4acw_work/ship/ip/arf104b064e1r1w0cbbehbaa4acw/zsc11_scc242114_27Apr2023_235753/crossfire/crossfire/arf104b064e1r1w0cbbehbaa4acw.uv1.2023_04_28_000638.22124/presetup/locations_snps_p0.cfg
00:06:53-MAIN-INFO: Manifests provided: /nfs/site/disks/ipg_scf_00159/ajavidi_ship/SHIP_23ww17d4/arf104b064e1r1w0cbbehbaa4acw_work/ship/ip/arf104b064e1r1w0cbbehbaa4acw/zsc11_scc242114_27Apr2023_235753/staging/manifest.xml
00:06:53-MAIN-INFO: Manifest filters provided: 
00:06:53-MAIN-INFO: Running command: /p/hdk/pu_tu/prd/ipqa_xfire/23.01.005.p003/bin/snps_manifest_populate.py -ip arf104b064e1r1w0cbbehbaa4acw -config /nfs/site/disks/ipg_scf_00159/ajavidi_ship/SHIP_23ww17d4/arf104b064e1r1w0cbbehbaa4acw_work/ship/ip/arf104b064e1r1w0cbbehbaa4acw/zsc11_scc242114_27Apr2023_235753/crossfire/crossfire/arf104b064e1r1w0cbbehbaa4acw.uv1.2023_04_28_000638.22124/presetup/locations_snps_p0.cfg -manifest /nfs/site/disks/ipg_scf_00159/ajavidi_ship/SHIP_23ww17d4/arf104b064e1r1w0cbbehbaa4acw_work/ship/ip/arf104b064e1r1w0cbbehbaa4acw/zsc11_scc242114_27Apr2023_235753/staging/manifest.xml -collateral_dir "" -manifest_filter "" -dest /nfs/site/disks/ipg_scf_00159/ajavidi_ship/SHIP_23ww17d4/arf104b064e1r1w0cbbehbaa4acw_work/ship/ip/arf104b064e1r1w0cbbehbaa4acw/zsc11_scc242114_27Apr2023_235753/crossfire/crossfire/arf104b064e1r1w0cbbehbaa4acw.uv1.2023_04_28_000638.22124/data
00:06:53-MAIN-INFO: ----------------------------------------------------------------
00:06:53-MAIN-INFO: Gather previous tag data files
00:06:53-MAIN-INFO: Location_cfg: /nfs/site/disks/ipg_scf_00159/ajavidi_ship/SHIP_23ww17d4/arf104b064e1r1w0cbbehbaa4acw_work/ship/ip/arf104b064e1r1w0cbbehbaa4acw/zsc11_scc242114_27Apr2023_235753/crossfire/crossfire/arf104b064e1r1w0cbbehbaa4acw.uv1.2023_04_28_000638.22124/presetup/locations_snps_p1.cfg
00:06:53-MAIN-INFO: Manifests provided: /nfs/site/disks/ipi7.arc.proj_archive/arc/arf104b064e1r1w0cbbehbaa4acw/ip_handoff/I7E240O4A0UV1RTL1IFC1V1/be/manifest.xml
00:06:53-MAIN-INFO: Manifest filters provided: 
00:06:53-MAIN-INFO: Running command: /p/hdk/pu_tu/prd/ipqa_xfire/23.01.005.p003/bin/snps_manifest_populate.py -ip arf104b064e1r1w0cbbehbaa4acw -config /nfs/site/disks/ipg_scf_00159/ajavidi_ship/SHIP_23ww17d4/arf104b064e1r1w0cbbehbaa4acw_work/ship/ip/arf104b064e1r1w0cbbehbaa4acw/zsc11_scc242114_27Apr2023_235753/crossfire/crossfire/arf104b064e1r1w0cbbehbaa4acw.uv1.2023_04_28_000638.22124/presetup/locations_snps_p1.cfg -manifest /nfs/site/disks/ipi7.arc.proj_archive/arc/arf104b064e1r1w0cbbehbaa4acw/ip_handoff/I7E240O4A0UV1RTL1IFC1V1/be/manifest.xml -collateral_dir "/nfs/site/disks/ipi7.arc.proj_archive/arc/arf104b064e1r1w0cbbehbaa4acw/ip_handoff/I7E240O4A0UV1RTL1IFC1V1/be" -manifest_filter "" -dest /nfs/site/disks/ipg_scf_00159/ajavidi_ship/SHIP_23ww17d4/arf104b064e1r1w0cbbehbaa4acw_work/ship/ip/arf104b064e1r1w0cbbehbaa4acw/zsc11_scc242114_27Apr2023_235753/crossfire/crossfire/arf104b064e1r1w0cbbehbaa4acw.uv1.2023_04_28_000638.22124/data
00:06:53-MAIN-INFO: Location_cfg: /nfs/site/disks/ipg_scf_00159/ajavidi_ship/SHIP_23ww17d4/arf104b064e1r1w0cbbehbaa4acw_work/ship/ip/arf104b064e1r1w0cbbehbaa4acw/zsc11_scc242114_27Apr2023_235753/crossfire/crossfire/arf104b064e1r1w0cbbehbaa4acw.uv1.2023_04_28_000638.22124/presetup/locations_snps_p1.cfg
00:06:53-MAIN-INFO: Manifests provided: /nfs/site/disks/ipi7.arc.proj_archive/arc/arf104b064e1r1w0cbbehbaa4acw/ip_handoff/I7E240O4A0UV1RTL1IFC1V1/fe/manifest.xml
00:06:53-MAIN-INFO: Manifest filters provided: 
00:06:53-MAIN-INFO: Running command: /p/hdk/pu_tu/prd/ipqa_xfire/23.01.005.p003/bin/snps_manifest_populate.py -ip arf104b064e1r1w0cbbehbaa4acw -config /nfs/site/disks/ipg_scf_00159/ajavidi_ship/SHIP_23ww17d4/arf104b064e1r1w0cbbehbaa4acw_work/ship/ip/arf104b064e1r1w0cbbehbaa4acw/zsc11_scc242114_27Apr2023_235753/crossfire/crossfire/arf104b064e1r1w0cbbehbaa4acw.uv1.2023_04_28_000638.22124/presetup/locations_snps_p1.cfg -manifest /nfs/site/disks/ipi7.arc.proj_archive/arc/arf104b064e1r1w0cbbehbaa4acw/ip_handoff/I7E240O4A0UV1RTL1IFC1V1/fe/manifest.xml -collateral_dir "/nfs/site/disks/ipi7.arc.proj_archive/arc/arf104b064e1r1w0cbbehbaa4acw/ip_handoff/I7E240O4A0UV1RTL1IFC1V1/fe" -manifest_filter "" -dest /nfs/site/disks/ipg_scf_00159/ajavidi_ship/SHIP_23ww17d4/arf104b064e1r1w0cbbehbaa4acw_work/ship/ip/arf104b064e1r1w0cbbehbaa4acw/zsc11_scc242114_27Apr2023_235753/crossfire/crossfire/arf104b064e1r1w0cbbehbaa4acw.uv1.2023_04_28_000638.22124/data
00:06:53-KVP-INFO: Processing KVP file: /nfs/site/disks/ipg_scf_00159/ajavidi_ship/SHIP_23ww17d4/arf104b064e1r1w0cbbehbaa4acw_work/ship/ip/arf104b064e1r1w0cbbehbaa4acw/zsc11_scc242114_27Apr2023_235753/crossfire/crossfire/arf104b064e1r1w0cbbehbaa4acw.uv1.2023_04_28_000638.22124/presetup/kvp_p1.cfg
00:06:59-MAIN-INFO: Gathering collateral files ...
00:06:59-MAIN-INFO: ----------------------------------------------------------------
00:06:59-MAIN-INFO: Main data populate from snps manifest
00:06:59-MAIN-INFO: Location_cfg: /nfs/site/disks/ipg_scf_00159/ajavidi_ship/SHIP_23ww17d4/arf104b064e1r1w0cbbehbaa4acw_work/ship/ip/arf104b064e1r1w0cbbehbaa4acw/zsc11_scc242114_27Apr2023_235753/crossfire/crossfire/arf104b064e1r1w0cbbehbaa4acw.uv1.2023_04_28_000638.22124/presetup/locations_snps.cfg
00:06:59-MAIN-INFO: Manifests provided: /nfs/site/disks/ipg_scf_00159/ajavidi_ship/SHIP_23ww17d4/arf104b064e1r1w0cbbehbaa4acw_work/ship/ip/arf104b064e1r1w0cbbehbaa4acw/zsc11_scc242114_27Apr2023_235753/staging/manifest.xml
00:06:59-MAIN-INFO: Manifest filters provided: 
00:06:59-MAIN-INFO: Running command: /p/hdk/pu_tu/prd/ipqa_xfire/23.01.005.p003/bin/snps_manifest_populate.py -ip arf104b064e1r1w0cbbehbaa4acw -config /nfs/site/disks/ipg_scf_00159/ajavidi_ship/SHIP_23ww17d4/arf104b064e1r1w0cbbehbaa4acw_work/ship/ip/arf104b064e1r1w0cbbehbaa4acw/zsc11_scc242114_27Apr2023_235753/crossfire/crossfire/arf104b064e1r1w0cbbehbaa4acw.uv1.2023_04_28_000638.22124/presetup/locations_snps.cfg -manifest /nfs/site/disks/ipg_scf_00159/ajavidi_ship/SHIP_23ww17d4/arf104b064e1r1w0cbbehbaa4acw_work/ship/ip/arf104b064e1r1w0cbbehbaa4acw/zsc11_scc242114_27Apr2023_235753/staging/manifest.xml -collateral_dir "" -manifest_filter "" -dest /nfs/site/disks/ipg_scf_00159/ajavidi_ship/SHIP_23ww17d4/arf104b064e1r1w0cbbehbaa4acw_work/ship/ip/arf104b064e1r1w0cbbehbaa4acw/zsc11_scc242114_27Apr2023_235753/crossfire/crossfire/arf104b064e1r1w0cbbehbaa4acw.uv1.2023_04_28_000638.22124/data
00:07:01-MAIN-INFO: Location compile log file: /nfs/site/disks/ipg_scf_00159/ajavidi_ship/SHIP_23ww17d4/arf104b064e1r1w0cbbehbaa4acw_work/ship/ip/arf104b064e1r1w0cbbehbaa4acw/zsc11_scc242114_27Apr2023_235753/crossfire/crossfire/arf104b064e1r1w0cbbehbaa4acw.uv1.2023_04_28_000638.22124/location.log
00:07:01-MAIN-INFO: Reading loc_file: /nfs/site/disks/ipg_scf_00159/ajavidi_ship/SHIP_23ww17d4/arf104b064e1r1w0cbbehbaa4acw_work/ship/ip/arf104b064e1r1w0cbbehbaa4acw/zsc11_scc242114_27Apr2023_235753/crossfire/crossfire/arf104b064e1r1w0cbbehbaa4acw.uv1.2023_04_28_000638.22124/presetup/locations_shiplog.cfg
00:07:02-KVP-INFO: Processing KVP file: /nfs/site/disks/ipg_scf_00159/ajavidi_ship/SHIP_23ww17d4/arf104b064e1r1w0cbbehbaa4acw_work/ship/ip/arf104b064e1r1w0cbbehbaa4acw/zsc11_scc242114_27Apr2023_235753/crossfire/crossfire/arf104b064e1r1w0cbbehbaa4acw.uv1.2023_04_28_000638.22124/presetup/kvp.cfg
00:07:35-MAIN-INFO: Compiling config ...
00:07:35-MAIN-INFO: Found value for XFIRE_PDK_LAYER_MAP: tf_layermap
00:07:35-MAIN-INFO: Opening file for append: /nfs/site/disks/ipg_scf_00159/ajavidi_ship/SHIP_23ww17d4/arf104b064e1r1w0cbbehbaa4acw_work/ship/ip/arf104b064e1r1w0cbbehbaa4acw/zsc11_scc242114_27Apr2023_235753/crossfire/crossfire/arf104b064e1r1w0cbbehbaa4acw.uv1.2023_04_28_000638.22124/crossfire.compile.log
00:07:50-MAIN-INFO: Active checks: 1103 15105 15106 15112 15118 15122 15133 15206 15211 15214 15217 15301 15302 15304 15305 15306 15308 15315 15321 15322 16002 16015 16024 16026 16029 16040 16041 16042 16043 16044 16046 16048 16107 16108 16109 16200 16206 16215 16217 16225 16227 16350 16510 16704 16712 21 31 32 61 7309 7410 7503 7505 7510 7605 7607 7708 7709 7710
00:08:09-MAIN-INFO: Generated merged CFS file: /nfs/site/disks/ipg_scf_00159/ajavidi_ship/SHIP_23ww17d4/arf104b064e1r1w0cbbehbaa4acw_work/ship/ip/arf104b064e1r1w0cbbehbaa4acw/zsc11_scc242114_27Apr2023_235753/crossfire/crossfire/arf104b064e1r1w0cbbehbaa4acw.uv1.2023_04_28_000638.22124/setup.cfs
00:10:26-MAIN-INFO: Copying /nfs/site/disks/ipg_scf_00159/ajavidi_ship/SHIP_23ww17d4/arf104b064e1r1w0cbbehbaa4acw_work/ship/ip/arf104b064e1r1w0cbbehbaa4acw/zsc11_scc242114_27Apr2023_235753/crossfire/crossfire/arf104b064e1r1w0cbbehbaa4acw.uv1.2023_04_28_000638.22124/presetup/false_messages.filter to /nfs/site/disks/ipg_scf_00159/ajavidi_ship/SHIP_23ww17d4/arf104b064e1r1w0cbbehbaa4acw_work/ship/ip/arf104b064e1r1w0cbbehbaa4acw/zsc11_scc242114_27Apr2023_235753/crossfire/crossfire/arf104b064e1r1w0cbbehbaa4acw.uv1.2023_04_28_000638.22124/data/internal_waivers.filter
00:10:26-MAIN-INFO: Applying internal waivers
00:10:32-MAIN-INFO: Running command: /p/hdk/pu_tu/prd/ipqa_xfire/23.01.005.p003/bin/parallelization.py -c waives.cfg -o /nfs/site/disks/ipg_scf_00159/ajavidi_ship/SHIP_23ww17d4/arf104b064e1r1w0cbbehbaa4acw_work/ship/ip/arf104b064e1r1w0cbbehbaa4acw/zsc11_scc242114_27Apr2023_235753/crossfire/crossfire/arf104b064e1r1w0cbbehbaa4acw.uv1.2023_04_28_000638.22124/split_checks > /nfs/site/disks/ipg_scf_00159/ajavidi_ship/SHIP_23ww17d4/arf104b064e1r1w0cbbehbaa4acw_work/ship/ip/arf104b064e1r1w0cbbehbaa4acw/zsc11_scc242114_27Apr2023_235753/crossfire/crossfire/arf104b064e1r1w0cbbehbaa4acw.uv1.2023_04_28_000638.22124/crossfire.run.log.parallelization
00:10:32-MAIN-INFO: To see status of local checks, look at /nfs/site/disks/ipg_scf_00159/ajavidi_ship/SHIP_23ww17d4/arf104b064e1r1w0cbbehbaa4acw_work/ship/ip/arf104b064e1r1w0cbbehbaa4acw/zsc11_scc242114_27Apr2023_235753/crossfire/crossfire/arf104b064e1r1w0cbbehbaa4acw.uv1.2023_04_28_000638.22124/crossfire.run.log.parallelization
00:10:32-MAIN-INFO: To see status of netbatch checks, look at /nfs/site/disks/ipg_scf_00159/ajavidi_ship/SHIP_23ww17d4/arf104b064e1r1w0cbbehbaa4acw_work/ship/ip/arf104b064e1r1w0cbbehbaa4acw/zsc11_scc242114_27Apr2023_235753/crossfire/crossfire/arf104b064e1r1w0cbbehbaa4acw.uv1.2023_04_28_000638.22124/crossfire.run.log.nblog
00:10:32-MAIN-INFO:   Note: it may take a minute or so before the file starts to be populated
00:21:05-MAIN-INFO: Wrote file: /nfs/site/disks/ipg_scf_00159/ajavidi_ship/SHIP_23ww17d4/arf104b064e1r1w0cbbehbaa4acw_work/ship/ip/arf104b064e1r1w0cbbehbaa4acw/zsc11_scc242114_27Apr2023_235753/crossfire/crossfire/arf104b064e1r1w0cbbehbaa4acw.uv1.2023_04_28_000638.22124/crossfire.run.log.report
00:21:05-MAIN-INFO: Wrote /nfs/site/disks/ipg_scf_00159/ajavidi_ship/SHIP_23ww17d4/arf104b064e1r1w0cbbehbaa4acw_work/ship/ip/arf104b064e1r1w0cbbehbaa4acw/zsc11_scc242114_27Apr2023_235753/crossfire/crossfire/arf104b064e1r1w0cbbehbaa4acw.uv1.2023_04_28_000638.22124/crossfire.run.log
00:21:05-MAIN-INFO: Writing review files ...
00:21:05-MAIN-INFO: Running review command: /p/hdk/pu_tu/prd/ipqa_xfire/23.01.005.p003/bin/write_review.py --mode ship --checks_run /nfs/site/disks/ipg_scf_00159/ajavidi_ship/SHIP_23ww17d4/arf104b064e1r1w0cbbehbaa4acw_work/ship/ip/arf104b064e1r1w0cbbehbaa4acw/zsc11_scc242114_27Apr2023_235753/crossfire/crossfire/arf104b064e1r1w0cbbehbaa4acw.uv1.2023_04_28_000638.22124/crossfire.checks_run --dynamic_log /nfs/site/disks/ipg_scf_00159/ajavidi_ship/SHIP_23ww17d4/arf104b064e1r1w0cbbehbaa4acw_work/ship/ip/arf104b064e1r1w0cbbehbaa4acw/zsc11_scc242114_27Apr2023_235753/crossfire/crossfire/arf104b064e1r1w0cbbehbaa4acw.uv1.2023_04_28_000638.22124/crossfire.dynamic.rules --waived_log /nfs/site/disks/ipg_scf_00159/ajavidi_ship/SHIP_23ww17d4/arf104b064e1r1w0cbbehbaa4acw_work/ship/ip/arf104b064e1r1w0cbbehbaa4acw/zsc11_scc242114_27Apr2023_235753/crossfire/crossfire/arf104b064e1r1w0cbbehbaa4acw.uv1.2023_04_28_000638.22124/crossfire.run.log --output_log /nfs/site/disks/ipg_scf_00159/ajavidi_ship/SHIP_23ww17d4/arf104b064e1r1w0cbbehbaa4acw_work/ship/ip/arf104b064e1r1w0cbbehbaa4acw/zsc11_scc242114_27Apr2023_235753/crossfire/collateral/ebb/checks/arf104b064e1r1w0cbbehbaa4acw.crossfire.log --config /nfs/site/disks/ipg_scf_00159/ajavidi_ship/SHIP_23ww17d4/arf104b064e1r1w0cbbehbaa4acw_work/ship/ip/arf104b064e1r1w0cbbehbaa4acw/zsc11_scc242114_27Apr2023_235753/crossfire/crossfire/arf104b064e1r1w0cbbehbaa4acw.uv1.2023_04_28_000638.22124/presetup/review.cfg --drift 31,32,61,7303,7306,16910/nfs/site/disks/ipg_scf_00159/ajavidi_ship/SHIP_23ww17d4/arf104b064e1r1w0cbbehbaa4acw_work/ship/ip/arf104b064e1r1w0cbbehbaa4acw/zsc11_scc242114_27Apr2023_235753/crossfire/collateral/ebb/checks/arf104b064e1r1w0cbbehbaa4acw.crossfire.manifest --append_manifest 1 --checklist default,31,32,7303,7306 --checklist timing,31,32,15118,16002,7605,16026,16108,16712,16107,16215,7607,7708,7709,7710,7410,7503,16510,16704 --checklist horizontal,61,16227,16217,7505,15106,21,7309,15105,15112,16024,16029,16044,16048,16109,16040,16041,16042,16043,16046,16206,16225,16350,1103,7510,15122,15133,15211,16015,16200 --checklist driftchecks,16910 --checklist lef,15217,15301,15302,15308,15315,15206,15214,15304,15322,15305,15306,15321
00:21:07-MAIN-INFO: fail:rule_number,rule_name,duration,waive,setup_warning,warning,error,fatal
00:21:07-MAIN-INFO: pass:0,parsing: Rule 0,581.640,0,0,1,0,0
00:21:07-MAIN-INFO: pass:1103,Check if the correct related power pins are used in a liberty file: Rule 1103,27.259,0,0,0,0,0
00:21:07-MAIN-INFO: pass:15105,Naming convention check for buses: Rule 15105,12.878,0,1,0,0,0
00:21:07-MAIN-INFO: pass:15106,Check for the presence of a file: Rule 15106,5.877,0,0,0,0,0
00:21:07-MAIN-INFO: pass:15112:Lef_pin_direction_check,Pin direction check: Rule 15112,5.593,0,0,0,0,0
00:21:07-MAIN-INFO: pass:15112:PinDirectionCheck,Pin direction check: Rule 15112,12.180,0,0,0,0,0
00:21:07-MAIN-INFO: pass:15118,Check power and ground pin names: Rule 15118,11.889,0,0,0,0,0
00:21:07-MAIN-INFO: pass:15122,Liberty vs UPF: Rule 15122,15.794,0,0,0,0,0
00:21:07-MAIN-INFO: pass:15133,Analog bidirectional pins check: Rule 15133,13.437,0,0,0,0,0
00:21:07-MAIN-INFO: pass:15206,Layer presence check: Rule 15206,7.787,0,0,0,0,0
00:21:07-MAIN-INFO: pass:15211,Pin location check: Rule 15211,13.214,0,0,0,0,0
00:21:07-MAIN-INFO: pass:15214,Polygon covered by BOUNDARY check: Rule 15214,5.770,0,0,0,0,0
00:21:07-MAIN-INFO: pass:15217,Pin width and length check: Rule 15217,5.864,0,0,0,0,0
00:21:07-MAIN-INFO: pass:15301,LEF CLASS check: Rule 15301,5.296,0,0,0,0,0
00:21:07-MAIN-INFO: pass:15302,LEF ORIGIN and SIZE check: Rule 15302,5.873,0,0,0,0,0
00:21:07-MAIN-INFO: pass:15304,LEF MACRO check: Rule 15304,9.158,0,0,0,0,0
00:21:07-MAIN-INFO: pass:15305,LEF HEADER check: Rule 15305,6.260,0,0,0,0,0
00:21:07-MAIN-INFO: pass:15306,LEF SYMMETRY check: Rule 15306,5.412,1,0,0,0,0
00:21:07-MAIN-INFO: pass:15308,LEF double PINS and rectangles check: Rule 15308,6.531,0,0,0,0,0
00:21:07-MAIN-INFO: pass:15315,LEF presence of sheet and detailed OBS layers check: Rule 15315,6.243,0,1,0,0,0
00:21:07-MAIN-INFO: pass:16002,compiles-lib-in-current-environment: Rule 16002,261.346,0,0,0,0,0
00:21:07-MAIN-INFO: pass:16015,Check-for-PIN-types-defined-in-attribute.xml: Rule 16015,5.593,0,0,0,0,0
00:21:07-MAIN-INFO: pass:16024,Check-for-ip2sd-error-messages: Rule 16024,5.803,0,0,6,0,0
00:21:07-MAIN-INFO: pass:16026,NDM-load-ability-check: Rule 16026,29.866,0,0,0,0,0
00:21:07-MAIN-INFO: pass:16029,Reports-UPF-sourcing-errors: Rule 16029,6.110,0,0,0,0,0
00:21:07-MAIN-INFO: pass:16048,Checks-attribute-value-in-attribute.XML: Rule 16048,5.339,0,0,1,0,0
00:21:07-MAIN-INFO: pass:16107,Liberty-file-naming-rule-check.: Rule 16107,13.371,0,0,0,0,0
00:21:07-MAIN-INFO: pass:16108,Analog-attribute-consistency-check: Rule 16108,5.973,0,0,1,0,0
00:21:07-MAIN-INFO: fail:16109,PSC-CSV-check: Rule 16109,11.565,0,0,0,9,0
00:21:07-MAIN-INFO: pass:16206,Hipspec-Compliance-check: Rule 16206,5.620,0,0,0,0,0
00:21:07-MAIN-INFO: pass:16215,Checks-that-pins-matching-the-bus-naming-convention-is-defined-within-buses: Rule 16215,10.423,0,0,0,0,0
00:21:07-MAIN-INFO: pass:16217,Flags-pins-that-have-illegal-related_pin-on-timing-arcs: Rule 16217,16.380,0,0,0,0,0
00:21:07-MAIN-INFO: pass:16225,Flags-errors-thrown-by-ship---swizzle-stage: Rule 16225,8.313,0,0,2,0,0
00:21:07-MAIN-INFO: pass:16227,Check-for-custom-cfs: Rule 16227,5.602,0,0,0,0,0
00:21:07-MAIN-INFO: pass:16350,Flags-absolute-links-within-a-directory: Rule 16350,5.106,0,0,0,0,0
00:21:07-MAIN-INFO: fail:16510,Generic-attribute-conditions-check: Rule 16510,17.421,0,1,0,8,0
00:21:07-MAIN-INFO: fail:16704,Runs-OCV-presence-checks: Rule 16704,13.825,0,0,0,11040,0
00:21:07-MAIN-INFO: pass:16712,Flags-duplicate-pvts: Rule 16712,12.055,0,0,0,0,0
00:21:07-MAIN-INFO: pass:21,cell presence contents check: Rule 21,19.232,0,0,0,0,0
00:21:07-MAIN-INFO: pass:"31,32","pin quantity check: Rule 31,32",16.959,0,0,0,0,0
00:21:07-MAIN-INFO: pass:7309,Check pin properties across liberty files: Rule 7309,10.920,0,0,0,0,0
00:21:07-MAIN-INFO: pass:7410,Ensure arcs present for given related_pins: Rule 7410,11.678,0,0,0,0,0
00:21:07-MAIN-INFO: pass:7503,Check for double defined voltage_map: Rule 7503,10.689,0,0,0,0,0
00:21:07-MAIN-INFO: pass:7505,Intra-Liberty Related PG Pin Check: Rule 7505,16.205,0,0,0,0,0
00:21:07-MAIN-INFO: pass:7510,Generic attribute conditions check: Rule 7510,14.174,0,0,0,0,0
00:21:07-MAIN-INFO: pass:7601,Cross-check presence of all tables in NLDM files: Rule 7601,17.363,0,0,0,0,0
00:21:07-MAIN-INFO: pass:7605:OptUserParameters,Check user defined parameters and values in liberty file: Rule 7605,12.035,0,0,0,0,0
00:21:07-MAIN-INFO: pass:7605:UserParameters,Check user defined parameters and values in liberty file: Rule 7605,10.841,0,0,0,0,0
00:21:07-MAIN-INFO: pass:7607,Check the presence of arcs on pins: Rule 7607,12.403,0,0,0,0,0
00:21:07-MAIN-INFO: SUCCESSFUL DIRTY RUN (4 rules failed)
00:21:07-MAIN-INFO: Elapsed time: 0:14:29.335330  (hr:min:sec)
00:21:07-MAIN-INFO: Crossfire Run Completed.
00:21:07-MAIN-INFO: Wrote file: /nfs/site/disks/ipg_scf_00159/ajavidi_ship/SHIP_23ww17d4/arf104b064e1r1w0cbbehbaa4acw_work/ship/ip/arf104b064e1r1w0cbbehbaa4acw/zsc11_scc242114_27Apr2023_235753/crossfire/crossfire/arf104b064e1r1w0cbbehbaa4acw.uv1.2023_04_28_000638.22124/crossfire_metrics.json
