+-----------------------------------------------------------------------------+
| Executed on    : scc018130           Feeder : arf192b080e1r1w0cbbehbaa4acw_11622_zsc11_scc018130|
| Starting time  : Fri Apr 28  3:49:54 2023                                   |
| Command        : /nfs/site/disks/ipg_scf_00159/ajavidi_ship/SHIP_23ww17d4/arf192b080e1r1w0cbbehbaa4acw_work/ship/ip/arf192b080e1r1w0cbbehbaa4acw/zsc11_scc018130_28Apr2023_034747/.metadata/scripts/viewgen.ip2sd.viewgen-ip2sd.run.csh|
+-----------------------------------------------------------------------------+
/p/hdk/pu_tu/prd/ship/23.02.001/bin/ship_sa.pl -block arf192b080e1r1w0cbbehbaa4acw -src viewgen -dest ip2sd -action run -meta_dir /nfs/site/disks/ipg_scf_00159/ajavidi_ship/SHIP_23ww17d4/arf192b080e1r1w0cbbehbaa4acw_work/ship/ip/arf192b080e1r1w0cbbehbaa4acw/zsc11_scc018130_28Apr2023_034747/.metadata -task viewgen-ip2sd -meta_prefix ship.default
-I- Loaded /nfs/site/disks/ipg_scf_00159/ajavidi_ship/SHIP_23ww17d4/arf192b080e1r1w0cbbehbaa4acw_work/ship/ip/arf192b080e1r1w0cbbehbaa4acw/zsc11_scc018130_28Apr2023_034747/.metadata/ip_arf192b080e1r1w0cbbehbaa4acw.yml
-I- Loaded /nfs/site/disks/ipg_scf_00159/ajavidi_ship/SHIP_23ww17d4/arf192b080e1r1w0cbbehbaa4acw_work/ship/ip/arf192b080e1r1w0cbbehbaa4acw/zsc11_scc018130_28Apr2023_034747/.metadata/stage_viewgen_arf192b080e1r1w0cbbehbaa4acw.yml
-I- Loaded /nfs/site/disks/ipg_scf_00159/ajavidi_ship/SHIP_23ww17d4/arf192b080e1r1w0cbbehbaa4acw_work/ship/ip/arf192b080e1r1w0cbbehbaa4acw/zsc11_scc018130_28Apr2023_034747/.metadata/stage_ip2sd_arf192b080e1r1w0cbbehbaa4acw.yml
-I- Writing summary file to /nfs/site/disks/ipg_scf_00159/ajavidi_ship/SHIP_23ww17d4/arf192b080e1r1w0cbbehbaa4acw_work/ship/ip/arf192b080e1r1w0cbbehbaa4acw/zsc11_scc018130_28Apr2023_034747/.metadata/ship.default.ip2sd.run.sum
-I- Executing command: mkdir -p /nfs/site/disks/ipg_scf_00159/ajavidi_ship/SHIP_23ww17d4/arf192b080e1r1w0cbbehbaa4acw_work/ship/ip/arf192b080e1r1w0cbbehbaa4acw/zsc11_scc018130_28Apr2023_034747/ip2sd
-I- 	Name:       arf192b080e1r1w0cbbehbaa4acw
-I- 	Source directory: /nfs/site/disks/ipg_scf_00159/ajavidi_ship/SHIP_23ww17d4/arf192b080e1r1w0cbbehbaa4acw_work/ship/ip/arf192b080e1r1w0cbbehbaa4acw/zsc11_scc018130_28Apr2023_034747/unpacked
-I- 	Dest dir:   /nfs/site/disks/ipg_scf_00159/ajavidi_ship/SHIP_23ww17d4/arf192b080e1r1w0cbbehbaa4acw_work/ship/ip/arf192b080e1r1w0cbbehbaa4acw/zsc11_scc018130_28Apr2023_034747/ip2sd
-I- Found manifests:
-I- /nfs/site/disks/ipg_scf_00159/ajavidi_ship/SHIP_23ww17d4/arf192b080e1r1w0cbbehbaa4acw_work/ship/ip/arf192b080e1r1w0cbbehbaa4acw/zsc11_scc018130_28Apr2023_034747/unpacked/manifest.xml
-I- Delegating manifest populate to IP2SD
-I- PDK dir == /p/hdk/cad/pdk/pdk764_r0.9.1HP2_23ww14.5
-I- Setting up PROCESS_DOT from /p/hdk/cad/pdk/pdk764_r0.9.1HP2_23ww14.5/etc/kit.index.yaml
-I- PROESS_DOT : 4
-I- Picking up the tech values from PDK_DIR : /p/hdk/cad/pdk/pdk764_r0.9.1HP2_23ww14.5 and /p/hdk/cad/pdk/pdk764_r0.9.1HP2_23ww14.5/etc/kit.index.yaml: 
-I- Saving breadcrumb to /nfs/site/disks/ipg_scf_00159/ajavidi_ship/SHIP_23ww17d4/arf192b080e1r1w0cbbehbaa4acw_work/ship/ip/arf192b080e1r1w0cbbehbaa4acw/zsc11_scc018130_28Apr2023_034747/ip2sd/breadcrumb.pm
-I- Found G_TECH_FILE path: /p/hdk/cad/pdk/pdk764_r0.9.1HP2_23ww14.5/apr/synopsys/tech/m20_6x_4ya_2yb_2yc_2yd_2ye_1ga_mim3x_1gb__bumpp/g1m_8dg_50pp_tp4/p1276_icc2.tf
-I- Found G_NDM2GDS_LAYER_MAP path: /p/hdk/cad/pdk/pdk764_r0.9.1HP2_23ww14.5/apr/synopsys/tech/m20_6x_4ya_2yb_2yc_2yd_2ye_1ga_mim3x_1gb__bumpp/g1m_8dg_50pp_tp4/1276Ndm2GdsLayerMap
-I- Executing command: mkdir -p /nfs/site/disks/ipg_scf_00159/ajavidi_ship/SHIP_23ww17d4/arf192b080e1r1w0cbbehbaa4acw_work/cfg/
-I- Running ip2sd...
-I- Executing command: mkdir -p /nfs/site/disks/ipg_scf_00159/ajavidi_ship/SHIP_23ww17d4/arf192b080e1r1w0cbbehbaa4acw_work/ship/ip/arf192b080e1r1w0cbbehbaa4acw/zsc11_scc018130_28Apr2023_034747/ip2sd/ip2sd/logs/arf192b080e1r1w0cbbehbaa4acw/
-I- Setup script '/nfs/site/disks/ipg_scf_00159/ajavidi_ship/SHIP_23ww17d4/arf192b080e1r1w0cbbehbaa4acw_work/ship/cmdline/zsc11_scc018130_28Apr2023_034747/arf192b080e1r1w0cbbehbaa4acw/ip2sd.cmdline' was created
-I- Running commands in subprocess with filtered output (?^:.*). See full output at /nfs/site/disks/ipg_scf_00159/ajavidi_ship/SHIP_23ww17d4/arf192b080e1r1w0cbbehbaa4acw_work/ship/log/arf192b080e1r1w0cbbehbaa4acw/zsc11_scc018130_28Apr2023_034747/arf192b080e1r1w0cbbehbaa4acw.ip2sd.stdout.log
-I- ### Enter subshell ###
-I- Executing command: tcsh -f /nfs/site/disks/ipg_scf_00159/ajavidi_ship/SHIP_23ww17d4/arf192b080e1r1w0cbbehbaa4acw_work/ship/cmdline/zsc11_scc018130_28Apr2023_034747/arf192b080e1r1w0cbbehbaa4acw/ip2sd.cmdline |& tee /nfs/site/disks/ipg_scf_00159/ajavidi_ship/SHIP_23ww17d4/arf192b080e1r1w0cbbehbaa4acw_work/ship/log/arf192b080e1r1w0cbbehbaa4acw/zsc11_scc018130_28Apr2023_034747/arf192b080e1r1w0cbbehbaa4acw.ip2sd.stdout.log
-I- Executing command: chdir /nfs/site/disks/ipg_scf_00159/ajavidi_ship/SHIP_23ww17d4/arf192b080e1r1w0cbbehbaa4acw_work/ship/ip/arf192b080e1r1w0cbbehbaa4acw/zsc11_scc018130_28Apr2023_034747/ip2sd
-I- Executing command: /p/hdk/pu_tu/prd/ip2sd/23.02.001/bin/ip2sd.pl -block arf192b080e1r1w0cbbehbaa4acw -manifest /nfs/site/disks/ipg_scf_00159/ajavidi_ship/SHIP_23ww17d4/arf192b080e1r1w0cbbehbaa4acw_work/ship/ip/arf192b080e1r1w0cbbehbaa4acw/zsc11_scc018130_28Apr2023_034747/unpacked/manifest.xml -mode ip2soc | tee -ai /nfs/site/disks/ipg_scf_00159/ajavidi_ship/SHIP_23ww17d4/arf192b080e1r1w0cbbehbaa4acw_work/ship/ip/arf192b080e1r1w0cbbehbaa4acw/zsc11_scc018130_28Apr2023_034747/ip2sd/ip2sd/logs/arf192b080e1r1w0cbbehbaa4acw/ip2sd.log

ip2sd.pl: Resulting Program Options:
  block = "arf192b080e1r1w0cbbehbaa4acw"
  workarea = ""
  mode = "ip2soc"
  stages = "updatecfg,libMerge,checkinputs,libprep,genlef,ebb2oas,hackLib,lib2ldb,ebb2ndm,ndm4tm"
  manifest = "/nfs/site/disks/ipg_scf_00159/ajavidi_ship/SHIP_23ww17d4/arf192b080e1r1w0cbbehbaa4acw_work/ship/ip/arf192b080e1r1w0cbbehbaa4acw/zsc11_scc018130_28Apr2023_034747/unpacked/manifest.xml"
  skip_stages = ""
  debug = "0"
  opts = ""
  help = "0"

ip2sd.pl: Program operations - Starting
-I- Running data populate from /nfs/site/disks/ipg_scf_00159/ajavidi_ship/SHIP_23ww17d4/arf192b080e1r1w0cbbehbaa4acw_work/ship/ip/arf192b080e1r1w0cbbehbaa4acw/zsc11_scc018130_28Apr2023_034747/unpacked/manifest.xml
2023/04/28 03:49:58 Populating data from /nfs/site/disks/ipg_scf_00159/ajavidi_ship/SHIP_23ww17d4/arf192b080e1r1w0cbbehbaa4acw_work/ship/ip/arf192b080e1r1w0cbbehbaa4acw/zsc11_scc018130_28Apr2023_034747/unpacked/manifest.xml to /nfs/site/disks/ipg_scf_00159/ajavidi_ship/SHIP_23ww17d4/arf192b080e1r1w0cbbehbaa4acw_work/ship/ip/arf192b080e1r1w0cbbehbaa4acw/zsc11_scc018130_28Apr2023_034747/ip2sd
2023/04/28 03:49:59 Writing updated manifest to /nfs/site/disks/ipg_scf_00159/ajavidi_ship/SHIP_23ww17d4/arf192b080e1r1w0cbbehbaa4acw_work/ship/ip/arf192b080e1r1w0cbbehbaa4acw/zsc11_scc018130_28Apr2023_034747/ip2sd/manifest.xml
2023/04/28 03:49:59 Manifest populate from /nfs/site/disks/ipg_scf_00159/ajavidi_ship/SHIP_23ww17d4/arf192b080e1r1w0cbbehbaa4acw_work/ship/ip/arf192b080e1r1w0cbbehbaa4acw/zsc11_scc018130_28Apr2023_034747/unpacked/manifest.xml to /nfs/site/disks/ipg_scf_00159/ajavidi_ship/SHIP_23ww17d4/arf192b080e1r1w0cbbehbaa4acw_work/ship/ip/arf192b080e1r1w0cbbehbaa4acw/zsc11_scc018130_28Apr2023_034747/ip2sd returned 0
-I- Running stage updatecfg with:
/usr/intel/bin/tcsh -cf "source /nfs/site/disks/ipg_scf_00159/ajavidi_ship/SHIP_23ww17d4/arf192b080e1r1w0cbbehbaa4acw_work/ship/ip/arf192b080e1r1w0cbbehbaa4acw/zsc11_scc018130_28Apr2023_034747/ip2sd/ip2sd/ip/arf192b080e1r1w0cbbehbaa4acw/ip2sd_updatecfg/stage.csh" > /nfs/site/disks/ipg_scf_00159/ajavidi_ship/SHIP_23ww17d4/arf192b080e1r1w0cbbehbaa4acw_work/ship/ip/arf192b080e1r1w0cbbehbaa4acw/zsc11_scc018130_28Apr2023_034747/ip2sd/ip2sd/logs/arf192b080e1r1w0cbbehbaa4acw/ip2sd_updatecfg.log 2>&1
-I- Done Running stage: updatecfg.
-I- Running stage libMerge with:
/usr/intel/bin/tcsh -cf "source /nfs/site/disks/ipg_scf_00159/ajavidi_ship/SHIP_23ww17d4/arf192b080e1r1w0cbbehbaa4acw_work/ship/ip/arf192b080e1r1w0cbbehbaa4acw/zsc11_scc018130_28Apr2023_034747/ip2sd/ip2sd/ip/arf192b080e1r1w0cbbehbaa4acw/ip2sd_libMerge/stage.csh" > /nfs/site/disks/ipg_scf_00159/ajavidi_ship/SHIP_23ww17d4/arf192b080e1r1w0cbbehbaa4acw_work/ship/ip/arf192b080e1r1w0cbbehbaa4acw/zsc11_scc018130_28Apr2023_034747/ip2sd/ip2sd/logs/arf192b080e1r1w0cbbehbaa4acw/ip2sd_libMerge.log 2>&1
-I- Done Running stage: libMerge.
-I- Running stage checkinputs with:
/usr/intel/bin/tcsh -cf "source /nfs/site/disks/ipg_scf_00159/ajavidi_ship/SHIP_23ww17d4/arf192b080e1r1w0cbbehbaa4acw_work/ship/ip/arf192b080e1r1w0cbbehbaa4acw/zsc11_scc018130_28Apr2023_034747/ip2sd/ip2sd/ip/arf192b080e1r1w0cbbehbaa4acw/ip2sd_checkinputs/stage.csh" > /nfs/site/disks/ipg_scf_00159/ajavidi_ship/SHIP_23ww17d4/arf192b080e1r1w0cbbehbaa4acw_work/ship/ip/arf192b080e1r1w0cbbehbaa4acw/zsc11_scc018130_28Apr2023_034747/ip2sd/ip2sd/logs/arf192b080e1r1w0cbbehbaa4acw/ip2sd_checkinputs.log 2>&1
-I- Done Running stage: checkinputs.
-I- Running stage libprep with:
/usr/intel/bin/tcsh -cf "source /nfs/site/disks/ipg_scf_00159/ajavidi_ship/SHIP_23ww17d4/arf192b080e1r1w0cbbehbaa4acw_work/ship/ip/arf192b080e1r1w0cbbehbaa4acw/zsc11_scc018130_28Apr2023_034747/ip2sd/ip2sd/ip/arf192b080e1r1w0cbbehbaa4acw/ip2sd_libprep/stage.csh" > /nfs/site/disks/ipg_scf_00159/ajavidi_ship/SHIP_23ww17d4/arf192b080e1r1w0cbbehbaa4acw_work/ship/ip/arf192b080e1r1w0cbbehbaa4acw/zsc11_scc018130_28Apr2023_034747/ip2sd/ip2sd/logs/arf192b080e1r1w0cbbehbaa4acw/ip2sd_libprep.log 2>&1
-I- Done Running stage: libprep.
-I- Running stage genlef with:
/usr/intel/bin/tcsh -cf "source /nfs/site/disks/ipg_scf_00159/ajavidi_ship/SHIP_23ww17d4/arf192b080e1r1w0cbbehbaa4acw_work/ship/ip/arf192b080e1r1w0cbbehbaa4acw/zsc11_scc018130_28Apr2023_034747/ip2sd/ip2sd/ip/arf192b080e1r1w0cbbehbaa4acw/ip2sd_genlef/stage.csh" > /nfs/site/disks/ipg_scf_00159/ajavidi_ship/SHIP_23ww17d4/arf192b080e1r1w0cbbehbaa4acw_work/ship/ip/arf192b080e1r1w0cbbehbaa4acw/zsc11_scc018130_28Apr2023_034747/ip2sd/ip2sd/logs/arf192b080e1r1w0cbbehbaa4acw/ip2sd_genlef.log 2>&1
-I- Done Running stage: genlef.
-I- Running stage ebb2oas with:
/usr/intel/bin/tcsh -cf "source /nfs/site/disks/ipg_scf_00159/ajavidi_ship/SHIP_23ww17d4/arf192b080e1r1w0cbbehbaa4acw_work/ship/ip/arf192b080e1r1w0cbbehbaa4acw/zsc11_scc018130_28Apr2023_034747/ip2sd/ip2sd/ip/arf192b080e1r1w0cbbehbaa4acw/ip2sd_ebb2oas/stage.csh" > /nfs/site/disks/ipg_scf_00159/ajavidi_ship/SHIP_23ww17d4/arf192b080e1r1w0cbbehbaa4acw_work/ship/ip/arf192b080e1r1w0cbbehbaa4acw/zsc11_scc018130_28Apr2023_034747/ip2sd/ip2sd/logs/arf192b080e1r1w0cbbehbaa4acw/ip2sd_ebb2oas.log 2>&1
-I- Done Running stage: ebb2oas.
-I- Running stage hackLib with:
/usr/intel/bin/tcsh -cf "source /nfs/site/disks/ipg_scf_00159/ajavidi_ship/SHIP_23ww17d4/arf192b080e1r1w0cbbehbaa4acw_work/ship/ip/arf192b080e1r1w0cbbehbaa4acw/zsc11_scc018130_28Apr2023_034747/ip2sd/ip2sd/ip/arf192b080e1r1w0cbbehbaa4acw/ip2sd_hackLib/stage.csh" > /nfs/site/disks/ipg_scf_00159/ajavidi_ship/SHIP_23ww17d4/arf192b080e1r1w0cbbehbaa4acw_work/ship/ip/arf192b080e1r1w0cbbehbaa4acw/zsc11_scc018130_28Apr2023_034747/ip2sd/ip2sd/logs/arf192b080e1r1w0cbbehbaa4acw/ip2sd_hackLib.log 2>&1
-I- Done Running stage: hackLib.
-I- Running stage lib2ldb with:
/usr/intel/bin/tcsh -cf "source /nfs/site/disks/ipg_scf_00159/ajavidi_ship/SHIP_23ww17d4/arf192b080e1r1w0cbbehbaa4acw_work/ship/ip/arf192b080e1r1w0cbbehbaa4acw/zsc11_scc018130_28Apr2023_034747/ip2sd/ip2sd/ip/arf192b080e1r1w0cbbehbaa4acw/ip2sd_lib2ldb/stage.csh" > /nfs/site/disks/ipg_scf_00159/ajavidi_ship/SHIP_23ww17d4/arf192b080e1r1w0cbbehbaa4acw_work/ship/ip/arf192b080e1r1w0cbbehbaa4acw/zsc11_scc018130_28Apr2023_034747/ip2sd/ip2sd/logs/arf192b080e1r1w0cbbehbaa4acw/ip2sd_lib2ldb.log 2>&1
-I- Done Running stage: lib2ldb.
-I- Running stage ebb2ndm with:
/usr/intel/bin/tcsh -cf "source /nfs/site/disks/ipg_scf_00159/ajavidi_ship/SHIP_23ww17d4/arf192b080e1r1w0cbbehbaa4acw_work/ship/ip/arf192b080e1r1w0cbbehbaa4acw/zsc11_scc018130_28Apr2023_034747/ip2sd/ip2sd/ip/arf192b080e1r1w0cbbehbaa4acw/ip2sd_ebb2ndm/stage.csh" > /nfs/site/disks/ipg_scf_00159/ajavidi_ship/SHIP_23ww17d4/arf192b080e1r1w0cbbehbaa4acw_work/ship/ip/arf192b080e1r1w0cbbehbaa4acw/zsc11_scc018130_28Apr2023_034747/ip2sd/ip2sd/logs/arf192b080e1r1w0cbbehbaa4acw/ip2sd_ebb2ndm.log 2>&1
-I- Done Running stage: ebb2ndm.
-I- Running stage ndm4tm with:
/usr/intel/bin/tcsh -cf "source /nfs/site/disks/ipg_scf_00159/ajavidi_ship/SHIP_23ww17d4/arf192b080e1r1w0cbbehbaa4acw_work/ship/ip/arf192b080e1r1w0cbbehbaa4acw/zsc11_scc018130_28Apr2023_034747/ip2sd/ip2sd/ip/arf192b080e1r1w0cbbehbaa4acw/ip2sd_ndm4tm/stage.csh" > /nfs/site/disks/ipg_scf_00159/ajavidi_ship/SHIP_23ww17d4/arf192b080e1r1w0cbbehbaa4acw_work/ship/ip/arf192b080e1r1w0cbbehbaa4acw/zsc11_scc018130_28Apr2023_034747/ip2sd/ip2sd/logs/arf192b080e1r1w0cbbehbaa4acw/ip2sd_ndm4tm.log 2>&1
-I- Done Running stage: ndm4tm.
Ip2sd Passed

ip2sd.pl: Program operations - Done
-I- ### Exit subshell: 0 ###
-I- Writing summary file to /nfs/site/disks/ipg_scf_00159/ajavidi_ship/SHIP_23ww17d4/arf192b080e1r1w0cbbehbaa4acw_work/ship/ip/arf192b080e1r1w0cbbehbaa4acw/zsc11_scc018130_28Apr2023_034747/.metadata/ship.default.ip2sd.run.sum
+-----------------------------------------------------------------------------+
| Exit Status    : 0                                                          |
| Finishing time : Fri Apr 28  3:56:37 2023                                   |
+-----------------------------------------------------------------------------+
