-I- Executing command: chdir /nfs/site/disks/ipg_scf_00159/ajavidi_ship/SHIP_23ww17d4/arf192b080e1r1w0cbbehbaa4acw_work/ship/ip/arf192b080e1r1w0cbbehbaa4acw/zsc11_scc018130_28Apr2023_034747/ip2sd
-I- Executing command: /p/hdk/pu_tu/prd/ip2sd/23.02.001/bin/ip2sd.pl -block arf192b080e1r1w0cbbehbaa4acw -manifest /nfs/site/disks/ipg_scf_00159/ajavidi_ship/SHIP_23ww17d4/arf192b080e1r1w0cbbehbaa4acw_work/ship/ip/arf192b080e1r1w0cbbehbaa4acw/zsc11_scc018130_28Apr2023_034747/unpacked/manifest.xml -mode ip2soc | tee -ai /nfs/site/disks/ipg_scf_00159/ajavidi_ship/SHIP_23ww17d4/arf192b080e1r1w0cbbehbaa4acw_work/ship/ip/arf192b080e1r1w0cbbehbaa4acw/zsc11_scc018130_28Apr2023_034747/ip2sd/ip2sd/logs/arf192b080e1r1w0cbbehbaa4acw/ip2sd.log

ip2sd.pl: Resulting Program Options:
  block = "arf192b080e1r1w0cbbehbaa4acw"
  workarea = ""
  mode = "ip2soc"
  stages = "updatecfg,libMerge,checkinputs,libprep,genlef,ebb2oas,hackLib,lib2ldb,ebb2ndm,ndm4tm"
  manifest = "/nfs/site/disks/ipg_scf_00159/ajavidi_ship/SHIP_23ww17d4/arf192b080e1r1w0cbbehbaa4acw_work/ship/ip/arf192b080e1r1w0cbbehbaa4acw/zsc11_scc018130_28Apr2023_034747/unpacked/manifest.xml"
  skip_stages = ""
  debug = "0"
  opts = ""
  help = "0"

ip2sd.pl: Program operations - Starting
-I- Running data populate from /nfs/site/disks/ipg_scf_00159/ajavidi_ship/SHIP_23ww17d4/arf192b080e1r1w0cbbehbaa4acw_work/ship/ip/arf192b080e1r1w0cbbehbaa4acw/zsc11_scc018130_28Apr2023_034747/unpacked/manifest.xml
2023/04/28 03:49:58 Populating data from /nfs/site/disks/ipg_scf_00159/ajavidi_ship/SHIP_23ww17d4/arf192b080e1r1w0cbbehbaa4acw_work/ship/ip/arf192b080e1r1w0cbbehbaa4acw/zsc11_scc018130_28Apr2023_034747/unpacked/manifest.xml to /nfs/site/disks/ipg_scf_00159/ajavidi_ship/SHIP_23ww17d4/arf192b080e1r1w0cbbehbaa4acw_work/ship/ip/arf192b080e1r1w0cbbehbaa4acw/zsc11_scc018130_28Apr2023_034747/ip2sd
2023/04/28 03:49:59 Writing updated manifest to /nfs/site/disks/ipg_scf_00159/ajavidi_ship/SHIP_23ww17d4/arf192b080e1r1w0cbbehbaa4acw_work/ship/ip/arf192b080e1r1w0cbbehbaa4acw/zsc11_scc018130_28Apr2023_034747/ip2sd/manifest.xml
2023/04/28 03:49:59 Manifest populate from /nfs/site/disks/ipg_scf_00159/ajavidi_ship/SHIP_23ww17d4/arf192b080e1r1w0cbbehbaa4acw_work/ship/ip/arf192b080e1r1w0cbbehbaa4acw/zsc11_scc018130_28Apr2023_034747/unpacked/manifest.xml to /nfs/site/disks/ipg_scf_00159/ajavidi_ship/SHIP_23ww17d4/arf192b080e1r1w0cbbehbaa4acw_work/ship/ip/arf192b080e1r1w0cbbehbaa4acw/zsc11_scc018130_28Apr2023_034747/ip2sd returned 0
-I- Running stage updatecfg with:
/usr/intel/bin/tcsh -cf "source /nfs/site/disks/ipg_scf_00159/ajavidi_ship/SHIP_23ww17d4/arf192b080e1r1w0cbbehbaa4acw_work/ship/ip/arf192b080e1r1w0cbbehbaa4acw/zsc11_scc018130_28Apr2023_034747/ip2sd/ip2sd/ip/arf192b080e1r1w0cbbehbaa4acw/ip2sd_updatecfg/stage.csh" > /nfs/site/disks/ipg_scf_00159/ajavidi_ship/SHIP_23ww17d4/arf192b080e1r1w0cbbehbaa4acw_work/ship/ip/arf192b080e1r1w0cbbehbaa4acw/zsc11_scc018130_28Apr2023_034747/ip2sd/ip2sd/logs/arf192b080e1r1w0cbbehbaa4acw/ip2sd_updatecfg.log 2>&1
-I- Done Running stage: updatecfg.
-I- Running stage libMerge with:
/usr/intel/bin/tcsh -cf "source /nfs/site/disks/ipg_scf_00159/ajavidi_ship/SHIP_23ww17d4/arf192b080e1r1w0cbbehbaa4acw_work/ship/ip/arf192b080e1r1w0cbbehbaa4acw/zsc11_scc018130_28Apr2023_034747/ip2sd/ip2sd/ip/arf192b080e1r1w0cbbehbaa4acw/ip2sd_libMerge/stage.csh" > /nfs/site/disks/ipg_scf_00159/ajavidi_ship/SHIP_23ww17d4/arf192b080e1r1w0cbbehbaa4acw_work/ship/ip/arf192b080e1r1w0cbbehbaa4acw/zsc11_scc018130_28Apr2023_034747/ip2sd/ip2sd/logs/arf192b080e1r1w0cbbehbaa4acw/ip2sd_libMerge.log 2>&1
-I- Done Running stage: libMerge.
-I- Running stage checkinputs with:
/usr/intel/bin/tcsh -cf "source /nfs/site/disks/ipg_scf_00159/ajavidi_ship/SHIP_23ww17d4/arf192b080e1r1w0cbbehbaa4acw_work/ship/ip/arf192b080e1r1w0cbbehbaa4acw/zsc11_scc018130_28Apr2023_034747/ip2sd/ip2sd/ip/arf192b080e1r1w0cbbehbaa4acw/ip2sd_checkinputs/stage.csh" > /nfs/site/disks/ipg_scf_00159/ajavidi_ship/SHIP_23ww17d4/arf192b080e1r1w0cbbehbaa4acw_work/ship/ip/arf192b080e1r1w0cbbehbaa4acw/zsc11_scc018130_28Apr2023_034747/ip2sd/ip2sd/logs/arf192b080e1r1w0cbbehbaa4acw/ip2sd_checkinputs.log 2>&1
-I- Done Running stage: checkinputs.
-I- Running stage libprep with:
/usr/intel/bin/tcsh -cf "source /nfs/site/disks/ipg_scf_00159/ajavidi_ship/SHIP_23ww17d4/arf192b080e1r1w0cbbehbaa4acw_work/ship/ip/arf192b080e1r1w0cbbehbaa4acw/zsc11_scc018130_28Apr2023_034747/ip2sd/ip2sd/ip/arf192b080e1r1w0cbbehbaa4acw/ip2sd_libprep/stage.csh" > /nfs/site/disks/ipg_scf_00159/ajavidi_ship/SHIP_23ww17d4/arf192b080e1r1w0cbbehbaa4acw_work/ship/ip/arf192b080e1r1w0cbbehbaa4acw/zsc11_scc018130_28Apr2023_034747/ip2sd/ip2sd/logs/arf192b080e1r1w0cbbehbaa4acw/ip2sd_libprep.log 2>&1
-I- Done Running stage: libprep.
-I- Running stage genlef with:
/usr/intel/bin/tcsh -cf "source /nfs/site/disks/ipg_scf_00159/ajavidi_ship/SHIP_23ww17d4/arf192b080e1r1w0cbbehbaa4acw_work/ship/ip/arf192b080e1r1w0cbbehbaa4acw/zsc11_scc018130_28Apr2023_034747/ip2sd/ip2sd/ip/arf192b080e1r1w0cbbehbaa4acw/ip2sd_genlef/stage.csh" > /nfs/site/disks/ipg_scf_00159/ajavidi_ship/SHIP_23ww17d4/arf192b080e1r1w0cbbehbaa4acw_work/ship/ip/arf192b080e1r1w0cbbehbaa4acw/zsc11_scc018130_28Apr2023_034747/ip2sd/ip2sd/logs/arf192b080e1r1w0cbbehbaa4acw/ip2sd_genlef.log 2>&1
-I- Done Running stage: genlef.
-I- Running stage ebb2oas with:
/usr/intel/bin/tcsh -cf "source /nfs/site/disks/ipg_scf_00159/ajavidi_ship/SHIP_23ww17d4/arf192b080e1r1w0cbbehbaa4acw_work/ship/ip/arf192b080e1r1w0cbbehbaa4acw/zsc11_scc018130_28Apr2023_034747/ip2sd/ip2sd/ip/arf192b080e1r1w0cbbehbaa4acw/ip2sd_ebb2oas/stage.csh" > /nfs/site/disks/ipg_scf_00159/ajavidi_ship/SHIP_23ww17d4/arf192b080e1r1w0cbbehbaa4acw_work/ship/ip/arf192b080e1r1w0cbbehbaa4acw/zsc11_scc018130_28Apr2023_034747/ip2sd/ip2sd/logs/arf192b080e1r1w0cbbehbaa4acw/ip2sd_ebb2oas.log 2>&1
-I- Done Running stage: ebb2oas.
-I- Running stage hackLib with:
/usr/intel/bin/tcsh -cf "source /nfs/site/disks/ipg_scf_00159/ajavidi_ship/SHIP_23ww17d4/arf192b080e1r1w0cbbehbaa4acw_work/ship/ip/arf192b080e1r1w0cbbehbaa4acw/zsc11_scc018130_28Apr2023_034747/ip2sd/ip2sd/ip/arf192b080e1r1w0cbbehbaa4acw/ip2sd_hackLib/stage.csh" > /nfs/site/disks/ipg_scf_00159/ajavidi_ship/SHIP_23ww17d4/arf192b080e1r1w0cbbehbaa4acw_work/ship/ip/arf192b080e1r1w0cbbehbaa4acw/zsc11_scc018130_28Apr2023_034747/ip2sd/ip2sd/logs/arf192b080e1r1w0cbbehbaa4acw/ip2sd_hackLib.log 2>&1
-I- Done Running stage: hackLib.
-I- Running stage lib2ldb with:
/usr/intel/bin/tcsh -cf "source /nfs/site/disks/ipg_scf_00159/ajavidi_ship/SHIP_23ww17d4/arf192b080e1r1w0cbbehbaa4acw_work/ship/ip/arf192b080e1r1w0cbbehbaa4acw/zsc11_scc018130_28Apr2023_034747/ip2sd/ip2sd/ip/arf192b080e1r1w0cbbehbaa4acw/ip2sd_lib2ldb/stage.csh" > /nfs/site/disks/ipg_scf_00159/ajavidi_ship/SHIP_23ww17d4/arf192b080e1r1w0cbbehbaa4acw_work/ship/ip/arf192b080e1r1w0cbbehbaa4acw/zsc11_scc018130_28Apr2023_034747/ip2sd/ip2sd/logs/arf192b080e1r1w0cbbehbaa4acw/ip2sd_lib2ldb.log 2>&1
-I- Done Running stage: lib2ldb.
-I- Running stage ebb2ndm with:
/usr/intel/bin/tcsh -cf "source /nfs/site/disks/ipg_scf_00159/ajavidi_ship/SHIP_23ww17d4/arf192b080e1r1w0cbbehbaa4acw_work/ship/ip/arf192b080e1r1w0cbbehbaa4acw/zsc11_scc018130_28Apr2023_034747/ip2sd/ip2sd/ip/arf192b080e1r1w0cbbehbaa4acw/ip2sd_ebb2ndm/stage.csh" > /nfs/site/disks/ipg_scf_00159/ajavidi_ship/SHIP_23ww17d4/arf192b080e1r1w0cbbehbaa4acw_work/ship/ip/arf192b080e1r1w0cbbehbaa4acw/zsc11_scc018130_28Apr2023_034747/ip2sd/ip2sd/logs/arf192b080e1r1w0cbbehbaa4acw/ip2sd_ebb2ndm.log 2>&1
-I- Done Running stage: ebb2ndm.
-I- Running stage ndm4tm with:
/usr/intel/bin/tcsh -cf "source /nfs/site/disks/ipg_scf_00159/ajavidi_ship/SHIP_23ww17d4/arf192b080e1r1w0cbbehbaa4acw_work/ship/ip/arf192b080e1r1w0cbbehbaa4acw/zsc11_scc018130_28Apr2023_034747/ip2sd/ip2sd/ip/arf192b080e1r1w0cbbehbaa4acw/ip2sd_ndm4tm/stage.csh" > /nfs/site/disks/ipg_scf_00159/ajavidi_ship/SHIP_23ww17d4/arf192b080e1r1w0cbbehbaa4acw_work/ship/ip/arf192b080e1r1w0cbbehbaa4acw/zsc11_scc018130_28Apr2023_034747/ip2sd/ip2sd/logs/arf192b080e1r1w0cbbehbaa4acw/ip2sd_ndm4tm.log 2>&1
-I- Done Running stage: ndm4tm.
Ip2sd Passed

ip2sd.pl: Program operations - Done
