
s: Crossfire Rule: 1103
d: RelatedPowerPinCheck
i: firefox -new-window /nfs/site/disks/ipg_scf_00159/ajavidi_ship/SHIP_23ww17d4/arf104b064e1r1w0cbbehbaa4acw_work/ship/ip/arf104b064e1r1w0cbbehbaa4acw/zsc11_scc242114_27Apr2023_235753/crossfire/crossfire/arf104b064e1r1w0cbbehbaa4acw.uv1.2023_04_28_000638.22124/html/index_per_rule.html

s: Crossfire Rule: 15105
d: BusNamingCheck
i: firefox -new-window /nfs/site/disks/ipg_scf_00159/ajavidi_ship/SHIP_23ww17d4/arf104b064e1r1w0cbbehbaa4acw_work/ship/ip/arf104b064e1r1w0cbbehbaa4acw/zsc11_scc242114_27Apr2023_235753/crossfire/crossfire/arf104b064e1r1w0cbbehbaa4acw.uv1.2023_04_28_000638.22124/html/index_per_rule.html

s: Crossfire Rule: 15106
d: FilePresent
i: firefox -new-window /nfs/site/disks/ipg_scf_00159/ajavidi_ship/SHIP_23ww17d4/arf104b064e1r1w0cbbehbaa4acw_work/ship/ip/arf104b064e1r1w0cbbehbaa4acw/zsc11_scc242114_27Apr2023_235753/crossfire/crossfire/arf104b064e1r1w0cbbehbaa4acw.uv1.2023_04_28_000638.22124/html/index_per_rule.html

s: Crossfire Rule: 15112:PinDirectionCheck
d: PinDirectionCheck
i: firefox -new-window /nfs/site/disks/ipg_scf_00159/ajavidi_ship/SHIP_23ww17d4/arf104b064e1r1w0cbbehbaa4acw_work/ship/ip/arf104b064e1r1w0cbbehbaa4acw/zsc11_scc242114_27Apr2023_235753/crossfire/crossfire/arf104b064e1r1w0cbbehbaa4acw.uv1.2023_04_28_000638.22124/html/index_per_rule.html

s: Crossfire Rule: 15112:Lef_pin_direction_check
d: Lef_pin_direction_check
i: firefox -new-window /nfs/site/disks/ipg_scf_00159/ajavidi_ship/SHIP_23ww17d4/arf104b064e1r1w0cbbehbaa4acw_work/ship/ip/arf104b064e1r1w0cbbehbaa4acw/zsc11_scc242114_27Apr2023_235753/crossfire/crossfire/arf104b064e1r1w0cbbehbaa4acw.uv1.2023_04_28_000638.22124/html/index_per_rule.html

s: Crossfire Rule: 15122
d: LIBvsUPF
i: firefox -new-window /nfs/site/disks/ipg_scf_00159/ajavidi_ship/SHIP_23ww17d4/arf104b064e1r1w0cbbehbaa4acw_work/ship/ip/arf104b064e1r1w0cbbehbaa4acw/zsc11_scc242114_27Apr2023_235753/crossfire/crossfire/arf104b064e1r1w0cbbehbaa4acw.uv1.2023_04_28_000638.22124/html/index_per_rule.html

s: Crossfire Rule: 15133
d: Analog_inout_pins
i: firefox -new-window /nfs/site/disks/ipg_scf_00159/ajavidi_ship/SHIP_23ww17d4/arf104b064e1r1w0cbbehbaa4acw_work/ship/ip/arf104b064e1r1w0cbbehbaa4acw/zsc11_scc242114_27Apr2023_235753/crossfire/crossfire/arf104b064e1r1w0cbbehbaa4acw.uv1.2023_04_28_000638.22124/html/index_per_rule.html

s: Crossfire Rule: 15211
d: NDM_vs_Lef_pin_location_drift_check
i: firefox -new-window /nfs/site/disks/ipg_scf_00159/ajavidi_ship/SHIP_23ww17d4/arf104b064e1r1w0cbbehbaa4acw_work/ship/ip/arf104b064e1r1w0cbbehbaa4acw/zsc11_scc242114_27Apr2023_235753/crossfire/crossfire/arf104b064e1r1w0cbbehbaa4acw.uv1.2023_04_28_000638.22124/html/index_per_rule.html

s: Crossfire Rule: 16015
d: Attribute_xml_check
i: firefox -new-window /nfs/site/disks/ipg_scf_00159/ajavidi_ship/SHIP_23ww17d4/arf104b064e1r1w0cbbehbaa4acw_work/ship/ip/arf104b064e1r1w0cbbehbaa4acw/zsc11_scc242114_27Apr2023_235753/crossfire/crossfire/arf104b064e1r1w0cbbehbaa4acw.uv1.2023_04_28_000638.22124/html/index_per_rule.html

s: Crossfire Rule: 16024
d: Ip2sd_logcheck
i: firefox -new-window /nfs/site/disks/ipg_scf_00159/ajavidi_ship/SHIP_23ww17d4/arf104b064e1r1w0cbbehbaa4acw_work/ship/ip/arf104b064e1r1w0cbbehbaa4acw/zsc11_scc242114_27Apr2023_235753/crossfire/crossfire/arf104b064e1r1w0cbbehbaa4acw.uv1.2023_04_28_000638.22124/html/index_per_rule.html

s: Crossfire Rule: 16029
d: Upf_parsing_check
i: firefox -new-window /nfs/site/disks/ipg_scf_00159/ajavidi_ship/SHIP_23ww17d4/arf104b064e1r1w0cbbehbaa4acw_work/ship/ip/arf104b064e1r1w0cbbehbaa4acw/zsc11_scc242114_27Apr2023_235753/crossfire/crossfire/arf104b064e1r1w0cbbehbaa4acw.uv1.2023_04_28_000638.22124/html/index_per_rule.html

s: Crossfire Rule: 16048
d: Attributexml_attributeCheck
i: firefox -new-window /nfs/site/disks/ipg_scf_00159/ajavidi_ship/SHIP_23ww17d4/arf104b064e1r1w0cbbehbaa4acw_work/ship/ip/arf104b064e1r1w0cbbehbaa4acw/zsc11_scc242114_27Apr2023_235753/crossfire/crossfire/arf104b064e1r1w0cbbehbaa4acw.uv1.2023_04_28_000638.22124/html/index_per_rule.html

s: Crossfire Rule: 16109
d: Psccsv_check
i: firefox -new-window /nfs/site/disks/ipg_scf_00159/ajavidi_ship/SHIP_23ww17d4/arf104b064e1r1w0cbbehbaa4acw_work/ship/ip/arf104b064e1r1w0cbbehbaa4acw/zsc11_scc242114_27Apr2023_235753/crossfire/crossfire/arf104b064e1r1w0cbbehbaa4acw.uv1.2023_04_28_000638.22124/html/index_per_rule.html
e: No matching lib file was found for line 557 in the csv file --> temp(-40.0000) Checktypes(max) devskew(tttt) rcskew(tttt) liblabel(opt1) vcc(0.6500) File(/p/ipx/ipcache2/plt/psc1276/srf/65/plt.psc1276/psc_soc_1276d4_srf.csv)
e: No matching lib file was found for line 561 in the csv file --> temp(-40.0000) Checktypes(min) devskew(tmin) rcskew(tttt) liblabel(opt1) vcc(0.6500) File(/p/ipx/ipcache2/plt/psc1276/srf/65/plt.psc1276/psc_soc_1276d4_srf.csv)
e: No matching lib file was found for line 562 in the csv file --> temp(-40.0000) Checktypes(min) devskew(tmin) rcskew(tttt) liblabel(opt1) vcc(1.1000) File(/p/ipx/ipcache2/plt/psc1276/srf/65/plt.psc1276/psc_soc_1276d4_srf.csv)
e: No matching lib file was found for line 564 in the csv file --> temp(110.0000) Checktypes(hvqk) devskew(rfff) rcskew(tttt) liblabel(opt1) vcc(1.4500) File(/p/ipx/ipcache2/plt/psc1276/srf/65/plt.psc1276/psc_soc_1276d4_srf.csv)
e: No matching lib file was found for line 565 in the csv file --> temp(110.0000) Checktypes(noise) devskew(rfff) rcskew(tttt) liblabel(opt1) vcc(1.4500) File(/p/ipx/ipcache2/plt/psc1276/srf/65/plt.psc1276/psc_soc_1276d4_srf.csv)
e: No matching lib file was found for line 286 in the csv file --> temp(100.0000) Checktypes(max) devskew(tttt) rcskew(tttt) liblabel(opt4) vcc(0.5500) File(/p/ipx/ipcache2/plt/psc1276/dmrimh1/3/plt.psc1276/psc_soc_1276d4_dmrimh1.csv)
e: No matching lib file was found for line 287 in the csv file --> temp(100.0000) Checktypes(max) devskew(tttt) rcskew(tttt) liblabel(opt4) vcc(0.6500) File(/p/ipx/ipcache2/plt/psc1276/dmrimh1/3/plt.psc1276/psc_soc_1276d4_dmrimh1.csv)
e: No matching lib file was found for line 288 in the csv file --> temp(100.0000) Checktypes(max) devskew(tttt) rcskew(tttt) liblabel(opt4) vcc(0.8500) File(/p/ipx/ipcache2/plt/psc1276/dmrimh1/3/plt.psc1276/psc_soc_1276d4_dmrimh1.csv)
e: No matching lib file was found for line 289 in the csv file --> temp(100.0000) Checktypes(max) devskew(tttt) rcskew(tttt) liblabel(opt4) vcc(1.1000) File(/p/ipx/ipcache2/plt/psc1276/dmrimh1/3/plt.psc1276/psc_soc_1276d4_dmrimh1.csv)

s: Crossfire Rule: 16200
d: Power_csv_check
i: firefox -new-window /nfs/site/disks/ipg_scf_00159/ajavidi_ship/SHIP_23ww17d4/arf104b064e1r1w0cbbehbaa4acw_work/ship/ip/arf104b064e1r1w0cbbehbaa4acw/zsc11_scc242114_27Apr2023_235753/crossfire/crossfire/arf104b064e1r1w0cbbehbaa4acw.uv1.2023_04_28_000638.22124/html/index_per_rule.html

s: Crossfire Rule: 16206
d: Hip_Spec_Compliance_Check
i: firefox -new-window /nfs/site/disks/ipg_scf_00159/ajavidi_ship/SHIP_23ww17d4/arf104b064e1r1w0cbbehbaa4acw_work/ship/ip/arf104b064e1r1w0cbbehbaa4acw/zsc11_scc242114_27Apr2023_235753/crossfire/crossfire/arf104b064e1r1w0cbbehbaa4acw.uv1.2023_04_28_000638.22124/html/index_per_rule.html

s: Crossfire Rule: 16217
d: Related_pin_check
i: firefox -new-window /nfs/site/disks/ipg_scf_00159/ajavidi_ship/SHIP_23ww17d4/arf104b064e1r1w0cbbehbaa4acw_work/ship/ip/arf104b064e1r1w0cbbehbaa4acw/zsc11_scc242114_27Apr2023_235753/crossfire/crossfire/arf104b064e1r1w0cbbehbaa4acw.uv1.2023_04_28_000638.22124/html/index_per_rule.html

s: Crossfire Rule: 16225
d: Swizzled_logcheck
i: firefox -new-window /nfs/site/disks/ipg_scf_00159/ajavidi_ship/SHIP_23ww17d4/arf104b064e1r1w0cbbehbaa4acw_work/ship/ip/arf104b064e1r1w0cbbehbaa4acw/zsc11_scc242114_27Apr2023_235753/crossfire/crossfire/arf104b064e1r1w0cbbehbaa4acw.uv1.2023_04_28_000638.22124/html/index_per_rule.html

s: Crossfire Rule: 16227
d: Custom_cfs_check
i: firefox -new-window /nfs/site/disks/ipg_scf_00159/ajavidi_ship/SHIP_23ww17d4/arf104b064e1r1w0cbbehbaa4acw_work/ship/ip/arf104b064e1r1w0cbbehbaa4acw/zsc11_scc242114_27Apr2023_235753/crossfire/crossfire/arf104b064e1r1w0cbbehbaa4acw.uv1.2023_04_28_000638.22124/html/index_per_rule.html

s: Crossfire Rule: 16350
d: Link_check
i: firefox -new-window /nfs/site/disks/ipg_scf_00159/ajavidi_ship/SHIP_23ww17d4/arf104b064e1r1w0cbbehbaa4acw_work/ship/ip/arf104b064e1r1w0cbbehbaa4acw/zsc11_scc242114_27Apr2023_235753/crossfire/crossfire/arf104b064e1r1w0cbbehbaa4acw.uv1.2023_04_28_000638.22124/html/index_per_rule.html

s: Crossfire Rule: 21
d: cell_presence
i: firefox -new-window /nfs/site/disks/ipg_scf_00159/ajavidi_ship/SHIP_23ww17d4/arf104b064e1r1w0cbbehbaa4acw_work/ship/ip/arf104b064e1r1w0cbbehbaa4acw/zsc11_scc242114_27Apr2023_235753/crossfire/crossfire/arf104b064e1r1w0cbbehbaa4acw.uv1.2023_04_28_000638.22124/html/index_per_rule.html

s: Crossfire Rule: 7309
d: ComparePinProps
i: firefox -new-window /nfs/site/disks/ipg_scf_00159/ajavidi_ship/SHIP_23ww17d4/arf104b064e1r1w0cbbehbaa4acw_work/ship/ip/arf104b064e1r1w0cbbehbaa4acw/zsc11_scc242114_27Apr2023_235753/crossfire/crossfire/arf104b064e1r1w0cbbehbaa4acw.uv1.2023_04_28_000638.22124/html/index_per_rule.html

s: Crossfire Rule: 7505
d: IntraLibRelatedPGPin
i: firefox -new-window /nfs/site/disks/ipg_scf_00159/ajavidi_ship/SHIP_23ww17d4/arf104b064e1r1w0cbbehbaa4acw_work/ship/ip/arf104b064e1r1w0cbbehbaa4acw/zsc11_scc242114_27Apr2023_235753/crossfire/crossfire/arf104b064e1r1w0cbbehbaa4acw.uv1.2023_04_28_000638.22124/html/index_per_rule.html

s: Crossfire Rule: 7510
d: Generic_attribute_conditions_check
i: firefox -new-window /nfs/site/disks/ipg_scf_00159/ajavidi_ship/SHIP_23ww17d4/arf104b064e1r1w0cbbehbaa4acw_work/ship/ip/arf104b064e1r1w0cbbehbaa4acw/zsc11_scc242114_27Apr2023_235753/crossfire/crossfire/arf104b064e1r1w0cbbehbaa4acw.uv1.2023_04_28_000638.22124/html/index_per_rule.html
