+-----------------------------------------------------------------------------+
| Executed on    : scc311159           Feeder : arf054b256e1r1w0cbbeheaa4acw_6079_zsc11_scc311159|
| Starting time  : Thu Apr 27 10:09:38 2023                                   |
| Command        : /nfs/site/disks/ipg_scf_00159/ajavidi_ship/SHIP_23ww17d4/arf054b256e1r1w0cbbeheaa4acw_work/ship/ip/arf054b256e1r1w0cbbeheaa4acw/zsc11_scc311159_27Apr2023_214943/.metadata/scripts/checks.qa_wb.checks-qa_wb.run.csh|
+-----------------------------------------------------------------------------+
/p/hdk/pu_tu/prd/ship/23.02.001/bin/ship_sa.pl -block arf054b256e1r1w0cbbeheaa4acw -src checks -dest qa_wb -action run -meta_dir /nfs/site/disks/ipg_scf_00159/ajavidi_ship/SHIP_23ww17d4/arf054b256e1r1w0cbbeheaa4acw_work/ship/ip/arf054b256e1r1w0cbbeheaa4acw/zsc11_scc311159_27Apr2023_214943/.metadata -task checks-qa_wb -meta_prefix ship.default
-I- Loaded /nfs/site/disks/ipg_scf_00159/ajavidi_ship/SHIP_23ww17d4/arf054b256e1r1w0cbbeheaa4acw_work/ship/ip/arf054b256e1r1w0cbbeheaa4acw/zsc11_scc311159_27Apr2023_214943/.metadata/ip_arf054b256e1r1w0cbbeheaa4acw.yml
-I- Loaded /nfs/site/disks/ipg_scf_00159/ajavidi_ship/SHIP_23ww17d4/arf054b256e1r1w0cbbeheaa4acw_work/ship/ip/arf054b256e1r1w0cbbeheaa4acw/zsc11_scc311159_27Apr2023_214943/.metadata/stage_checks_arf054b256e1r1w0cbbeheaa4acw.yml
-I- Loaded /nfs/site/disks/ipg_scf_00159/ajavidi_ship/SHIP_23ww17d4/arf054b256e1r1w0cbbeheaa4acw_work/ship/ip/arf054b256e1r1w0cbbeheaa4acw/zsc11_scc311159_27Apr2023_214943/.metadata/stage_qa_wb_arf054b256e1r1w0cbbeheaa4acw.yml
-I- Writing summary file to /nfs/site/disks/ipg_scf_00159/ajavidi_ship/SHIP_23ww17d4/arf054b256e1r1w0cbbeheaa4acw_work/ship/ip/arf054b256e1r1w0cbbeheaa4acw/zsc11_scc311159_27Apr2023_214943/.metadata/ship.default.qa_wb.run.sum
-I- Loaded /nfs/site/disks/ipg_scf_00159/ajavidi_ship/SHIP_23ww17d4/arf054b256e1r1w0cbbeheaa4acw_work/ship/ip/arf054b256e1r1w0cbbeheaa4acw/zsc11_scc311159_27Apr2023_214943/.metadata/stage_crossfire_arf054b256e1r1w0cbbeheaa4acw.yml
-I- crossfire -> /nfs/site/disks/ipg_scf_00159/ajavidi_ship/SHIP_23ww17d4/arf054b256e1r1w0cbbeheaa4acw_work/ship/ip/arf054b256e1r1w0cbbeheaa4acw/zsc11_scc311159_27Apr2023_214943/crossfire
-I- Loaded /nfs/site/disks/ipg_scf_00159/ajavidi_ship/SHIP_23ww17d4/arf054b256e1r1w0cbbeheaa4acw_work/ship/ip/arf054b256e1r1w0cbbeheaa4acw/zsc11_scc311159_27Apr2023_214943/.metadata/stage_staging_arf054b256e1r1w0cbbeheaa4acw.yml
-I- staging -> /nfs/site/disks/ipg_scf_00159/ajavidi_ship/SHIP_23ww17d4/arf054b256e1r1w0cbbeheaa4acw_work/ship/ip/arf054b256e1r1w0cbbeheaa4acw/zsc11_scc311159_27Apr2023_214943/staging
-I- Mapping /nfs/site/disks/ipg_scf_00159/ajavidi_ship/SHIP_23ww17d4/arf054b256e1r1w0cbbeheaa4acw_work/ship/ip/arf054b256e1r1w0cbbeheaa4acw/zsc11_scc311159_27Apr2023_214943/crossfire to /nfs/site/disks/ipg_scf_00159/ajavidi_ship/SHIP_23ww17d4/arf054b256e1r1w0cbbeheaa4acw_work/ship/ip/arf054b256e1r1w0cbbeheaa4acw/zsc11_scc311159_27Apr2023_214943/staging
-I- Running 13 copy ops from /nfs/site/disks/ipg_scf_00159/ajavidi_ship/SHIP_23ww17d4/arf054b256e1r1w0cbbeheaa4acw_work/ship/ip/arf054b256e1r1w0cbbeheaa4acw/zsc11_scc311159_27Apr2023_214943/crossfire
-I- Writing summary file to /nfs/site/disks/ipg_scf_00159/ajavidi_ship/SHIP_23ww17d4/arf054b256e1r1w0cbbeheaa4acw_work/ship/ip/arf054b256e1r1w0cbbeheaa4acw/zsc11_scc311159_27Apr2023_214943/.metadata/ship.default.qa_wb.run.sum
+-----------------------------------------------------------------------------+
| Exit Status    : 0                                                          |
| Finishing time : Thu Apr 27 10:09:41 2023                                   |
+-----------------------------------------------------------------------------+
