+-----------------------------------------------------------------------------+
| Executed on    : sccd471326          Feeder : arf066b064e1r1w0cbbehsaa4acw_28522_zsc11_sccd471326|
| Starting time  : Thu Apr 27 10:37:55 2023                                   |
| Command        : /nfs/site/disks/ipg_scf_00159/ajavidi_ship/SHIP_23ww17d4/arf066b064e1r1w0cbbehsaa4acw_work/ship/ip/arf066b064e1r1w0cbbehsaa4acw/zsc11_sccd471326_27Apr2023_221731/.metadata/scripts/checks.qa_wb.checks-qa_wb.run.csh|
+-----------------------------------------------------------------------------+
/p/hdk/pu_tu/prd/ship/23.02.001/bin/ship_sa.pl -block arf066b064e1r1w0cbbehsaa4acw -src checks -dest qa_wb -action run -meta_dir /nfs/site/disks/ipg_scf_00159/ajavidi_ship/SHIP_23ww17d4/arf066b064e1r1w0cbbehsaa4acw_work/ship/ip/arf066b064e1r1w0cbbehsaa4acw/zsc11_sccd471326_27Apr2023_221731/.metadata -task checks-qa_wb -meta_prefix ship.default
-I- Loaded /nfs/site/disks/ipg_scf_00159/ajavidi_ship/SHIP_23ww17d4/arf066b064e1r1w0cbbehsaa4acw_work/ship/ip/arf066b064e1r1w0cbbehsaa4acw/zsc11_sccd471326_27Apr2023_221731/.metadata/ip_arf066b064e1r1w0cbbehsaa4acw.yml
-I- Loaded /nfs/site/disks/ipg_scf_00159/ajavidi_ship/SHIP_23ww17d4/arf066b064e1r1w0cbbehsaa4acw_work/ship/ip/arf066b064e1r1w0cbbehsaa4acw/zsc11_sccd471326_27Apr2023_221731/.metadata/stage_checks_arf066b064e1r1w0cbbehsaa4acw.yml
-I- Loaded /nfs/site/disks/ipg_scf_00159/ajavidi_ship/SHIP_23ww17d4/arf066b064e1r1w0cbbehsaa4acw_work/ship/ip/arf066b064e1r1w0cbbehsaa4acw/zsc11_sccd471326_27Apr2023_221731/.metadata/stage_qa_wb_arf066b064e1r1w0cbbehsaa4acw.yml
-I- Writing summary file to /nfs/site/disks/ipg_scf_00159/ajavidi_ship/SHIP_23ww17d4/arf066b064e1r1w0cbbehsaa4acw_work/ship/ip/arf066b064e1r1w0cbbehsaa4acw/zsc11_sccd471326_27Apr2023_221731/.metadata/ship.default.qa_wb.run.sum
-I- Loaded /nfs/site/disks/ipg_scf_00159/ajavidi_ship/SHIP_23ww17d4/arf066b064e1r1w0cbbehsaa4acw_work/ship/ip/arf066b064e1r1w0cbbehsaa4acw/zsc11_sccd471326_27Apr2023_221731/.metadata/stage_crossfire_arf066b064e1r1w0cbbehsaa4acw.yml
-I- crossfire -> /nfs/site/disks/ipg_scf_00159/ajavidi_ship/SHIP_23ww17d4/arf066b064e1r1w0cbbehsaa4acw_work/ship/ip/arf066b064e1r1w0cbbehsaa4acw/zsc11_sccd471326_27Apr2023_221731/crossfire
-I- Loaded /nfs/site/disks/ipg_scf_00159/ajavidi_ship/SHIP_23ww17d4/arf066b064e1r1w0cbbehsaa4acw_work/ship/ip/arf066b064e1r1w0cbbehsaa4acw/zsc11_sccd471326_27Apr2023_221731/.metadata/stage_staging_arf066b064e1r1w0cbbehsaa4acw.yml
-I- staging -> /nfs/site/disks/ipg_scf_00159/ajavidi_ship/SHIP_23ww17d4/arf066b064e1r1w0cbbehsaa4acw_work/ship/ip/arf066b064e1r1w0cbbehsaa4acw/zsc11_sccd471326_27Apr2023_221731/staging
-I- Mapping /nfs/site/disks/ipg_scf_00159/ajavidi_ship/SHIP_23ww17d4/arf066b064e1r1w0cbbehsaa4acw_work/ship/ip/arf066b064e1r1w0cbbehsaa4acw/zsc11_sccd471326_27Apr2023_221731/crossfire to /nfs/site/disks/ipg_scf_00159/ajavidi_ship/SHIP_23ww17d4/arf066b064e1r1w0cbbehsaa4acw_work/ship/ip/arf066b064e1r1w0cbbehsaa4acw/zsc11_sccd471326_27Apr2023_221731/staging
-I- Running 13 copy ops from /nfs/site/disks/ipg_scf_00159/ajavidi_ship/SHIP_23ww17d4/arf066b064e1r1w0cbbehsaa4acw_work/ship/ip/arf066b064e1r1w0cbbehsaa4acw/zsc11_sccd471326_27Apr2023_221731/crossfire
-I- Writing summary file to /nfs/site/disks/ipg_scf_00159/ajavidi_ship/SHIP_23ww17d4/arf066b064e1r1w0cbbehsaa4acw_work/ship/ip/arf066b064e1r1w0cbbehsaa4acw/zsc11_sccd471326_27Apr2023_221731/.metadata/ship.default.qa_wb.run.sum
+-----------------------------------------------------------------------------+
| Exit Status    : 0                                                          |
| Finishing time : Thu Apr 27 10:37:57 2023                                   |
+-----------------------------------------------------------------------------+
