+-----------------------------------------------------------------------------+
| Executed on    : sccd471326          Feeder : arf066b064e1r1w0cbbehsaa4acw_28522_zsc11_sccd471326|
| Starting time  : Thu Apr 27 10:17:55 2023                                   |
| Command        : /nfs/site/disks/ipg_scf_00159/ajavidi_ship/SHIP_23ww17d4/arf066b064e1r1w0cbbehsaa4acw_work/ship/ip/arf066b064e1r1w0cbbehsaa4acw/zsc11_sccd471326_27Apr2023_221731/.metadata/scripts/orig.unpacked.orig-unpacked.run.csh|
+-----------------------------------------------------------------------------+
/p/hdk/pu_tu/prd/ship/23.02.001/bin/ship_sa.pl -block arf066b064e1r1w0cbbehsaa4acw -src orig -dest unpacked -action run -meta_dir /nfs/site/disks/ipg_scf_00159/ajavidi_ship/SHIP_23ww17d4/arf066b064e1r1w0cbbehsaa4acw_work/ship/ip/arf066b064e1r1w0cbbehsaa4acw/zsc11_sccd471326_27Apr2023_221731/.metadata -task orig-unpacked -meta_prefix ship.default
-I- Loaded /nfs/site/disks/ipg_scf_00159/ajavidi_ship/SHIP_23ww17d4/arf066b064e1r1w0cbbehsaa4acw_work/ship/ip/arf066b064e1r1w0cbbehsaa4acw/zsc11_sccd471326_27Apr2023_221731/.metadata/ip_arf066b064e1r1w0cbbehsaa4acw.yml
-I- Loaded /nfs/site/disks/ipg_scf_00159/ajavidi_ship/SHIP_23ww17d4/arf066b064e1r1w0cbbehsaa4acw_work/ship/ip/arf066b064e1r1w0cbbehsaa4acw/zsc11_sccd471326_27Apr2023_221731/.metadata/stage_orig_arf066b064e1r1w0cbbehsaa4acw.yml
-I- Loaded /nfs/site/disks/ipg_scf_00159/ajavidi_ship/SHIP_23ww17d4/arf066b064e1r1w0cbbehsaa4acw_work/ship/ip/arf066b064e1r1w0cbbehsaa4acw/zsc11_sccd471326_27Apr2023_221731/.metadata/stage_unpacked_arf066b064e1r1w0cbbehsaa4acw.yml
-I- Writing summary file to /nfs/site/disks/ipg_scf_00159/ajavidi_ship/SHIP_23ww17d4/arf066b064e1r1w0cbbehsaa4acw_work/ship/ip/arf066b064e1r1w0cbbehsaa4acw/zsc11_sccd471326_27Apr2023_221731/.metadata/ship.default.unpacked.run.sum
-I- Executing command: mkdir -p /nfs/site/disks/ipg_scf_00159/ajavidi_ship/SHIP_23ww17d4/arf066b064e1r1w0cbbehsaa4acw_work/ship/ip/arf066b064e1r1w0cbbehsaa4acw/zsc11_sccd471326_27Apr2023_221731/unpacked
-I- Unpacking .
-I- Executing command: mkdir -p /nfs/site/disks/ipg_scf_00159/ajavidi_ship/SHIP_23ww17d4/arf066b064e1r1w0cbbehsaa4acw_work/ship/ip/arf066b064e1r1w0cbbehsaa4acw/zsc11_sccd471326_27Apr2023_221731/unpacked/.
-I- Executing command: tar -zxf /nfs/site/disks/ipg_scf_00159/ajavidi_ship/SHIP_23ww17d4/arf066b064e1r1w0cbbehsaa4acw_work/ship/ip/arf066b064e1r1w0cbbehsaa4acw/zsc11_sccd471326_27Apr2023_221731/orig/arf066b064e1r1w0cbbehsaa4acw.tar.gz -C /nfs/site/disks/ipg_scf_00159/ajavidi_ship/SHIP_23ww17d4/arf066b064e1r1w0cbbehsaa4acw_work/ship/ip/arf066b064e1r1w0cbbehsaa4acw/zsc11_sccd471326_27Apr2023_221731/unpacked/.
-I- Using hipspec config /p/hdk/pu_tu/prd/ship/23.02.001/config/manifest_templates/hipspec_1276.manifest.cfg
-I- -manifest_cfg resolved to '/nfs/site/disks/crt_tools_050/ship/23.02.001/config/manifest_templates/hipspec_1276.manifest.cfg'
-I- Executing command: /p/hdk/pu_tu/prd/iphandoff/23.02.001/bin/make_manifest.py -write_cfg /nfs/site/disks/ipg_scf_00159/ajavidi_ship/SHIP_23ww17d4/arf066b064e1r1w0cbbehsaa4acw_work/ship/ip/arf066b064e1r1w0cbbehsaa4acw/zsc11_sccd471326_27Apr2023_221731/unpacked/arf066b064e1r1w0cbbehsaa4acw.manifest.cfg -config /nfs/site/disks/crt_tools_050/ship/23.02.001/config/manifest_templates/hipspec_1276.manifest.cfg -dir /nfs/site/disks/ipg_scf_00159/ajavidi_ship/SHIP_23ww17d4/arf066b064e1r1w0cbbehsaa4acw_work/ship/ip/arf066b064e1r1w0cbbehsaa4acw/zsc11_sccd471326_27Apr2023_221731/unpacked -libname arf066b064e1r1w0cbbehsaa4acw -output '/nfs/site/disks/ipg_scf_00159/ajavidi_ship/SHIP_23ww17d4/arf066b064e1r1w0cbbehsaa4acw_work/ship/ip/arf066b064e1r1w0cbbehsaa4acw/zsc11_sccd471326_27Apr2023_221731/unpacked/manifest.xml' IP=arf066b064e1r1w0cbbehsaa4acw
-I- Unzipping data in /nfs/site/disks/ipg_scf_00159/ajavidi_ship/SHIP_23ww17d4/arf066b064e1r1w0cbbehsaa4acw_work/ship/ip/arf066b064e1r1w0cbbehsaa4acw/zsc11_sccd471326_27Apr2023_221731/unpacked/manifest.xml
-I- Writing updated manifest to /nfs/site/disks/ipg_scf_00159/ajavidi_ship/SHIP_23ww17d4/arf066b064e1r1w0cbbehsaa4acw_work/ship/ip/arf066b064e1r1w0cbbehsaa4acw/zsc11_sccd471326_27Apr2023_221731/unpacked/manifest.xml
-I- Checking /nfs/site/disks/ipg_scf_00159/ajavidi_ship/SHIP_23ww17d4/arf066b064e1r1w0cbbehsaa4acw_work/ship/ip/arf066b064e1r1w0cbbehsaa4acw/zsc11_sccd471326_27Apr2023_221731/unpacked/manifest.xml for <type>attribute_xml
-I- Checking /nfs/site/disks/ipg_scf_00159/ajavidi_ship/SHIP_23ww17d4/arf066b064e1r1w0cbbehsaa4acw_work/ship/ip/arf066b064e1r1w0cbbehsaa4acw/zsc11_sccd471326_27Apr2023_221731/unpacked/doc/arf066b064e1r1w0cbbehsaa4acw.attribute.xml for <multi_cell>
-I- Writing summary file to /nfs/site/disks/ipg_scf_00159/ajavidi_ship/SHIP_23ww17d4/arf066b064e1r1w0cbbehsaa4acw_work/ship/ip/arf066b064e1r1w0cbbehsaa4acw/zsc11_sccd471326_27Apr2023_221731/.metadata/ship.default.unpacked.run.sum
+-----------------------------------------------------------------------------+
| Exit Status    : 0                                                          |
| Finishing time : Thu Apr 27 10:18:14 2023                                   |
+-----------------------------------------------------------------------------+
