+-----------------------------------------------------------------------------+
| Executed on    : scc007092           Feeder : arf086b256e1r1w0cbbeheaa4acw_30258_zsc11_scc007092|
| Starting time  : Fri Apr 28 12:18:01 2023                                   |
| Command        : /nfs/site/disks/ipg_scf_00159/ajavidi_ship/SHIP_23ww17d4/arf086b256e1r1w0cbbeheaa4acw_work/ship/ip/arf086b256e1r1w0cbbeheaa4acw/zsc11_scc007092_27Apr2023_235750/.metadata/scripts/checks.qa_wb.checks-qa_wb.run.csh|
+-----------------------------------------------------------------------------+
/p/hdk/pu_tu/prd/ship/23.02.001/bin/ship_sa.pl -block arf086b256e1r1w0cbbeheaa4acw -src checks -dest qa_wb -action run -meta_dir /nfs/site/disks/ipg_scf_00159/ajavidi_ship/SHIP_23ww17d4/arf086b256e1r1w0cbbeheaa4acw_work/ship/ip/arf086b256e1r1w0cbbeheaa4acw/zsc11_scc007092_27Apr2023_235750/.metadata -task checks-qa_wb -meta_prefix ship.default
-I- Loaded /nfs/site/disks/ipg_scf_00159/ajavidi_ship/SHIP_23ww17d4/arf086b256e1r1w0cbbeheaa4acw_work/ship/ip/arf086b256e1r1w0cbbeheaa4acw/zsc11_scc007092_27Apr2023_235750/.metadata/ip_arf086b256e1r1w0cbbeheaa4acw.yml
-I- Loaded /nfs/site/disks/ipg_scf_00159/ajavidi_ship/SHIP_23ww17d4/arf086b256e1r1w0cbbeheaa4acw_work/ship/ip/arf086b256e1r1w0cbbeheaa4acw/zsc11_scc007092_27Apr2023_235750/.metadata/stage_checks_arf086b256e1r1w0cbbeheaa4acw.yml
-I- Loaded /nfs/site/disks/ipg_scf_00159/ajavidi_ship/SHIP_23ww17d4/arf086b256e1r1w0cbbeheaa4acw_work/ship/ip/arf086b256e1r1w0cbbeheaa4acw/zsc11_scc007092_27Apr2023_235750/.metadata/stage_qa_wb_arf086b256e1r1w0cbbeheaa4acw.yml
-I- Writing summary file to /nfs/site/disks/ipg_scf_00159/ajavidi_ship/SHIP_23ww17d4/arf086b256e1r1w0cbbeheaa4acw_work/ship/ip/arf086b256e1r1w0cbbeheaa4acw/zsc11_scc007092_27Apr2023_235750/.metadata/ship.default.qa_wb.run.sum
-I- Loaded /nfs/site/disks/ipg_scf_00159/ajavidi_ship/SHIP_23ww17d4/arf086b256e1r1w0cbbeheaa4acw_work/ship/ip/arf086b256e1r1w0cbbeheaa4acw/zsc11_scc007092_27Apr2023_235750/.metadata/stage_crossfire_arf086b256e1r1w0cbbeheaa4acw.yml
-I- crossfire -> /nfs/site/disks/ipg_scf_00159/ajavidi_ship/SHIP_23ww17d4/arf086b256e1r1w0cbbeheaa4acw_work/ship/ip/arf086b256e1r1w0cbbeheaa4acw/zsc11_scc007092_27Apr2023_235750/crossfire
-I- Loaded /nfs/site/disks/ipg_scf_00159/ajavidi_ship/SHIP_23ww17d4/arf086b256e1r1w0cbbeheaa4acw_work/ship/ip/arf086b256e1r1w0cbbeheaa4acw/zsc11_scc007092_27Apr2023_235750/.metadata/stage_staging_arf086b256e1r1w0cbbeheaa4acw.yml
-I- staging -> /nfs/site/disks/ipg_scf_00159/ajavidi_ship/SHIP_23ww17d4/arf086b256e1r1w0cbbeheaa4acw_work/ship/ip/arf086b256e1r1w0cbbeheaa4acw/zsc11_scc007092_27Apr2023_235750/staging
-I- Mapping /nfs/site/disks/ipg_scf_00159/ajavidi_ship/SHIP_23ww17d4/arf086b256e1r1w0cbbeheaa4acw_work/ship/ip/arf086b256e1r1w0cbbeheaa4acw/zsc11_scc007092_27Apr2023_235750/crossfire to /nfs/site/disks/ipg_scf_00159/ajavidi_ship/SHIP_23ww17d4/arf086b256e1r1w0cbbeheaa4acw_work/ship/ip/arf086b256e1r1w0cbbeheaa4acw/zsc11_scc007092_27Apr2023_235750/staging
-I- Running 13 copy ops from /nfs/site/disks/ipg_scf_00159/ajavidi_ship/SHIP_23ww17d4/arf086b256e1r1w0cbbeheaa4acw_work/ship/ip/arf086b256e1r1w0cbbeheaa4acw/zsc11_scc007092_27Apr2023_235750/crossfire
-I- Writing summary file to /nfs/site/disks/ipg_scf_00159/ajavidi_ship/SHIP_23ww17d4/arf086b256e1r1w0cbbeheaa4acw_work/ship/ip/arf086b256e1r1w0cbbeheaa4acw/zsc11_scc007092_27Apr2023_235750/.metadata/ship.default.qa_wb.run.sum
+-----------------------------------------------------------------------------+
| Exit Status    : 0                                                          |
| Finishing time : Fri Apr 28 12:18:05 2023                                   |
+-----------------------------------------------------------------------------+
