+-----------------------------------------------------------------------------+
| Executed on    : scc007092           Feeder : arf086b256e1r1w0cbbeheaa4acw_30258_zsc11_scc007092|
| Starting time  : Fri Apr 28 12:04:36 2023                                   |
| Command        : /nfs/site/disks/ipg_scf_00159/ajavidi_ship/SHIP_23ww17d4/arf086b256e1r1w0cbbeheaa4acw_work/ship/ip/arf086b256e1r1w0cbbeheaa4acw/zsc11_scc007092_27Apr2023_235750/.metadata/scripts/staging.traceability.staging-traceability.run.csh|
+-----------------------------------------------------------------------------+
/p/hdk/pu_tu/prd/ship/23.02.001/bin/ship_sa.pl -block arf086b256e1r1w0cbbeheaa4acw -src staging -dest traceability -action run -meta_dir /nfs/site/disks/ipg_scf_00159/ajavidi_ship/SHIP_23ww17d4/arf086b256e1r1w0cbbeheaa4acw_work/ship/ip/arf086b256e1r1w0cbbeheaa4acw/zsc11_scc007092_27Apr2023_235750/.metadata -task staging-traceability -meta_prefix ship.default
-I- Loaded /nfs/site/disks/ipg_scf_00159/ajavidi_ship/SHIP_23ww17d4/arf086b256e1r1w0cbbeheaa4acw_work/ship/ip/arf086b256e1r1w0cbbeheaa4acw/zsc11_scc007092_27Apr2023_235750/.metadata/ip_arf086b256e1r1w0cbbeheaa4acw.yml
-I- Loaded /nfs/site/disks/ipg_scf_00159/ajavidi_ship/SHIP_23ww17d4/arf086b256e1r1w0cbbeheaa4acw_work/ship/ip/arf086b256e1r1w0cbbeheaa4acw/zsc11_scc007092_27Apr2023_235750/.metadata/stage_staging_arf086b256e1r1w0cbbeheaa4acw.yml
-I- Loaded /nfs/site/disks/ipg_scf_00159/ajavidi_ship/SHIP_23ww17d4/arf086b256e1r1w0cbbeheaa4acw_work/ship/ip/arf086b256e1r1w0cbbeheaa4acw/zsc11_scc007092_27Apr2023_235750/.metadata/stage_traceability_arf086b256e1r1w0cbbeheaa4acw.yml
-I- Writing summary file to /nfs/site/disks/ipg_scf_00159/ajavidi_ship/SHIP_23ww17d4/arf086b256e1r1w0cbbeheaa4acw_work/ship/ip/arf086b256e1r1w0cbbeheaa4acw/zsc11_scc007092_27Apr2023_235750/.metadata/ship.default.traceability.run.sum
-I- Loaded /nfs/site/disks/ipg_scf_00159/ajavidi_ship/SHIP_23ww17d4/arf086b256e1r1w0cbbeheaa4acw_work/ship/ip/arf086b256e1r1w0cbbeheaa4acw/zsc11_scc007092_27Apr2023_235750/.metadata/stage_staging_arf086b256e1r1w0cbbeheaa4acw.yml
-I- Project library is: not applicable to ARC projects
-I- -fqn switch is: ipghrf_7nm.CMO_SPRF_DMRA0_EV1_UPDATE@.MAINLINE
-I- meta file fqn: ipghrf_7nm.CMO_SPRF_DMRA0_EV1_UPDATE@.MAINLINE
-I- Executing command: ipx ip lineage -ip ipghrf_7nm.CMO_SPRF_DMRA0_EV1_UPDATE@.MAINLINE -logfile none -format flatjson
INFO: IPX completed successfully
-I- Shipped IP will be traced back to this lineage:
-I- ipghrf_7nm.CMO_SPRF_DMRA0_EV1_UPDATE@291.MAINLINE
-I- Writing summary file to /nfs/site/disks/ipg_scf_00159/ajavidi_ship/SHIP_23ww17d4/arf086b256e1r1w0cbbeheaa4acw_work/ship/ip/arf086b256e1r1w0cbbeheaa4acw/zsc11_scc007092_27Apr2023_235750/.metadata/ship.default.traceability.run.sum
+-----------------------------------------------------------------------------+
| Exit Status    : 0                                                          |
| Finishing time : Fri Apr 28 12:04:39 2023                                   |
+-----------------------------------------------------------------------------+
