+-----------------------------------------------------------------------------+
| Executed on    : sced410716          Feeder : arf124b064e1r1w0cbbehbaa4acw_14138_zsc11_sced410716|
| Starting time  : Fri Apr 28  1:05:57 2023                                   |
| Command        : /nfs/site/disks/ipg_scf_00159/ajavidi_ship/SHIP_23ww17d4/arf124b064e1r1w0cbbehbaa4acw_work/ship/ip/arf124b064e1r1w0cbbehbaa4acw/zsc11_sced410716_28Apr2023_005759/.metadata/scripts/unpacked.staging.unpacked-staging.run.csh|
+-----------------------------------------------------------------------------+
/p/hdk/pu_tu/prd/ship/23.02.001/bin/ship_sa.pl -block arf124b064e1r1w0cbbehbaa4acw -src unpacked -dest staging -action run -meta_dir /nfs/site/disks/ipg_scf_00159/ajavidi_ship/SHIP_23ww17d4/arf124b064e1r1w0cbbehbaa4acw_work/ship/ip/arf124b064e1r1w0cbbehbaa4acw/zsc11_sced410716_28Apr2023_005759/.metadata -task unpacked-staging -meta_prefix ship.default
-I- Loaded /nfs/site/disks/ipg_scf_00159/ajavidi_ship/SHIP_23ww17d4/arf124b064e1r1w0cbbehbaa4acw_work/ship/ip/arf124b064e1r1w0cbbehbaa4acw/zsc11_sced410716_28Apr2023_005759/.metadata/ip_arf124b064e1r1w0cbbehbaa4acw.yml
-I- Loaded /nfs/site/disks/ipg_scf_00159/ajavidi_ship/SHIP_23ww17d4/arf124b064e1r1w0cbbehbaa4acw_work/ship/ip/arf124b064e1r1w0cbbehbaa4acw/zsc11_sced410716_28Apr2023_005759/.metadata/stage_unpacked_arf124b064e1r1w0cbbehbaa4acw.yml
-I- Loaded /nfs/site/disks/ipg_scf_00159/ajavidi_ship/SHIP_23ww17d4/arf124b064e1r1w0cbbehbaa4acw_work/ship/ip/arf124b064e1r1w0cbbehbaa4acw/zsc11_sced410716_28Apr2023_005759/.metadata/stage_staging_arf124b064e1r1w0cbbehbaa4acw.yml
-I- Writing summary file to /nfs/site/disks/ipg_scf_00159/ajavidi_ship/SHIP_23ww17d4/arf124b064e1r1w0cbbehbaa4acw_work/ship/ip/arf124b064e1r1w0cbbehbaa4acw/zsc11_sced410716_28Apr2023_005759/.metadata/ship.default.staging.run.sum
-I- Merging data from unpacked and ip2sd
-I- Loaded /nfs/site/disks/ipg_scf_00159/ajavidi_ship/SHIP_23ww17d4/arf124b064e1r1w0cbbehbaa4acw_work/ship/ip/arf124b064e1r1w0cbbehbaa4acw/zsc11_sced410716_28Apr2023_005759/.metadata/stage_unpacked_arf124b064e1r1w0cbbehbaa4acw.yml
-I- Loaded /nfs/site/disks/ipg_scf_00159/ajavidi_ship/SHIP_23ww17d4/arf124b064e1r1w0cbbehbaa4acw_work/ship/ip/arf124b064e1r1w0cbbehbaa4acw/zsc11_sced410716_28Apr2023_005759/.metadata/stage_ip2sd_arf124b064e1r1w0cbbehbaa4acw.yml
-I- IP data sourced from /nfs/site/disks/ipg_scf_00159/ajavidi_ship/SHIP_23ww17d4/arf124b064e1r1w0cbbehbaa4acw_work/ship/ip/arf124b064e1r1w0cbbehbaa4acw/zsc11_sced410716_28Apr2023_005759/ip2sd
/nfs/site/disks/ipg_scf_00159/ajavidi_ship/SHIP_23ww17d4/arf124b064e1r1w0cbbehbaa4acw_work/ship/ip/arf124b064e1r1w0cbbehbaa4acw/zsc11_sced410716_28Apr2023_005759/unpacked/arf124b064e1r1w0cbbehbaa4acw.manifest.cfg /nfs/site/disks/ipg_scf_00159/ajavidi_ship/SHIP_23ww17d4/arf124b064e1r1w0cbbehbaa4acw_work/ship/ip/arf124b064e1r1w0cbbehbaa4acw/zsc11_sced410716_28Apr2023_005759/unpacked/manifest.xml
-I- Resolving directory to /nfs/site/disks/ipg_scf_00159/ajavidi_ship/SHIP_23ww17d4/arf124b064e1r1w0cbbehbaa4acw_work/ship/ip/arf124b064e1r1w0cbbehbaa4acw/zsc11_sced410716_28Apr2023_005759/unpacked because contents matched stop_on: manifest.xml
-I- IP data resolved to /nfs/site/disks/ipg_scf_00159/ajavidi_ship/SHIP_23ww17d4/arf124b064e1r1w0cbbehbaa4acw_work/ship/ip/arf124b064e1r1w0cbbehbaa4acw/zsc11_sced410716_28Apr2023_005759/unpacked
-I- Creating /nfs/site/disks/ipg_scf_00159/ajavidi_ship/SHIP_23ww17d4/arf124b064e1r1w0cbbehbaa4acw_work/ship/ip/arf124b064e1r1w0cbbehbaa4acw/zsc11_sced410716_28Apr2023_005759/staging
-I- Running populate /nfs/site/disks/ipg_scf_00159/ajavidi_ship/SHIP_23ww17d4/arf124b064e1r1w0cbbehbaa4acw_work/ship/ip/arf124b064e1r1w0cbbehbaa4acw/zsc11_sced410716_28Apr2023_005759/unpacked -> /nfs/site/disks/ipg_scf_00159/ajavidi_ship/SHIP_23ww17d4/arf124b064e1r1w0cbbehbaa4acw_work/ship/ip/arf124b064e1r1w0cbbehbaa4acw/zsc11_sced410716_28Apr2023_005759/staging/fe
-I- Writing updated manifest to /nfs/site/disks/ipg_scf_00159/ajavidi_ship/SHIP_23ww17d4/arf124b064e1r1w0cbbehbaa4acw_work/ship/ip/arf124b064e1r1w0cbbehbaa4acw/zsc11_sced410716_28Apr2023_005759/staging/fe/manifest.xml
-I- Running populate /nfs/site/disks/ipg_scf_00159/ajavidi_ship/SHIP_23ww17d4/arf124b064e1r1w0cbbehbaa4acw_work/ship/ip/arf124b064e1r1w0cbbehbaa4acw/zsc11_sced410716_28Apr2023_005759/unpacked -> /nfs/site/disks/ipg_scf_00159/ajavidi_ship/SHIP_23ww17d4/arf124b064e1r1w0cbbehbaa4acw_work/ship/ip/arf124b064e1r1w0cbbehbaa4acw/zsc11_sced410716_28Apr2023_005759/staging/be
-I- Writing updated manifest to /nfs/site/disks/ipg_scf_00159/ajavidi_ship/SHIP_23ww17d4/arf124b064e1r1w0cbbehbaa4acw_work/ship/ip/arf124b064e1r1w0cbbehbaa4acw/zsc11_sced410716_28Apr2023_005759/staging/be/manifest.xml
-I- Looking for non-manifest files
-I- Saving breadcrumb to /nfs/site/disks/ipg_scf_00159/ajavidi_ship/SHIP_23ww17d4/arf124b064e1r1w0cbbehbaa4acw_work/ship/ip/arf124b064e1r1w0cbbehbaa4acw/zsc11_sced410716_28Apr2023_005759/staging/breadcrumb.pm
-I- Saving breadcrumb to /nfs/site/disks/ipg_scf_00159/ajavidi_ship/SHIP_23ww17d4/arf124b064e1r1w0cbbehbaa4acw_work/ship/ip/arf124b064e1r1w0cbbehbaa4acw/zsc11_sced410716_28Apr2023_005759/staging/fe/breadcrumb.pm
-I- Saving breadcrumb to /nfs/site/disks/ipg_scf_00159/ajavidi_ship/SHIP_23ww17d4/arf124b064e1r1w0cbbehbaa4acw_work/ship/ip/arf124b064e1r1w0cbbehbaa4acw/zsc11_sced410716_28Apr2023_005759/staging/be/breadcrumb.pm
-I- Executing command: cp /nfs/site/disks/ipg_scf_00159/ajavidi_ship/SHIP_23ww17d4/arf124b064e1r1w0cbbehbaa4acw_work/.cth_setup_files//infraConfig_ajavidi_13520_43861675.cth /nfs/site/disks/ipg_scf_00159/ajavidi_ship/SHIP_23ww17d4/arf124b064e1r1w0cbbehbaa4acw_work/ship/ip/arf124b064e1r1w0cbbehbaa4acw/zsc11_sced410716_28Apr2023_005759/staging/infraConfig.cth
-I- Manifests found in /nfs/site/disks/ipg_scf_00159/ajavidi_ship/SHIP_23ww17d4/arf124b064e1r1w0cbbehbaa4acw_work/ship/ip/arf124b064e1r1w0cbbehbaa4acw/zsc11_sced410716_28Apr2023_005759/staging/:
-I- be/manifest.xml
-I- fe/manifest.xml
-I- Library IP requirements not met: <enable_rtl> != 'no' or no <ip_lib_parent_name> found
-I- Reading manifest at /nfs/site/disks/ipg_scf_00159/ajavidi_ship/SHIP_23ww17d4/arf124b064e1r1w0cbbehbaa4acw_work/ship/ip/arf124b064e1r1w0cbbehbaa4acw/zsc11_sced410716_28Apr2023_005759/ip2sd/manifest.xml
-I- Writing FE data from /nfs/site/disks/ipg_scf_00159/ajavidi_ship/SHIP_23ww17d4/arf124b064e1r1w0cbbehbaa4acw_work/ship/ip/arf124b064e1r1w0cbbehbaa4acw/zsc11_sced410716_28Apr2023_005759/ip2sd to /nfs/site/disks/ipg_scf_00159/ajavidi_ship/SHIP_23ww17d4/arf124b064e1r1w0cbbehbaa4acw_work/ship/ip/arf124b064e1r1w0cbbehbaa4acw/zsc11_sced410716_28Apr2023_005759/staging/fe
-I- Executing command: chmod -R 750 /nfs/site/disks/ipg_scf_00159/ajavidi_ship/SHIP_23ww17d4/arf124b064e1r1w0cbbehbaa4acw_work/ship/ip/arf124b064e1r1w0cbbehbaa4acw/zsc11_sced410716_28Apr2023_005759/staging/fe/manifest.xml
-I- Writing updated manifest to /nfs/site/disks/ipg_scf_00159/ajavidi_ship/SHIP_23ww17d4/arf124b064e1r1w0cbbehbaa4acw_work/ship/ip/arf124b064e1r1w0cbbehbaa4acw/zsc11_sced410716_28Apr2023_005759/staging/fe/manifest.xml
-I- Writing BE data from /nfs/site/disks/ipg_scf_00159/ajavidi_ship/SHIP_23ww17d4/arf124b064e1r1w0cbbehbaa4acw_work/ship/ip/arf124b064e1r1w0cbbehbaa4acw/zsc11_sced410716_28Apr2023_005759/ip2sd to /nfs/site/disks/ipg_scf_00159/ajavidi_ship/SHIP_23ww17d4/arf124b064e1r1w0cbbehbaa4acw_work/ship/ip/arf124b064e1r1w0cbbehbaa4acw/zsc11_sced410716_28Apr2023_005759/staging/be
-I- Executing command: chmod -R 750 /nfs/site/disks/ipg_scf_00159/ajavidi_ship/SHIP_23ww17d4/arf124b064e1r1w0cbbehbaa4acw_work/ship/ip/arf124b064e1r1w0cbbehbaa4acw/zsc11_sced410716_28Apr2023_005759/staging/be/manifest.xml
-I- Writing updated manifest to /nfs/site/disks/ipg_scf_00159/ajavidi_ship/SHIP_23ww17d4/arf124b064e1r1w0cbbehbaa4acw_work/ship/ip/arf124b064e1r1w0cbbehbaa4acw/zsc11_sced410716_28Apr2023_005759/staging/be/manifest.xml
-I- Executing command: mkdir /nfs/site/disks/ipg_scf_00159/ajavidi_ship/SHIP_23ww17d4/arf124b064e1r1w0cbbehbaa4acw_work/ship/ip/arf124b064e1r1w0cbbehbaa4acw/zsc11_sced410716_28Apr2023_005759/staging/log/ 
-I- Copying ip2sd logs to /nfs/site/disks/ipg_scf_00159/ajavidi_ship/SHIP_23ww17d4/arf124b064e1r1w0cbbehbaa4acw_work/ship/ip/arf124b064e1r1w0cbbehbaa4acw/zsc11_sced410716_28Apr2023_005759/staging/log/
-I- Executing command: rsync -av /nfs/site/disks/ipg_scf_00159/ajavidi_ship/SHIP_23ww17d4/arf124b064e1r1w0cbbehbaa4acw_work/ship/ip/arf124b064e1r1w0cbbehbaa4acw/zsc11_sced410716_28Apr2023_005759/ip2sd/ip2sd/logs/arf124b064e1r1w0cbbehbaa4acw/* /nfs/site/disks/ipg_scf_00159/ajavidi_ship/SHIP_23ww17d4/arf124b064e1r1w0cbbehbaa4acw_work/ship/ip/arf124b064e1r1w0cbbehbaa4acw/zsc11_sced410716_28Apr2023_005759/staging/log/ip2sd_logs --exclude prev
-I- Executing command: chmod u+rwX /nfs/site/disks/ipg_scf_00159/ajavidi_ship/SHIP_23ww17d4/arf124b064e1r1w0cbbehbaa4acw_work/ship/ip/arf124b064e1r1w0cbbehbaa4acw/zsc11_sced410716_28Apr2023_005759/staging/log/ip2sd_logs
-I- Copying ip2sd reports to /nfs/site/disks/ipg_scf_00159/ajavidi_ship/SHIP_23ww17d4/arf124b064e1r1w0cbbehbaa4acw_work/ship/ip/arf124b064e1r1w0cbbehbaa4acw/zsc11_sced410716_28Apr2023_005759/staging/log/
-I- Executing command: rsync -av /nfs/site/disks/ipg_scf_00159/ajavidi_ship/SHIP_23ww17d4/arf124b064e1r1w0cbbehbaa4acw_work/ship/ip/arf124b064e1r1w0cbbehbaa4acw/zsc11_sced410716_28Apr2023_005759/ip2sd/doc/* /nfs/site/disks/ipg_scf_00159/ajavidi_ship/SHIP_23ww17d4/arf124b064e1r1w0cbbehbaa4acw_work/ship/ip/arf124b064e1r1w0cbbehbaa4acw/zsc11_sced410716_28Apr2023_005759/staging/log/ip2sd_reports
-I- Executing command: chmod u+rwX /nfs/site/disks/ipg_scf_00159/ajavidi_ship/SHIP_23ww17d4/arf124b064e1r1w0cbbehbaa4acw_work/ship/ip/arf124b064e1r1w0cbbehbaa4acw/zsc11_sced410716_28Apr2023_005759/staging/log/ip2sd_reports
-I- Removing empty dirs from /nfs/site/disks/ipg_scf_00159/ajavidi_ship/SHIP_23ww17d4/arf124b064e1r1w0cbbehbaa4acw_work/ship/ip/arf124b064e1r1w0cbbehbaa4acw/zsc11_sced410716_28Apr2023_005759/staging
-I- Executing command: find /nfs/site/disks/ipg_scf_00159/ajavidi_ship/SHIP_23ww17d4/arf124b064e1r1w0cbbehbaa4acw_work/ship/ip/arf124b064e1r1w0cbbehbaa4acw/zsc11_sced410716_28Apr2023_005759/staging/fe/collateral/ -empty -type d -delete
find: ‘/nfs/site/disks/ipg_scf_00159/ajavidi_ship/SHIP_23ww17d4/arf124b064e1r1w0cbbehbaa4acw_work/ship/ip/arf124b064e1r1w0cbbehbaa4acw/zsc11_sced410716_28Apr2023_005759/staging/fe/collateral/’: No such file or directory
-I- Executing command: find /nfs/site/disks/ipg_scf_00159/ajavidi_ship/SHIP_23ww17d4/arf124b064e1r1w0cbbehbaa4acw_work/ship/ip/arf124b064e1r1w0cbbehbaa4acw/zsc11_sced410716_28Apr2023_005759/staging/be/collateral/ -empty -type d -delete
-I- Executing command: find /nfs/site/disks/ipg_scf_00159/ajavidi_ship/SHIP_23ww17d4/arf124b064e1r1w0cbbehbaa4acw_work/ship/ip/arf124b064e1r1w0cbbehbaa4acw/zsc11_sced410716_28Apr2023_005759/staging/be/ -maxdepth 1 -mindepth 1 -empty -type d -delete
-I- Executing command: find /nfs/site/disks/ipg_scf_00159/ajavidi_ship/SHIP_23ww17d4/arf124b064e1r1w0cbbehbaa4acw_work/ship/ip/arf124b064e1r1w0cbbehbaa4acw/zsc11_sced410716_28Apr2023_005759/staging/fe/ -maxdepth 1 -mindepth 1 -empty -type d -delete
-I- Completed data staging for QA/archive
-I- Looking for manifest XML at /nfs/site/disks/ipg_scf_00159/ajavidi_ship/SHIP_23ww17d4/arf124b064e1r1w0cbbehbaa4acw_work/ship/ip/arf124b064e1r1w0cbbehbaa4acw/zsc11_sced410716_28Apr2023_005759/staging/*/manifest.xml
-I- Generating manifest.xml from /nfs/site/disks/ipg_scf_00159/ajavidi_ship/SHIP_23ww17d4/arf124b064e1r1w0cbbehbaa4acw_work/ship/ip/arf124b064e1r1w0cbbehbaa4acw/zsc11_sced410716_28Apr2023_005759/staging/be/manifest.xml
/nfs/site/disks/ipg_scf_00159/ajavidi_ship/SHIP_23ww17d4/arf124b064e1r1w0cbbehbaa4acw_work/ship/ip/arf124b064e1r1w0cbbehbaa4acw/zsc11_sced410716_28Apr2023_005759/staging/fe/manifest.xml
-I- Writing summary file to /nfs/site/disks/ipg_scf_00159/ajavidi_ship/SHIP_23ww17d4/arf124b064e1r1w0cbbehbaa4acw_work/ship/ip/arf124b064e1r1w0cbbehbaa4acw/zsc11_sced410716_28Apr2023_005759/.metadata/ship.default.staging.run.sum
+-----------------------------------------------------------------------------+
| Exit Status    : 0                                                          |
| Finishing time : Fri Apr 28  1:06:01 2023                                   |
+-----------------------------------------------------------------------------+
