# /nfs/site/disks/crt_tools_055/ip2sd/23.02.001/bin/stageBin/ip2sd_lib2ldb.pl
-I- Using /p/hdk/cad/librarycompiler/T-2022.03-SP3/bin/lc_shell -no_home_init for lib operations
Starting ip2sd_lib2ldb
Using ip2sdCfg file ip2sdCfg_47419.pm
File::Glob::glob() will disappear in perl 5.30. Use File::Glob::bsd_glob() instead. at /nfs/site/disks/crt_tools_055/ip2sd/23.02.001/bin/stageBin/ip2sd_lib2ldb.pl line 112.
-I- Reading IP config file: /nfs/site/disks/ipg_scf_00159/ajavidi_ship/SHIP_23ww17d4/arf038b064e1r1w0cbbehraa4acw_work/ship/ip/arf038b064e1r1w0cbbehraa4acw/zsc11_scea053103_27Apr2023_204129/ip2sd/collateral/ebb/cfg/arf038b064e1r1w0cbbehraa4acw.cfg
-I- Sucessfully read config file.
-I- ip cfg file: /nfs/site/disks/ipg_scf_00159/ajavidi_ship/SHIP_23ww17d4/arf038b064e1r1w0cbbehraa4acw_work/ship/ip/arf038b064e1r1w0cbbehraa4acw/zsc11_scea053103_27Apr2023_204129/ip2sd/collateral/ebb/cfg/arf038b064e1r1w0cbbehraa4acw.cfg
-I- Reading IP config file: /nfs/site/disks/ipg_scf_00159/ajavidi_ship/SHIP_23ww17d4/arf038b064e1r1w0cbbehraa4acw_work/ship/ip/arf038b064e1r1w0cbbehraa4acw/zsc11_scea053103_27Apr2023_204129/ip2sd/collateral/ebb/cfg/arf038b064e1r1w0cbbehraa4acw.cfg
-I- Sucessfully read config file.
-V- Copying input files to staging area
'/nfs/site/disks/ipg_scf_00159/ajavidi_ship/SHIP_23ww17d4/arf038b064e1r1w0cbbehraa4acw_work/ship/ip/arf038b064e1r1w0cbbehraa4acw/zsc11_scea053103_27Apr2023_204129/ip2sd/timing/arf038b064e1r1w0cbbehraa4acw_p1276d4_tmin_0.55v_100c.min.lib' -> '/nfs/site/disks/ipg_scf_00159/ajavidi_ship/SHIP_23ww17d4/arf038b064e1r1w0cbbehraa4acw_work/ship/ip/arf038b064e1r1w0cbbehraa4acw/zsc11_scea053103_27Apr2023_204129/ip2sd/ip2sd/ip/arf038b064e1r1w0cbbehraa4acw/ip2sd_lib2ldb/orig/timing/arf038b064e1r1w0cbbehraa4acw_p1276d4_tmin_0.55v_100c.min.lib'
'/nfs/site/disks/ipg_scf_00159/ajavidi_ship/SHIP_23ww17d4/arf038b064e1r1w0cbbehraa4acw_work/ship/ip/arf038b064e1r1w0cbbehraa4acw/zsc11_scea053103_27Apr2023_204129/ip2sd/timing/arf038b064e1r1w0cbbehraa4acw_p1276d4_tmin_0.65v_100c.min.lib' -> '/nfs/site/disks/ipg_scf_00159/ajavidi_ship/SHIP_23ww17d4/arf038b064e1r1w0cbbehraa4acw_work/ship/ip/arf038b064e1r1w0cbbehraa4acw/zsc11_scea053103_27Apr2023_204129/ip2sd/ip2sd/ip/arf038b064e1r1w0cbbehraa4acw/ip2sd_lib2ldb/orig/timing/arf038b064e1r1w0cbbehraa4acw_p1276d4_tmin_0.65v_100c.min.lib'
'/nfs/site/disks/ipg_scf_00159/ajavidi_ship/SHIP_23ww17d4/arf038b064e1r1w0cbbehraa4acw_work/ship/ip/arf038b064e1r1w0cbbehraa4acw/zsc11_scea053103_27Apr2023_204129/ip2sd/timing/arf038b064e1r1w0cbbehraa4acw_p1276d4_tmin_0.85v_100c.min.lib' -> '/nfs/site/disks/ipg_scf_00159/ajavidi_ship/SHIP_23ww17d4/arf038b064e1r1w0cbbehraa4acw_work/ship/ip/arf038b064e1r1w0cbbehraa4acw/zsc11_scea053103_27Apr2023_204129/ip2sd/ip2sd/ip/arf038b064e1r1w0cbbehraa4acw/ip2sd_lib2ldb/orig/timing/arf038b064e1r1w0cbbehraa4acw_p1276d4_tmin_0.85v_100c.min.lib'
'/nfs/site/disks/ipg_scf_00159/ajavidi_ship/SHIP_23ww17d4/arf038b064e1r1w0cbbehraa4acw_work/ship/ip/arf038b064e1r1w0cbbehraa4acw/zsc11_scea053103_27Apr2023_204129/ip2sd/timing/arf038b064e1r1w0cbbehraa4acw_p1276d4_tmin_1.10v_100c.min.lib' -> '/nfs/site/disks/ipg_scf_00159/ajavidi_ship/SHIP_23ww17d4/arf038b064e1r1w0cbbehraa4acw_work/ship/ip/arf038b064e1r1w0cbbehraa4acw/zsc11_scea053103_27Apr2023_204129/ip2sd/ip2sd/ip/arf038b064e1r1w0cbbehraa4acw/ip2sd_lib2ldb/orig/timing/arf038b064e1r1w0cbbehraa4acw_p1276d4_tmin_1.10v_100c.min.lib'
'/nfs/site/disks/ipg_scf_00159/ajavidi_ship/SHIP_23ww17d4/arf038b064e1r1w0cbbehraa4acw_work/ship/ip/arf038b064e1r1w0cbbehraa4acw/zsc11_scea053103_27Apr2023_204129/ip2sd/timing/arf038b064e1r1w0cbbehraa4acw_p1276d4_tttt_0.55v_100c.max.lib' -> '/nfs/site/disks/ipg_scf_00159/ajavidi_ship/SHIP_23ww17d4/arf038b064e1r1w0cbbehraa4acw_work/ship/ip/arf038b064e1r1w0cbbehraa4acw/zsc11_scea053103_27Apr2023_204129/ip2sd/ip2sd/ip/arf038b064e1r1w0cbbehraa4acw/ip2sd_lib2ldb/orig/timing/arf038b064e1r1w0cbbehraa4acw_p1276d4_tttt_0.55v_100c.max.lib'
'/nfs/site/disks/ipg_scf_00159/ajavidi_ship/SHIP_23ww17d4/arf038b064e1r1w0cbbehraa4acw_work/ship/ip/arf038b064e1r1w0cbbehraa4acw/zsc11_scea053103_27Apr2023_204129/ip2sd/timing/arf038b064e1r1w0cbbehraa4acw_p1276d4_tttt_0.65v_100c.max.lib' -> '/nfs/site/disks/ipg_scf_00159/ajavidi_ship/SHIP_23ww17d4/arf038b064e1r1w0cbbehraa4acw_work/ship/ip/arf038b064e1r1w0cbbehraa4acw/zsc11_scea053103_27Apr2023_204129/ip2sd/ip2sd/ip/arf038b064e1r1w0cbbehraa4acw/ip2sd_lib2ldb/orig/timing/arf038b064e1r1w0cbbehraa4acw_p1276d4_tttt_0.65v_100c.max.lib'
'/nfs/site/disks/ipg_scf_00159/ajavidi_ship/SHIP_23ww17d4/arf038b064e1r1w0cbbehraa4acw_work/ship/ip/arf038b064e1r1w0cbbehraa4acw/zsc11_scea053103_27Apr2023_204129/ip2sd/timing/arf038b064e1r1w0cbbehraa4acw_p1276d4_tttt_0.85v_100c.max.lib' -> '/nfs/site/disks/ipg_scf_00159/ajavidi_ship/SHIP_23ww17d4/arf038b064e1r1w0cbbehraa4acw_work/ship/ip/arf038b064e1r1w0cbbehraa4acw/zsc11_scea053103_27Apr2023_204129/ip2sd/ip2sd/ip/arf038b064e1r1w0cbbehraa4acw/ip2sd_lib2ldb/orig/timing/arf038b064e1r1w0cbbehraa4acw_p1276d4_tttt_0.85v_100c.max.lib'
'/nfs/site/disks/ipg_scf_00159/ajavidi_ship/SHIP_23ww17d4/arf038b064e1r1w0cbbehraa4acw_work/ship/ip/arf038b064e1r1w0cbbehraa4acw/zsc11_scea053103_27Apr2023_204129/ip2sd/timing/arf038b064e1r1w0cbbehraa4acw_p1276d4_tttt_1.10v_100c.max.lib' -> '/nfs/site/disks/ipg_scf_00159/ajavidi_ship/SHIP_23ww17d4/arf038b064e1r1w0cbbehraa4acw_work/ship/ip/arf038b064e1r1w0cbbehraa4acw/zsc11_scea053103_27Apr2023_204129/ip2sd/ip2sd/ip/arf038b064e1r1w0cbbehraa4acw/ip2sd_lib2ldb/orig/timing/arf038b064e1r1w0cbbehraa4acw_p1276d4_tttt_1.10v_100c.max.lib'
-I- Running dc shell to convert lib to ldb
2023/04/27 20:45:10 cth_query Params
2023/04/27 20:45:10 $VAR1 = {
          'Params' => {
                        'sourcecode_p4port:zsc11' => 'p4refchtsce.sync.intel.com:1671',
                        'regression_r2g' => '2023.12.5',
                        'stepping_lc' => 'a0',
                        'regression_cth2_arc' => '23.01.001',
                        'sourcecode_p4port:iind' => 'p4refchtbae.sync.intel.com:1671',
                        'dbi_milestone' => 'prod',
                        'milestone' => 'params(MILESTONE)',
                        'regression_finale' => '22.01.001',
                        'PDK_DIR' => '/p/hdk/cad/pdk/pdk764_r0.9.1HP2_23ww14.5',
                        'cpipad_lib' => '/p/hdk/cad/stdcells/cpipad_lib/cpipad764_r1.0_23ww10.2',
                        'p4' => '2019.2',
                        'kbsccmaillist' => 'narendra.nimmagadda@intel.com,garima.sharma@intel.com,Kainat.Theba@intel.com',
                        'defaultArcRepo' => 'params(chop)arc',
                        'r2g_tech' => '1276.4',
                        'regression_cth2_connected_flow' => '20.04.004',
                        'PRODUCT_STEP' => 'params(stepping)',
                        'sourcecode_p4port:png' => 'p4refchtbae.sync.intel.com:1671',
                        'chop' => 'ip76edmr',
                        'sourcecode_p4port:zsc10' => 'p4refchtsce.sync.intel.com:1671',
                        'regression_cth2_clean_setup' => '23.02.001',
                        'diamond_script' => '/usr/intel/bin/dts_register',
                        'bu_scope' => 'server_ip',
                        'regression_hdk_qa' => '23.13.1',
                        'rapidesd_calibre' => 'aoi_cal_2021.2_28.15_cth',
                        'sourcecode_p4port:pdx' => 'p4refchtsce.sync.intel.com:1671',
                        'ip2sd_config:run_hacklib' => '0',
                        'TRACK_PATTERN' => 'tp4',
                        'regression_liteinfra' => '1.7',
                        'rapidesd_totem' => 'Totem_Linux64e6_V2021R2.5p1',
                        'sourcecode_p4port:master' => 'p4refchtsce.sync.intel.com:1671',
                        'sourcecode_p4port:iil' => 'p4refchtidce.sync.intel.com:1671',
                        'ship_config:crossfire_mode' => 'split',
                        'sourcecode_p4port:sc' => 'p4refchtsce.sync.intel.com:1671',
                        'wardprimarygroup' => 'ip7nm',
                        'dbi_binary_version' => 'py',
                        'stepping' => 'A0',
                        'regression_c16_dpqa' => '2021.12.4',
                        'g1m' => '/p/hdk/cad/stdcells/lib764_g1m_240h_50pp/pdk090_r0v1p0_fv',
                        'cth2_ver' => '2023.03.SP1',
                        'LAYERSTACK' => 'm20_6x_4ya_2yb_2yc_2yd_2ye_1ga_mim3x_1gb__bumpp',
                        'MILESTONE' => 'UNDEF',
                        'defaultRepo' => 'params(chop)',
                        'sourcecode_p4port:zsc9' => 'p4refchtsce.sync.intel.com:1671',
                        'rapidesd_lte' => 'ESD.1.7.13',
                        'STEPPING' => 'params(stepping)',
                        'TechOption' => 'opt4',
                        'sourcecode_p4port:imu' => 'p4refchtimce.sync.intel.com:1671',
                        'groups' => 'soc,cicg,hdk7nm,hdk7nmproc',
                        'ship_config:manifest_cfg' => 'hipspec_be_timing',
                        'regression_cth_closure' => '21.03.004',
                        'LIB_NAME' => 'g1m',
                        'LIB_HEIGHT_CLASS' => 'g1m_8dg_50pp',
                        'CHOP' => 'params(chop)',
                        'PRODUCT_NAME' => 'I7E240O4',
                        'regression_ship' => '20.01.006',
                        'regression_ddm_api' => '21.01.001',
                        'regression_cth2_interface' => '23.02.001',
                        'use_model_file' => '1',
                        'regression_ship2' => '23.01.002',
                        'iphs_enable_finale' => '1',
                        'soc_hier_file' => 'envs(PROJ_ARCHIVE)/soc_hier/params(chop)_hier.tcl',
                        'ship_config:review_checklists' => 'crossfire_lv,crossfire_horizontal,crossfire_intgd,crossfire_lef,crossfire_timing,crossfire_power,crossfire_driftchecks',
                        'dbi_project' => 'ipg'
                      }
        };
2023/04/27 20:45:10 Not in cth.ini: ship_config:dc_parallelism
-I- Creating tcl file to give to dc_shell to convert libs
-I- Libs are: arf038b064e1r1w0cbbehraa4acw_p1276d4_tmin_0.55v_100c.min.lib,arf038b064e1r1w0cbbehraa4acw_p1276d4_tmin_0.65v_100c.min.lib,arf038b064e1r1w0cbbehraa4acw_p1276d4_tmin_0.85v_100c.min.lib,arf038b064e1r1w0cbbehraa4acw_p1276d4_tmin_1.10v_100c.min.lib,arf038b064e1r1w0cbbehraa4acw_p1276d4_tttt_0.55v_100c.max.lib,arf038b064e1r1w0cbbehraa4acw_p1276d4_tttt_0.65v_100c.max.lib,arf038b064e1r1w0cbbehraa4acw_p1276d4_tttt_0.85v_100c.max.lib,arf038b064e1r1w0cbbehraa4acw_p1276d4_tttt_1.10v_100c.max.lib
-I- Logfile: /nfs/site/disks/ipg_scf_00159/ajavidi_ship/SHIP_23ww17d4/arf038b064e1r1w0cbbehraa4acw_work/ship/ip/arf038b064e1r1w0cbbehraa4acw/zsc11_scea053103_27Apr2023_204129/ip2sd/ip2sd/ip/arf038b064e1r1w0cbbehraa4acw/ip2sd_lib2ldb/log/arf038b064e1r1w0cbbehraa4acw_timing_convert.log
-I- Processing 8 libs in batches of size 1 using up to 8 instances of dc_shell
-I- Running /p/hdk/cad/librarycompiler/T-2022.03-SP3/bin/lc_shell -no_home_init -f /nfs/site/disks/ipg_scf_00159/ajavidi_ship/SHIP_23ww17d4/arf038b064e1r1w0cbbehraa4acw_work/ship/ip/arf038b064e1r1w0cbbehraa4acw/zsc11_scea053103_27Apr2023_204129/ip2sd/ip2sd/ip/arf038b064e1r1w0cbbehraa4acw/ip2sd_lib2ldb/tcl/arf038b064e1r1w0cbbehraa4acw_timing_convert_1.tcl
-I- Running /p/hdk/cad/librarycompiler/T-2022.03-SP3/bin/lc_shell -no_home_init -f /nfs/site/disks/ipg_scf_00159/ajavidi_ship/SHIP_23ww17d4/arf038b064e1r1w0cbbehraa4acw_work/ship/ip/arf038b064e1r1w0cbbehraa4acw/zsc11_scea053103_27Apr2023_204129/ip2sd/ip2sd/ip/arf038b064e1r1w0cbbehraa4acw/ip2sd_lib2ldb/tcl/arf038b064e1r1w0cbbehraa4acw_timing_convert_2.tcl
-I- Running /p/hdk/cad/librarycompiler/T-2022.03-SP3/bin/lc_shell -no_home_init -f /nfs/site/disks/ipg_scf_00159/ajavidi_ship/SHIP_23ww17d4/arf038b064e1r1w0cbbehraa4acw_work/ship/ip/arf038b064e1r1w0cbbehraa4acw/zsc11_scea053103_27Apr2023_204129/ip2sd/ip2sd/ip/arf038b064e1r1w0cbbehraa4acw/ip2sd_lib2ldb/tcl/arf038b064e1r1w0cbbehraa4acw_timing_convert_3.tcl
-I- Running /p/hdk/cad/librarycompiler/T-2022.03-SP3/bin/lc_shell -no_home_init -f /nfs/site/disks/ipg_scf_00159/ajavidi_ship/SHIP_23ww17d4/arf038b064e1r1w0cbbehraa4acw_work/ship/ip/arf038b064e1r1w0cbbehraa4acw/zsc11_scea053103_27Apr2023_204129/ip2sd/ip2sd/ip/arf038b064e1r1w0cbbehraa4acw/ip2sd_lib2ldb/tcl/arf038b064e1r1w0cbbehraa4acw_timing_convert_4.tcl
-I- Running /p/hdk/cad/librarycompiler/T-2022.03-SP3/bin/lc_shell -no_home_init -f /nfs/site/disks/ipg_scf_00159/ajavidi_ship/SHIP_23ww17d4/arf038b064e1r1w0cbbehraa4acw_work/ship/ip/arf038b064e1r1w0cbbehraa4acw/zsc11_scea053103_27Apr2023_204129/ip2sd/ip2sd/ip/arf038b064e1r1w0cbbehraa4acw/ip2sd_lib2ldb/tcl/arf038b064e1r1w0cbbehraa4acw_timing_convert_5.tcl
-I- Running /p/hdk/cad/librarycompiler/T-2022.03-SP3/bin/lc_shell -no_home_init -f /nfs/site/disks/ipg_scf_00159/ajavidi_ship/SHIP_23ww17d4/arf038b064e1r1w0cbbehraa4acw_work/ship/ip/arf038b064e1r1w0cbbehraa4acw/zsc11_scea053103_27Apr2023_204129/ip2sd/ip2sd/ip/arf038b064e1r1w0cbbehraa4acw/ip2sd_lib2ldb/tcl/arf038b064e1r1w0cbbehraa4acw_timing_convert_6.tcl
-I- Running /p/hdk/cad/librarycompiler/T-2022.03-SP3/bin/lc_shell -no_home_init -f /nfs/site/disks/ipg_scf_00159/ajavidi_ship/SHIP_23ww17d4/arf038b064e1r1w0cbbehraa4acw_work/ship/ip/arf038b064e1r1w0cbbehraa4acw/zsc11_scea053103_27Apr2023_204129/ip2sd/ip2sd/ip/arf038b064e1r1w0cbbehraa4acw/ip2sd_lib2ldb/tcl/arf038b064e1r1w0cbbehraa4acw_timing_convert_7.tcl
-I- Running /p/hdk/cad/librarycompiler/T-2022.03-SP3/bin/lc_shell -no_home_init -f /nfs/site/disks/ipg_scf_00159/ajavidi_ship/SHIP_23ww17d4/arf038b064e1r1w0cbbehraa4acw_work/ship/ip/arf038b064e1r1w0cbbehraa4acw/zsc11_scea053103_27Apr2023_204129/ip2sd/ip2sd/ip/arf038b064e1r1w0cbbehraa4acw/ip2sd_lib2ldb/tcl/arf038b064e1r1w0cbbehraa4acw_timing_convert_8.tcl
-I- arf038b064e1r1w0cbbehraa4acw_timing_convert_5.tcl passed
-I- arf038b064e1r1w0cbbehraa4acw_timing_convert_2.tcl passed
-I- arf038b064e1r1w0cbbehraa4acw_timing_convert_3.tcl passed
-I- arf038b064e1r1w0cbbehraa4acw_timing_convert_4.tcl passed
-I- arf038b064e1r1w0cbbehraa4acw_timing_convert_7.tcl passed
-I- arf038b064e1r1w0cbbehraa4acw_timing_convert_8.tcl passed
-I- arf038b064e1r1w0cbbehraa4acw_timing_convert_6.tcl passed
-I- arf038b064e1r1w0cbbehraa4acw_timing_convert_1.tcl passed
-I- dc_shell convert operation passed
-W- No noise libs to convert
-V- Writeback LDBs
-V- Processing timing
-V- Write back arf038b064e1r1w0cbbehraa4acw_p1276d4_tmin_0.55v_100c.min.lib
-V- Write back arf038b064e1r1w0cbbehraa4acw_p1276d4_tmin_0.65v_100c.min.lib
-V- Write back arf038b064e1r1w0cbbehraa4acw_p1276d4_tmin_0.85v_100c.min.lib
-V- Write back arf038b064e1r1w0cbbehraa4acw_p1276d4_tmin_1.10v_100c.min.lib
-V- Write back arf038b064e1r1w0cbbehraa4acw_p1276d4_tttt_0.55v_100c.max.lib
-V- Write back arf038b064e1r1w0cbbehraa4acw_p1276d4_tttt_0.65v_100c.max.lib
-V- Write back arf038b064e1r1w0cbbehraa4acw_p1276d4_tttt_0.85v_100c.max.lib
-V- Write back arf038b064e1r1w0cbbehraa4acw_p1276d4_tttt_1.10v_100c.max.lib
2023/04/27 20:46:33 $VAR1 = {
          'src_manifest' => '/nfs/site/disks/ipg_scf_00159/ajavidi_ship/SHIP_23ww17d4/arf038b064e1r1w0cbbehraa4acw_work/ship/ip/arf038b064e1r1w0cbbehraa4acw/zsc11_scea053103_27Apr2023_204129/ip2sd/manifest.xml',
          'metadata_only' => 1,
          'inplace' => 1,
          'edit' => {
                      'type' => sub { "DUMMY" }
                    },
          'rename' => sub { "DUMMY" },
          'file' => []
        };
2023/04/27 20:46:33 $VAR1 = [];
2023/04/27 20:46:33 $VAR1 = {
          'src_manifest' => '/nfs/site/disks/ipg_scf_00159/ajavidi_ship/SHIP_23ww17d4/arf038b064e1r1w0cbbehraa4acw_work/ship/ip/arf038b064e1r1w0cbbehraa4acw/zsc11_scea053103_27Apr2023_204129/ip2sd/manifest.xml',
          'metadata_only' => 1,
          'rename' => sub { "DUMMY" },
          'edit' => {
                      'type' => sub { "DUMMY" }
                    },
          'inplace' => 1,
          'file' => [
                      'timing/arf038b064e1r1w0cbbehraa4acw_p1276d4_tmin_0.55v_100c.min.lib',
                      'timing/arf038b064e1r1w0cbbehraa4acw_p1276d4_tmin_0.65v_100c.min.lib',
                      'timing/arf038b064e1r1w0cbbehraa4acw_p1276d4_tmin_0.85v_100c.min.lib',
                      'timing/arf038b064e1r1w0cbbehraa4acw_p1276d4_tmin_1.10v_100c.min.lib',
                      'timing/arf038b064e1r1w0cbbehraa4acw_p1276d4_tttt_0.55v_100c.max.lib',
                      'timing/arf038b064e1r1w0cbbehraa4acw_p1276d4_tttt_0.65v_100c.max.lib',
                      'timing/arf038b064e1r1w0cbbehraa4acw_p1276d4_tttt_0.85v_100c.max.lib',
                      'timing/arf038b064e1r1w0cbbehraa4acw_p1276d4_tttt_1.10v_100c.max.lib'
                    ]
        };
2023/04/27 20:46:33 $VAR1 = [
          'timing/arf038b064e1r1w0cbbehraa4acw_p1276d4_tmin_0.55v_100c.min.lib',
          [
            'timing/arf038b064e1r1w0cbbehraa4acw_p1276d4_tmin_0.55v_100c.min.ldb'
          ]
        ];
2023/04/27 20:46:33 Renaming timing/arf038b064e1r1w0cbbehraa4acw_p1276d4_tmin_0.55v_100c.min.lib -> timing/arf038b064e1r1w0cbbehraa4acw_p1276d4_tmin_0.55v_100c.min.ldb
2023/04/27 20:46:33 $VAR1 = [
          'timing/arf038b064e1r1w0cbbehraa4acw_p1276d4_tttt_0.85v_100c.max.lib',
          [
            'timing/arf038b064e1r1w0cbbehraa4acw_p1276d4_tttt_0.85v_100c.max.ldb'
          ]
        ];
2023/04/27 20:46:33 Renaming timing/arf038b064e1r1w0cbbehraa4acw_p1276d4_tttt_0.85v_100c.max.lib -> timing/arf038b064e1r1w0cbbehraa4acw_p1276d4_tttt_0.85v_100c.max.ldb
2023/04/27 20:46:33 $VAR1 = [
          'timing/arf038b064e1r1w0cbbehraa4acw_p1276d4_tttt_0.55v_100c.max.lib',
          [
            'timing/arf038b064e1r1w0cbbehraa4acw_p1276d4_tttt_0.55v_100c.max.ldb'
          ]
        ];
2023/04/27 20:46:33 Renaming timing/arf038b064e1r1w0cbbehraa4acw_p1276d4_tttt_0.55v_100c.max.lib -> timing/arf038b064e1r1w0cbbehraa4acw_p1276d4_tttt_0.55v_100c.max.ldb
2023/04/27 20:46:33 $VAR1 = [
          'timing/arf038b064e1r1w0cbbehraa4acw_p1276d4_tmin_1.10v_100c.min.lib',
          [
            'timing/arf038b064e1r1w0cbbehraa4acw_p1276d4_tmin_1.10v_100c.min.ldb'
          ]
        ];
2023/04/27 20:46:33 Renaming timing/arf038b064e1r1w0cbbehraa4acw_p1276d4_tmin_1.10v_100c.min.lib -> timing/arf038b064e1r1w0cbbehraa4acw_p1276d4_tmin_1.10v_100c.min.ldb
2023/04/27 20:46:33 $VAR1 = [
          'timing/arf038b064e1r1w0cbbehraa4acw_p1276d4_tmin_0.85v_100c.min.lib',
          [
            'timing/arf038b064e1r1w0cbbehraa4acw_p1276d4_tmin_0.85v_100c.min.ldb'
          ]
        ];
2023/04/27 20:46:33 Renaming timing/arf038b064e1r1w0cbbehraa4acw_p1276d4_tmin_0.85v_100c.min.lib -> timing/arf038b064e1r1w0cbbehraa4acw_p1276d4_tmin_0.85v_100c.min.ldb
2023/04/27 20:46:33 $VAR1 = [
          'timing/arf038b064e1r1w0cbbehraa4acw_p1276d4_tttt_0.65v_100c.max.lib',
          [
            'timing/arf038b064e1r1w0cbbehraa4acw_p1276d4_tttt_0.65v_100c.max.ldb'
          ]
        ];
2023/04/27 20:46:33 Renaming timing/arf038b064e1r1w0cbbehraa4acw_p1276d4_tttt_0.65v_100c.max.lib -> timing/arf038b064e1r1w0cbbehraa4acw_p1276d4_tttt_0.65v_100c.max.ldb
2023/04/27 20:46:33 $VAR1 = [
          'timing/arf038b064e1r1w0cbbehraa4acw_p1276d4_tmin_0.65v_100c.min.lib',
          [
            'timing/arf038b064e1r1w0cbbehraa4acw_p1276d4_tmin_0.65v_100c.min.ldb'
          ]
        ];
2023/04/27 20:46:33 Renaming timing/arf038b064e1r1w0cbbehraa4acw_p1276d4_tmin_0.65v_100c.min.lib -> timing/arf038b064e1r1w0cbbehraa4acw_p1276d4_tmin_0.65v_100c.min.ldb
2023/04/27 20:46:33 $VAR1 = [
          'timing/arf038b064e1r1w0cbbehraa4acw_p1276d4_tttt_1.10v_100c.max.lib',
          [
            'timing/arf038b064e1r1w0cbbehraa4acw_p1276d4_tttt_1.10v_100c.max.ldb'
          ]
        ];
2023/04/27 20:46:33 Renaming timing/arf038b064e1r1w0cbbehraa4acw_p1276d4_tttt_1.10v_100c.max.lib -> timing/arf038b064e1r1w0cbbehraa4acw_p1276d4_tttt_1.10v_100c.max.ldb
2023/04/27 20:46:33 $VAR1 = [
          'timing/arf038b064e1r1w0cbbehraa4acw_p1276d4_tmin_0.55v_100c.min.lib',
          'timing/arf038b064e1r1w0cbbehraa4acw_p1276d4_tmin_0.55v_100c.min.ldb',
          'timing/arf038b064e1r1w0cbbehraa4acw_p1276d4_tttt_0.85v_100c.max.lib',
          'timing/arf038b064e1r1w0cbbehraa4acw_p1276d4_tttt_0.85v_100c.max.ldb',
          'timing/arf038b064e1r1w0cbbehraa4acw_p1276d4_tttt_0.55v_100c.max.lib',
          'timing/arf038b064e1r1w0cbbehraa4acw_p1276d4_tttt_0.55v_100c.max.ldb',
          'timing/arf038b064e1r1w0cbbehraa4acw_p1276d4_tmin_1.10v_100c.min.lib',
          'timing/arf038b064e1r1w0cbbehraa4acw_p1276d4_tmin_1.10v_100c.min.ldb',
          'timing/arf038b064e1r1w0cbbehraa4acw_p1276d4_tmin_0.85v_100c.min.lib',
          'timing/arf038b064e1r1w0cbbehraa4acw_p1276d4_tmin_0.85v_100c.min.ldb',
          'timing/arf038b064e1r1w0cbbehraa4acw_p1276d4_tttt_0.65v_100c.max.lib',
          'timing/arf038b064e1r1w0cbbehraa4acw_p1276d4_tttt_0.65v_100c.max.ldb',
          'timing/arf038b064e1r1w0cbbehraa4acw_p1276d4_tmin_0.65v_100c.min.lib',
          'timing/arf038b064e1r1w0cbbehraa4acw_p1276d4_tmin_0.65v_100c.min.ldb',
          'timing/arf038b064e1r1w0cbbehraa4acw_p1276d4_tttt_1.10v_100c.max.lib',
          'timing/arf038b064e1r1w0cbbehraa4acw_p1276d4_tttt_1.10v_100c.max.ldb'
        ];
2023/04/27 20:46:33 pasting timing/arf038b064e1r1w0cbbehraa4acw_p1276d4_tmin_0.55v_100c.min.ldb
2023/04/27 20:46:33 pasting timing/arf038b064e1r1w0cbbehraa4acw_p1276d4_tmin_0.65v_100c.min.ldb
2023/04/27 20:46:33 pasting timing/arf038b064e1r1w0cbbehraa4acw_p1276d4_tmin_0.85v_100c.min.ldb
2023/04/27 20:46:33 pasting timing/arf038b064e1r1w0cbbehraa4acw_p1276d4_tmin_1.10v_100c.min.ldb
2023/04/27 20:46:33 pasting timing/arf038b064e1r1w0cbbehraa4acw_p1276d4_tttt_0.55v_100c.max.ldb
2023/04/27 20:46:33 pasting timing/arf038b064e1r1w0cbbehraa4acw_p1276d4_tttt_0.65v_100c.max.ldb
2023/04/27 20:46:33 pasting timing/arf038b064e1r1w0cbbehraa4acw_p1276d4_tttt_0.85v_100c.max.ldb
2023/04/27 20:46:33 pasting timing/arf038b064e1r1w0cbbehraa4acw_p1276d4_tttt_1.10v_100c.max.ldb
-V- Processing noise
-V- Processing ndm_build
Finished running ip2sd_lib2ldb
