05:02:44-INIT-INFO: Running: /p/hdk/pu_tu/prd/ipqa_xfire/23.01.005.p003/bin/crossfire.py --block ip764hduspsr1024x52m4b2s0r2p0d0 --milestone uv1 --review /nfs/site/disks/ipg_scf_00159/ajavidi_ship/SHIP_23ww17d4/ip764hduspsr1024x52m4b2s0r2p0d0_work/ship/ip/ip764hduspsr1024x52m4b2s0r2p0d0/zsc11_sccd070118_28Apr2023_044734/crossfire/collateral/ebb/checks/ip764hduspsr1024x52m4b2s0r2p0d0.crossfire.log --location snps_manifest --append_manifest /nfs/site/disks/ipg_scf_00159/ajavidi_ship/SHIP_23ww17d4/ip764hduspsr1024x52m4b2s0r2p0d0_work/ship/ip/ip764hduspsr1024x52m4b2s0r2p0d0/zsc11_sccd070118_28Apr2023_044734/crossfire/collateral/ebb/checks/ip764hduspsr1024x52m4b2s0r2p0d0.crossfire.manifest --snps_manifests /nfs/site/disks/ipg_scf_00159/ajavidi_ship/SHIP_23ww17d4/ip764hduspsr1024x52m4b2s0r2p0d0_work/ship/ip/ip764hduspsr1024x52m4b2s0r2p0d0/zsc11_sccd070118_28Apr2023_044734/staging/manifest.xml 
05:02:44-INIT-INFO:     block ==> ip764hduspsr1024x52m4b2s0r2p0d0
05:02:44-INIT-INFO:     milestone ==> uv1
05:02:44-INIT-INFO:     location ==> snps_manifest
05:02:44-INIT-INFO:     strict_location ==> False
05:02:44-INIT-INFO:     multi_cell ==> False
05:02:44-INIT-INFO:     snap_test ==> False
05:02:44-INIT-INFO:     crossfire_manual ==> False
05:02:44-INIT-INFO:     shell ==> False
05:02:44-INIT-INFO:     append_manifest ==> /nfs/site/disks/ipg_scf_00159/ajavidi_ship/SHIP_23ww17d4/ip764hduspsr1024x52m4b2s0r2p0d0_work/ship/ip/ip764hduspsr1024x52m4b2s0r2p0d0/zsc11_sccd070118_28Apr2023_044734/crossfire/collateral/ebb/checks/ip764hduspsr1024x52m4b2s0r2p0d0.crossfire.manifest
05:02:44-INIT-INFO:     dumpmilestones ==> None
05:02:44-INIT-INFO:     snps_manifests ==> /nfs/site/disks/ipg_scf_00159/ajavidi_ship/SHIP_23ww17d4/ip764hduspsr1024x52m4b2s0r2p0d0_work/ship/ip/ip764hduspsr1024x52m4b2s0r2p0d0/zsc11_sccd070118_28Apr2023_044734/staging/manifest.xml
05:02:44-INIT-INFO:     review ==> /nfs/site/disks/ipg_scf_00159/ajavidi_ship/SHIP_23ww17d4/ip764hduspsr1024x52m4b2s0r2p0d0_work/ship/ip/ip764hduspsr1024x52m4b2s0r2p0d0/zsc11_sccd070118_28Apr2023_044734/crossfire/collateral/ebb/checks/ip764hduspsr1024x52m4b2s0r2p0d0.crossfire.log
05:02:44-INIT-INFO:     report ==> False
05:02:44-SETUP-INFO: Setting RUNDIR: /nfs/site/disks/ipg_scf_00159/ajavidi_ship/SHIP_23ww17d4/ip764hduspsr1024x52m4b2s0r2p0d0_work/ship/ip/ip764hduspsr1024x52m4b2s0r2p0d0/zsc11_sccd070118_28Apr2023_044734/crossfire/crossfire/ip764hduspsr1024x52m4b2s0r2p0d0.uv1.2023_04_28_050244.9411
05:02:44-SETUP-INFO: Creating file: /nfs/site/disks/ipg_scf_00159/ajavidi_ship/SHIP_23ww17d4/ip764hduspsr1024x52m4b2s0r2p0d0_work/ship/ip/ip764hduspsr1024x52m4b2s0r2p0d0/zsc11_sccd070118_28Apr2023_044734/crossfire/crossfire/ip764hduspsr1024x52m4b2s0r2p0d0.latest
05:02:44-SETUP-INFO: Vendor help docs can be found by running: firefox /p/hdk/cad/crossfire/2023.2.W07/docs/html/index.html &
05:02:46-MAIN-INFO:   IPQA_ROOT: /p/hdk/pu_tu/prd/ipqa_xfire/23.01.005.p003
05:02:46-MAIN-INFO:   CROSSFIRE_ROOT: /p/hdk/cad/crossfire/2023.2.W07
05:02:53-KVP-INFO: Processing KVP file: /p/hdk/pu_tu/prd/ipqa_xfire/23.01.005.p003/data/default/kvp_cth_query.cfg
05:02:56-MAIN-INFO: Adding FUSIONCOMPILER_DIR to path.
05:02:56-KVP-INFO: Processing KVP file: /p/hdk/pu_tu/prd/ipqa_xfire/23.01.005.p003/data/default/kvp_preloc.cfg
05:02:59-MAIN-INFO: Figuring out what checks to run...
05:02:59-MAIN-INFO: -I- Using config set '1276_plt'
05:02:59-KVP-INFO: Processing KVP file: /nfs/site/disks/ipg_scf_00159/ajavidi_ship/SHIP_23ww17d4/ip764hduspsr1024x52m4b2s0r2p0d0_work/ship/ip/ip764hduspsr1024x52m4b2s0r2p0d0/zsc11_sccd070118_28Apr2023_044734/crossfire/crossfire/ip764hduspsr1024x52m4b2s0r2p0d0.uv1.2023_04_28_050244.9411/presetup/kvp_p0.cfg
05:03:03-MAIN-INFO: Reading checks config file: /nfs/site/disks/ipg_scf_00159/ajavidi_ship/SHIP_23ww17d4/ip764hduspsr1024x52m4b2s0r2p0d0_work/ship/ip/ip764hduspsr1024x52m4b2s0r2p0d0/zsc11_sccd070118_28Apr2023_044734/crossfire/crossfire/ip764hduspsr1024x52m4b2s0r2p0d0.uv1.2023_04_28_050244.9411/presetup/checks.cfg
05:03:03-MAIN-INFO: Using  manifest.xml file from snps_manifests
05:03:03-MAIN-INFO: manifest_file_use => /nfs/site/disks/ipg_scf_00159/ajavidi_ship/SHIP_23ww17d4/ip764hduspsr1024x52m4b2s0r2p0d0_work/ship/ip/ip764hduspsr1024x52m4b2s0r2p0d0/zsc11_sccd070118_28Apr2023_044734/staging/manifest.xml
05:03:03-MAIN-INFO: ----------------------------------------------------------------
05:03:03-MAIN-INFO: Gather pre-populate data files
05:03:03-MAIN-INFO: Location_cfg: /nfs/site/disks/ipg_scf_00159/ajavidi_ship/SHIP_23ww17d4/ip764hduspsr1024x52m4b2s0r2p0d0_work/ship/ip/ip764hduspsr1024x52m4b2s0r2p0d0/zsc11_sccd070118_28Apr2023_044734/crossfire/crossfire/ip764hduspsr1024x52m4b2s0r2p0d0.uv1.2023_04_28_050244.9411/presetup/locations_snps_p0.cfg
05:03:03-MAIN-INFO: Manifests provided: /nfs/site/disks/ipg_scf_00159/ajavidi_ship/SHIP_23ww17d4/ip764hduspsr1024x52m4b2s0r2p0d0_work/ship/ip/ip764hduspsr1024x52m4b2s0r2p0d0/zsc11_sccd070118_28Apr2023_044734/staging/manifest.xml
05:03:03-MAIN-INFO: Manifest filters provided: 
05:03:03-MAIN-INFO: Running command: /p/hdk/pu_tu/prd/ipqa_xfire/23.01.005.p003/bin/snps_manifest_populate.py -ip ip764hduspsr1024x52m4b2s0r2p0d0 -config /nfs/site/disks/ipg_scf_00159/ajavidi_ship/SHIP_23ww17d4/ip764hduspsr1024x52m4b2s0r2p0d0_work/ship/ip/ip764hduspsr1024x52m4b2s0r2p0d0/zsc11_sccd070118_28Apr2023_044734/crossfire/crossfire/ip764hduspsr1024x52m4b2s0r2p0d0.uv1.2023_04_28_050244.9411/presetup/locations_snps_p0.cfg -manifest /nfs/site/disks/ipg_scf_00159/ajavidi_ship/SHIP_23ww17d4/ip764hduspsr1024x52m4b2s0r2p0d0_work/ship/ip/ip764hduspsr1024x52m4b2s0r2p0d0/zsc11_sccd070118_28Apr2023_044734/staging/manifest.xml -collateral_dir "" -manifest_filter "" -dest /nfs/site/disks/ipg_scf_00159/ajavidi_ship/SHIP_23ww17d4/ip764hduspsr1024x52m4b2s0r2p0d0_work/ship/ip/ip764hduspsr1024x52m4b2s0r2p0d0/zsc11_sccd070118_28Apr2023_044734/crossfire/crossfire/ip764hduspsr1024x52m4b2s0r2p0d0.uv1.2023_04_28_050244.9411/data
05:03:03-MAIN-INFO: ----------------------------------------------------------------
05:03:03-MAIN-INFO: Gather previous tag data files
05:03:03-MAIN-INFO: Location_cfg: /nfs/site/disks/ipg_scf_00159/ajavidi_ship/SHIP_23ww17d4/ip764hduspsr1024x52m4b2s0r2p0d0_work/ship/ip/ip764hduspsr1024x52m4b2s0r2p0d0/zsc11_sccd070118_28Apr2023_044734/crossfire/crossfire/ip764hduspsr1024x52m4b2s0r2p0d0.uv1.2023_04_28_050244.9411/presetup/locations_snps_p1.cfg
05:03:03-MAIN-INFO: Manifests provided: /nfs/site/disks/ipi7.arc.proj_archive/arc/ip764hduspsr1024x52m4b2s0r2p0d0/ip_handoff/I7E240O4A0UV1RTL1IFC1V1/be/manifest.xml
05:03:03-MAIN-INFO: Manifest filters provided: 
05:03:03-MAIN-INFO: Running command: /p/hdk/pu_tu/prd/ipqa_xfire/23.01.005.p003/bin/snps_manifest_populate.py -ip ip764hduspsr1024x52m4b2s0r2p0d0 -config /nfs/site/disks/ipg_scf_00159/ajavidi_ship/SHIP_23ww17d4/ip764hduspsr1024x52m4b2s0r2p0d0_work/ship/ip/ip764hduspsr1024x52m4b2s0r2p0d0/zsc11_sccd070118_28Apr2023_044734/crossfire/crossfire/ip764hduspsr1024x52m4b2s0r2p0d0.uv1.2023_04_28_050244.9411/presetup/locations_snps_p1.cfg -manifest /nfs/site/disks/ipi7.arc.proj_archive/arc/ip764hduspsr1024x52m4b2s0r2p0d0/ip_handoff/I7E240O4A0UV1RTL1IFC1V1/be/manifest.xml -collateral_dir "/nfs/site/disks/ipi7.arc.proj_archive/arc/ip764hduspsr1024x52m4b2s0r2p0d0/ip_handoff/I7E240O4A0UV1RTL1IFC1V1/be" -manifest_filter "" -dest /nfs/site/disks/ipg_scf_00159/ajavidi_ship/SHIP_23ww17d4/ip764hduspsr1024x52m4b2s0r2p0d0_work/ship/ip/ip764hduspsr1024x52m4b2s0r2p0d0/zsc11_sccd070118_28Apr2023_044734/crossfire/crossfire/ip764hduspsr1024x52m4b2s0r2p0d0.uv1.2023_04_28_050244.9411/data
05:03:04-MAIN-INFO: Location_cfg: /nfs/site/disks/ipg_scf_00159/ajavidi_ship/SHIP_23ww17d4/ip764hduspsr1024x52m4b2s0r2p0d0_work/ship/ip/ip764hduspsr1024x52m4b2s0r2p0d0/zsc11_sccd070118_28Apr2023_044734/crossfire/crossfire/ip764hduspsr1024x52m4b2s0r2p0d0.uv1.2023_04_28_050244.9411/presetup/locations_snps_p1.cfg
05:03:04-MAIN-INFO: Manifests provided: /nfs/site/disks/ipi7.arc.proj_archive/arc/ip764hduspsr1024x52m4b2s0r2p0d0/ip_handoff/I7E240O4A0UV1RTL1IFC1V1/fe/manifest.xml
05:03:04-MAIN-INFO: Manifest filters provided: 
05:03:04-MAIN-INFO: Running command: /p/hdk/pu_tu/prd/ipqa_xfire/23.01.005.p003/bin/snps_manifest_populate.py -ip ip764hduspsr1024x52m4b2s0r2p0d0 -config /nfs/site/disks/ipg_scf_00159/ajavidi_ship/SHIP_23ww17d4/ip764hduspsr1024x52m4b2s0r2p0d0_work/ship/ip/ip764hduspsr1024x52m4b2s0r2p0d0/zsc11_sccd070118_28Apr2023_044734/crossfire/crossfire/ip764hduspsr1024x52m4b2s0r2p0d0.uv1.2023_04_28_050244.9411/presetup/locations_snps_p1.cfg -manifest /nfs/site/disks/ipi7.arc.proj_archive/arc/ip764hduspsr1024x52m4b2s0r2p0d0/ip_handoff/I7E240O4A0UV1RTL1IFC1V1/fe/manifest.xml -collateral_dir "/nfs/site/disks/ipi7.arc.proj_archive/arc/ip764hduspsr1024x52m4b2s0r2p0d0/ip_handoff/I7E240O4A0UV1RTL1IFC1V1/fe" -manifest_filter "" -dest /nfs/site/disks/ipg_scf_00159/ajavidi_ship/SHIP_23ww17d4/ip764hduspsr1024x52m4b2s0r2p0d0_work/ship/ip/ip764hduspsr1024x52m4b2s0r2p0d0/zsc11_sccd070118_28Apr2023_044734/crossfire/crossfire/ip764hduspsr1024x52m4b2s0r2p0d0.uv1.2023_04_28_050244.9411/data
05:03:04-KVP-INFO: Processing KVP file: /nfs/site/disks/ipg_scf_00159/ajavidi_ship/SHIP_23ww17d4/ip764hduspsr1024x52m4b2s0r2p0d0_work/ship/ip/ip764hduspsr1024x52m4b2s0r2p0d0/zsc11_sccd070118_28Apr2023_044734/crossfire/crossfire/ip764hduspsr1024x52m4b2s0r2p0d0.uv1.2023_04_28_050244.9411/presetup/kvp_p1.cfg
05:03:13-MAIN-INFO: Gathering collateral files ...
05:03:13-MAIN-INFO: ----------------------------------------------------------------
05:03:13-MAIN-INFO: Main data populate from snps manifest
05:03:13-MAIN-INFO: Location_cfg: /nfs/site/disks/ipg_scf_00159/ajavidi_ship/SHIP_23ww17d4/ip764hduspsr1024x52m4b2s0r2p0d0_work/ship/ip/ip764hduspsr1024x52m4b2s0r2p0d0/zsc11_sccd070118_28Apr2023_044734/crossfire/crossfire/ip764hduspsr1024x52m4b2s0r2p0d0.uv1.2023_04_28_050244.9411/presetup/locations_snps.cfg
05:03:13-MAIN-INFO: Manifests provided: /nfs/site/disks/ipg_scf_00159/ajavidi_ship/SHIP_23ww17d4/ip764hduspsr1024x52m4b2s0r2p0d0_work/ship/ip/ip764hduspsr1024x52m4b2s0r2p0d0/zsc11_sccd070118_28Apr2023_044734/staging/manifest.xml
05:03:13-MAIN-INFO: Manifest filters provided: 
05:03:13-MAIN-INFO: Running command: /p/hdk/pu_tu/prd/ipqa_xfire/23.01.005.p003/bin/snps_manifest_populate.py -ip ip764hduspsr1024x52m4b2s0r2p0d0 -config /nfs/site/disks/ipg_scf_00159/ajavidi_ship/SHIP_23ww17d4/ip764hduspsr1024x52m4b2s0r2p0d0_work/ship/ip/ip764hduspsr1024x52m4b2s0r2p0d0/zsc11_sccd070118_28Apr2023_044734/crossfire/crossfire/ip764hduspsr1024x52m4b2s0r2p0d0.uv1.2023_04_28_050244.9411/presetup/locations_snps.cfg -manifest /nfs/site/disks/ipg_scf_00159/ajavidi_ship/SHIP_23ww17d4/ip764hduspsr1024x52m4b2s0r2p0d0_work/ship/ip/ip764hduspsr1024x52m4b2s0r2p0d0/zsc11_sccd070118_28Apr2023_044734/staging/manifest.xml -collateral_dir "" -manifest_filter "" -dest /nfs/site/disks/ipg_scf_00159/ajavidi_ship/SHIP_23ww17d4/ip764hduspsr1024x52m4b2s0r2p0d0_work/ship/ip/ip764hduspsr1024x52m4b2s0r2p0d0/zsc11_sccd070118_28Apr2023_044734/crossfire/crossfire/ip764hduspsr1024x52m4b2s0r2p0d0.uv1.2023_04_28_050244.9411/data
05:03:15-MAIN-INFO: Location compile log file: /nfs/site/disks/ipg_scf_00159/ajavidi_ship/SHIP_23ww17d4/ip764hduspsr1024x52m4b2s0r2p0d0_work/ship/ip/ip764hduspsr1024x52m4b2s0r2p0d0/zsc11_sccd070118_28Apr2023_044734/crossfire/crossfire/ip764hduspsr1024x52m4b2s0r2p0d0.uv1.2023_04_28_050244.9411/location.log
05:03:15-MAIN-INFO: Reading loc_file: /nfs/site/disks/ipg_scf_00159/ajavidi_ship/SHIP_23ww17d4/ip764hduspsr1024x52m4b2s0r2p0d0_work/ship/ip/ip764hduspsr1024x52m4b2s0r2p0d0/zsc11_sccd070118_28Apr2023_044734/crossfire/crossfire/ip764hduspsr1024x52m4b2s0r2p0d0.uv1.2023_04_28_050244.9411/presetup/locations_shiplog.cfg
05:03:15-KVP-INFO: Processing KVP file: /nfs/site/disks/ipg_scf_00159/ajavidi_ship/SHIP_23ww17d4/ip764hduspsr1024x52m4b2s0r2p0d0_work/ship/ip/ip764hduspsr1024x52m4b2s0r2p0d0/zsc11_sccd070118_28Apr2023_044734/crossfire/crossfire/ip764hduspsr1024x52m4b2s0r2p0d0.uv1.2023_04_28_050244.9411/presetup/kvp.cfg
05:03:56-MAIN-INFO: Compiling config ...
05:03:56-MAIN-INFO: Found value for XFIRE_PDK_LAYER_MAP: tf_layermap
05:03:56-MAIN-INFO: Opening file for append: /nfs/site/disks/ipg_scf_00159/ajavidi_ship/SHIP_23ww17d4/ip764hduspsr1024x52m4b2s0r2p0d0_work/ship/ip/ip764hduspsr1024x52m4b2s0r2p0d0/zsc11_sccd070118_28Apr2023_044734/crossfire/crossfire/ip764hduspsr1024x52m4b2s0r2p0d0.uv1.2023_04_28_050244.9411/crossfire.compile.log
05:04:12-MAIN-INFO: Active checks: 1103 15105 15106 15112 15118 15122 15133 15206 15211 15214 15217 15301 15302 15304 15305 15306 15308 15315 15321 15322 16002 16015 16024 16026 16029 16040 16041 16042 16043 16044 16046 16048 16107 16108 16109 16200 16206 16215 16217 16225 16227 16350 16510 16704 16712 21 31 32 61 7309 7410 7503 7505 7510 7605 7607 7708 7709 7710
05:04:34-MAIN-INFO: Generated merged CFS file: /nfs/site/disks/ipg_scf_00159/ajavidi_ship/SHIP_23ww17d4/ip764hduspsr1024x52m4b2s0r2p0d0_work/ship/ip/ip764hduspsr1024x52m4b2s0r2p0d0/zsc11_sccd070118_28Apr2023_044734/crossfire/crossfire/ip764hduspsr1024x52m4b2s0r2p0d0.uv1.2023_04_28_050244.9411/setup.cfs
05:06:21-MAIN-INFO: Copying /nfs/site/disks/ipg_scf_00159/ajavidi_ship/SHIP_23ww17d4/ip764hduspsr1024x52m4b2s0r2p0d0_work/ship/ip/ip764hduspsr1024x52m4b2s0r2p0d0/zsc11_sccd070118_28Apr2023_044734/crossfire/crossfire/ip764hduspsr1024x52m4b2s0r2p0d0.uv1.2023_04_28_050244.9411/presetup/false_messages.filter to /nfs/site/disks/ipg_scf_00159/ajavidi_ship/SHIP_23ww17d4/ip764hduspsr1024x52m4b2s0r2p0d0_work/ship/ip/ip764hduspsr1024x52m4b2s0r2p0d0/zsc11_sccd070118_28Apr2023_044734/crossfire/crossfire/ip764hduspsr1024x52m4b2s0r2p0d0.uv1.2023_04_28_050244.9411/data/internal_waivers.filter
05:06:21-MAIN-INFO: Applying internal waivers
05:06:28-MAIN-INFO: Running command: /p/hdk/pu_tu/prd/ipqa_xfire/23.01.005.p003/bin/parallelization.py -c waives.cfg -o /nfs/site/disks/ipg_scf_00159/ajavidi_ship/SHIP_23ww17d4/ip764hduspsr1024x52m4b2s0r2p0d0_work/ship/ip/ip764hduspsr1024x52m4b2s0r2p0d0/zsc11_sccd070118_28Apr2023_044734/crossfire/crossfire/ip764hduspsr1024x52m4b2s0r2p0d0.uv1.2023_04_28_050244.9411/split_checks > /nfs/site/disks/ipg_scf_00159/ajavidi_ship/SHIP_23ww17d4/ip764hduspsr1024x52m4b2s0r2p0d0_work/ship/ip/ip764hduspsr1024x52m4b2s0r2p0d0/zsc11_sccd070118_28Apr2023_044734/crossfire/crossfire/ip764hduspsr1024x52m4b2s0r2p0d0.uv1.2023_04_28_050244.9411/crossfire.run.log.parallelization
05:06:28-MAIN-INFO: To see status of local checks, look at /nfs/site/disks/ipg_scf_00159/ajavidi_ship/SHIP_23ww17d4/ip764hduspsr1024x52m4b2s0r2p0d0_work/ship/ip/ip764hduspsr1024x52m4b2s0r2p0d0/zsc11_sccd070118_28Apr2023_044734/crossfire/crossfire/ip764hduspsr1024x52m4b2s0r2p0d0.uv1.2023_04_28_050244.9411/crossfire.run.log.parallelization
05:06:28-MAIN-INFO: To see status of netbatch checks, look at /nfs/site/disks/ipg_scf_00159/ajavidi_ship/SHIP_23ww17d4/ip764hduspsr1024x52m4b2s0r2p0d0_work/ship/ip/ip764hduspsr1024x52m4b2s0r2p0d0/zsc11_sccd070118_28Apr2023_044734/crossfire/crossfire/ip764hduspsr1024x52m4b2s0r2p0d0.uv1.2023_04_28_050244.9411/crossfire.run.log.nblog
05:06:28-MAIN-INFO:   Note: it may take a minute or so before the file starts to be populated
05:21:48-MAIN-INFO: Wrote file: /nfs/site/disks/ipg_scf_00159/ajavidi_ship/SHIP_23ww17d4/ip764hduspsr1024x52m4b2s0r2p0d0_work/ship/ip/ip764hduspsr1024x52m4b2s0r2p0d0/zsc11_sccd070118_28Apr2023_044734/crossfire/crossfire/ip764hduspsr1024x52m4b2s0r2p0d0.uv1.2023_04_28_050244.9411/crossfire.run.log.report
05:21:48-MAIN-INFO: Wrote /nfs/site/disks/ipg_scf_00159/ajavidi_ship/SHIP_23ww17d4/ip764hduspsr1024x52m4b2s0r2p0d0_work/ship/ip/ip764hduspsr1024x52m4b2s0r2p0d0/zsc11_sccd070118_28Apr2023_044734/crossfire/crossfire/ip764hduspsr1024x52m4b2s0r2p0d0.uv1.2023_04_28_050244.9411/crossfire.run.log
05:21:48-MAIN-INFO: Writing review files ...
05:21:48-MAIN-INFO: Running review command: /p/hdk/pu_tu/prd/ipqa_xfire/23.01.005.p003/bin/write_review.py --mode ship --checks_run /nfs/site/disks/ipg_scf_00159/ajavidi_ship/SHIP_23ww17d4/ip764hduspsr1024x52m4b2s0r2p0d0_work/ship/ip/ip764hduspsr1024x52m4b2s0r2p0d0/zsc11_sccd070118_28Apr2023_044734/crossfire/crossfire/ip764hduspsr1024x52m4b2s0r2p0d0.uv1.2023_04_28_050244.9411/crossfire.checks_run --dynamic_log /nfs/site/disks/ipg_scf_00159/ajavidi_ship/SHIP_23ww17d4/ip764hduspsr1024x52m4b2s0r2p0d0_work/ship/ip/ip764hduspsr1024x52m4b2s0r2p0d0/zsc11_sccd070118_28Apr2023_044734/crossfire/crossfire/ip764hduspsr1024x52m4b2s0r2p0d0.uv1.2023_04_28_050244.9411/crossfire.dynamic.rules --waived_log /nfs/site/disks/ipg_scf_00159/ajavidi_ship/SHIP_23ww17d4/ip764hduspsr1024x52m4b2s0r2p0d0_work/ship/ip/ip764hduspsr1024x52m4b2s0r2p0d0/zsc11_sccd070118_28Apr2023_044734/crossfire/crossfire/ip764hduspsr1024x52m4b2s0r2p0d0.uv1.2023_04_28_050244.9411/crossfire.run.log --output_log /nfs/site/disks/ipg_scf_00159/ajavidi_ship/SHIP_23ww17d4/ip764hduspsr1024x52m4b2s0r2p0d0_work/ship/ip/ip764hduspsr1024x52m4b2s0r2p0d0/zsc11_sccd070118_28Apr2023_044734/crossfire/collateral/ebb/checks/ip764hduspsr1024x52m4b2s0r2p0d0.crossfire.log --config /nfs/site/disks/ipg_scf_00159/ajavidi_ship/SHIP_23ww17d4/ip764hduspsr1024x52m4b2s0r2p0d0_work/ship/ip/ip764hduspsr1024x52m4b2s0r2p0d0/zsc11_sccd070118_28Apr2023_044734/crossfire/crossfire/ip764hduspsr1024x52m4b2s0r2p0d0.uv1.2023_04_28_050244.9411/presetup/review.cfg --drift 31,32,61,7303,7306,16910/nfs/site/disks/ipg_scf_00159/ajavidi_ship/SHIP_23ww17d4/ip764hduspsr1024x52m4b2s0r2p0d0_work/ship/ip/ip764hduspsr1024x52m4b2s0r2p0d0/zsc11_sccd070118_28Apr2023_044734/crossfire/collateral/ebb/checks/ip764hduspsr1024x52m4b2s0r2p0d0.crossfire.manifest --append_manifest 1 --checklist default,31,32,7303,7306 --checklist timing,31,32,15118,16002,7605,16026,16108,16712,16107,16215,7607,7708,7709,7710,7410,7503,16510,16704 --checklist horizontal,61,16227,16217,7505,15106,21,7309,15105,15112,16024,16029,16044,16048,16109,16040,16041,16042,16043,16046,16206,16225,16350,1103,7510,15122,15133,15211,16015,16200 --checklist driftchecks,16910 --checklist lef,15217,15301,15302,15308,15315,15206,15214,15304,15322,15305,15306,15321
05:21:49-MAIN-INFO: fail:rule_number,rule_name,duration,waive,setup_warning,warning,error,fatal
05:21:49-MAIN-INFO: pass:0,parsing: Rule 0,1404.651,0,0,1,0,0
05:21:49-MAIN-INFO: pass:1103,Check if the correct related power pins are used in a liberty file: Rule 1103,38.521,0,0,0,0,0
05:21:49-MAIN-INFO: pass:15105,Naming convention check for buses: Rule 15105,19.555,0,1,0,0,0
05:21:49-MAIN-INFO: pass:15106,Check for the presence of a file: Rule 15106,11.130,0,0,0,0,0
05:21:49-MAIN-INFO: pass:15112:Lef_pin_direction_check,Pin direction check: Rule 15112,10.635,0,0,0,0,0
05:21:49-MAIN-INFO: pass:15112:PinDirectionCheck,Pin direction check: Rule 15112,19.992,0,0,0,0,0
05:21:49-MAIN-INFO: pass:15118,Check power and ground pin names: Rule 15118,19.737,0,0,0,0,0
05:21:49-MAIN-INFO: pass:15122,Liberty vs UPF: Rule 15122,26.183,0,0,0,0,0
05:21:49-MAIN-INFO: pass:15133,Analog bidirectional pins check: Rule 15133,16.870,0,0,0,0,0
05:21:49-MAIN-INFO: pass:15206,Layer presence check: Rule 15206,10.379,0,0,0,0,0
05:21:49-MAIN-INFO: pass:15211,Pin location check: Rule 15211,152.282,0,0,0,0,0
05:21:49-MAIN-INFO: pass:15214,Polygon covered by BOUNDARY check: Rule 15214,12.515,0,0,0,0,0
05:21:49-MAIN-INFO: pass:15217,Pin width and length check: Rule 15217,11.796,0,0,0,0,0
05:21:49-MAIN-INFO: pass:15301,LEF CLASS check: Rule 15301,6.472,0,0,0,0,0
05:21:49-MAIN-INFO: pass:15302,LEF ORIGIN and SIZE check: Rule 15302,7.450,0,0,0,0,0
05:21:49-MAIN-INFO: pass:15304,LEF MACRO check: Rule 15304,8.020,0,0,0,0,0
05:21:49-MAIN-INFO: pass:15305,LEF HEADER check: Rule 15305,8.228,0,0,0,0,0
05:21:49-MAIN-INFO: pass:15306,LEF SYMMETRY check: Rule 15306,8.152,0,0,0,0,0
05:21:49-MAIN-INFO: pass:15308,LEF double PINS and rectangles check: Rule 15308,12.929,0,0,0,0,0
05:21:49-MAIN-INFO: pass:15315,LEF presence of sheet and detailed OBS layers check: Rule 15315,8.084,1,1,0,0,0
05:21:49-MAIN-INFO: pass:16002,compiles-lib-in-current-environment: Rule 16002,330.666,0,0,0,0,0
05:21:49-MAIN-INFO: pass:16015,Check-for-PIN-types-defined-in-attribute.xml: Rule 16015,7.831,0,0,0,0,0
05:21:49-MAIN-INFO: pass:16024,Check-for-ip2sd-error-messages: Rule 16024,8.089,0,0,6,0,0
05:21:49-MAIN-INFO: pass:16026,NDM-load-ability-check: Rule 16026,47.728,0,0,0,0,0
05:21:49-MAIN-INFO: pass:16029,Reports-UPF-sourcing-errors: Rule 16029,7.016,0,0,0,0,0
05:21:49-MAIN-INFO: pass:16048,Checks-attribute-value-in-attribute.XML: Rule 16048,9.622,0,0,1,0,0
05:21:49-MAIN-INFO: pass:16107,Liberty-file-naming-rule-check.: Rule 16107,20.619,0,0,0,0,0
05:21:49-MAIN-INFO: pass:16108,Analog-attribute-consistency-check: Rule 16108,7.819,0,0,1,0,0
05:21:49-MAIN-INFO: fail:16109,PSC-CSV-check: Rule 16109,20.645,0,0,0,4,0
05:21:49-MAIN-INFO: pass:16206,Hipspec-Compliance-check: Rule 16206,8.665,0,0,0,0,0
05:21:49-MAIN-INFO: pass:16215,Checks-that-pins-matching-the-bus-naming-convention-is-defined-within-buses: Rule 16215,17.244,0,0,0,0,0
05:21:49-MAIN-INFO: pass:16217,Flags-pins-that-have-illegal-related_pin-on-timing-arcs: Rule 16217,31.763,0,0,0,0,0
05:21:49-MAIN-INFO: pass:16225,Flags-errors-thrown-by-ship---swizzle-stage: Rule 16225,8.295,0,0,2,0,0
05:21:49-MAIN-INFO: pass:16227,Check-for-custom-cfs: Rule 16227,9.416,0,0,0,0,0
05:21:49-MAIN-INFO: pass:16350,Flags-absolute-links-within-a-directory: Rule 16350,9.024,0,0,0,0,0
05:21:49-MAIN-INFO: pass:16510,Generic-attribute-conditions-check: Rule 16510,33.211,0,1,0,0,0
05:21:49-MAIN-INFO: pass:16704,Runs-OCV-presence-checks: Rule 16704,87.704,0,0,0,0,0
05:21:49-MAIN-INFO: pass:16712,Flags-duplicate-pvts: Rule 16712,16.702,0,0,0,0,0
05:21:49-MAIN-INFO: pass:21,cell presence contents check: Rule 21,29.490,0,0,0,0,0
05:21:49-MAIN-INFO: pass:"31,32","pin quantity check: Rule 31,32",18.751,0,0,1,0,0
05:21:49-MAIN-INFO: pass:7309,Check pin properties across liberty files: Rule 7309,23.511,0,0,0,0,0
05:21:49-MAIN-INFO: pass:7410,Ensure arcs present for given related_pins: Rule 7410,21.024,0,0,0,0,0
05:21:49-MAIN-INFO: pass:7503,Check for double defined voltage_map: Rule 7503,22.521,0,0,0,0,0
05:21:49-MAIN-INFO: pass:7505,Intra-Liberty Related PG Pin Check: Rule 7505,22.699,0,0,0,0,0
05:21:49-MAIN-INFO: pass:7510,Generic attribute conditions check: Rule 7510,36.294,0,0,0,0,0
05:21:49-MAIN-INFO: fail:7601,Cross-check presence of all tables in NLDM files: Rule 7601,112.904,0,0,0,4528,0
05:21:49-MAIN-INFO: pass:7605:OptUserParameters,Check user defined parameters and values in liberty file: Rule 7605,16.938,0,0,0,0,0
05:21:49-MAIN-INFO: pass:7605:UserParameters,Check user defined parameters and values in liberty file: Rule 7605,16.838,0,0,0,0,0
05:21:49-MAIN-INFO: pass:7607,Check the presence of arcs on pins: Rule 7607,32.581,0,0,0,0,0
05:21:49-MAIN-INFO: pass:7708,Range check for ocv_sigma_cell_rise and ocv_sigma_cell_fall delay values: Rule 7708,89.414,0,0,0,0,0
05:21:49-MAIN-INFO: pass:7709,Range check for ocv_sigma_rise_transition and ocv_sigma_fall_transition values: Rule 7709,47.662,0,0,0,0,0
05:21:49-MAIN-INFO: fail:7710,Range check for ocv_sigma_rise_constraint and ocv_sigma_fall_constraint values: Rule 7710,43.941,0,0,0,12,0
05:21:49-MAIN-INFO: SUCCESSFUL DIRTY RUN (4 rules failed)
05:21:49-MAIN-INFO: Elapsed time: 0:19:05.540670  (hr:min:sec)
05:21:49-MAIN-INFO: Crossfire Run Completed.
05:21:49-MAIN-INFO: Wrote file: /nfs/site/disks/ipg_scf_00159/ajavidi_ship/SHIP_23ww17d4/ip764hduspsr1024x52m4b2s0r2p0d0_work/ship/ip/ip764hduspsr1024x52m4b2s0r2p0d0/zsc11_sccd070118_28Apr2023_044734/crossfire/crossfire/ip764hduspsr1024x52m4b2s0r2p0d0.uv1.2023_04_28_050244.9411/crossfire_metrics.json
