
s: Crossfire Rule: 15206
d: Layer presence check
i: firefox -new-window /nfs/site/disks/ipg_scf_00159/ajavidi_ship/SHIP_23ww17d4/ip764hduspsr1024x52m4b2s0r2p0d0_work/ship/ip/ip764hduspsr1024x52m4b2s0r2p0d0/zsc11_sccd070118_28Apr2023_044734/crossfire/crossfire/ip764hduspsr1024x52m4b2s0r2p0d0.uv1.2023_04_28_050244.9411/html/index_per_rule.html

s: Crossfire Rule: 15214
d: Pol boundCoverageCheck
i: firefox -new-window /nfs/site/disks/ipg_scf_00159/ajavidi_ship/SHIP_23ww17d4/ip764hduspsr1024x52m4b2s0r2p0d0_work/ship/ip/ip764hduspsr1024x52m4b2s0r2p0d0/zsc11_sccd070118_28Apr2023_044734/crossfire/crossfire/ip764hduspsr1024x52m4b2s0r2p0d0.uv1.2023_04_28_050244.9411/html/index_per_rule.html

s: Crossfire Rule: 15217
d: PinWidthLengthCheck
i: firefox -new-window /nfs/site/disks/ipg_scf_00159/ajavidi_ship/SHIP_23ww17d4/ip764hduspsr1024x52m4b2s0r2p0d0_work/ship/ip/ip764hduspsr1024x52m4b2s0r2p0d0/zsc11_sccd070118_28Apr2023_044734/crossfire/crossfire/ip764hduspsr1024x52m4b2s0r2p0d0.uv1.2023_04_28_050244.9411/html/index_per_rule.html

s: Crossfire Rule: 15301
d: LEFCLASScheck
i: firefox -new-window /nfs/site/disks/ipg_scf_00159/ajavidi_ship/SHIP_23ww17d4/ip764hduspsr1024x52m4b2s0r2p0d0_work/ship/ip/ip764hduspsr1024x52m4b2s0r2p0d0/zsc11_sccd070118_28Apr2023_044734/crossfire/crossfire/ip764hduspsr1024x52m4b2s0r2p0d0.uv1.2023_04_28_050244.9411/html/index_per_rule.html

s: Crossfire Rule: 15302
d: LEFOriginSizecheck
i: firefox -new-window /nfs/site/disks/ipg_scf_00159/ajavidi_ship/SHIP_23ww17d4/ip764hduspsr1024x52m4b2s0r2p0d0_work/ship/ip/ip764hduspsr1024x52m4b2s0r2p0d0/zsc11_sccd070118_28Apr2023_044734/crossfire/crossfire/ip764hduspsr1024x52m4b2s0r2p0d0.uv1.2023_04_28_050244.9411/html/index_per_rule.html

s: Crossfire Rule: 15304
d: LEFMacroCheck
i: firefox -new-window /nfs/site/disks/ipg_scf_00159/ajavidi_ship/SHIP_23ww17d4/ip764hduspsr1024x52m4b2s0r2p0d0_work/ship/ip/ip764hduspsr1024x52m4b2s0r2p0d0/zsc11_sccd070118_28Apr2023_044734/crossfire/crossfire/ip764hduspsr1024x52m4b2s0r2p0d0.uv1.2023_04_28_050244.9411/html/index_per_rule.html

s: Crossfire Rule: 15305
d: LEFHeaderCheck
i: firefox -new-window /nfs/site/disks/ipg_scf_00159/ajavidi_ship/SHIP_23ww17d4/ip764hduspsr1024x52m4b2s0r2p0d0_work/ship/ip/ip764hduspsr1024x52m4b2s0r2p0d0/zsc11_sccd070118_28Apr2023_044734/crossfire/crossfire/ip764hduspsr1024x52m4b2s0r2p0d0.uv1.2023_04_28_050244.9411/html/index_per_rule.html

s: Crossfire Rule: 15306
d: LEFSymmetryCheck
i: firefox -new-window /nfs/site/disks/ipg_scf_00159/ajavidi_ship/SHIP_23ww17d4/ip764hduspsr1024x52m4b2s0r2p0d0_work/ship/ip/ip764hduspsr1024x52m4b2s0r2p0d0/zsc11_sccd070118_28Apr2023_044734/crossfire/crossfire/ip764hduspsr1024x52m4b2s0r2p0d0.uv1.2023_04_28_050244.9411/html/index_per_rule.html

s: Crossfire Rule: 15308
d: PinsSingleRect
i: firefox -new-window /nfs/site/disks/ipg_scf_00159/ajavidi_ship/SHIP_23ww17d4/ip764hduspsr1024x52m4b2s0r2p0d0_work/ship/ip/ip764hduspsr1024x52m4b2s0r2p0d0/zsc11_sccd070118_28Apr2023_044734/crossfire/crossfire/ip764hduspsr1024x52m4b2s0r2p0d0.uv1.2023_04_28_050244.9411/html/index_per_rule.html

s: Crossfire Rule: 15315
d: SheetDetailBlockage
i: firefox -new-window /nfs/site/disks/ipg_scf_00159/ajavidi_ship/SHIP_23ww17d4/ip764hduspsr1024x52m4b2s0r2p0d0_work/ship/ip/ip764hduspsr1024x52m4b2s0r2p0d0/zsc11_sccd070118_28Apr2023_044734/crossfire/crossfire/ip764hduspsr1024x52m4b2s0r2p0d0.uv1.2023_04_28_050244.9411/html/index_per_rule.html
