+-----------------------------------------------------------------------------+
| Executed on    : scff153110          Feeder : arf074b032e1r1w0cbbehsaa4acw_12137_zsc11_scff153110|
| Starting time  : Thu Apr 27 11:16:27 2023                                   |
| Command        : /nfs/site/disks/ipg_scf_00159/ajavidi_ship/SHIP_23ww17d4/arf074b032e1r1w0cbbehsaa4acw_work/ship/ip/arf074b032e1r1w0cbbehsaa4acw/zsc11_scff153110_27Apr2023_230139/.metadata/scripts/checks.qa_wb.checks-qa_wb.run.csh|
+-----------------------------------------------------------------------------+
/p/hdk/pu_tu/prd/ship/23.02.001/bin/ship_sa.pl -block arf074b032e1r1w0cbbehsaa4acw -src checks -dest qa_wb -action run -meta_dir /nfs/site/disks/ipg_scf_00159/ajavidi_ship/SHIP_23ww17d4/arf074b032e1r1w0cbbehsaa4acw_work/ship/ip/arf074b032e1r1w0cbbehsaa4acw/zsc11_scff153110_27Apr2023_230139/.metadata -task checks-qa_wb -meta_prefix ship.default
-I- Loaded /nfs/site/disks/ipg_scf_00159/ajavidi_ship/SHIP_23ww17d4/arf074b032e1r1w0cbbehsaa4acw_work/ship/ip/arf074b032e1r1w0cbbehsaa4acw/zsc11_scff153110_27Apr2023_230139/.metadata/ip_arf074b032e1r1w0cbbehsaa4acw.yml
-I- Loaded /nfs/site/disks/ipg_scf_00159/ajavidi_ship/SHIP_23ww17d4/arf074b032e1r1w0cbbehsaa4acw_work/ship/ip/arf074b032e1r1w0cbbehsaa4acw/zsc11_scff153110_27Apr2023_230139/.metadata/stage_checks_arf074b032e1r1w0cbbehsaa4acw.yml
-I- Loaded /nfs/site/disks/ipg_scf_00159/ajavidi_ship/SHIP_23ww17d4/arf074b032e1r1w0cbbehsaa4acw_work/ship/ip/arf074b032e1r1w0cbbehsaa4acw/zsc11_scff153110_27Apr2023_230139/.metadata/stage_qa_wb_arf074b032e1r1w0cbbehsaa4acw.yml
-I- Writing summary file to /nfs/site/disks/ipg_scf_00159/ajavidi_ship/SHIP_23ww17d4/arf074b032e1r1w0cbbehsaa4acw_work/ship/ip/arf074b032e1r1w0cbbehsaa4acw/zsc11_scff153110_27Apr2023_230139/.metadata/ship.default.qa_wb.run.sum
-I- Loaded /nfs/site/disks/ipg_scf_00159/ajavidi_ship/SHIP_23ww17d4/arf074b032e1r1w0cbbehsaa4acw_work/ship/ip/arf074b032e1r1w0cbbehsaa4acw/zsc11_scff153110_27Apr2023_230139/.metadata/stage_crossfire_arf074b032e1r1w0cbbehsaa4acw.yml
-I- crossfire -> /nfs/site/disks/ipg_scf_00159/ajavidi_ship/SHIP_23ww17d4/arf074b032e1r1w0cbbehsaa4acw_work/ship/ip/arf074b032e1r1w0cbbehsaa4acw/zsc11_scff153110_27Apr2023_230139/crossfire
-I- Loaded /nfs/site/disks/ipg_scf_00159/ajavidi_ship/SHIP_23ww17d4/arf074b032e1r1w0cbbehsaa4acw_work/ship/ip/arf074b032e1r1w0cbbehsaa4acw/zsc11_scff153110_27Apr2023_230139/.metadata/stage_staging_arf074b032e1r1w0cbbehsaa4acw.yml
-I- staging -> /nfs/site/disks/ipg_scf_00159/ajavidi_ship/SHIP_23ww17d4/arf074b032e1r1w0cbbehsaa4acw_work/ship/ip/arf074b032e1r1w0cbbehsaa4acw/zsc11_scff153110_27Apr2023_230139/staging
-I- Mapping /nfs/site/disks/ipg_scf_00159/ajavidi_ship/SHIP_23ww17d4/arf074b032e1r1w0cbbehsaa4acw_work/ship/ip/arf074b032e1r1w0cbbehsaa4acw/zsc11_scff153110_27Apr2023_230139/crossfire to /nfs/site/disks/ipg_scf_00159/ajavidi_ship/SHIP_23ww17d4/arf074b032e1r1w0cbbehsaa4acw_work/ship/ip/arf074b032e1r1w0cbbehsaa4acw/zsc11_scff153110_27Apr2023_230139/staging
-I- Running 13 copy ops from /nfs/site/disks/ipg_scf_00159/ajavidi_ship/SHIP_23ww17d4/arf074b032e1r1w0cbbehsaa4acw_work/ship/ip/arf074b032e1r1w0cbbehsaa4acw/zsc11_scff153110_27Apr2023_230139/crossfire
-I- Writing summary file to /nfs/site/disks/ipg_scf_00159/ajavidi_ship/SHIP_23ww17d4/arf074b032e1r1w0cbbehsaa4acw_work/ship/ip/arf074b032e1r1w0cbbehsaa4acw/zsc11_scff153110_27Apr2023_230139/.metadata/ship.default.qa_wb.run.sum
+-----------------------------------------------------------------------------+
| Exit Status    : 0                                                          |
| Finishing time : Thu Apr 27 11:16:29 2023                                   |
+-----------------------------------------------------------------------------+
