+-----------------------------------------------------------------------------+
| Executed on    : scff153110          Feeder : arf074b032e1r1w0cbbehsaa4acw_12137_zsc11_scff153110|
| Starting time  : Thu Apr 27 11:02:11 2023                                   |
| Command        : /nfs/site/disks/ipg_scf_00159/ajavidi_ship/SHIP_23ww17d4/arf074b032e1r1w0cbbehsaa4acw_work/ship/ip/arf074b032e1r1w0cbbehsaa4acw/zsc11_scff153110_27Apr2023_230139/.metadata/scripts/orig.unpacked.orig-unpacked.run.csh|
+-----------------------------------------------------------------------------+
/p/hdk/pu_tu/prd/ship/23.02.001/bin/ship_sa.pl -block arf074b032e1r1w0cbbehsaa4acw -src orig -dest unpacked -action run -meta_dir /nfs/site/disks/ipg_scf_00159/ajavidi_ship/SHIP_23ww17d4/arf074b032e1r1w0cbbehsaa4acw_work/ship/ip/arf074b032e1r1w0cbbehsaa4acw/zsc11_scff153110_27Apr2023_230139/.metadata -task orig-unpacked -meta_prefix ship.default
-I- Loaded /nfs/site/disks/ipg_scf_00159/ajavidi_ship/SHIP_23ww17d4/arf074b032e1r1w0cbbehsaa4acw_work/ship/ip/arf074b032e1r1w0cbbehsaa4acw/zsc11_scff153110_27Apr2023_230139/.metadata/ip_arf074b032e1r1w0cbbehsaa4acw.yml
-I- Loaded /nfs/site/disks/ipg_scf_00159/ajavidi_ship/SHIP_23ww17d4/arf074b032e1r1w0cbbehsaa4acw_work/ship/ip/arf074b032e1r1w0cbbehsaa4acw/zsc11_scff153110_27Apr2023_230139/.metadata/stage_orig_arf074b032e1r1w0cbbehsaa4acw.yml
-I- Loaded /nfs/site/disks/ipg_scf_00159/ajavidi_ship/SHIP_23ww17d4/arf074b032e1r1w0cbbehsaa4acw_work/ship/ip/arf074b032e1r1w0cbbehsaa4acw/zsc11_scff153110_27Apr2023_230139/.metadata/stage_unpacked_arf074b032e1r1w0cbbehsaa4acw.yml
-I- Writing summary file to /nfs/site/disks/ipg_scf_00159/ajavidi_ship/SHIP_23ww17d4/arf074b032e1r1w0cbbehsaa4acw_work/ship/ip/arf074b032e1r1w0cbbehsaa4acw/zsc11_scff153110_27Apr2023_230139/.metadata/ship.default.unpacked.run.sum
-I- Executing command: mkdir -p /nfs/site/disks/ipg_scf_00159/ajavidi_ship/SHIP_23ww17d4/arf074b032e1r1w0cbbehsaa4acw_work/ship/ip/arf074b032e1r1w0cbbehsaa4acw/zsc11_scff153110_27Apr2023_230139/unpacked
-I- Unpacking .
-I- Executing command: mkdir -p /nfs/site/disks/ipg_scf_00159/ajavidi_ship/SHIP_23ww17d4/arf074b032e1r1w0cbbehsaa4acw_work/ship/ip/arf074b032e1r1w0cbbehsaa4acw/zsc11_scff153110_27Apr2023_230139/unpacked/.
-I- Executing command: tar -zxf /nfs/site/disks/ipg_scf_00159/ajavidi_ship/SHIP_23ww17d4/arf074b032e1r1w0cbbehsaa4acw_work/ship/ip/arf074b032e1r1w0cbbehsaa4acw/zsc11_scff153110_27Apr2023_230139/orig/arf074b032e1r1w0cbbehsaa4acw.tar.gz -C /nfs/site/disks/ipg_scf_00159/ajavidi_ship/SHIP_23ww17d4/arf074b032e1r1w0cbbehsaa4acw_work/ship/ip/arf074b032e1r1w0cbbehsaa4acw/zsc11_scff153110_27Apr2023_230139/unpacked/.
-I- Using hipspec config /p/hdk/pu_tu/prd/ship/23.02.001/config/manifest_templates/hipspec_1276.manifest.cfg
-I- -manifest_cfg resolved to '/nfs/site/disks/crt_tools_050/ship/23.02.001/config/manifest_templates/hipspec_1276.manifest.cfg'
-I- Executing command: /p/hdk/pu_tu/prd/iphandoff/23.02.001/bin/make_manifest.py -write_cfg /nfs/site/disks/ipg_scf_00159/ajavidi_ship/SHIP_23ww17d4/arf074b032e1r1w0cbbehsaa4acw_work/ship/ip/arf074b032e1r1w0cbbehsaa4acw/zsc11_scff153110_27Apr2023_230139/unpacked/arf074b032e1r1w0cbbehsaa4acw.manifest.cfg -config /nfs/site/disks/crt_tools_050/ship/23.02.001/config/manifest_templates/hipspec_1276.manifest.cfg -dir /nfs/site/disks/ipg_scf_00159/ajavidi_ship/SHIP_23ww17d4/arf074b032e1r1w0cbbehsaa4acw_work/ship/ip/arf074b032e1r1w0cbbehsaa4acw/zsc11_scff153110_27Apr2023_230139/unpacked -libname arf074b032e1r1w0cbbehsaa4acw -output '/nfs/site/disks/ipg_scf_00159/ajavidi_ship/SHIP_23ww17d4/arf074b032e1r1w0cbbehsaa4acw_work/ship/ip/arf074b032e1r1w0cbbehsaa4acw/zsc11_scff153110_27Apr2023_230139/unpacked/manifest.xml' IP=arf074b032e1r1w0cbbehsaa4acw
-I- Unzipping data in /nfs/site/disks/ipg_scf_00159/ajavidi_ship/SHIP_23ww17d4/arf074b032e1r1w0cbbehsaa4acw_work/ship/ip/arf074b032e1r1w0cbbehsaa4acw/zsc11_scff153110_27Apr2023_230139/unpacked/manifest.xml
-I- Writing updated manifest to /nfs/site/disks/ipg_scf_00159/ajavidi_ship/SHIP_23ww17d4/arf074b032e1r1w0cbbehsaa4acw_work/ship/ip/arf074b032e1r1w0cbbehsaa4acw/zsc11_scff153110_27Apr2023_230139/unpacked/manifest.xml
-I- Checking /nfs/site/disks/ipg_scf_00159/ajavidi_ship/SHIP_23ww17d4/arf074b032e1r1w0cbbehsaa4acw_work/ship/ip/arf074b032e1r1w0cbbehsaa4acw/zsc11_scff153110_27Apr2023_230139/unpacked/manifest.xml for <type>attribute_xml
-I- Checking /nfs/site/disks/ipg_scf_00159/ajavidi_ship/SHIP_23ww17d4/arf074b032e1r1w0cbbehsaa4acw_work/ship/ip/arf074b032e1r1w0cbbehsaa4acw/zsc11_scff153110_27Apr2023_230139/unpacked/doc/arf074b032e1r1w0cbbehsaa4acw.attribute.xml for <multi_cell>
-I- Writing summary file to /nfs/site/disks/ipg_scf_00159/ajavidi_ship/SHIP_23ww17d4/arf074b032e1r1w0cbbehsaa4acw_work/ship/ip/arf074b032e1r1w0cbbehsaa4acw/zsc11_scff153110_27Apr2023_230139/.metadata/ship.default.unpacked.run.sum
+-----------------------------------------------------------------------------+
| Exit Status    : 0                                                          |
| Finishing time : Thu Apr 27 11:02:30 2023                                   |
+-----------------------------------------------------------------------------+
