+-----------------------------------------------------------------------------+
| Executed on    : scc311185           Feeder : arf054b128e1r1w0cbbehraa4acw_3702_zsc11_scc311185|
| Starting time  : Thu Apr 27 10:10:14 2023                                   |
| Command        : /nfs/site/disks/ipg_scf_00159/ajavidi_ship/SHIP_23ww17d4/arf054b128e1r1w0cbbehraa4acw_work/ship/ip/arf054b128e1r1w0cbbehraa4acw/zsc11_scc311185_27Apr2023_214943/.metadata/scripts/checks.review.checks-review.run.csh|
+-----------------------------------------------------------------------------+
/p/hdk/pu_tu/prd/ship/23.02.001/bin/ship_sa.pl -block arf054b128e1r1w0cbbehraa4acw -src checks -dest review -action run -meta_dir /nfs/site/disks/ipg_scf_00159/ajavidi_ship/SHIP_23ww17d4/arf054b128e1r1w0cbbehraa4acw_work/ship/ip/arf054b128e1r1w0cbbehraa4acw/zsc11_scc311185_27Apr2023_214943/.metadata -task checks-review -meta_prefix ship.default
-I- Loaded /nfs/site/disks/ipg_scf_00159/ajavidi_ship/SHIP_23ww17d4/arf054b128e1r1w0cbbehraa4acw_work/ship/ip/arf054b128e1r1w0cbbehraa4acw/zsc11_scc311185_27Apr2023_214943/.metadata/ip_arf054b128e1r1w0cbbehraa4acw.yml
-I- Loaded /nfs/site/disks/ipg_scf_00159/ajavidi_ship/SHIP_23ww17d4/arf054b128e1r1w0cbbehraa4acw_work/ship/ip/arf054b128e1r1w0cbbehraa4acw/zsc11_scc311185_27Apr2023_214943/.metadata/stage_checks_arf054b128e1r1w0cbbehraa4acw.yml
-I- Loaded /nfs/site/disks/ipg_scf_00159/ajavidi_ship/SHIP_23ww17d4/arf054b128e1r1w0cbbehraa4acw_work/ship/ip/arf054b128e1r1w0cbbehraa4acw/zsc11_scc311185_27Apr2023_214943/.metadata/stage_review_arf054b128e1r1w0cbbehraa4acw.yml
-I- Writing summary file to /nfs/site/disks/ipg_scf_00159/ajavidi_ship/SHIP_23ww17d4/arf054b128e1r1w0cbbehraa4acw_work/ship/ip/arf054b128e1r1w0cbbehraa4acw/zsc11_scc311185_27Apr2023_214943/.metadata/ship.default.review.run.sum
-I- Loaded /nfs/site/disks/ipg_scf_00159/ajavidi_ship/SHIP_23ww17d4/arf054b128e1r1w0cbbehraa4acw_work/ship/ip/arf054b128e1r1w0cbbehraa4acw/zsc11_scc311185_27Apr2023_214943/.metadata/stage_staging_arf054b128e1r1w0cbbehraa4acw.yml
-I- Executing command: mkdir -p /nfs/site/disks/ipg_scf_00159/ajavidi_ship/SHIP_23ww17d4/arf054b128e1r1w0cbbehraa4acw_work/ship/ip/arf054b128e1r1w0cbbehraa4acw/zsc11_scc311185_27Apr2023_214943/staging/review
-I- Loaded /nfs/site/disks/ipg_scf_00159/ajavidi_ship/SHIP_23ww17d4/arf054b128e1r1w0cbbehraa4acw_work/ship/ip/arf054b128e1r1w0cbbehraa4acw/zsc11_scc311185_27Apr2023_214943/.metadata/stage_crossfire_arf054b128e1r1w0cbbehraa4acw.yml
-I- Loaded /nfs/site/disks/ipg_scf_00159/ajavidi_ship/SHIP_23ww17d4/arf054b128e1r1w0cbbehraa4acw_work/ship/ip/arf054b128e1r1w0cbbehraa4acw/zsc11_scc311185_27Apr2023_214943/.metadata/stage_staging_arf054b128e1r1w0cbbehraa4acw.yml
-I- Pulling crossfire results from /nfs/site/disks/ipg_scf_00159/ajavidi_ship/SHIP_23ww17d4/arf054b128e1r1w0cbbehraa4acw_work/ship/ip/arf054b128e1r1w0cbbehraa4acw/zsc11_scc311185_27Apr2023_214943/crossfire/review
-I- Executing command: cp -rf /nfs/site/disks/ipg_scf_00159/ajavidi_ship/SHIP_23ww17d4/arf054b128e1r1w0cbbehraa4acw_work/ship/ip/arf054b128e1r1w0cbbehraa4acw/zsc11_scc311185_27Apr2023_214943/crossfire/review/*.xml /nfs/site/disks/ipg_scf_00159/ajavidi_ship/SHIP_23ww17d4/arf054b128e1r1w0cbbehraa4acw_work/ship/ip/arf054b128e1r1w0cbbehraa4acw/zsc11_scc311185_27Apr2023_214943/staging/review/
-I- No LV icv review results in /dev/null/icv/waiver_violations_icv
-I- No LV calibre review results in /dev/null/calibre/waiver_violations_calibre
-I- Loaded /nfs/site/disks/ipg_scf_00159/ajavidi_ship/SHIP_23ww17d4/arf054b128e1r1w0cbbehraa4acw_work/ship/ip/arf054b128e1r1w0cbbehraa4acw/zsc11_scc311185_27Apr2023_214943/.metadata/stage_unpacked_arf054b128e1r1w0cbbehraa4acw.yml
/nfs/site/disks/ipg_scf_00159/ajavidi_ship/SHIP_23ww17d4/arf054b128e1r1w0cbbehraa4acw_work/ship/ip/arf054b128e1r1w0cbbehraa4acw/zsc11_scc311185_27Apr2023_214943/unpacked/arf054b128e1r1w0cbbehraa4acw.manifest.cfg /nfs/site/disks/ipg_scf_00159/ajavidi_ship/SHIP_23ww17d4/arf054b128e1r1w0cbbehraa4acw_work/ship/ip/arf054b128e1r1w0cbbehraa4acw/zsc11_scc311185_27Apr2023_214943/unpacked/manifest.xml
-I- Resolving directory to /nfs/site/disks/ipg_scf_00159/ajavidi_ship/SHIP_23ww17d4/arf054b128e1r1w0cbbehraa4acw_work/ship/ip/arf054b128e1r1w0cbbehraa4acw/zsc11_scc311185_27Apr2023_214943/unpacked because contents matched stop_on: manifest.xml
-I- Populating waivers to /nfs/site/disks/ipg_scf_00159/ajavidi_ship/SHIP_23ww17d4/arf054b128e1r1w0cbbehraa4acw_work/ship/ip/arf054b128e1r1w0cbbehraa4acw/zsc11_scc311185_27Apr2023_214943/staging
-I- Executing commands in a batch:
cmd: setenv WORKAREA /nfs/site/disks/ipg_scf_00159/ajavidi_ship/SHIP_23ww17d4/arf054b128e1r1w0cbbehraa4acw_work/ship/ip/arf054b128e1r1w0cbbehraa4acw/zsc11_scc311185_27Apr2023_214943/staging
cmd: mkdir -p /nfs/site/disks/ipg_scf_00159/ajavidi_ship/SHIP_23ww17d4/arf054b128e1r1w0cbbehraa4acw_work/ship/ip/arf054b128e1r1w0cbbehraa4acw/zsc11_scc311185_27Apr2023_214943/staging/.cth_setup_files || :
cmd: mkdir -p /nfs/site/disks/ipg_scf_00159/ajavidi_ship/SHIP_23ww17d4/arf054b128e1r1w0cbbehraa4acw_work/ship/ip/arf054b128e1r1w0cbbehraa4acw/zsc11_scc311185_27Apr2023_214943/staging/finale/finale_waivers || :
cmd: cp $CTH_INFRA_CONFIG /nfs/site/disks/ipg_scf_00159/ajavidi_ship/SHIP_23ww17d4/arf054b128e1r1w0cbbehraa4acw_work/ship/ip/arf054b128e1r1w0cbbehraa4acw/zsc11_scc311185_27Apr2023_214943/staging/.cth_setup_files || :
cmd: chdir $WORKAREA
cmd: setenv ward /nfs/site/disks/ipg_scf_00159/ajavidi_ship/SHIP_23ww17d4/arf054b128e1r1w0cbbehraa4acw_work/ship/ip/arf054b128e1r1w0cbbehraa4acw/zsc11_scc311185_27Apr2023_214943/staging
cmd: mkdir -p /nfs/site/disks/ipg_scf_00159/ajavidi_ship/SHIP_23ww17d4/arf054b128e1r1w0cbbehraa4acw_work/ship/ip/arf054b128e1r1w0cbbehraa4acw/zsc11_scc311185_27Apr2023_214943/staging/finale/finale_waivers/
cmd: mkdir -p /nfs/site/disks/ipg_scf_00159/ajavidi_ship/SHIP_23ww17d4/arf054b128e1r1w0cbbehraa4acw_work/ship/ip/arf054b128e1r1w0cbbehraa4acw/zsc11_scc311185_27Apr2023_214943/staging/finale/finale_approvals/
cmd: cth_waiver populate -block arf054b128e1r1w0cbbehraa4acw
[22:10:19 2023-04-27] [ERROR] Can't execute XML_FILE not defined or path does not exist
-I- cth_flow: Searching active blocks in 'ip76edmr' container for branch 'main'
[22:10:20 2023-04-27] [ERROR] Please provide a milestone, either via PRODUCT_MILESTONE definition in the config, or with -milestone cmdline switch.
-I- cth_flow: Checking p4 ticket expiration
-F- cth_flow: Invalid block 'arf054b128e1r1w0cbbehraa4acw', please run 'ddm createDesignBlock' command to create it
cmd: finale migrate -block arf054b128e1r1w0cbbehraa4acw || :
[22:10:23 2023-04-27] [INFO ] Creating waivers  /nfs/site/disks/ipg_scf_00159/ajavidi_ship/SHIP_23ww17d4/arf054b128e1r1w0cbbehraa4acw_work/ship/ip/arf054b128e1r1w0cbbehraa4acw/zsc11_scc311185_27Apr2023_214943/staging/finale/finale_waivers/arf054b128e1r1w0cbbehraa4acw.waivers file
cmd: cp -rf /nfs/site/disks/ipg_scf_00159/ajavidi_ship/SHIP_23ww17d4/arf054b128e1r1w0cbbehraa4acw_work/ship/ip/arf054b128e1r1w0cbbehraa4acw/zsc11_scc311185_27Apr2023_214943/staging/cth_waiver/arf054b128e1r1w0cbbehraa4acw*.waivers /nfs/site/disks/ipg_scf_00159/ajavidi_ship/SHIP_23ww17d4/arf054b128e1r1w0cbbehraa4acw_work/ship/ip/arf054b128e1r1w0cbbehraa4acw/zsc11_scc311185_27Apr2023_214943/staging/finale/finale_waivers/
cp: No match.
cmd: finale refresh -block arf054b128e1r1w0cbbehraa4acw -violations_dir /nfs/site/disks/ipg_scf_00159/ajavidi_ship/SHIP_23ww17d4/arf054b128e1r1w0cbbehraa4acw_work/ship/ip/arf054b128e1r1w0cbbehraa4acw/zsc11_scc311185_27Apr2023_214943/staging/review/ -ship -ip_milestone UV1
[22:10:25 2023-04-27] [INFO ] milestone UV1 and milestone_list ['EV1', 'EV2', 'UV', 'UV1', 'UVopt', 'UV2', 'eFV', 'FV']
[22:10:26 2023-04-27] [INFO ] Running finale refresh
[22:10:26 2023-04-27] [INFO ] Tool name: crossfire_driftchecks, xml file: arf054b128e1r1w0cbbehraa4acw.crossfire_driftchecks.violations.xml
[22:10:26 2023-04-27] [INFO ] Tool name: crossfire_horizontal, xml file: arf054b128e1r1w0cbbehraa4acw.crossfire_horizontal.violations.xml
[22:10:26 2023-04-27] [INFO ] Tool name: crossfire_intgd, xml file: arf054b128e1r1w0cbbehraa4acw.crossfire_intgd.violations.xml
[22:10:26 2023-04-27] [INFO ] Tool name: crossfire_lef, xml file: arf054b128e1r1w0cbbehraa4acw.crossfire_lef.violations.xml
[22:10:26 2023-04-27] [INFO ] Tool name: crossfire_lv, xml file: arf054b128e1r1w0cbbehraa4acw.crossfire_lv.violations.xml
[22:10:26 2023-04-27] [INFO ] Tool name: crossfire_power, xml file: arf054b128e1r1w0cbbehraa4acw.crossfire_power.violations.xml
[22:10:26 2023-04-27] [INFO ] Tool name: crossfire_timing, xml file: arf054b128e1r1w0cbbehraa4acw.crossfire_timing.violations.xml
[22:10:26 2023-04-27] [INFO ] approval data not found: {}
[22:10:28 2023-04-27] [INFO ] Writing File /nfs/site/disks/ipg_scf_00159/ajavidi_ship/SHIP_23ww17d4/arf054b128e1r1w0cbbehraa4acw_work/ship/ip/arf054b128e1r1w0cbbehraa4acw/zsc11_scc311185_27Apr2023_214943/staging/finale/finale_waivers/arf054b128e1r1w0cbbehraa4acw.crossfire_driftchecks.finale.summary
[22:10:28 2023-04-27] [INFO ] Processing data and convert into proper structure crossfire_driftchecks
[22:10:28 2023-04-27] [INFO ] Writing File /nfs/site/disks/ipg_scf_00159/ajavidi_ship/SHIP_23ww17d4/arf054b128e1r1w0cbbehraa4acw_work/ship/ip/arf054b128e1r1w0cbbehraa4acw/zsc11_scc311185_27Apr2023_214943/staging/finale/finale_waivers/arf054b128e1r1w0cbbehraa4acw.crossfire_driftchecks.filt_viol.xml
[22:10:28 2023-04-27] [INFO ] Writing File /nfs/site/disks/ipg_scf_00159/ajavidi_ship/SHIP_23ww17d4/arf054b128e1r1w0cbbehraa4acw_work/ship/ip/arf054b128e1r1w0cbbehraa4acw/zsc11_scc311185_27Apr2023_214943/staging/finale/finale_waivers/arf054b128e1r1w0cbbehraa4acw.crossfire_horizontal.finale.summary
[22:10:28 2023-04-27] [INFO ] Processing data and convert into proper structure crossfire_horizontal
[22:10:28 2023-04-27] [INFO ] Writing File /nfs/site/disks/ipg_scf_00159/ajavidi_ship/SHIP_23ww17d4/arf054b128e1r1w0cbbehraa4acw_work/ship/ip/arf054b128e1r1w0cbbehraa4acw/zsc11_scc311185_27Apr2023_214943/staging/finale/finale_waivers/arf054b128e1r1w0cbbehraa4acw.crossfire_horizontal.filt_viol.xml
[22:10:28 2023-04-27] [INFO ] Writing File /nfs/site/disks/ipg_scf_00159/ajavidi_ship/SHIP_23ww17d4/arf054b128e1r1w0cbbehraa4acw_work/ship/ip/arf054b128e1r1w0cbbehraa4acw/zsc11_scc311185_27Apr2023_214943/staging/finale/finale_waivers/arf054b128e1r1w0cbbehraa4acw.crossfire_intgd.finale.summary
[22:10:28 2023-04-27] [INFO ] Processing data and convert into proper structure crossfire_intgd
[22:10:28 2023-04-27] [INFO ] Writing File /nfs/site/disks/ipg_scf_00159/ajavidi_ship/SHIP_23ww17d4/arf054b128e1r1w0cbbehraa4acw_work/ship/ip/arf054b128e1r1w0cbbehraa4acw/zsc11_scc311185_27Apr2023_214943/staging/finale/finale_waivers/arf054b128e1r1w0cbbehraa4acw.crossfire_intgd.filt_viol.xml
[22:10:28 2023-04-27] [INFO ] Writing File /nfs/site/disks/ipg_scf_00159/ajavidi_ship/SHIP_23ww17d4/arf054b128e1r1w0cbbehraa4acw_work/ship/ip/arf054b128e1r1w0cbbehraa4acw/zsc11_scc311185_27Apr2023_214943/staging/finale/finale_waivers/arf054b128e1r1w0cbbehraa4acw.crossfire_lef.finale.summary
[22:10:28 2023-04-27] [INFO ] Processing data and convert into proper structure crossfire_lef
[22:10:28 2023-04-27] [INFO ] Writing File /nfs/site/disks/ipg_scf_00159/ajavidi_ship/SHIP_23ww17d4/arf054b128e1r1w0cbbehraa4acw_work/ship/ip/arf054b128e1r1w0cbbehraa4acw/zsc11_scc311185_27Apr2023_214943/staging/finale/finale_waivers/arf054b128e1r1w0cbbehraa4acw.crossfire_lef.filt_viol.xml
[22:10:28 2023-04-27] [INFO ] Writing File /nfs/site/disks/ipg_scf_00159/ajavidi_ship/SHIP_23ww17d4/arf054b128e1r1w0cbbehraa4acw_work/ship/ip/arf054b128e1r1w0cbbehraa4acw/zsc11_scc311185_27Apr2023_214943/staging/finale/finale_waivers/arf054b128e1r1w0cbbehraa4acw.crossfire_lv.finale.summary
[22:10:28 2023-04-27] [INFO ] Processing data and convert into proper structure crossfire_lv
[22:10:28 2023-04-27] [INFO ] Writing File /nfs/site/disks/ipg_scf_00159/ajavidi_ship/SHIP_23ww17d4/arf054b128e1r1w0cbbehraa4acw_work/ship/ip/arf054b128e1r1w0cbbehraa4acw/zsc11_scc311185_27Apr2023_214943/staging/finale/finale_waivers/arf054b128e1r1w0cbbehraa4acw.crossfire_lv.filt_viol.xml
[22:10:28 2023-04-27] [INFO ] Writing File /nfs/site/disks/ipg_scf_00159/ajavidi_ship/SHIP_23ww17d4/arf054b128e1r1w0cbbehraa4acw_work/ship/ip/arf054b128e1r1w0cbbehraa4acw/zsc11_scc311185_27Apr2023_214943/staging/finale/finale_waivers/arf054b128e1r1w0cbbehraa4acw.crossfire_power.finale.summary
[22:10:28 2023-04-27] [INFO ] Processing data and convert into proper structure crossfire_power
[22:10:28 2023-04-27] [INFO ] Writing File /nfs/site/disks/ipg_scf_00159/ajavidi_ship/SHIP_23ww17d4/arf054b128e1r1w0cbbehraa4acw_work/ship/ip/arf054b128e1r1w0cbbehraa4acw/zsc11_scc311185_27Apr2023_214943/staging/finale/finale_waivers/arf054b128e1r1w0cbbehraa4acw.crossfire_power.filt_viol.xml
[22:10:28 2023-04-27] [INFO ] Writing File /nfs/site/disks/ipg_scf_00159/ajavidi_ship/SHIP_23ww17d4/arf054b128e1r1w0cbbehraa4acw_work/ship/ip/arf054b128e1r1w0cbbehraa4acw/zsc11_scc311185_27Apr2023_214943/staging/finale/finale_waivers/arf054b128e1r1w0cbbehraa4acw.crossfire_timing.finale.summary
[22:10:28 2023-04-27] [INFO ] Processing data and convert into proper structure crossfire_timing
[22:10:28 2023-04-27] [INFO ] Writing File /nfs/site/disks/ipg_scf_00159/ajavidi_ship/SHIP_23ww17d4/arf054b128e1r1w0cbbehraa4acw_work/ship/ip/arf054b128e1r1w0cbbehraa4acw/zsc11_scc311185_27Apr2023_214943/staging/finale/finale_waivers/arf054b128e1r1w0cbbehraa4acw.crossfire_timing.filt_viol.xml
[22:10:28 2023-04-27] [INFO ] Writing /nfs/site/disks/ipg_scf_00159/ajavidi_ship/SHIP_23ww17d4/arf054b128e1r1w0cbbehraa4acw_work/ship/ip/arf054b128e1r1w0cbbehraa4acw/zsc11_scc311185_27Apr2023_214943/staging/finale/finale_waivers/arf054b128e1r1w0cbbehraa4acw.finale.close file
[22:10:28 2023-04-27] [INFO ] Writing /nfs/site/disks/ipg_scf_00159/ajavidi_ship/SHIP_23ww17d4/arf054b128e1r1w0cbbehraa4acw_work/ship/ip/arf054b128e1r1w0cbbehraa4acw/zsc11_scc311185_27Apr2023_214943/staging/finale/finale_waivers/arf054b128e1r1w0cbbehraa4acw.finale.csv file
[22:10:28 2023-04-27] [INFO ] Writing /nfs/site/disks/ipg_scf_00159/ajavidi_ship/SHIP_23ww17d4/arf054b128e1r1w0cbbehraa4acw_work/ship/ip/arf054b128e1r1w0cbbehraa4acw/zsc11_scc311185_27Apr2023_214943/staging/finale/finale_waivers/arf054b128e1r1w0cbbehraa4acw.indicator_data.json file
[22:10:28 2023-04-27] [INFO ] Writing File /nfs/site/disks/ipg_scf_00159/ajavidi_ship/SHIP_23ww17d4/arf054b128e1r1w0cbbehraa4acw_work/ship/ip/arf054b128e1r1w0cbbehraa4acw/zsc11_scc311185_27Apr2023_214943/staging/finale/finale_waivers/arf054b128e1r1w0cbbehraa4acw.waivers
[22:10:28 2023-04-27] [INFO ] Writing /nfs/site/disks/ipg_scf_00159/ajavidi_ship/SHIP_23ww17d4/arf054b128e1r1w0cbbehraa4acw_work/ship/ip/arf054b128e1r1w0cbbehraa4acw/zsc11_scc311185_27Apr2023_214943/staging/finale/finale_waivers/arf054b128e1r1w0cbbehraa4acw.waiver_summary.html file 
cmd: set review_st=$?
cmd: cp -r /nfs/site/disks/ipg_scf_00159/ajavidi_ship/SHIP_23ww17d4/arf054b128e1r1w0cbbehraa4acw_work/ship/ip/arf054b128e1r1w0cbbehraa4acw/zsc11_scc311185_27Apr2023_214943/staging/finale/finale_waivers/* /nfs/site/disks/ipg_scf_00159/ajavidi_ship/SHIP_23ww17d4/arf054b128e1r1w0cbbehraa4acw_work/ship/ip/arf054b128e1r1w0cbbehraa4acw/zsc11_scc311185_27Apr2023_214943/staging/review
cmd: chmod -R +w /nfs/site/disks/ipg_scf_00159/ajavidi_ship/SHIP_23ww17d4/arf054b128e1r1w0cbbehraa4acw_work/ship/ip/arf054b128e1r1w0cbbehraa4acw/zsc11_scc311185_27Apr2023_214943/staging/finale
cmd: rm -rf /nfs/site/disks/ipg_scf_00159/ajavidi_ship/SHIP_23ww17d4/arf054b128e1r1w0cbbehraa4acw_work/ship/ip/arf054b128e1r1w0cbbehraa4acw/zsc11_scc311185_27Apr2023_214943/staging/finale
cmd: bash -c {chmod +w /nfs/site/disks/ipg_scf_00159/ajavidi_ship/SHIP_23ww17d4/arf054b128e1r1w0cbbehraa4acw_work/ship/ip/arf054b128e1r1w0cbbehraa4acw/zsc11_scc311185_27Apr2023_214943/staging/{review,approvals/waiver_approvals}/manifest.xml 2>/dev/null{
cmd: bash -c {rm -f /nfs/site/disks/ipg_scf_00159/ajavidi_ship/SHIP_23ww17d4/arf054b128e1r1w0cbbehraa4acw_work/ship/ip/arf054b128e1r1w0cbbehraa4acw/zsc11_scc311185_27Apr2023_214943/staging/{review,approvals/waiver_approvals}/manifest.xml 2>/dev/null{
cmd: exit $review_st
-I- Batch status: 0
-I- Reading /nfs/site/disks/ipg_scf_00159/ajavidi_ship/SHIP_23ww17d4/arf054b128e1r1w0cbbehraa4acw_work/ship/ip/arf054b128e1r1w0cbbehraa4acw/zsc11_scc311185_27Apr2023_214943/staging/review/arf054b128e1r1w0cbbehraa4acw.finale.csv
-I- Writing summary file to /nfs/site/disks/ipg_scf_00159/ajavidi_ship/SHIP_23ww17d4/arf054b128e1r1w0cbbehraa4acw_work/ship/ip/arf054b128e1r1w0cbbehraa4acw/zsc11_scc311185_27Apr2023_214943/.metadata/ship.default.review.run.sum
+-----------------------------------------------------------------------------+
| Exit Status    : 0                                                          |
| Finishing time : Thu Apr 27 10:10:29 2023                                   |
+-----------------------------------------------------------------------------+
