+-----------------------------------------------------------------------------+
| Executed on    : scca35108           Feeder : arf132b128e1r1w0cbbehbaa4acw_17766_zsc11_scca35108|
| Starting time  : Fri Apr 28  1:52:23 2023                                   |
| Command        : /nfs/site/disks/ipg_scf_00159/ajavidi_ship/SHIP_23ww17d4/arf132b128e1r1w0cbbehbaa4acw_work/ship/ip/arf132b128e1r1w0cbbehbaa4acw/zsc11_scca35108_28Apr2023_015201/.metadata/scripts/orig.unpacked.orig-unpacked.run.csh|
+-----------------------------------------------------------------------------+
/p/hdk/pu_tu/prd/ship/23.02.001/bin/ship_sa.pl -block arf132b128e1r1w0cbbehbaa4acw -src orig -dest unpacked -action run -meta_dir /nfs/site/disks/ipg_scf_00159/ajavidi_ship/SHIP_23ww17d4/arf132b128e1r1w0cbbehbaa4acw_work/ship/ip/arf132b128e1r1w0cbbehbaa4acw/zsc11_scca35108_28Apr2023_015201/.metadata -task orig-unpacked -meta_prefix ship.default
-I- Loaded /nfs/site/disks/ipg_scf_00159/ajavidi_ship/SHIP_23ww17d4/arf132b128e1r1w0cbbehbaa4acw_work/ship/ip/arf132b128e1r1w0cbbehbaa4acw/zsc11_scca35108_28Apr2023_015201/.metadata/ip_arf132b128e1r1w0cbbehbaa4acw.yml
-I- Loaded /nfs/site/disks/ipg_scf_00159/ajavidi_ship/SHIP_23ww17d4/arf132b128e1r1w0cbbehbaa4acw_work/ship/ip/arf132b128e1r1w0cbbehbaa4acw/zsc11_scca35108_28Apr2023_015201/.metadata/stage_orig_arf132b128e1r1w0cbbehbaa4acw.yml
-I- Loaded /nfs/site/disks/ipg_scf_00159/ajavidi_ship/SHIP_23ww17d4/arf132b128e1r1w0cbbehbaa4acw_work/ship/ip/arf132b128e1r1w0cbbehbaa4acw/zsc11_scca35108_28Apr2023_015201/.metadata/stage_unpacked_arf132b128e1r1w0cbbehbaa4acw.yml
-I- Writing summary file to /nfs/site/disks/ipg_scf_00159/ajavidi_ship/SHIP_23ww17d4/arf132b128e1r1w0cbbehbaa4acw_work/ship/ip/arf132b128e1r1w0cbbehbaa4acw/zsc11_scca35108_28Apr2023_015201/.metadata/ship.default.unpacked.run.sum
-I- Executing command: mkdir -p /nfs/site/disks/ipg_scf_00159/ajavidi_ship/SHIP_23ww17d4/arf132b128e1r1w0cbbehbaa4acw_work/ship/ip/arf132b128e1r1w0cbbehbaa4acw/zsc11_scca35108_28Apr2023_015201/unpacked
-I- Unpacking .
-I- Executing command: mkdir -p /nfs/site/disks/ipg_scf_00159/ajavidi_ship/SHIP_23ww17d4/arf132b128e1r1w0cbbehbaa4acw_work/ship/ip/arf132b128e1r1w0cbbehbaa4acw/zsc11_scca35108_28Apr2023_015201/unpacked/.
-I- Executing command: tar -zxf /nfs/site/disks/ipg_scf_00159/ajavidi_ship/SHIP_23ww17d4/arf132b128e1r1w0cbbehbaa4acw_work/ship/ip/arf132b128e1r1w0cbbehbaa4acw/zsc11_scca35108_28Apr2023_015201/orig/arf132b128e1r1w0cbbehbaa4acw.tar.gz -C /nfs/site/disks/ipg_scf_00159/ajavidi_ship/SHIP_23ww17d4/arf132b128e1r1w0cbbehbaa4acw_work/ship/ip/arf132b128e1r1w0cbbehbaa4acw/zsc11_scca35108_28Apr2023_015201/unpacked/.
-I- Using hipspec config /p/hdk/pu_tu/prd/ship/23.02.001/config/manifest_templates/hipspec_1276.manifest.cfg
-I- -manifest_cfg resolved to '/nfs/site/disks/crt_tools_050/ship/23.02.001/config/manifest_templates/hipspec_1276.manifest.cfg'
-I- Executing command: /p/hdk/pu_tu/prd/iphandoff/23.02.001/bin/make_manifest.py -write_cfg /nfs/site/disks/ipg_scf_00159/ajavidi_ship/SHIP_23ww17d4/arf132b128e1r1w0cbbehbaa4acw_work/ship/ip/arf132b128e1r1w0cbbehbaa4acw/zsc11_scca35108_28Apr2023_015201/unpacked/arf132b128e1r1w0cbbehbaa4acw.manifest.cfg -config /nfs/site/disks/crt_tools_050/ship/23.02.001/config/manifest_templates/hipspec_1276.manifest.cfg -dir /nfs/site/disks/ipg_scf_00159/ajavidi_ship/SHIP_23ww17d4/arf132b128e1r1w0cbbehbaa4acw_work/ship/ip/arf132b128e1r1w0cbbehbaa4acw/zsc11_scca35108_28Apr2023_015201/unpacked -libname arf132b128e1r1w0cbbehbaa4acw -output '/nfs/site/disks/ipg_scf_00159/ajavidi_ship/SHIP_23ww17d4/arf132b128e1r1w0cbbehbaa4acw_work/ship/ip/arf132b128e1r1w0cbbehbaa4acw/zsc11_scca35108_28Apr2023_015201/unpacked/manifest.xml' IP=arf132b128e1r1w0cbbehbaa4acw
-I- Unzipping data in /nfs/site/disks/ipg_scf_00159/ajavidi_ship/SHIP_23ww17d4/arf132b128e1r1w0cbbehbaa4acw_work/ship/ip/arf132b128e1r1w0cbbehbaa4acw/zsc11_scca35108_28Apr2023_015201/unpacked/manifest.xml
-I- Writing updated manifest to /nfs/site/disks/ipg_scf_00159/ajavidi_ship/SHIP_23ww17d4/arf132b128e1r1w0cbbehbaa4acw_work/ship/ip/arf132b128e1r1w0cbbehbaa4acw/zsc11_scca35108_28Apr2023_015201/unpacked/manifest.xml
-I- Checking /nfs/site/disks/ipg_scf_00159/ajavidi_ship/SHIP_23ww17d4/arf132b128e1r1w0cbbehbaa4acw_work/ship/ip/arf132b128e1r1w0cbbehbaa4acw/zsc11_scca35108_28Apr2023_015201/unpacked/manifest.xml for <type>attribute_xml
-I- Checking /nfs/site/disks/ipg_scf_00159/ajavidi_ship/SHIP_23ww17d4/arf132b128e1r1w0cbbehbaa4acw_work/ship/ip/arf132b128e1r1w0cbbehbaa4acw/zsc11_scca35108_28Apr2023_015201/unpacked/doc/arf132b128e1r1w0cbbehbaa4acw.attribute.xml for <multi_cell>
-I- Writing summary file to /nfs/site/disks/ipg_scf_00159/ajavidi_ship/SHIP_23ww17d4/arf132b128e1r1w0cbbehbaa4acw_work/ship/ip/arf132b128e1r1w0cbbehbaa4acw/zsc11_scca35108_28Apr2023_015201/.metadata/ship.default.unpacked.run.sum
+-----------------------------------------------------------------------------+
| Exit Status    : 0                                                          |
| Finishing time : Fri Apr 28  1:52:40 2023                                   |
+-----------------------------------------------------------------------------+
