+-----------------------------------------------------------------------------+
| Executed on    : scca35108           Feeder : arf132b128e1r1w0cbbehbaa4acw_17766_zsc11_scca35108|
| Starting time  : Fri Apr 28  2:11:44 2023                                   |
| Command        : /nfs/site/disks/ipg_scf_00159/ajavidi_ship/SHIP_23ww17d4/arf132b128e1r1w0cbbehbaa4acw_work/ship/ip/arf132b128e1r1w0cbbehbaa4acw/zsc11_scca35108_28Apr2023_015201/.metadata/scripts/checks.qa_wb.checks-qa_wb.run.csh|
+-----------------------------------------------------------------------------+
/p/hdk/pu_tu/prd/ship/23.02.001/bin/ship_sa.pl -block arf132b128e1r1w0cbbehbaa4acw -src checks -dest qa_wb -action run -meta_dir /nfs/site/disks/ipg_scf_00159/ajavidi_ship/SHIP_23ww17d4/arf132b128e1r1w0cbbehbaa4acw_work/ship/ip/arf132b128e1r1w0cbbehbaa4acw/zsc11_scca35108_28Apr2023_015201/.metadata -task checks-qa_wb -meta_prefix ship.default
-I- Loaded /nfs/site/disks/ipg_scf_00159/ajavidi_ship/SHIP_23ww17d4/arf132b128e1r1w0cbbehbaa4acw_work/ship/ip/arf132b128e1r1w0cbbehbaa4acw/zsc11_scca35108_28Apr2023_015201/.metadata/ip_arf132b128e1r1w0cbbehbaa4acw.yml
-I- Loaded /nfs/site/disks/ipg_scf_00159/ajavidi_ship/SHIP_23ww17d4/arf132b128e1r1w0cbbehbaa4acw_work/ship/ip/arf132b128e1r1w0cbbehbaa4acw/zsc11_scca35108_28Apr2023_015201/.metadata/stage_checks_arf132b128e1r1w0cbbehbaa4acw.yml
-I- Loaded /nfs/site/disks/ipg_scf_00159/ajavidi_ship/SHIP_23ww17d4/arf132b128e1r1w0cbbehbaa4acw_work/ship/ip/arf132b128e1r1w0cbbehbaa4acw/zsc11_scca35108_28Apr2023_015201/.metadata/stage_qa_wb_arf132b128e1r1w0cbbehbaa4acw.yml
-I- Writing summary file to /nfs/site/disks/ipg_scf_00159/ajavidi_ship/SHIP_23ww17d4/arf132b128e1r1w0cbbehbaa4acw_work/ship/ip/arf132b128e1r1w0cbbehbaa4acw/zsc11_scca35108_28Apr2023_015201/.metadata/ship.default.qa_wb.run.sum
-I- Loaded /nfs/site/disks/ipg_scf_00159/ajavidi_ship/SHIP_23ww17d4/arf132b128e1r1w0cbbehbaa4acw_work/ship/ip/arf132b128e1r1w0cbbehbaa4acw/zsc11_scca35108_28Apr2023_015201/.metadata/stage_crossfire_arf132b128e1r1w0cbbehbaa4acw.yml
-I- crossfire -> /nfs/site/disks/ipg_scf_00159/ajavidi_ship/SHIP_23ww17d4/arf132b128e1r1w0cbbehbaa4acw_work/ship/ip/arf132b128e1r1w0cbbehbaa4acw/zsc11_scca35108_28Apr2023_015201/crossfire
-I- Loaded /nfs/site/disks/ipg_scf_00159/ajavidi_ship/SHIP_23ww17d4/arf132b128e1r1w0cbbehbaa4acw_work/ship/ip/arf132b128e1r1w0cbbehbaa4acw/zsc11_scca35108_28Apr2023_015201/.metadata/stage_staging_arf132b128e1r1w0cbbehbaa4acw.yml
-I- staging -> /nfs/site/disks/ipg_scf_00159/ajavidi_ship/SHIP_23ww17d4/arf132b128e1r1w0cbbehbaa4acw_work/ship/ip/arf132b128e1r1w0cbbehbaa4acw/zsc11_scca35108_28Apr2023_015201/staging
-I- Mapping /nfs/site/disks/ipg_scf_00159/ajavidi_ship/SHIP_23ww17d4/arf132b128e1r1w0cbbehbaa4acw_work/ship/ip/arf132b128e1r1w0cbbehbaa4acw/zsc11_scca35108_28Apr2023_015201/crossfire to /nfs/site/disks/ipg_scf_00159/ajavidi_ship/SHIP_23ww17d4/arf132b128e1r1w0cbbehbaa4acw_work/ship/ip/arf132b128e1r1w0cbbehbaa4acw/zsc11_scca35108_28Apr2023_015201/staging
-I- Running 13 copy ops from /nfs/site/disks/ipg_scf_00159/ajavidi_ship/SHIP_23ww17d4/arf132b128e1r1w0cbbehbaa4acw_work/ship/ip/arf132b128e1r1w0cbbehbaa4acw/zsc11_scca35108_28Apr2023_015201/crossfire
-I- Writing summary file to /nfs/site/disks/ipg_scf_00159/ajavidi_ship/SHIP_23ww17d4/arf132b128e1r1w0cbbehbaa4acw_work/ship/ip/arf132b128e1r1w0cbbehbaa4acw/zsc11_scca35108_28Apr2023_015201/.metadata/ship.default.qa_wb.run.sum
+-----------------------------------------------------------------------------+
| Exit Status    : 0                                                          |
| Finishing time : Fri Apr 28  2:11:51 2023                                   |
+-----------------------------------------------------------------------------+
