01:04:32-INIT-INFO: Running: /p/hdk/pu_tu/prd/ipqa_xfire/23.01.005.p003/bin/crossfire.py --block arf104b256e1r1w0cbbehcaa4acw --milestone uv1 --review /nfs/site/disks/ipg_scf_00159/ajavidi_ship/SHIP_23ww17d4/arf104b256e1r1w0cbbehcaa4acw_work/ship/ip/arf104b256e1r1w0cbbehcaa4acw/zsc11_scc280023_28Apr2023_005756/crossfire/collateral/ebb/checks/arf104b256e1r1w0cbbehcaa4acw.crossfire.log --location snps_manifest --append_manifest /nfs/site/disks/ipg_scf_00159/ajavidi_ship/SHIP_23ww17d4/arf104b256e1r1w0cbbehcaa4acw_work/ship/ip/arf104b256e1r1w0cbbehcaa4acw/zsc11_scc280023_28Apr2023_005756/crossfire/collateral/ebb/checks/arf104b256e1r1w0cbbehcaa4acw.crossfire.manifest --snps_manifests /nfs/site/disks/ipg_scf_00159/ajavidi_ship/SHIP_23ww17d4/arf104b256e1r1w0cbbehcaa4acw_work/ship/ip/arf104b256e1r1w0cbbehcaa4acw/zsc11_scc280023_28Apr2023_005756/staging/manifest.xml 
01:04:32-INIT-INFO:     block ==> arf104b256e1r1w0cbbehcaa4acw
01:04:32-INIT-INFO:     milestone ==> uv1
01:04:32-INIT-INFO:     location ==> snps_manifest
01:04:32-INIT-INFO:     strict_location ==> False
01:04:32-INIT-INFO:     multi_cell ==> False
01:04:32-INIT-INFO:     snap_test ==> False
01:04:32-INIT-INFO:     crossfire_manual ==> False
01:04:32-INIT-INFO:     shell ==> False
01:04:32-INIT-INFO:     append_manifest ==> /nfs/site/disks/ipg_scf_00159/ajavidi_ship/SHIP_23ww17d4/arf104b256e1r1w0cbbehcaa4acw_work/ship/ip/arf104b256e1r1w0cbbehcaa4acw/zsc11_scc280023_28Apr2023_005756/crossfire/collateral/ebb/checks/arf104b256e1r1w0cbbehcaa4acw.crossfire.manifest
01:04:32-INIT-INFO:     dumpmilestones ==> None
01:04:32-INIT-INFO:     snps_manifests ==> /nfs/site/disks/ipg_scf_00159/ajavidi_ship/SHIP_23ww17d4/arf104b256e1r1w0cbbehcaa4acw_work/ship/ip/arf104b256e1r1w0cbbehcaa4acw/zsc11_scc280023_28Apr2023_005756/staging/manifest.xml
01:04:32-INIT-INFO:     review ==> /nfs/site/disks/ipg_scf_00159/ajavidi_ship/SHIP_23ww17d4/arf104b256e1r1w0cbbehcaa4acw_work/ship/ip/arf104b256e1r1w0cbbehcaa4acw/zsc11_scc280023_28Apr2023_005756/crossfire/collateral/ebb/checks/arf104b256e1r1w0cbbehcaa4acw.crossfire.log
01:04:32-INIT-INFO:     report ==> False
01:04:32-SETUP-INFO: Setting RUNDIR: /nfs/site/disks/ipg_scf_00159/ajavidi_ship/SHIP_23ww17d4/arf104b256e1r1w0cbbehcaa4acw_work/ship/ip/arf104b256e1r1w0cbbehcaa4acw/zsc11_scc280023_28Apr2023_005756/crossfire/crossfire/arf104b256e1r1w0cbbehcaa4acw.uv1.2023_04_28_010432.32739
01:04:32-SETUP-INFO: Creating file: /nfs/site/disks/ipg_scf_00159/ajavidi_ship/SHIP_23ww17d4/arf104b256e1r1w0cbbehcaa4acw_work/ship/ip/arf104b256e1r1w0cbbehcaa4acw/zsc11_scc280023_28Apr2023_005756/crossfire/crossfire/arf104b256e1r1w0cbbehcaa4acw.latest
01:04:32-SETUP-INFO: Vendor help docs can be found by running: firefox /p/hdk/cad/crossfire/2023.2.W07/docs/html/index.html &
01:04:34-MAIN-INFO:   IPQA_ROOT: /p/hdk/pu_tu/prd/ipqa_xfire/23.01.005.p003
01:04:34-MAIN-INFO:   CROSSFIRE_ROOT: /p/hdk/cad/crossfire/2023.2.W07
01:04:38-KVP-INFO: Processing KVP file: /p/hdk/pu_tu/prd/ipqa_xfire/23.01.005.p003/data/default/kvp_cth_query.cfg
01:04:40-MAIN-INFO: Adding FUSIONCOMPILER_DIR to path.
01:04:40-KVP-INFO: Processing KVP file: /p/hdk/pu_tu/prd/ipqa_xfire/23.01.005.p003/data/default/kvp_preloc.cfg
01:04:41-MAIN-INFO: Figuring out what checks to run...
01:04:41-MAIN-INFO: -I- Using config set '1276_plt'
01:04:41-KVP-INFO: Processing KVP file: /nfs/site/disks/ipg_scf_00159/ajavidi_ship/SHIP_23ww17d4/arf104b256e1r1w0cbbehcaa4acw_work/ship/ip/arf104b256e1r1w0cbbehcaa4acw/zsc11_scc280023_28Apr2023_005756/crossfire/crossfire/arf104b256e1r1w0cbbehcaa4acw.uv1.2023_04_28_010432.32739/presetup/kvp_p0.cfg
01:04:43-MAIN-INFO: Reading checks config file: /nfs/site/disks/ipg_scf_00159/ajavidi_ship/SHIP_23ww17d4/arf104b256e1r1w0cbbehcaa4acw_work/ship/ip/arf104b256e1r1w0cbbehcaa4acw/zsc11_scc280023_28Apr2023_005756/crossfire/crossfire/arf104b256e1r1w0cbbehcaa4acw.uv1.2023_04_28_010432.32739/presetup/checks.cfg
01:04:43-MAIN-INFO: Using  manifest.xml file from snps_manifests
01:04:43-MAIN-INFO: manifest_file_use => /nfs/site/disks/ipg_scf_00159/ajavidi_ship/SHIP_23ww17d4/arf104b256e1r1w0cbbehcaa4acw_work/ship/ip/arf104b256e1r1w0cbbehcaa4acw/zsc11_scc280023_28Apr2023_005756/staging/manifest.xml
01:04:43-MAIN-INFO: ----------------------------------------------------------------
01:04:43-MAIN-INFO: Gather pre-populate data files
01:04:43-MAIN-INFO: Location_cfg: /nfs/site/disks/ipg_scf_00159/ajavidi_ship/SHIP_23ww17d4/arf104b256e1r1w0cbbehcaa4acw_work/ship/ip/arf104b256e1r1w0cbbehcaa4acw/zsc11_scc280023_28Apr2023_005756/crossfire/crossfire/arf104b256e1r1w0cbbehcaa4acw.uv1.2023_04_28_010432.32739/presetup/locations_snps_p0.cfg
01:04:43-MAIN-INFO: Manifests provided: /nfs/site/disks/ipg_scf_00159/ajavidi_ship/SHIP_23ww17d4/arf104b256e1r1w0cbbehcaa4acw_work/ship/ip/arf104b256e1r1w0cbbehcaa4acw/zsc11_scc280023_28Apr2023_005756/staging/manifest.xml
01:04:43-MAIN-INFO: Manifest filters provided: 
01:04:43-MAIN-INFO: Running command: /p/hdk/pu_tu/prd/ipqa_xfire/23.01.005.p003/bin/snps_manifest_populate.py -ip arf104b256e1r1w0cbbehcaa4acw -config /nfs/site/disks/ipg_scf_00159/ajavidi_ship/SHIP_23ww17d4/arf104b256e1r1w0cbbehcaa4acw_work/ship/ip/arf104b256e1r1w0cbbehcaa4acw/zsc11_scc280023_28Apr2023_005756/crossfire/crossfire/arf104b256e1r1w0cbbehcaa4acw.uv1.2023_04_28_010432.32739/presetup/locations_snps_p0.cfg -manifest /nfs/site/disks/ipg_scf_00159/ajavidi_ship/SHIP_23ww17d4/arf104b256e1r1w0cbbehcaa4acw_work/ship/ip/arf104b256e1r1w0cbbehcaa4acw/zsc11_scc280023_28Apr2023_005756/staging/manifest.xml -collateral_dir "" -manifest_filter "" -dest /nfs/site/disks/ipg_scf_00159/ajavidi_ship/SHIP_23ww17d4/arf104b256e1r1w0cbbehcaa4acw_work/ship/ip/arf104b256e1r1w0cbbehcaa4acw/zsc11_scc280023_28Apr2023_005756/crossfire/crossfire/arf104b256e1r1w0cbbehcaa4acw.uv1.2023_04_28_010432.32739/data
01:04:43-MAIN-INFO: ----------------------------------------------------------------
01:04:43-MAIN-INFO: Gather previous tag data files
01:04:43-MAIN-INFO: Location_cfg: /nfs/site/disks/ipg_scf_00159/ajavidi_ship/SHIP_23ww17d4/arf104b256e1r1w0cbbehcaa4acw_work/ship/ip/arf104b256e1r1w0cbbehcaa4acw/zsc11_scc280023_28Apr2023_005756/crossfire/crossfire/arf104b256e1r1w0cbbehcaa4acw.uv1.2023_04_28_010432.32739/presetup/locations_snps_p1.cfg
01:04:43-MAIN-INFO: Manifests provided: /nfs/site/disks/ipi7.arc.proj_archive/arc/arf104b256e1r1w0cbbehcaa4acw/ip_handoff/I7E240O4A0UV1RTL1IFC1V1/be/manifest.xml
01:04:43-MAIN-INFO: Manifest filters provided: 
01:04:43-MAIN-INFO: Running command: /p/hdk/pu_tu/prd/ipqa_xfire/23.01.005.p003/bin/snps_manifest_populate.py -ip arf104b256e1r1w0cbbehcaa4acw -config /nfs/site/disks/ipg_scf_00159/ajavidi_ship/SHIP_23ww17d4/arf104b256e1r1w0cbbehcaa4acw_work/ship/ip/arf104b256e1r1w0cbbehcaa4acw/zsc11_scc280023_28Apr2023_005756/crossfire/crossfire/arf104b256e1r1w0cbbehcaa4acw.uv1.2023_04_28_010432.32739/presetup/locations_snps_p1.cfg -manifest /nfs/site/disks/ipi7.arc.proj_archive/arc/arf104b256e1r1w0cbbehcaa4acw/ip_handoff/I7E240O4A0UV1RTL1IFC1V1/be/manifest.xml -collateral_dir "/nfs/site/disks/ipi7.arc.proj_archive/arc/arf104b256e1r1w0cbbehcaa4acw/ip_handoff/I7E240O4A0UV1RTL1IFC1V1/be" -manifest_filter "" -dest /nfs/site/disks/ipg_scf_00159/ajavidi_ship/SHIP_23ww17d4/arf104b256e1r1w0cbbehcaa4acw_work/ship/ip/arf104b256e1r1w0cbbehcaa4acw/zsc11_scc280023_28Apr2023_005756/crossfire/crossfire/arf104b256e1r1w0cbbehcaa4acw.uv1.2023_04_28_010432.32739/data
01:04:44-MAIN-INFO: Location_cfg: /nfs/site/disks/ipg_scf_00159/ajavidi_ship/SHIP_23ww17d4/arf104b256e1r1w0cbbehcaa4acw_work/ship/ip/arf104b256e1r1w0cbbehcaa4acw/zsc11_scc280023_28Apr2023_005756/crossfire/crossfire/arf104b256e1r1w0cbbehcaa4acw.uv1.2023_04_28_010432.32739/presetup/locations_snps_p1.cfg
01:04:44-MAIN-INFO: Manifests provided: /nfs/site/disks/ipi7.arc.proj_archive/arc/arf104b256e1r1w0cbbehcaa4acw/ip_handoff/I7E240O4A0UV1RTL1IFC1V1/fe/manifest.xml
01:04:44-MAIN-INFO: Manifest filters provided: 
01:04:44-MAIN-INFO: Running command: /p/hdk/pu_tu/prd/ipqa_xfire/23.01.005.p003/bin/snps_manifest_populate.py -ip arf104b256e1r1w0cbbehcaa4acw -config /nfs/site/disks/ipg_scf_00159/ajavidi_ship/SHIP_23ww17d4/arf104b256e1r1w0cbbehcaa4acw_work/ship/ip/arf104b256e1r1w0cbbehcaa4acw/zsc11_scc280023_28Apr2023_005756/crossfire/crossfire/arf104b256e1r1w0cbbehcaa4acw.uv1.2023_04_28_010432.32739/presetup/locations_snps_p1.cfg -manifest /nfs/site/disks/ipi7.arc.proj_archive/arc/arf104b256e1r1w0cbbehcaa4acw/ip_handoff/I7E240O4A0UV1RTL1IFC1V1/fe/manifest.xml -collateral_dir "/nfs/site/disks/ipi7.arc.proj_archive/arc/arf104b256e1r1w0cbbehcaa4acw/ip_handoff/I7E240O4A0UV1RTL1IFC1V1/fe" -manifest_filter "" -dest /nfs/site/disks/ipg_scf_00159/ajavidi_ship/SHIP_23ww17d4/arf104b256e1r1w0cbbehcaa4acw_work/ship/ip/arf104b256e1r1w0cbbehcaa4acw/zsc11_scc280023_28Apr2023_005756/crossfire/crossfire/arf104b256e1r1w0cbbehcaa4acw.uv1.2023_04_28_010432.32739/data
01:04:44-KVP-INFO: Processing KVP file: /nfs/site/disks/ipg_scf_00159/ajavidi_ship/SHIP_23ww17d4/arf104b256e1r1w0cbbehcaa4acw_work/ship/ip/arf104b256e1r1w0cbbehcaa4acw/zsc11_scc280023_28Apr2023_005756/crossfire/crossfire/arf104b256e1r1w0cbbehcaa4acw.uv1.2023_04_28_010432.32739/presetup/kvp_p1.cfg
01:04:48-MAIN-INFO: Gathering collateral files ...
01:04:48-MAIN-INFO: ----------------------------------------------------------------
01:04:48-MAIN-INFO: Main data populate from snps manifest
01:04:48-MAIN-INFO: Location_cfg: /nfs/site/disks/ipg_scf_00159/ajavidi_ship/SHIP_23ww17d4/arf104b256e1r1w0cbbehcaa4acw_work/ship/ip/arf104b256e1r1w0cbbehcaa4acw/zsc11_scc280023_28Apr2023_005756/crossfire/crossfire/arf104b256e1r1w0cbbehcaa4acw.uv1.2023_04_28_010432.32739/presetup/locations_snps.cfg
01:04:48-MAIN-INFO: Manifests provided: /nfs/site/disks/ipg_scf_00159/ajavidi_ship/SHIP_23ww17d4/arf104b256e1r1w0cbbehcaa4acw_work/ship/ip/arf104b256e1r1w0cbbehcaa4acw/zsc11_scc280023_28Apr2023_005756/staging/manifest.xml
01:04:48-MAIN-INFO: Manifest filters provided: 
01:04:48-MAIN-INFO: Running command: /p/hdk/pu_tu/prd/ipqa_xfire/23.01.005.p003/bin/snps_manifest_populate.py -ip arf104b256e1r1w0cbbehcaa4acw -config /nfs/site/disks/ipg_scf_00159/ajavidi_ship/SHIP_23ww17d4/arf104b256e1r1w0cbbehcaa4acw_work/ship/ip/arf104b256e1r1w0cbbehcaa4acw/zsc11_scc280023_28Apr2023_005756/crossfire/crossfire/arf104b256e1r1w0cbbehcaa4acw.uv1.2023_04_28_010432.32739/presetup/locations_snps.cfg -manifest /nfs/site/disks/ipg_scf_00159/ajavidi_ship/SHIP_23ww17d4/arf104b256e1r1w0cbbehcaa4acw_work/ship/ip/arf104b256e1r1w0cbbehcaa4acw/zsc11_scc280023_28Apr2023_005756/staging/manifest.xml -collateral_dir "" -manifest_filter "" -dest /nfs/site/disks/ipg_scf_00159/ajavidi_ship/SHIP_23ww17d4/arf104b256e1r1w0cbbehcaa4acw_work/ship/ip/arf104b256e1r1w0cbbehcaa4acw/zsc11_scc280023_28Apr2023_005756/crossfire/crossfire/arf104b256e1r1w0cbbehcaa4acw.uv1.2023_04_28_010432.32739/data
01:04:49-MAIN-INFO: Location compile log file: /nfs/site/disks/ipg_scf_00159/ajavidi_ship/SHIP_23ww17d4/arf104b256e1r1w0cbbehcaa4acw_work/ship/ip/arf104b256e1r1w0cbbehcaa4acw/zsc11_scc280023_28Apr2023_005756/crossfire/crossfire/arf104b256e1r1w0cbbehcaa4acw.uv1.2023_04_28_010432.32739/location.log
01:04:49-MAIN-INFO: Reading loc_file: /nfs/site/disks/ipg_scf_00159/ajavidi_ship/SHIP_23ww17d4/arf104b256e1r1w0cbbehcaa4acw_work/ship/ip/arf104b256e1r1w0cbbehcaa4acw/zsc11_scc280023_28Apr2023_005756/crossfire/crossfire/arf104b256e1r1w0cbbehcaa4acw.uv1.2023_04_28_010432.32739/presetup/locations_shiplog.cfg
01:04:49-KVP-INFO: Processing KVP file: /nfs/site/disks/ipg_scf_00159/ajavidi_ship/SHIP_23ww17d4/arf104b256e1r1w0cbbehcaa4acw_work/ship/ip/arf104b256e1r1w0cbbehcaa4acw/zsc11_scc280023_28Apr2023_005756/crossfire/crossfire/arf104b256e1r1w0cbbehcaa4acw.uv1.2023_04_28_010432.32739/presetup/kvp.cfg
01:05:16-MAIN-INFO: Compiling config ...
01:05:16-MAIN-INFO: Found value for XFIRE_PDK_LAYER_MAP: tf_layermap
01:05:16-MAIN-INFO: Opening file for append: /nfs/site/disks/ipg_scf_00159/ajavidi_ship/SHIP_23ww17d4/arf104b256e1r1w0cbbehcaa4acw_work/ship/ip/arf104b256e1r1w0cbbehcaa4acw/zsc11_scc280023_28Apr2023_005756/crossfire/crossfire/arf104b256e1r1w0cbbehcaa4acw.uv1.2023_04_28_010432.32739/crossfire.compile.log
01:05:29-MAIN-INFO: Active checks: 1103 15105 15106 15112 15118 15122 15133 15206 15211 15214 15217 15301 15302 15304 15305 15306 15308 15315 15321 15322 16002 16015 16024 16026 16029 16040 16041 16042 16043 16044 16046 16048 16107 16108 16109 16200 16206 16215 16217 16225 16227 16350 16510 16704 16712 21 31 32 61 7309 7410 7503 7505 7510 7605 7607 7708 7709 7710
01:05:47-MAIN-INFO: Generated merged CFS file: /nfs/site/disks/ipg_scf_00159/ajavidi_ship/SHIP_23ww17d4/arf104b256e1r1w0cbbehcaa4acw_work/ship/ip/arf104b256e1r1w0cbbehcaa4acw/zsc11_scc280023_28Apr2023_005756/crossfire/crossfire/arf104b256e1r1w0cbbehcaa4acw.uv1.2023_04_28_010432.32739/setup.cfs
01:07:21-MAIN-INFO: Copying /nfs/site/disks/ipg_scf_00159/ajavidi_ship/SHIP_23ww17d4/arf104b256e1r1w0cbbehcaa4acw_work/ship/ip/arf104b256e1r1w0cbbehcaa4acw/zsc11_scc280023_28Apr2023_005756/crossfire/crossfire/arf104b256e1r1w0cbbehcaa4acw.uv1.2023_04_28_010432.32739/presetup/false_messages.filter to /nfs/site/disks/ipg_scf_00159/ajavidi_ship/SHIP_23ww17d4/arf104b256e1r1w0cbbehcaa4acw_work/ship/ip/arf104b256e1r1w0cbbehcaa4acw/zsc11_scc280023_28Apr2023_005756/crossfire/crossfire/arf104b256e1r1w0cbbehcaa4acw.uv1.2023_04_28_010432.32739/data/internal_waivers.filter
01:07:21-MAIN-INFO: Applying internal waivers
01:07:28-MAIN-INFO: Running command: /p/hdk/pu_tu/prd/ipqa_xfire/23.01.005.p003/bin/parallelization.py -c waives.cfg -o /nfs/site/disks/ipg_scf_00159/ajavidi_ship/SHIP_23ww17d4/arf104b256e1r1w0cbbehcaa4acw_work/ship/ip/arf104b256e1r1w0cbbehcaa4acw/zsc11_scc280023_28Apr2023_005756/crossfire/crossfire/arf104b256e1r1w0cbbehcaa4acw.uv1.2023_04_28_010432.32739/split_checks > /nfs/site/disks/ipg_scf_00159/ajavidi_ship/SHIP_23ww17d4/arf104b256e1r1w0cbbehcaa4acw_work/ship/ip/arf104b256e1r1w0cbbehcaa4acw/zsc11_scc280023_28Apr2023_005756/crossfire/crossfire/arf104b256e1r1w0cbbehcaa4acw.uv1.2023_04_28_010432.32739/crossfire.run.log.parallelization
01:07:28-MAIN-INFO: To see status of local checks, look at /nfs/site/disks/ipg_scf_00159/ajavidi_ship/SHIP_23ww17d4/arf104b256e1r1w0cbbehcaa4acw_work/ship/ip/arf104b256e1r1w0cbbehcaa4acw/zsc11_scc280023_28Apr2023_005756/crossfire/crossfire/arf104b256e1r1w0cbbehcaa4acw.uv1.2023_04_28_010432.32739/crossfire.run.log.parallelization
01:07:28-MAIN-INFO: To see status of netbatch checks, look at /nfs/site/disks/ipg_scf_00159/ajavidi_ship/SHIP_23ww17d4/arf104b256e1r1w0cbbehcaa4acw_work/ship/ip/arf104b256e1r1w0cbbehcaa4acw/zsc11_scc280023_28Apr2023_005756/crossfire/crossfire/arf104b256e1r1w0cbbehcaa4acw.uv1.2023_04_28_010432.32739/crossfire.run.log.nblog
01:07:28-MAIN-INFO:   Note: it may take a minute or so before the file starts to be populated
01:17:52-MAIN-INFO: Wrote file: /nfs/site/disks/ipg_scf_00159/ajavidi_ship/SHIP_23ww17d4/arf104b256e1r1w0cbbehcaa4acw_work/ship/ip/arf104b256e1r1w0cbbehcaa4acw/zsc11_scc280023_28Apr2023_005756/crossfire/crossfire/arf104b256e1r1w0cbbehcaa4acw.uv1.2023_04_28_010432.32739/crossfire.run.log.report
01:17:53-MAIN-INFO: Wrote /nfs/site/disks/ipg_scf_00159/ajavidi_ship/SHIP_23ww17d4/arf104b256e1r1w0cbbehcaa4acw_work/ship/ip/arf104b256e1r1w0cbbehcaa4acw/zsc11_scc280023_28Apr2023_005756/crossfire/crossfire/arf104b256e1r1w0cbbehcaa4acw.uv1.2023_04_28_010432.32739/crossfire.run.log
01:17:53-MAIN-INFO: Writing review files ...
01:17:53-MAIN-INFO: Running review command: /p/hdk/pu_tu/prd/ipqa_xfire/23.01.005.p003/bin/write_review.py --mode ship --checks_run /nfs/site/disks/ipg_scf_00159/ajavidi_ship/SHIP_23ww17d4/arf104b256e1r1w0cbbehcaa4acw_work/ship/ip/arf104b256e1r1w0cbbehcaa4acw/zsc11_scc280023_28Apr2023_005756/crossfire/crossfire/arf104b256e1r1w0cbbehcaa4acw.uv1.2023_04_28_010432.32739/crossfire.checks_run --dynamic_log /nfs/site/disks/ipg_scf_00159/ajavidi_ship/SHIP_23ww17d4/arf104b256e1r1w0cbbehcaa4acw_work/ship/ip/arf104b256e1r1w0cbbehcaa4acw/zsc11_scc280023_28Apr2023_005756/crossfire/crossfire/arf104b256e1r1w0cbbehcaa4acw.uv1.2023_04_28_010432.32739/crossfire.dynamic.rules --waived_log /nfs/site/disks/ipg_scf_00159/ajavidi_ship/SHIP_23ww17d4/arf104b256e1r1w0cbbehcaa4acw_work/ship/ip/arf104b256e1r1w0cbbehcaa4acw/zsc11_scc280023_28Apr2023_005756/crossfire/crossfire/arf104b256e1r1w0cbbehcaa4acw.uv1.2023_04_28_010432.32739/crossfire.run.log --output_log /nfs/site/disks/ipg_scf_00159/ajavidi_ship/SHIP_23ww17d4/arf104b256e1r1w0cbbehcaa4acw_work/ship/ip/arf104b256e1r1w0cbbehcaa4acw/zsc11_scc280023_28Apr2023_005756/crossfire/collateral/ebb/checks/arf104b256e1r1w0cbbehcaa4acw.crossfire.log --config /nfs/site/disks/ipg_scf_00159/ajavidi_ship/SHIP_23ww17d4/arf104b256e1r1w0cbbehcaa4acw_work/ship/ip/arf104b256e1r1w0cbbehcaa4acw/zsc11_scc280023_28Apr2023_005756/crossfire/crossfire/arf104b256e1r1w0cbbehcaa4acw.uv1.2023_04_28_010432.32739/presetup/review.cfg --drift 31,32,61,7303,7306,16910/nfs/site/disks/ipg_scf_00159/ajavidi_ship/SHIP_23ww17d4/arf104b256e1r1w0cbbehcaa4acw_work/ship/ip/arf104b256e1r1w0cbbehcaa4acw/zsc11_scc280023_28Apr2023_005756/crossfire/collateral/ebb/checks/arf104b256e1r1w0cbbehcaa4acw.crossfire.manifest --append_manifest 1 --checklist default,31,32,7303,7306 --checklist timing,31,32,15118,16002,7605,16026,16108,16712,16107,16215,7607,7708,7709,7710,7410,7503,16510,16704 --checklist horizontal,61,16227,16217,7505,15106,21,7309,15105,15112,16024,16029,16044,16048,16109,16040,16041,16042,16043,16046,16206,16225,16350,1103,7510,15122,15133,15211,16015,16200 --checklist driftchecks,16910 --checklist lef,15217,15301,15302,15308,15315,15206,15214,15304,15322,15305,15306,15321
01:17:54-MAIN-INFO: fail:rule_number,rule_name,duration,waive,setup_warning,warning,error,fatal
01:17:54-MAIN-INFO: pass:0,parsing: Rule 0,537.291,0,0,1,0,0
01:17:54-MAIN-INFO: pass:1103,Check if the correct related power pins are used in a liberty file: Rule 1103,18.765,0,0,0,0,0
01:17:54-MAIN-INFO: pass:15105,Naming convention check for buses: Rule 15105,11.389,0,1,0,0,0
01:17:54-MAIN-INFO: pass:15106,Check for the presence of a file: Rule 15106,5.456,0,0,0,0,0
01:17:54-MAIN-INFO: pass:15112:Lef_pin_direction_check,Pin direction check: Rule 15112,5.341,0,0,0,0,0
01:17:54-MAIN-INFO: pass:15112:PinDirectionCheck,Pin direction check: Rule 15112,10.843,0,0,0,0,0
01:17:54-MAIN-INFO: pass:15118,Check power and ground pin names: Rule 15118,10.748,0,0,0,0,0
01:17:54-MAIN-INFO: pass:15122,Liberty vs UPF: Rule 15122,15.587,0,0,0,0,0
01:17:54-MAIN-INFO: pass:15133,Analog bidirectional pins check: Rule 15133,10.785,0,0,0,0,0
01:17:54-MAIN-INFO: pass:15206,Layer presence check: Rule 15206,5.893,0,0,0,0,0
01:17:54-MAIN-INFO: pass:15211,Pin location check: Rule 15211,12.491,0,0,0,0,0
01:17:54-MAIN-INFO: pass:15214,Polygon covered by BOUNDARY check: Rule 15214,5.591,0,0,0,0,0
01:17:54-MAIN-INFO: pass:15217,Pin width and length check: Rule 15217,5.418,0,0,0,0,0
01:17:54-MAIN-INFO: pass:15301,LEF CLASS check: Rule 15301,5.443,0,0,0,0,0
01:17:54-MAIN-INFO: pass:15302,LEF ORIGIN and SIZE check: Rule 15302,5.590,0,0,0,0,0
01:17:54-MAIN-INFO: pass:15304,LEF MACRO check: Rule 15304,5.351,0,0,0,0,0
01:17:54-MAIN-INFO: pass:15305,LEF HEADER check: Rule 15305,5.220,0,0,0,0,0
01:17:54-MAIN-INFO: pass:15306,LEF SYMMETRY check: Rule 15306,5.360,1,0,0,0,0
01:17:54-MAIN-INFO: pass:15308,LEF double PINS and rectangles check: Rule 15308,5.964,0,0,0,0,0
01:17:54-MAIN-INFO: pass:15315,LEF presence of sheet and detailed OBS layers check: Rule 15315,5.427,0,1,0,0,0
01:17:54-MAIN-INFO: pass:16002,compiles-lib-in-current-environment: Rule 16002,241.675,0,0,0,0,0
01:17:54-MAIN-INFO: pass:16015,Check-for-PIN-types-defined-in-attribute.xml: Rule 16015,5.681,0,0,0,0,0
01:17:54-MAIN-INFO: pass:16024,Check-for-ip2sd-error-messages: Rule 16024,5.517,0,0,6,0,0
01:17:54-MAIN-INFO: pass:16026,NDM-load-ability-check: Rule 16026,42.513,0,0,0,0,0
01:17:54-MAIN-INFO: pass:16029,Reports-UPF-sourcing-errors: Rule 16029,5.333,0,0,0,0,0
01:17:54-MAIN-INFO: pass:16048,Checks-attribute-value-in-attribute.XML: Rule 16048,5.508,0,0,1,0,0
01:17:54-MAIN-INFO: pass:16107,Liberty-file-naming-rule-check.: Rule 16107,11.237,0,0,0,0,0
01:17:54-MAIN-INFO: pass:16108,Analog-attribute-consistency-check: Rule 16108,5.061,0,0,1,0,0
01:17:54-MAIN-INFO: fail:16109,PSC-CSV-check: Rule 16109,10.817,0,0,0,9,0
01:17:54-MAIN-INFO: pass:16206,Hipspec-Compliance-check: Rule 16206,4.994,0,0,0,0,0
01:17:54-MAIN-INFO: pass:16215,Checks-that-pins-matching-the-bus-naming-convention-is-defined-within-buses: Rule 16215,10.516,0,0,0,0,0
01:17:54-MAIN-INFO: pass:16217,Flags-pins-that-have-illegal-related_pin-on-timing-arcs: Rule 16217,11.391,0,0,0,0,0
01:17:54-MAIN-INFO: pass:16225,Flags-errors-thrown-by-ship---swizzle-stage: Rule 16225,5.609,0,0,2,0,0
01:17:54-MAIN-INFO: pass:16227,Check-for-custom-cfs: Rule 16227,5.050,0,0,0,0,0
01:17:54-MAIN-INFO: pass:16350,Flags-absolute-links-within-a-directory: Rule 16350,5.058,0,0,0,0,0
01:17:54-MAIN-INFO: fail:16510,Generic-attribute-conditions-check: Rule 16510,16.247,0,1,0,8,0
01:17:54-MAIN-INFO: fail:16704,Runs-OCV-presence-checks: Rule 16704,12.220,0,0,0,11168,0
01:17:54-MAIN-INFO: pass:16712,Flags-duplicate-pvts: Rule 16712,10.642,0,0,0,0,0
01:17:54-MAIN-INFO: pass:21,cell presence contents check: Rule 21,16.209,0,0,0,0,0
01:17:54-MAIN-INFO: pass:"31,32","pin quantity check: Rule 31,32",17.547,0,0,0,0,0
01:17:54-MAIN-INFO: pass:7309,Check pin properties across liberty files: Rule 7309,12.955,0,0,0,0,0
01:17:54-MAIN-INFO: pass:7410,Ensure arcs present for given related_pins: Rule 7410,13.269,0,0,0,0,0
01:17:54-MAIN-INFO: pass:7503,Check for double defined voltage_map: Rule 7503,11.585,0,0,0,0,0
01:17:54-MAIN-INFO: pass:7505,Intra-Liberty Related PG Pin Check: Rule 7505,11.367,0,0,0,0,0
01:17:54-MAIN-INFO: pass:7510,Generic attribute conditions check: Rule 7510,11.792,0,0,0,0,0
01:17:54-MAIN-INFO: pass:7601,Cross-check presence of all tables in NLDM files: Rule 7601,15.203,0,0,0,0,0
01:17:54-MAIN-INFO: pass:7605:OptUserParameters,Check user defined parameters and values in liberty file: Rule 7605,10.443,0,0,0,0,0
01:17:54-MAIN-INFO: pass:7605:UserParameters,Check user defined parameters and values in liberty file: Rule 7605,10.429,0,0,0,0,0
01:17:54-MAIN-INFO: pass:7607,Check the presence of arcs on pins: Rule 7607,11.770,0,0,0,0,0
01:17:54-MAIN-INFO: SUCCESSFUL DIRTY RUN (4 rules failed)
01:17:54-MAIN-INFO: Elapsed time: 0:13:22.154147  (hr:min:sec)
01:17:54-MAIN-INFO: Crossfire Run Completed.
01:17:54-MAIN-INFO: Wrote file: /nfs/site/disks/ipg_scf_00159/ajavidi_ship/SHIP_23ww17d4/arf104b256e1r1w0cbbehcaa4acw_work/ship/ip/arf104b256e1r1w0cbbehcaa4acw/zsc11_scc280023_28Apr2023_005756/crossfire/crossfire/arf104b256e1r1w0cbbehcaa4acw.uv1.2023_04_28_010432.32739/crossfire_metrics.json
