# /nfs/site/disks/crt_tools_055/ip2sd/23.02.001/bin/stageBin/ip2sd_updatecfg.pl
Starting ip2sd_updatecfg
Using ip2sdCfg file ip2sdCfg_25668.pm
$VAR1 = {
          'track_pattern' => undef,
          'phys_only' => 'no',
          'flows_required' => 'dfi',
          'heml' => '7',
          'lcml' => undef
        };
-W- Invalid return value from ipattribute query for lcml: 
    Using default of 3
-W- Using default milestone of P10 since niether env var is set
-W- Invalid return value from IpAttribute.pm info query for phys_only: no
    Using default of "" (which means no)
Final value going to ip cfg file:
Heml: 7
Lcml: 3
Milestone: P10
Phys_only: 
Flows Required: dfi
Additional Options: 
-I- Writing IP config file: /nfs/site/disks/ipg_scf_00159/ajavidi_ship/SHIP_23ww17d4/arf132b128e1r1w0cbbehbaa4acw_work/ship/ip/arf132b128e1r1w0cbbehbaa4acw/zsc11_scca35108_28Apr2023_015201/ip2sd/collateral/ebb/cfg/arf132b128e1r1w0cbbehbaa4acw.cfg
Finished running ip2sd_updatecfg
