+-----------------------------------------------------------------------------+
| Executed on    : sccd471904          Feeder : arf124b192e1r1w0cbbehcaa4acw_22148_zsc11_sccd471904|
| Starting time  : Wed May 03  5:44:43 2023                                   |
| Command        : /nfs/site/disks/ipg_scf_00159/ajavidi_ship/SHIP_23ww18d3/arf124b192e1r1w0cbbehcaa4acw_work/ship/ip/arf124b192e1r1w0cbbehcaa4acw/zsc11_sccd471904_3May2023_172645/.metadata/scripts/staging.traceability.staging-traceability.run.csh|
+-----------------------------------------------------------------------------+
/p/hdk/pu_tu/prd/ship/23.02.001/bin/ship_sa.pl -block arf124b192e1r1w0cbbehcaa4acw -src staging -dest traceability -action run -meta_dir /nfs/site/disks/ipg_scf_00159/ajavidi_ship/SHIP_23ww18d3/arf124b192e1r1w0cbbehcaa4acw_work/ship/ip/arf124b192e1r1w0cbbehcaa4acw/zsc11_sccd471904_3May2023_172645/.metadata -task staging-traceability -meta_prefix ship.default
-I- Loaded /nfs/site/disks/ipg_scf_00159/ajavidi_ship/SHIP_23ww18d3/arf124b192e1r1w0cbbehcaa4acw_work/ship/ip/arf124b192e1r1w0cbbehcaa4acw/zsc11_sccd471904_3May2023_172645/.metadata/ip_arf124b192e1r1w0cbbehcaa4acw.yml
-I- Loaded /nfs/site/disks/ipg_scf_00159/ajavidi_ship/SHIP_23ww18d3/arf124b192e1r1w0cbbehcaa4acw_work/ship/ip/arf124b192e1r1w0cbbehcaa4acw/zsc11_sccd471904_3May2023_172645/.metadata/stage_staging_arf124b192e1r1w0cbbehcaa4acw.yml
-I- Loaded /nfs/site/disks/ipg_scf_00159/ajavidi_ship/SHIP_23ww18d3/arf124b192e1r1w0cbbehcaa4acw_work/ship/ip/arf124b192e1r1w0cbbehcaa4acw/zsc11_sccd471904_3May2023_172645/.metadata/stage_traceability_arf124b192e1r1w0cbbehcaa4acw.yml
-I- Writing summary file to /nfs/site/disks/ipg_scf_00159/ajavidi_ship/SHIP_23ww18d3/arf124b192e1r1w0cbbehcaa4acw_work/ship/ip/arf124b192e1r1w0cbbehcaa4acw/zsc11_sccd471904_3May2023_172645/.metadata/ship.default.traceability.run.sum
-I- Loaded /nfs/site/disks/ipg_scf_00159/ajavidi_ship/SHIP_23ww18d3/arf124b192e1r1w0cbbehcaa4acw_work/ship/ip/arf124b192e1r1w0cbbehcaa4acw/zsc11_sccd471904_3May2023_172645/.metadata/stage_staging_arf124b192e1r1w0cbbehcaa4acw.yml
-I- Project library is: not applicable to ARC projects
-I- -fqn switch is: ipghrf_7nm.CMO_SPRF_DMRA0_EV1_UPDATE@.MAINLINE
-I- meta file fqn: ipghrf_7nm.CMO_SPRF_DMRA0_EV1_UPDATE@.MAINLINE
-I- Executing command: ipx ip lineage -ip ipghrf_7nm.CMO_SPRF_DMRA0_EV1_UPDATE@.MAINLINE -logfile none -format flatjson
INFO: IPX completed successfully
-I- Shipped IP will be traced back to this lineage:
-I- ipghrf_7nm.CMO_SPRF_DMRA0_EV1_UPDATE@318.MAINLINE
-I- Writing summary file to /nfs/site/disks/ipg_scf_00159/ajavidi_ship/SHIP_23ww18d3/arf124b192e1r1w0cbbehcaa4acw_work/ship/ip/arf124b192e1r1w0cbbehcaa4acw/zsc11_sccd471904_3May2023_172645/.metadata/ship.default.traceability.run.sum
+-----------------------------------------------------------------------------+
| Exit Status    : 0                                                          |
| Finishing time : Wed May 03  5:44:47 2023                                   |
+-----------------------------------------------------------------------------+
