+-----------------------------------------------------------------------------+
| Executed on    : scfb483104          Feeder : arf070b144e1r1w0cbbeheaa4acw_6448_zsc11_scfb483104|
| Starting time  : Thu Apr 27 11:20:12 2023                                   |
| Command        : /nfs/site/disks/ipg_scf_00159/ajavidi_ship/SHIP_23ww17d4/arf070b144e1r1w0cbbeheaa4acw_work/ship/ip/arf070b144e1r1w0cbbeheaa4acw/zsc11_scfb483104_27Apr2023_230137/.metadata/scripts/checks.review.checks-review.run.csh|
+-----------------------------------------------------------------------------+
/p/hdk/pu_tu/prd/ship/23.02.001/bin/ship_sa.pl -block arf070b144e1r1w0cbbeheaa4acw -src checks -dest review -action run -meta_dir /nfs/site/disks/ipg_scf_00159/ajavidi_ship/SHIP_23ww17d4/arf070b144e1r1w0cbbeheaa4acw_work/ship/ip/arf070b144e1r1w0cbbeheaa4acw/zsc11_scfb483104_27Apr2023_230137/.metadata -task checks-review -meta_prefix ship.default
-I- Loaded /nfs/site/disks/ipg_scf_00159/ajavidi_ship/SHIP_23ww17d4/arf070b144e1r1w0cbbeheaa4acw_work/ship/ip/arf070b144e1r1w0cbbeheaa4acw/zsc11_scfb483104_27Apr2023_230137/.metadata/ip_arf070b144e1r1w0cbbeheaa4acw.yml
-I- Loaded /nfs/site/disks/ipg_scf_00159/ajavidi_ship/SHIP_23ww17d4/arf070b144e1r1w0cbbeheaa4acw_work/ship/ip/arf070b144e1r1w0cbbeheaa4acw/zsc11_scfb483104_27Apr2023_230137/.metadata/stage_checks_arf070b144e1r1w0cbbeheaa4acw.yml
-I- Loaded /nfs/site/disks/ipg_scf_00159/ajavidi_ship/SHIP_23ww17d4/arf070b144e1r1w0cbbeheaa4acw_work/ship/ip/arf070b144e1r1w0cbbeheaa4acw/zsc11_scfb483104_27Apr2023_230137/.metadata/stage_review_arf070b144e1r1w0cbbeheaa4acw.yml
-I- Writing summary file to /nfs/site/disks/ipg_scf_00159/ajavidi_ship/SHIP_23ww17d4/arf070b144e1r1w0cbbeheaa4acw_work/ship/ip/arf070b144e1r1w0cbbeheaa4acw/zsc11_scfb483104_27Apr2023_230137/.metadata/ship.default.review.run.sum
-I- Loaded /nfs/site/disks/ipg_scf_00159/ajavidi_ship/SHIP_23ww17d4/arf070b144e1r1w0cbbeheaa4acw_work/ship/ip/arf070b144e1r1w0cbbeheaa4acw/zsc11_scfb483104_27Apr2023_230137/.metadata/stage_staging_arf070b144e1r1w0cbbeheaa4acw.yml
-I- Executing command: mkdir -p /nfs/site/disks/ipg_scf_00159/ajavidi_ship/SHIP_23ww17d4/arf070b144e1r1w0cbbeheaa4acw_work/ship/ip/arf070b144e1r1w0cbbeheaa4acw/zsc11_scfb483104_27Apr2023_230137/staging/review
-I- Loaded /nfs/site/disks/ipg_scf_00159/ajavidi_ship/SHIP_23ww17d4/arf070b144e1r1w0cbbeheaa4acw_work/ship/ip/arf070b144e1r1w0cbbeheaa4acw/zsc11_scfb483104_27Apr2023_230137/.metadata/stage_crossfire_arf070b144e1r1w0cbbeheaa4acw.yml
-I- Loaded /nfs/site/disks/ipg_scf_00159/ajavidi_ship/SHIP_23ww17d4/arf070b144e1r1w0cbbeheaa4acw_work/ship/ip/arf070b144e1r1w0cbbeheaa4acw/zsc11_scfb483104_27Apr2023_230137/.metadata/stage_staging_arf070b144e1r1w0cbbeheaa4acw.yml
-I- Pulling crossfire results from /nfs/site/disks/ipg_scf_00159/ajavidi_ship/SHIP_23ww17d4/arf070b144e1r1w0cbbeheaa4acw_work/ship/ip/arf070b144e1r1w0cbbeheaa4acw/zsc11_scfb483104_27Apr2023_230137/crossfire/review
-I- Executing command: cp -rf /nfs/site/disks/ipg_scf_00159/ajavidi_ship/SHIP_23ww17d4/arf070b144e1r1w0cbbeheaa4acw_work/ship/ip/arf070b144e1r1w0cbbeheaa4acw/zsc11_scfb483104_27Apr2023_230137/crossfire/review/*.xml /nfs/site/disks/ipg_scf_00159/ajavidi_ship/SHIP_23ww17d4/arf070b144e1r1w0cbbeheaa4acw_work/ship/ip/arf070b144e1r1w0cbbeheaa4acw/zsc11_scfb483104_27Apr2023_230137/staging/review/
-I- No LV icv review results in /dev/null/icv/waiver_violations_icv
-I- No LV calibre review results in /dev/null/calibre/waiver_violations_calibre
-I- Loaded /nfs/site/disks/ipg_scf_00159/ajavidi_ship/SHIP_23ww17d4/arf070b144e1r1w0cbbeheaa4acw_work/ship/ip/arf070b144e1r1w0cbbeheaa4acw/zsc11_scfb483104_27Apr2023_230137/.metadata/stage_unpacked_arf070b144e1r1w0cbbeheaa4acw.yml
/nfs/site/disks/ipg_scf_00159/ajavidi_ship/SHIP_23ww17d4/arf070b144e1r1w0cbbeheaa4acw_work/ship/ip/arf070b144e1r1w0cbbeheaa4acw/zsc11_scfb483104_27Apr2023_230137/unpacked/arf070b144e1r1w0cbbeheaa4acw.manifest.cfg /nfs/site/disks/ipg_scf_00159/ajavidi_ship/SHIP_23ww17d4/arf070b144e1r1w0cbbeheaa4acw_work/ship/ip/arf070b144e1r1w0cbbeheaa4acw/zsc11_scfb483104_27Apr2023_230137/unpacked/manifest.xml
-I- Resolving directory to /nfs/site/disks/ipg_scf_00159/ajavidi_ship/SHIP_23ww17d4/arf070b144e1r1w0cbbeheaa4acw_work/ship/ip/arf070b144e1r1w0cbbeheaa4acw/zsc11_scfb483104_27Apr2023_230137/unpacked because contents matched stop_on: manifest.xml
-I- Populating waivers to /nfs/site/disks/ipg_scf_00159/ajavidi_ship/SHIP_23ww17d4/arf070b144e1r1w0cbbeheaa4acw_work/ship/ip/arf070b144e1r1w0cbbeheaa4acw/zsc11_scfb483104_27Apr2023_230137/staging
-I- Executing commands in a batch:
cmd: setenv WORKAREA /nfs/site/disks/ipg_scf_00159/ajavidi_ship/SHIP_23ww17d4/arf070b144e1r1w0cbbeheaa4acw_work/ship/ip/arf070b144e1r1w0cbbeheaa4acw/zsc11_scfb483104_27Apr2023_230137/staging
cmd: mkdir -p /nfs/site/disks/ipg_scf_00159/ajavidi_ship/SHIP_23ww17d4/arf070b144e1r1w0cbbeheaa4acw_work/ship/ip/arf070b144e1r1w0cbbeheaa4acw/zsc11_scfb483104_27Apr2023_230137/staging/.cth_setup_files || :
cmd: mkdir -p /nfs/site/disks/ipg_scf_00159/ajavidi_ship/SHIP_23ww17d4/arf070b144e1r1w0cbbeheaa4acw_work/ship/ip/arf070b144e1r1w0cbbeheaa4acw/zsc11_scfb483104_27Apr2023_230137/staging/finale/finale_waivers || :
cmd: cp $CTH_INFRA_CONFIG /nfs/site/disks/ipg_scf_00159/ajavidi_ship/SHIP_23ww17d4/arf070b144e1r1w0cbbeheaa4acw_work/ship/ip/arf070b144e1r1w0cbbeheaa4acw/zsc11_scfb483104_27Apr2023_230137/staging/.cth_setup_files || :
cmd: chdir $WORKAREA
cmd: setenv ward /nfs/site/disks/ipg_scf_00159/ajavidi_ship/SHIP_23ww17d4/arf070b144e1r1w0cbbeheaa4acw_work/ship/ip/arf070b144e1r1w0cbbeheaa4acw/zsc11_scfb483104_27Apr2023_230137/staging
cmd: mkdir -p /nfs/site/disks/ipg_scf_00159/ajavidi_ship/SHIP_23ww17d4/arf070b144e1r1w0cbbeheaa4acw_work/ship/ip/arf070b144e1r1w0cbbeheaa4acw/zsc11_scfb483104_27Apr2023_230137/staging/finale/finale_waivers/
cmd: mkdir -p /nfs/site/disks/ipg_scf_00159/ajavidi_ship/SHIP_23ww17d4/arf070b144e1r1w0cbbeheaa4acw_work/ship/ip/arf070b144e1r1w0cbbeheaa4acw/zsc11_scfb483104_27Apr2023_230137/staging/finale/finale_approvals/
cmd: cth_waiver populate -block arf070b144e1r1w0cbbeheaa4acw
[23:20:16 2023-04-27] [ERROR] Can't execute XML_FILE not defined or path does not exist
[23:20:16 2023-04-27] [ERROR] Please provide a milestone, either via PRODUCT_MILESTONE definition in the config, or with -milestone cmdline switch.
-I- cth_flow: Searching active blocks in 'ip76edmr' container for branch 'main'
-I- cth_flow: Checking p4 ticket expiration
-F- cth_flow: Invalid block 'arf070b144e1r1w0cbbeheaa4acw', please run 'ddm createDesignBlock' command to create it
cmd: finale migrate -block arf070b144e1r1w0cbbeheaa4acw || :
[23:20:18 2023-04-27] [INFO ] Creating waivers  /nfs/site/disks/ipg_scf_00159/ajavidi_ship/SHIP_23ww17d4/arf070b144e1r1w0cbbeheaa4acw_work/ship/ip/arf070b144e1r1w0cbbeheaa4acw/zsc11_scfb483104_27Apr2023_230137/staging/finale/finale_waivers/arf070b144e1r1w0cbbeheaa4acw.waivers file
cmd: cp -rf /nfs/site/disks/ipg_scf_00159/ajavidi_ship/SHIP_23ww17d4/arf070b144e1r1w0cbbeheaa4acw_work/ship/ip/arf070b144e1r1w0cbbeheaa4acw/zsc11_scfb483104_27Apr2023_230137/staging/cth_waiver/arf070b144e1r1w0cbbeheaa4acw*.waivers /nfs/site/disks/ipg_scf_00159/ajavidi_ship/SHIP_23ww17d4/arf070b144e1r1w0cbbeheaa4acw_work/ship/ip/arf070b144e1r1w0cbbeheaa4acw/zsc11_scfb483104_27Apr2023_230137/staging/finale/finale_waivers/
cp: No match.
cmd: finale refresh -block arf070b144e1r1w0cbbeheaa4acw -violations_dir /nfs/site/disks/ipg_scf_00159/ajavidi_ship/SHIP_23ww17d4/arf070b144e1r1w0cbbeheaa4acw_work/ship/ip/arf070b144e1r1w0cbbeheaa4acw/zsc11_scfb483104_27Apr2023_230137/staging/review/ -ship -ip_milestone UV1
[23:20:21 2023-04-27] [INFO ] milestone UV1 and milestone_list ['EV1', 'EV2', 'UV', 'UV1', 'UVopt', 'UV2', 'eFV', 'FV']
[23:20:21 2023-04-27] [INFO ] Running finale refresh
[23:20:21 2023-04-27] [INFO ] Tool name: crossfire_driftchecks, xml file: arf070b144e1r1w0cbbeheaa4acw.crossfire_driftchecks.violations.xml
[23:20:21 2023-04-27] [INFO ] Tool name: crossfire_horizontal, xml file: arf070b144e1r1w0cbbeheaa4acw.crossfire_horizontal.violations.xml
[23:20:21 2023-04-27] [INFO ] Tool name: crossfire_intgd, xml file: arf070b144e1r1w0cbbeheaa4acw.crossfire_intgd.violations.xml
[23:20:21 2023-04-27] [INFO ] Tool name: crossfire_lef, xml file: arf070b144e1r1w0cbbeheaa4acw.crossfire_lef.violations.xml
[23:20:21 2023-04-27] [INFO ] Tool name: crossfire_lv, xml file: arf070b144e1r1w0cbbeheaa4acw.crossfire_lv.violations.xml
[23:20:21 2023-04-27] [INFO ] Tool name: crossfire_power, xml file: arf070b144e1r1w0cbbeheaa4acw.crossfire_power.violations.xml
[23:20:21 2023-04-27] [INFO ] Tool name: crossfire_timing, xml file: arf070b144e1r1w0cbbeheaa4acw.crossfire_timing.violations.xml
[23:20:21 2023-04-27] [INFO ] approval data not found: {}
[23:20:23 2023-04-27] [INFO ] Writing File /nfs/site/disks/ipg_scf_00159/ajavidi_ship/SHIP_23ww17d4/arf070b144e1r1w0cbbeheaa4acw_work/ship/ip/arf070b144e1r1w0cbbeheaa4acw/zsc11_scfb483104_27Apr2023_230137/staging/finale/finale_waivers/arf070b144e1r1w0cbbeheaa4acw.crossfire_driftchecks.finale.summary
[23:20:23 2023-04-27] [INFO ] Processing data and convert into proper structure crossfire_driftchecks
[23:20:23 2023-04-27] [INFO ] Writing File /nfs/site/disks/ipg_scf_00159/ajavidi_ship/SHIP_23ww17d4/arf070b144e1r1w0cbbeheaa4acw_work/ship/ip/arf070b144e1r1w0cbbeheaa4acw/zsc11_scfb483104_27Apr2023_230137/staging/finale/finale_waivers/arf070b144e1r1w0cbbeheaa4acw.crossfire_driftchecks.filt_viol.xml
[23:20:23 2023-04-27] [INFO ] Writing File /nfs/site/disks/ipg_scf_00159/ajavidi_ship/SHIP_23ww17d4/arf070b144e1r1w0cbbeheaa4acw_work/ship/ip/arf070b144e1r1w0cbbeheaa4acw/zsc11_scfb483104_27Apr2023_230137/staging/finale/finale_waivers/arf070b144e1r1w0cbbeheaa4acw.crossfire_horizontal.finale.summary
[23:20:23 2023-04-27] [INFO ] Processing data and convert into proper structure crossfire_horizontal
[23:20:23 2023-04-27] [INFO ] Writing File /nfs/site/disks/ipg_scf_00159/ajavidi_ship/SHIP_23ww17d4/arf070b144e1r1w0cbbeheaa4acw_work/ship/ip/arf070b144e1r1w0cbbeheaa4acw/zsc11_scfb483104_27Apr2023_230137/staging/finale/finale_waivers/arf070b144e1r1w0cbbeheaa4acw.crossfire_horizontal.filt_viol.xml
[23:20:23 2023-04-27] [INFO ] Writing File /nfs/site/disks/ipg_scf_00159/ajavidi_ship/SHIP_23ww17d4/arf070b144e1r1w0cbbeheaa4acw_work/ship/ip/arf070b144e1r1w0cbbeheaa4acw/zsc11_scfb483104_27Apr2023_230137/staging/finale/finale_waivers/arf070b144e1r1w0cbbeheaa4acw.crossfire_intgd.finale.summary
[23:20:23 2023-04-27] [INFO ] Processing data and convert into proper structure crossfire_intgd
[23:20:23 2023-04-27] [INFO ] Writing File /nfs/site/disks/ipg_scf_00159/ajavidi_ship/SHIP_23ww17d4/arf070b144e1r1w0cbbeheaa4acw_work/ship/ip/arf070b144e1r1w0cbbeheaa4acw/zsc11_scfb483104_27Apr2023_230137/staging/finale/finale_waivers/arf070b144e1r1w0cbbeheaa4acw.crossfire_intgd.filt_viol.xml
[23:20:23 2023-04-27] [INFO ] Writing File /nfs/site/disks/ipg_scf_00159/ajavidi_ship/SHIP_23ww17d4/arf070b144e1r1w0cbbeheaa4acw_work/ship/ip/arf070b144e1r1w0cbbeheaa4acw/zsc11_scfb483104_27Apr2023_230137/staging/finale/finale_waivers/arf070b144e1r1w0cbbeheaa4acw.crossfire_lef.finale.summary
[23:20:23 2023-04-27] [INFO ] Processing data and convert into proper structure crossfire_lef
[23:20:23 2023-04-27] [INFO ] Writing File /nfs/site/disks/ipg_scf_00159/ajavidi_ship/SHIP_23ww17d4/arf070b144e1r1w0cbbeheaa4acw_work/ship/ip/arf070b144e1r1w0cbbeheaa4acw/zsc11_scfb483104_27Apr2023_230137/staging/finale/finale_waivers/arf070b144e1r1w0cbbeheaa4acw.crossfire_lef.filt_viol.xml
[23:20:23 2023-04-27] [INFO ] Writing File /nfs/site/disks/ipg_scf_00159/ajavidi_ship/SHIP_23ww17d4/arf070b144e1r1w0cbbeheaa4acw_work/ship/ip/arf070b144e1r1w0cbbeheaa4acw/zsc11_scfb483104_27Apr2023_230137/staging/finale/finale_waivers/arf070b144e1r1w0cbbeheaa4acw.crossfire_lv.finale.summary
[23:20:23 2023-04-27] [INFO ] Processing data and convert into proper structure crossfire_lv
[23:20:23 2023-04-27] [INFO ] Writing File /nfs/site/disks/ipg_scf_00159/ajavidi_ship/SHIP_23ww17d4/arf070b144e1r1w0cbbeheaa4acw_work/ship/ip/arf070b144e1r1w0cbbeheaa4acw/zsc11_scfb483104_27Apr2023_230137/staging/finale/finale_waivers/arf070b144e1r1w0cbbeheaa4acw.crossfire_lv.filt_viol.xml
[23:20:23 2023-04-27] [INFO ] Writing File /nfs/site/disks/ipg_scf_00159/ajavidi_ship/SHIP_23ww17d4/arf070b144e1r1w0cbbeheaa4acw_work/ship/ip/arf070b144e1r1w0cbbeheaa4acw/zsc11_scfb483104_27Apr2023_230137/staging/finale/finale_waivers/arf070b144e1r1w0cbbeheaa4acw.crossfire_power.finale.summary
[23:20:23 2023-04-27] [INFO ] Processing data and convert into proper structure crossfire_power
[23:20:23 2023-04-27] [INFO ] Writing File /nfs/site/disks/ipg_scf_00159/ajavidi_ship/SHIP_23ww17d4/arf070b144e1r1w0cbbeheaa4acw_work/ship/ip/arf070b144e1r1w0cbbeheaa4acw/zsc11_scfb483104_27Apr2023_230137/staging/finale/finale_waivers/arf070b144e1r1w0cbbeheaa4acw.crossfire_power.filt_viol.xml
[23:20:23 2023-04-27] [INFO ] Writing File /nfs/site/disks/ipg_scf_00159/ajavidi_ship/SHIP_23ww17d4/arf070b144e1r1w0cbbeheaa4acw_work/ship/ip/arf070b144e1r1w0cbbeheaa4acw/zsc11_scfb483104_27Apr2023_230137/staging/finale/finale_waivers/arf070b144e1r1w0cbbeheaa4acw.crossfire_timing.finale.summary
[23:20:23 2023-04-27] [INFO ] Processing data and convert into proper structure crossfire_timing
[23:20:23 2023-04-27] [INFO ] Writing File /nfs/site/disks/ipg_scf_00159/ajavidi_ship/SHIP_23ww17d4/arf070b144e1r1w0cbbeheaa4acw_work/ship/ip/arf070b144e1r1w0cbbeheaa4acw/zsc11_scfb483104_27Apr2023_230137/staging/finale/finale_waivers/arf070b144e1r1w0cbbeheaa4acw.crossfire_timing.filt_viol.xml
[23:20:23 2023-04-27] [INFO ] Writing /nfs/site/disks/ipg_scf_00159/ajavidi_ship/SHIP_23ww17d4/arf070b144e1r1w0cbbeheaa4acw_work/ship/ip/arf070b144e1r1w0cbbeheaa4acw/zsc11_scfb483104_27Apr2023_230137/staging/finale/finale_waivers/arf070b144e1r1w0cbbeheaa4acw.finale.close file
[23:20:23 2023-04-27] [INFO ] Writing /nfs/site/disks/ipg_scf_00159/ajavidi_ship/SHIP_23ww17d4/arf070b144e1r1w0cbbeheaa4acw_work/ship/ip/arf070b144e1r1w0cbbeheaa4acw/zsc11_scfb483104_27Apr2023_230137/staging/finale/finale_waivers/arf070b144e1r1w0cbbeheaa4acw.finale.csv file
[23:20:23 2023-04-27] [INFO ] Writing /nfs/site/disks/ipg_scf_00159/ajavidi_ship/SHIP_23ww17d4/arf070b144e1r1w0cbbeheaa4acw_work/ship/ip/arf070b144e1r1w0cbbeheaa4acw/zsc11_scfb483104_27Apr2023_230137/staging/finale/finale_waivers/arf070b144e1r1w0cbbeheaa4acw.indicator_data.json file
[23:20:23 2023-04-27] [INFO ] Writing File /nfs/site/disks/ipg_scf_00159/ajavidi_ship/SHIP_23ww17d4/arf070b144e1r1w0cbbeheaa4acw_work/ship/ip/arf070b144e1r1w0cbbeheaa4acw/zsc11_scfb483104_27Apr2023_230137/staging/finale/finale_waivers/arf070b144e1r1w0cbbeheaa4acw.waivers
[23:20:23 2023-04-27] [INFO ] Writing /nfs/site/disks/ipg_scf_00159/ajavidi_ship/SHIP_23ww17d4/arf070b144e1r1w0cbbeheaa4acw_work/ship/ip/arf070b144e1r1w0cbbeheaa4acw/zsc11_scfb483104_27Apr2023_230137/staging/finale/finale_waivers/arf070b144e1r1w0cbbeheaa4acw.waiver_summary.html file 
cmd: set review_st=$?
cmd: cp -r /nfs/site/disks/ipg_scf_00159/ajavidi_ship/SHIP_23ww17d4/arf070b144e1r1w0cbbeheaa4acw_work/ship/ip/arf070b144e1r1w0cbbeheaa4acw/zsc11_scfb483104_27Apr2023_230137/staging/finale/finale_waivers/* /nfs/site/disks/ipg_scf_00159/ajavidi_ship/SHIP_23ww17d4/arf070b144e1r1w0cbbeheaa4acw_work/ship/ip/arf070b144e1r1w0cbbeheaa4acw/zsc11_scfb483104_27Apr2023_230137/staging/review
cmd: chmod -R +w /nfs/site/disks/ipg_scf_00159/ajavidi_ship/SHIP_23ww17d4/arf070b144e1r1w0cbbeheaa4acw_work/ship/ip/arf070b144e1r1w0cbbeheaa4acw/zsc11_scfb483104_27Apr2023_230137/staging/finale
cmd: rm -rf /nfs/site/disks/ipg_scf_00159/ajavidi_ship/SHIP_23ww17d4/arf070b144e1r1w0cbbeheaa4acw_work/ship/ip/arf070b144e1r1w0cbbeheaa4acw/zsc11_scfb483104_27Apr2023_230137/staging/finale
cmd: bash -c {chmod +w /nfs/site/disks/ipg_scf_00159/ajavidi_ship/SHIP_23ww17d4/arf070b144e1r1w0cbbeheaa4acw_work/ship/ip/arf070b144e1r1w0cbbeheaa4acw/zsc11_scfb483104_27Apr2023_230137/staging/{review,approvals/waiver_approvals}/manifest.xml 2>/dev/null{
cmd: bash -c {rm -f /nfs/site/disks/ipg_scf_00159/ajavidi_ship/SHIP_23ww17d4/arf070b144e1r1w0cbbeheaa4acw_work/ship/ip/arf070b144e1r1w0cbbeheaa4acw/zsc11_scfb483104_27Apr2023_230137/staging/{review,approvals/waiver_approvals}/manifest.xml 2>/dev/null{
cmd: exit $review_st
-I- Batch status: 0
-I- Reading /nfs/site/disks/ipg_scf_00159/ajavidi_ship/SHIP_23ww17d4/arf070b144e1r1w0cbbeheaa4acw_work/ship/ip/arf070b144e1r1w0cbbeheaa4acw/zsc11_scfb483104_27Apr2023_230137/staging/review/arf070b144e1r1w0cbbeheaa4acw.finale.csv
-I- Writing summary file to /nfs/site/disks/ipg_scf_00159/ajavidi_ship/SHIP_23ww17d4/arf070b144e1r1w0cbbeheaa4acw_work/ship/ip/arf070b144e1r1w0cbbeheaa4acw/zsc11_scfb483104_27Apr2023_230137/.metadata/ship.default.review.run.sum
+-----------------------------------------------------------------------------+
| Exit Status    : 0                                                          |
| Finishing time : Thu Apr 27 11:20:24 2023                                   |
+-----------------------------------------------------------------------------+
