+-----------------------------------------------------------------------------+
| Executed on    : scfb483104          Feeder : arf070b144e1r1w0cbbeheaa4acw_6448_zsc11_scfb483104|
| Starting time  : Thu Apr 27 11:07:26 2023                                   |
| Command        : /nfs/site/disks/ipg_scf_00159/ajavidi_ship/SHIP_23ww17d4/arf070b144e1r1w0cbbeheaa4acw_work/ship/ip/arf070b144e1r1w0cbbeheaa4acw/zsc11_scfb483104_27Apr2023_230137/.metadata/scripts/staging.traceability.staging-traceability.run.csh|
+-----------------------------------------------------------------------------+
/p/hdk/pu_tu/prd/ship/23.02.001/bin/ship_sa.pl -block arf070b144e1r1w0cbbeheaa4acw -src staging -dest traceability -action run -meta_dir /nfs/site/disks/ipg_scf_00159/ajavidi_ship/SHIP_23ww17d4/arf070b144e1r1w0cbbeheaa4acw_work/ship/ip/arf070b144e1r1w0cbbeheaa4acw/zsc11_scfb483104_27Apr2023_230137/.metadata -task staging-traceability -meta_prefix ship.default
-I- Loaded /nfs/site/disks/ipg_scf_00159/ajavidi_ship/SHIP_23ww17d4/arf070b144e1r1w0cbbeheaa4acw_work/ship/ip/arf070b144e1r1w0cbbeheaa4acw/zsc11_scfb483104_27Apr2023_230137/.metadata/ip_arf070b144e1r1w0cbbeheaa4acw.yml
-I- Loaded /nfs/site/disks/ipg_scf_00159/ajavidi_ship/SHIP_23ww17d4/arf070b144e1r1w0cbbeheaa4acw_work/ship/ip/arf070b144e1r1w0cbbeheaa4acw/zsc11_scfb483104_27Apr2023_230137/.metadata/stage_staging_arf070b144e1r1w0cbbeheaa4acw.yml
-I- Loaded /nfs/site/disks/ipg_scf_00159/ajavidi_ship/SHIP_23ww17d4/arf070b144e1r1w0cbbeheaa4acw_work/ship/ip/arf070b144e1r1w0cbbeheaa4acw/zsc11_scfb483104_27Apr2023_230137/.metadata/stage_traceability_arf070b144e1r1w0cbbeheaa4acw.yml
-I- Writing summary file to /nfs/site/disks/ipg_scf_00159/ajavidi_ship/SHIP_23ww17d4/arf070b144e1r1w0cbbeheaa4acw_work/ship/ip/arf070b144e1r1w0cbbeheaa4acw/zsc11_scfb483104_27Apr2023_230137/.metadata/ship.default.traceability.run.sum
-I- Loaded /nfs/site/disks/ipg_scf_00159/ajavidi_ship/SHIP_23ww17d4/arf070b144e1r1w0cbbeheaa4acw_work/ship/ip/arf070b144e1r1w0cbbeheaa4acw/zsc11_scfb483104_27Apr2023_230137/.metadata/stage_staging_arf070b144e1r1w0cbbeheaa4acw.yml
-I- Project library is: not applicable to ARC projects
-I- -fqn switch is: ipghrf_7nm.CMO_SPRF_DMRA0_EV1_UPDATE@.MAINLINE
-I- meta file fqn: ipghrf_7nm.CMO_SPRF_DMRA0_EV1_UPDATE@.MAINLINE
-I- Executing command: ipx ip lineage -ip ipghrf_7nm.CMO_SPRF_DMRA0_EV1_UPDATE@.MAINLINE -logfile none -format flatjson
INFO: IPX completed successfully
-I- Shipped IP will be traced back to this lineage:
-I- ipghrf_7nm.CMO_SPRF_DMRA0_EV1_UPDATE@291.MAINLINE
-I- Writing summary file to /nfs/site/disks/ipg_scf_00159/ajavidi_ship/SHIP_23ww17d4/arf070b144e1r1w0cbbeheaa4acw_work/ship/ip/arf070b144e1r1w0cbbeheaa4acw/zsc11_scfb483104_27Apr2023_230137/.metadata/ship.default.traceability.run.sum
+-----------------------------------------------------------------------------+
| Exit Status    : 0                                                          |
| Finishing time : Thu Apr 27 11:07:29 2023                                   |
+-----------------------------------------------------------------------------+
