+-----------------------------------------------------------------------------+
| Executed on    : scc018177           Feeder : arf156b040e2r2w0cbbehbaa4acw_23511_zsc11_scc018177|
| Starting time  : Fri Apr 28  3:14:17 2023                                   |
| Command        : /nfs/site/disks/ipg_scf_00159/ajavidi_ship/SHIP_23ww17d4/arf156b040e2r2w0cbbehbaa4acw_work/ship/ip/arf156b040e2r2w0cbbehbaa4acw/zsc11_scc018177_28Apr2023_025014/.metadata/scripts/checks.review.checks-review.run.csh|
+-----------------------------------------------------------------------------+
/p/hdk/pu_tu/prd/ship/23.02.001/bin/ship_sa.pl -block arf156b040e2r2w0cbbehbaa4acw -src checks -dest review -action run -meta_dir /nfs/site/disks/ipg_scf_00159/ajavidi_ship/SHIP_23ww17d4/arf156b040e2r2w0cbbehbaa4acw_work/ship/ip/arf156b040e2r2w0cbbehbaa4acw/zsc11_scc018177_28Apr2023_025014/.metadata -task checks-review -meta_prefix ship.default
-I- Loaded /nfs/site/disks/ipg_scf_00159/ajavidi_ship/SHIP_23ww17d4/arf156b040e2r2w0cbbehbaa4acw_work/ship/ip/arf156b040e2r2w0cbbehbaa4acw/zsc11_scc018177_28Apr2023_025014/.metadata/ip_arf156b040e2r2w0cbbehbaa4acw.yml
-I- Loaded /nfs/site/disks/ipg_scf_00159/ajavidi_ship/SHIP_23ww17d4/arf156b040e2r2w0cbbehbaa4acw_work/ship/ip/arf156b040e2r2w0cbbehbaa4acw/zsc11_scc018177_28Apr2023_025014/.metadata/stage_checks_arf156b040e2r2w0cbbehbaa4acw.yml
-I- Loaded /nfs/site/disks/ipg_scf_00159/ajavidi_ship/SHIP_23ww17d4/arf156b040e2r2w0cbbehbaa4acw_work/ship/ip/arf156b040e2r2w0cbbehbaa4acw/zsc11_scc018177_28Apr2023_025014/.metadata/stage_review_arf156b040e2r2w0cbbehbaa4acw.yml
-I- Writing summary file to /nfs/site/disks/ipg_scf_00159/ajavidi_ship/SHIP_23ww17d4/arf156b040e2r2w0cbbehbaa4acw_work/ship/ip/arf156b040e2r2w0cbbehbaa4acw/zsc11_scc018177_28Apr2023_025014/.metadata/ship.default.review.run.sum
-I- Loaded /nfs/site/disks/ipg_scf_00159/ajavidi_ship/SHIP_23ww17d4/arf156b040e2r2w0cbbehbaa4acw_work/ship/ip/arf156b040e2r2w0cbbehbaa4acw/zsc11_scc018177_28Apr2023_025014/.metadata/stage_staging_arf156b040e2r2w0cbbehbaa4acw.yml
-I- Executing command: mkdir -p /nfs/site/disks/ipg_scf_00159/ajavidi_ship/SHIP_23ww17d4/arf156b040e2r2w0cbbehbaa4acw_work/ship/ip/arf156b040e2r2w0cbbehbaa4acw/zsc11_scc018177_28Apr2023_025014/staging/review
-I- Loaded /nfs/site/disks/ipg_scf_00159/ajavidi_ship/SHIP_23ww17d4/arf156b040e2r2w0cbbehbaa4acw_work/ship/ip/arf156b040e2r2w0cbbehbaa4acw/zsc11_scc018177_28Apr2023_025014/.metadata/stage_crossfire_arf156b040e2r2w0cbbehbaa4acw.yml
-I- Loaded /nfs/site/disks/ipg_scf_00159/ajavidi_ship/SHIP_23ww17d4/arf156b040e2r2w0cbbehbaa4acw_work/ship/ip/arf156b040e2r2w0cbbehbaa4acw/zsc11_scc018177_28Apr2023_025014/.metadata/stage_staging_arf156b040e2r2w0cbbehbaa4acw.yml
-I- Pulling crossfire results from /nfs/site/disks/ipg_scf_00159/ajavidi_ship/SHIP_23ww17d4/arf156b040e2r2w0cbbehbaa4acw_work/ship/ip/arf156b040e2r2w0cbbehbaa4acw/zsc11_scc018177_28Apr2023_025014/crossfire/review
-I- Executing command: cp -rf /nfs/site/disks/ipg_scf_00159/ajavidi_ship/SHIP_23ww17d4/arf156b040e2r2w0cbbehbaa4acw_work/ship/ip/arf156b040e2r2w0cbbehbaa4acw/zsc11_scc018177_28Apr2023_025014/crossfire/review/*.xml /nfs/site/disks/ipg_scf_00159/ajavidi_ship/SHIP_23ww17d4/arf156b040e2r2w0cbbehbaa4acw_work/ship/ip/arf156b040e2r2w0cbbehbaa4acw/zsc11_scc018177_28Apr2023_025014/staging/review/
-I- No LV icv review results in /dev/null/icv/waiver_violations_icv
-I- No LV calibre review results in /dev/null/calibre/waiver_violations_calibre
-I- Loaded /nfs/site/disks/ipg_scf_00159/ajavidi_ship/SHIP_23ww17d4/arf156b040e2r2w0cbbehbaa4acw_work/ship/ip/arf156b040e2r2w0cbbehbaa4acw/zsc11_scc018177_28Apr2023_025014/.metadata/stage_unpacked_arf156b040e2r2w0cbbehbaa4acw.yml
/nfs/site/disks/ipg_scf_00159/ajavidi_ship/SHIP_23ww17d4/arf156b040e2r2w0cbbehbaa4acw_work/ship/ip/arf156b040e2r2w0cbbehbaa4acw/zsc11_scc018177_28Apr2023_025014/unpacked/arf156b040e2r2w0cbbehbaa4acw.manifest.cfg /nfs/site/disks/ipg_scf_00159/ajavidi_ship/SHIP_23ww17d4/arf156b040e2r2w0cbbehbaa4acw_work/ship/ip/arf156b040e2r2w0cbbehbaa4acw/zsc11_scc018177_28Apr2023_025014/unpacked/manifest.xml
-I- Resolving directory to /nfs/site/disks/ipg_scf_00159/ajavidi_ship/SHIP_23ww17d4/arf156b040e2r2w0cbbehbaa4acw_work/ship/ip/arf156b040e2r2w0cbbehbaa4acw/zsc11_scc018177_28Apr2023_025014/unpacked because contents matched stop_on: manifest.xml
-I- Populating waivers to /nfs/site/disks/ipg_scf_00159/ajavidi_ship/SHIP_23ww17d4/arf156b040e2r2w0cbbehbaa4acw_work/ship/ip/arf156b040e2r2w0cbbehbaa4acw/zsc11_scc018177_28Apr2023_025014/staging
-I- Executing commands in a batch:
cmd: setenv WORKAREA /nfs/site/disks/ipg_scf_00159/ajavidi_ship/SHIP_23ww17d4/arf156b040e2r2w0cbbehbaa4acw_work/ship/ip/arf156b040e2r2w0cbbehbaa4acw/zsc11_scc018177_28Apr2023_025014/staging
cmd: mkdir -p /nfs/site/disks/ipg_scf_00159/ajavidi_ship/SHIP_23ww17d4/arf156b040e2r2w0cbbehbaa4acw_work/ship/ip/arf156b040e2r2w0cbbehbaa4acw/zsc11_scc018177_28Apr2023_025014/staging/.cth_setup_files || :
cmd: mkdir -p /nfs/site/disks/ipg_scf_00159/ajavidi_ship/SHIP_23ww17d4/arf156b040e2r2w0cbbehbaa4acw_work/ship/ip/arf156b040e2r2w0cbbehbaa4acw/zsc11_scc018177_28Apr2023_025014/staging/finale/finale_waivers || :
cmd: cp $CTH_INFRA_CONFIG /nfs/site/disks/ipg_scf_00159/ajavidi_ship/SHIP_23ww17d4/arf156b040e2r2w0cbbehbaa4acw_work/ship/ip/arf156b040e2r2w0cbbehbaa4acw/zsc11_scc018177_28Apr2023_025014/staging/.cth_setup_files || :
cmd: chdir $WORKAREA
cmd: setenv ward /nfs/site/disks/ipg_scf_00159/ajavidi_ship/SHIP_23ww17d4/arf156b040e2r2w0cbbehbaa4acw_work/ship/ip/arf156b040e2r2w0cbbehbaa4acw/zsc11_scc018177_28Apr2023_025014/staging
cmd: mkdir -p /nfs/site/disks/ipg_scf_00159/ajavidi_ship/SHIP_23ww17d4/arf156b040e2r2w0cbbehbaa4acw_work/ship/ip/arf156b040e2r2w0cbbehbaa4acw/zsc11_scc018177_28Apr2023_025014/staging/finale/finale_waivers/
cmd: mkdir -p /nfs/site/disks/ipg_scf_00159/ajavidi_ship/SHIP_23ww17d4/arf156b040e2r2w0cbbehbaa4acw_work/ship/ip/arf156b040e2r2w0cbbehbaa4acw/zsc11_scc018177_28Apr2023_025014/staging/finale/finale_approvals/
cmd: cth_waiver populate -block arf156b040e2r2w0cbbehbaa4acw
[03:14:22 2023-04-28] [ERROR] Can't execute XML_FILE not defined or path does not exist
[03:14:22 2023-04-28] [ERROR] Please provide a milestone, either via PRODUCT_MILESTONE definition in the config, or with -milestone cmdline switch.
-I- cth_flow: Searching active blocks in 'ip76edmr' container for branch 'main'
-I- cth_flow: Checking p4 ticket expiration
-F- cth_flow: Invalid block 'arf156b040e2r2w0cbbehbaa4acw', please run 'ddm createDesignBlock' command to create it
cmd: finale migrate -block arf156b040e2r2w0cbbehbaa4acw || :
[03:14:24 2023-04-28] [INFO ] Creating waivers  /nfs/site/disks/ipg_scf_00159/ajavidi_ship/SHIP_23ww17d4/arf156b040e2r2w0cbbehbaa4acw_work/ship/ip/arf156b040e2r2w0cbbehbaa4acw/zsc11_scc018177_28Apr2023_025014/staging/finale/finale_waivers/arf156b040e2r2w0cbbehbaa4acw.waivers file
cmd: cp -rf /nfs/site/disks/ipg_scf_00159/ajavidi_ship/SHIP_23ww17d4/arf156b040e2r2w0cbbehbaa4acw_work/ship/ip/arf156b040e2r2w0cbbehbaa4acw/zsc11_scc018177_28Apr2023_025014/staging/cth_waiver/arf156b040e2r2w0cbbehbaa4acw*.waivers /nfs/site/disks/ipg_scf_00159/ajavidi_ship/SHIP_23ww17d4/arf156b040e2r2w0cbbehbaa4acw_work/ship/ip/arf156b040e2r2w0cbbehbaa4acw/zsc11_scc018177_28Apr2023_025014/staging/finale/finale_waivers/
cp: No match.
cmd: finale refresh -block arf156b040e2r2w0cbbehbaa4acw -violations_dir /nfs/site/disks/ipg_scf_00159/ajavidi_ship/SHIP_23ww17d4/arf156b040e2r2w0cbbehbaa4acw_work/ship/ip/arf156b040e2r2w0cbbehbaa4acw/zsc11_scc018177_28Apr2023_025014/staging/review/ -ship -ip_milestone UV1
[03:14:26 2023-04-28] [INFO ] milestone UV1 and milestone_list ['EV1', 'EV2', 'UV', 'UV1', 'UVopt', 'UV2', 'eFV', 'FV']
[03:14:27 2023-04-28] [INFO ] Running finale refresh
[03:14:27 2023-04-28] [INFO ] Tool name: crossfire_driftchecks, xml file: arf156b040e2r2w0cbbehbaa4acw.crossfire_driftchecks.violations.xml
[03:14:27 2023-04-28] [INFO ] Tool name: crossfire_horizontal, xml file: arf156b040e2r2w0cbbehbaa4acw.crossfire_horizontal.violations.xml
[03:14:27 2023-04-28] [INFO ] Tool name: crossfire_intgd, xml file: arf156b040e2r2w0cbbehbaa4acw.crossfire_intgd.violations.xml
[03:14:27 2023-04-28] [INFO ] Tool name: crossfire_lef, xml file: arf156b040e2r2w0cbbehbaa4acw.crossfire_lef.violations.xml
[03:14:27 2023-04-28] [INFO ] Tool name: crossfire_lv, xml file: arf156b040e2r2w0cbbehbaa4acw.crossfire_lv.violations.xml
[03:14:27 2023-04-28] [INFO ] Tool name: crossfire_power, xml file: arf156b040e2r2w0cbbehbaa4acw.crossfire_power.violations.xml
[03:14:27 2023-04-28] [INFO ] Tool name: crossfire_timing, xml file: arf156b040e2r2w0cbbehbaa4acw.crossfire_timing.violations.xml
[03:14:27 2023-04-28] [INFO ] approval data not found: {}
[03:14:29 2023-04-28] [INFO ] Writing File /nfs/site/disks/ipg_scf_00159/ajavidi_ship/SHIP_23ww17d4/arf156b040e2r2w0cbbehbaa4acw_work/ship/ip/arf156b040e2r2w0cbbehbaa4acw/zsc11_scc018177_28Apr2023_025014/staging/finale/finale_waivers/arf156b040e2r2w0cbbehbaa4acw.crossfire_driftchecks.finale.summary
[03:14:29 2023-04-28] [INFO ] Processing data and convert into proper structure crossfire_driftchecks
[03:14:29 2023-04-28] [INFO ] Writing File /nfs/site/disks/ipg_scf_00159/ajavidi_ship/SHIP_23ww17d4/arf156b040e2r2w0cbbehbaa4acw_work/ship/ip/arf156b040e2r2w0cbbehbaa4acw/zsc11_scc018177_28Apr2023_025014/staging/finale/finale_waivers/arf156b040e2r2w0cbbehbaa4acw.crossfire_driftchecks.filt_viol.xml
[03:14:29 2023-04-28] [INFO ] Writing File /nfs/site/disks/ipg_scf_00159/ajavidi_ship/SHIP_23ww17d4/arf156b040e2r2w0cbbehbaa4acw_work/ship/ip/arf156b040e2r2w0cbbehbaa4acw/zsc11_scc018177_28Apr2023_025014/staging/finale/finale_waivers/arf156b040e2r2w0cbbehbaa4acw.crossfire_horizontal.finale.summary
[03:14:29 2023-04-28] [INFO ] Processing data and convert into proper structure crossfire_horizontal
[03:14:29 2023-04-28] [INFO ] Writing File /nfs/site/disks/ipg_scf_00159/ajavidi_ship/SHIP_23ww17d4/arf156b040e2r2w0cbbehbaa4acw_work/ship/ip/arf156b040e2r2w0cbbehbaa4acw/zsc11_scc018177_28Apr2023_025014/staging/finale/finale_waivers/arf156b040e2r2w0cbbehbaa4acw.crossfire_horizontal.filt_viol.xml
[03:14:29 2023-04-28] [INFO ] Writing File /nfs/site/disks/ipg_scf_00159/ajavidi_ship/SHIP_23ww17d4/arf156b040e2r2w0cbbehbaa4acw_work/ship/ip/arf156b040e2r2w0cbbehbaa4acw/zsc11_scc018177_28Apr2023_025014/staging/finale/finale_waivers/arf156b040e2r2w0cbbehbaa4acw.crossfire_intgd.finale.summary
[03:14:29 2023-04-28] [INFO ] Processing data and convert into proper structure crossfire_intgd
[03:14:29 2023-04-28] [INFO ] Writing File /nfs/site/disks/ipg_scf_00159/ajavidi_ship/SHIP_23ww17d4/arf156b040e2r2w0cbbehbaa4acw_work/ship/ip/arf156b040e2r2w0cbbehbaa4acw/zsc11_scc018177_28Apr2023_025014/staging/finale/finale_waivers/arf156b040e2r2w0cbbehbaa4acw.crossfire_intgd.filt_viol.xml
[03:14:29 2023-04-28] [INFO ] Writing File /nfs/site/disks/ipg_scf_00159/ajavidi_ship/SHIP_23ww17d4/arf156b040e2r2w0cbbehbaa4acw_work/ship/ip/arf156b040e2r2w0cbbehbaa4acw/zsc11_scc018177_28Apr2023_025014/staging/finale/finale_waivers/arf156b040e2r2w0cbbehbaa4acw.crossfire_lef.finale.summary
[03:14:29 2023-04-28] [INFO ] Processing data and convert into proper structure crossfire_lef
[03:14:29 2023-04-28] [INFO ] Writing File /nfs/site/disks/ipg_scf_00159/ajavidi_ship/SHIP_23ww17d4/arf156b040e2r2w0cbbehbaa4acw_work/ship/ip/arf156b040e2r2w0cbbehbaa4acw/zsc11_scc018177_28Apr2023_025014/staging/finale/finale_waivers/arf156b040e2r2w0cbbehbaa4acw.crossfire_lef.filt_viol.xml
[03:14:29 2023-04-28] [INFO ] Writing File /nfs/site/disks/ipg_scf_00159/ajavidi_ship/SHIP_23ww17d4/arf156b040e2r2w0cbbehbaa4acw_work/ship/ip/arf156b040e2r2w0cbbehbaa4acw/zsc11_scc018177_28Apr2023_025014/staging/finale/finale_waivers/arf156b040e2r2w0cbbehbaa4acw.crossfire_lv.finale.summary
[03:14:29 2023-04-28] [INFO ] Processing data and convert into proper structure crossfire_lv
[03:14:29 2023-04-28] [INFO ] Writing File /nfs/site/disks/ipg_scf_00159/ajavidi_ship/SHIP_23ww17d4/arf156b040e2r2w0cbbehbaa4acw_work/ship/ip/arf156b040e2r2w0cbbehbaa4acw/zsc11_scc018177_28Apr2023_025014/staging/finale/finale_waivers/arf156b040e2r2w0cbbehbaa4acw.crossfire_lv.filt_viol.xml
[03:14:29 2023-04-28] [INFO ] Writing File /nfs/site/disks/ipg_scf_00159/ajavidi_ship/SHIP_23ww17d4/arf156b040e2r2w0cbbehbaa4acw_work/ship/ip/arf156b040e2r2w0cbbehbaa4acw/zsc11_scc018177_28Apr2023_025014/staging/finale/finale_waivers/arf156b040e2r2w0cbbehbaa4acw.crossfire_power.finale.summary
[03:14:29 2023-04-28] [INFO ] Processing data and convert into proper structure crossfire_power
[03:14:29 2023-04-28] [INFO ] Writing File /nfs/site/disks/ipg_scf_00159/ajavidi_ship/SHIP_23ww17d4/arf156b040e2r2w0cbbehbaa4acw_work/ship/ip/arf156b040e2r2w0cbbehbaa4acw/zsc11_scc018177_28Apr2023_025014/staging/finale/finale_waivers/arf156b040e2r2w0cbbehbaa4acw.crossfire_power.filt_viol.xml
[03:14:29 2023-04-28] [INFO ] Writing File /nfs/site/disks/ipg_scf_00159/ajavidi_ship/SHIP_23ww17d4/arf156b040e2r2w0cbbehbaa4acw_work/ship/ip/arf156b040e2r2w0cbbehbaa4acw/zsc11_scc018177_28Apr2023_025014/staging/finale/finale_waivers/arf156b040e2r2w0cbbehbaa4acw.crossfire_timing.finale.summary
[03:14:29 2023-04-28] [INFO ] Processing data and convert into proper structure crossfire_timing
[03:14:29 2023-04-28] [INFO ] Writing File /nfs/site/disks/ipg_scf_00159/ajavidi_ship/SHIP_23ww17d4/arf156b040e2r2w0cbbehbaa4acw_work/ship/ip/arf156b040e2r2w0cbbehbaa4acw/zsc11_scc018177_28Apr2023_025014/staging/finale/finale_waivers/arf156b040e2r2w0cbbehbaa4acw.crossfire_timing.filt_viol.xml
[03:14:30 2023-04-28] [INFO ] Writing /nfs/site/disks/ipg_scf_00159/ajavidi_ship/SHIP_23ww17d4/arf156b040e2r2w0cbbehbaa4acw_work/ship/ip/arf156b040e2r2w0cbbehbaa4acw/zsc11_scc018177_28Apr2023_025014/staging/finale/finale_waivers/arf156b040e2r2w0cbbehbaa4acw.finale.close file
[03:14:30 2023-04-28] [INFO ] Writing /nfs/site/disks/ipg_scf_00159/ajavidi_ship/SHIP_23ww17d4/arf156b040e2r2w0cbbehbaa4acw_work/ship/ip/arf156b040e2r2w0cbbehbaa4acw/zsc11_scc018177_28Apr2023_025014/staging/finale/finale_waivers/arf156b040e2r2w0cbbehbaa4acw.finale.csv file
[03:14:30 2023-04-28] [INFO ] Writing /nfs/site/disks/ipg_scf_00159/ajavidi_ship/SHIP_23ww17d4/arf156b040e2r2w0cbbehbaa4acw_work/ship/ip/arf156b040e2r2w0cbbehbaa4acw/zsc11_scc018177_28Apr2023_025014/staging/finale/finale_waivers/arf156b040e2r2w0cbbehbaa4acw.indicator_data.json file
[03:14:30 2023-04-28] [INFO ] Writing File /nfs/site/disks/ipg_scf_00159/ajavidi_ship/SHIP_23ww17d4/arf156b040e2r2w0cbbehbaa4acw_work/ship/ip/arf156b040e2r2w0cbbehbaa4acw/zsc11_scc018177_28Apr2023_025014/staging/finale/finale_waivers/arf156b040e2r2w0cbbehbaa4acw.waivers
[03:14:31 2023-04-28] [INFO ] Writing /nfs/site/disks/ipg_scf_00159/ajavidi_ship/SHIP_23ww17d4/arf156b040e2r2w0cbbehbaa4acw_work/ship/ip/arf156b040e2r2w0cbbehbaa4acw/zsc11_scc018177_28Apr2023_025014/staging/finale/finale_waivers/arf156b040e2r2w0cbbehbaa4acw.waiver_summary.html file 
cmd: set review_st=$?
cmd: cp -r /nfs/site/disks/ipg_scf_00159/ajavidi_ship/SHIP_23ww17d4/arf156b040e2r2w0cbbehbaa4acw_work/ship/ip/arf156b040e2r2w0cbbehbaa4acw/zsc11_scc018177_28Apr2023_025014/staging/finale/finale_waivers/* /nfs/site/disks/ipg_scf_00159/ajavidi_ship/SHIP_23ww17d4/arf156b040e2r2w0cbbehbaa4acw_work/ship/ip/arf156b040e2r2w0cbbehbaa4acw/zsc11_scc018177_28Apr2023_025014/staging/review
cmd: chmod -R +w /nfs/site/disks/ipg_scf_00159/ajavidi_ship/SHIP_23ww17d4/arf156b040e2r2w0cbbehbaa4acw_work/ship/ip/arf156b040e2r2w0cbbehbaa4acw/zsc11_scc018177_28Apr2023_025014/staging/finale
cmd: rm -rf /nfs/site/disks/ipg_scf_00159/ajavidi_ship/SHIP_23ww17d4/arf156b040e2r2w0cbbehbaa4acw_work/ship/ip/arf156b040e2r2w0cbbehbaa4acw/zsc11_scc018177_28Apr2023_025014/staging/finale
cmd: bash -c {chmod +w /nfs/site/disks/ipg_scf_00159/ajavidi_ship/SHIP_23ww17d4/arf156b040e2r2w0cbbehbaa4acw_work/ship/ip/arf156b040e2r2w0cbbehbaa4acw/zsc11_scc018177_28Apr2023_025014/staging/{review,approvals/waiver_approvals}/manifest.xml 2>/dev/null{
cmd: bash -c {rm -f /nfs/site/disks/ipg_scf_00159/ajavidi_ship/SHIP_23ww17d4/arf156b040e2r2w0cbbehbaa4acw_work/ship/ip/arf156b040e2r2w0cbbehbaa4acw/zsc11_scc018177_28Apr2023_025014/staging/{review,approvals/waiver_approvals}/manifest.xml 2>/dev/null{
cmd: exit $review_st
-I- Batch status: 0
-I- Reading /nfs/site/disks/ipg_scf_00159/ajavidi_ship/SHIP_23ww17d4/arf156b040e2r2w0cbbehbaa4acw_work/ship/ip/arf156b040e2r2w0cbbehbaa4acw/zsc11_scc018177_28Apr2023_025014/staging/review/arf156b040e2r2w0cbbehbaa4acw.finale.csv
-I- Writing summary file to /nfs/site/disks/ipg_scf_00159/ajavidi_ship/SHIP_23ww17d4/arf156b040e2r2w0cbbehbaa4acw_work/ship/ip/arf156b040e2r2w0cbbehbaa4acw/zsc11_scc018177_28Apr2023_025014/.metadata/ship.default.review.run.sum
+-----------------------------------------------------------------------------+
| Exit Status    : 0                                                          |
| Finishing time : Fri Apr 28  3:14:32 2023                                   |
+-----------------------------------------------------------------------------+
