17:39:32-INIT-INFO: Running: /p/hdk/pu_tu/prd/ipqa_xfire/23.01.005.p003/bin/crossfire.py --block arf086b128e1r1w0cbbehsaa4acw --milestone uv1 --review /nfs/site/disks/ipg_scf_00159/ajavidi_ship/SHIP_23ww18d3/arf086b128e1r1w0cbbehsaa4acw_work/ship/ip/arf086b128e1r1w0cbbehsaa4acw/zsc11_scc018035_3May2023_172639/crossfire/collateral/ebb/checks/arf086b128e1r1w0cbbehsaa4acw.crossfire.log --location snps_manifest --append_manifest /nfs/site/disks/ipg_scf_00159/ajavidi_ship/SHIP_23ww18d3/arf086b128e1r1w0cbbehsaa4acw_work/ship/ip/arf086b128e1r1w0cbbehsaa4acw/zsc11_scc018035_3May2023_172639/crossfire/collateral/ebb/checks/arf086b128e1r1w0cbbehsaa4acw.crossfire.manifest --snps_manifests /nfs/site/disks/ipg_scf_00159/ajavidi_ship/SHIP_23ww18d3/arf086b128e1r1w0cbbehsaa4acw_work/ship/ip/arf086b128e1r1w0cbbehsaa4acw/zsc11_scc018035_3May2023_172639/staging/manifest.xml 
17:39:32-INIT-INFO:     block ==> arf086b128e1r1w0cbbehsaa4acw
17:39:32-INIT-INFO:     milestone ==> uv1
17:39:32-INIT-INFO:     location ==> snps_manifest
17:39:32-INIT-INFO:     strict_location ==> False
17:39:32-INIT-INFO:     multi_cell ==> False
17:39:32-INIT-INFO:     snap_test ==> False
17:39:32-INIT-INFO:     crossfire_manual ==> False
17:39:32-INIT-INFO:     shell ==> False
17:39:32-INIT-INFO:     append_manifest ==> /nfs/site/disks/ipg_scf_00159/ajavidi_ship/SHIP_23ww18d3/arf086b128e1r1w0cbbehsaa4acw_work/ship/ip/arf086b128e1r1w0cbbehsaa4acw/zsc11_scc018035_3May2023_172639/crossfire/collateral/ebb/checks/arf086b128e1r1w0cbbehsaa4acw.crossfire.manifest
17:39:32-INIT-INFO:     dumpmilestones ==> None
17:39:32-INIT-INFO:     snps_manifests ==> /nfs/site/disks/ipg_scf_00159/ajavidi_ship/SHIP_23ww18d3/arf086b128e1r1w0cbbehsaa4acw_work/ship/ip/arf086b128e1r1w0cbbehsaa4acw/zsc11_scc018035_3May2023_172639/staging/manifest.xml
17:39:32-INIT-INFO:     review ==> /nfs/site/disks/ipg_scf_00159/ajavidi_ship/SHIP_23ww18d3/arf086b128e1r1w0cbbehsaa4acw_work/ship/ip/arf086b128e1r1w0cbbehsaa4acw/zsc11_scc018035_3May2023_172639/crossfire/collateral/ebb/checks/arf086b128e1r1w0cbbehsaa4acw.crossfire.log
17:39:32-INIT-INFO:     report ==> False
17:39:32-SETUP-INFO: Setting RUNDIR: /nfs/site/disks/ipg_scf_00159/ajavidi_ship/SHIP_23ww18d3/arf086b128e1r1w0cbbehsaa4acw_work/ship/ip/arf086b128e1r1w0cbbehsaa4acw/zsc11_scc018035_3May2023_172639/crossfire/crossfire/arf086b128e1r1w0cbbehsaa4acw.uv1.2023_05_03_173932.15863
17:39:32-SETUP-INFO: Creating file: /nfs/site/disks/ipg_scf_00159/ajavidi_ship/SHIP_23ww18d3/arf086b128e1r1w0cbbehsaa4acw_work/ship/ip/arf086b128e1r1w0cbbehsaa4acw/zsc11_scc018035_3May2023_172639/crossfire/crossfire/arf086b128e1r1w0cbbehsaa4acw.latest
17:39:32-SETUP-INFO: Vendor help docs can be found by running: firefox /p/hdk/cad/crossfire/2023.2.W07/docs/html/index.html &
17:39:46-MAIN-INFO:   IPQA_ROOT: /p/hdk/pu_tu/prd/ipqa_xfire/23.01.005.p003
17:39:46-MAIN-INFO:   CROSSFIRE_ROOT: /p/hdk/cad/crossfire/2023.2.W07
17:39:50-KVP-INFO: Processing KVP file: /p/hdk/pu_tu/prd/ipqa_xfire/23.01.005.p003/data/default/kvp_cth_query.cfg
17:39:53-MAIN-INFO: Adding FUSIONCOMPILER_DIR to path.
17:39:53-KVP-INFO: Processing KVP file: /p/hdk/pu_tu/prd/ipqa_xfire/23.01.005.p003/data/default/kvp_preloc.cfg
17:39:54-MAIN-INFO: Figuring out what checks to run...
17:39:54-MAIN-INFO: -I- Using config set '1276_plt'
17:39:54-KVP-INFO: Processing KVP file: /nfs/site/disks/ipg_scf_00159/ajavidi_ship/SHIP_23ww18d3/arf086b128e1r1w0cbbehsaa4acw_work/ship/ip/arf086b128e1r1w0cbbehsaa4acw/zsc11_scc018035_3May2023_172639/crossfire/crossfire/arf086b128e1r1w0cbbehsaa4acw.uv1.2023_05_03_173932.15863/presetup/kvp_p0.cfg
17:39:56-MAIN-INFO: Reading checks config file: /nfs/site/disks/ipg_scf_00159/ajavidi_ship/SHIP_23ww18d3/arf086b128e1r1w0cbbehsaa4acw_work/ship/ip/arf086b128e1r1w0cbbehsaa4acw/zsc11_scc018035_3May2023_172639/crossfire/crossfire/arf086b128e1r1w0cbbehsaa4acw.uv1.2023_05_03_173932.15863/presetup/checks.cfg
17:39:56-MAIN-INFO: Using  manifest.xml file from snps_manifests
17:39:56-MAIN-INFO: manifest_file_use => /nfs/site/disks/ipg_scf_00159/ajavidi_ship/SHIP_23ww18d3/arf086b128e1r1w0cbbehsaa4acw_work/ship/ip/arf086b128e1r1w0cbbehsaa4acw/zsc11_scc018035_3May2023_172639/staging/manifest.xml
17:39:56-MAIN-INFO: ----------------------------------------------------------------
17:39:56-MAIN-INFO: Gather pre-populate data files
17:39:56-MAIN-INFO: Location_cfg: /nfs/site/disks/ipg_scf_00159/ajavidi_ship/SHIP_23ww18d3/arf086b128e1r1w0cbbehsaa4acw_work/ship/ip/arf086b128e1r1w0cbbehsaa4acw/zsc11_scc018035_3May2023_172639/crossfire/crossfire/arf086b128e1r1w0cbbehsaa4acw.uv1.2023_05_03_173932.15863/presetup/locations_snps_p0.cfg
17:39:56-MAIN-INFO: Manifests provided: /nfs/site/disks/ipg_scf_00159/ajavidi_ship/SHIP_23ww18d3/arf086b128e1r1w0cbbehsaa4acw_work/ship/ip/arf086b128e1r1w0cbbehsaa4acw/zsc11_scc018035_3May2023_172639/staging/manifest.xml
17:39:56-MAIN-INFO: Manifest filters provided: 
17:39:56-MAIN-INFO: Running command: /p/hdk/pu_tu/prd/ipqa_xfire/23.01.005.p003/bin/snps_manifest_populate.py -ip arf086b128e1r1w0cbbehsaa4acw -config /nfs/site/disks/ipg_scf_00159/ajavidi_ship/SHIP_23ww18d3/arf086b128e1r1w0cbbehsaa4acw_work/ship/ip/arf086b128e1r1w0cbbehsaa4acw/zsc11_scc018035_3May2023_172639/crossfire/crossfire/arf086b128e1r1w0cbbehsaa4acw.uv1.2023_05_03_173932.15863/presetup/locations_snps_p0.cfg -manifest /nfs/site/disks/ipg_scf_00159/ajavidi_ship/SHIP_23ww18d3/arf086b128e1r1w0cbbehsaa4acw_work/ship/ip/arf086b128e1r1w0cbbehsaa4acw/zsc11_scc018035_3May2023_172639/staging/manifest.xml -collateral_dir "" -manifest_filter "" -dest /nfs/site/disks/ipg_scf_00159/ajavidi_ship/SHIP_23ww18d3/arf086b128e1r1w0cbbehsaa4acw_work/ship/ip/arf086b128e1r1w0cbbehsaa4acw/zsc11_scc018035_3May2023_172639/crossfire/crossfire/arf086b128e1r1w0cbbehsaa4acw.uv1.2023_05_03_173932.15863/data
17:39:57-KVP-INFO: Processing KVP file: /nfs/site/disks/ipg_scf_00159/ajavidi_ship/SHIP_23ww18d3/arf086b128e1r1w0cbbehsaa4acw_work/ship/ip/arf086b128e1r1w0cbbehsaa4acw/zsc11_scc018035_3May2023_172639/crossfire/crossfire/arf086b128e1r1w0cbbehsaa4acw.uv1.2023_05_03_173932.15863/presetup/kvp_p1.cfg
17:40:01-MAIN-INFO: Gathering collateral files ...
17:40:01-MAIN-INFO: ----------------------------------------------------------------
17:40:01-MAIN-INFO: Main data populate from snps manifest
17:40:01-MAIN-INFO: Location_cfg: /nfs/site/disks/ipg_scf_00159/ajavidi_ship/SHIP_23ww18d3/arf086b128e1r1w0cbbehsaa4acw_work/ship/ip/arf086b128e1r1w0cbbehsaa4acw/zsc11_scc018035_3May2023_172639/crossfire/crossfire/arf086b128e1r1w0cbbehsaa4acw.uv1.2023_05_03_173932.15863/presetup/locations_snps.cfg
17:40:01-MAIN-INFO: Manifests provided: /nfs/site/disks/ipg_scf_00159/ajavidi_ship/SHIP_23ww18d3/arf086b128e1r1w0cbbehsaa4acw_work/ship/ip/arf086b128e1r1w0cbbehsaa4acw/zsc11_scc018035_3May2023_172639/staging/manifest.xml
17:40:01-MAIN-INFO: Manifest filters provided: 
17:40:01-MAIN-INFO: Running command: /p/hdk/pu_tu/prd/ipqa_xfire/23.01.005.p003/bin/snps_manifest_populate.py -ip arf086b128e1r1w0cbbehsaa4acw -config /nfs/site/disks/ipg_scf_00159/ajavidi_ship/SHIP_23ww18d3/arf086b128e1r1w0cbbehsaa4acw_work/ship/ip/arf086b128e1r1w0cbbehsaa4acw/zsc11_scc018035_3May2023_172639/crossfire/crossfire/arf086b128e1r1w0cbbehsaa4acw.uv1.2023_05_03_173932.15863/presetup/locations_snps.cfg -manifest /nfs/site/disks/ipg_scf_00159/ajavidi_ship/SHIP_23ww18d3/arf086b128e1r1w0cbbehsaa4acw_work/ship/ip/arf086b128e1r1w0cbbehsaa4acw/zsc11_scc018035_3May2023_172639/staging/manifest.xml -collateral_dir "" -manifest_filter "" -dest /nfs/site/disks/ipg_scf_00159/ajavidi_ship/SHIP_23ww18d3/arf086b128e1r1w0cbbehsaa4acw_work/ship/ip/arf086b128e1r1w0cbbehsaa4acw/zsc11_scc018035_3May2023_172639/crossfire/crossfire/arf086b128e1r1w0cbbehsaa4acw.uv1.2023_05_03_173932.15863/data
17:40:03-MAIN-INFO: Location compile log file: /nfs/site/disks/ipg_scf_00159/ajavidi_ship/SHIP_23ww18d3/arf086b128e1r1w0cbbehsaa4acw_work/ship/ip/arf086b128e1r1w0cbbehsaa4acw/zsc11_scc018035_3May2023_172639/crossfire/crossfire/arf086b128e1r1w0cbbehsaa4acw.uv1.2023_05_03_173932.15863/location.log
17:40:03-MAIN-INFO: Reading loc_file: /nfs/site/disks/ipg_scf_00159/ajavidi_ship/SHIP_23ww18d3/arf086b128e1r1w0cbbehsaa4acw_work/ship/ip/arf086b128e1r1w0cbbehsaa4acw/zsc11_scc018035_3May2023_172639/crossfire/crossfire/arf086b128e1r1w0cbbehsaa4acw.uv1.2023_05_03_173932.15863/presetup/locations_shiplog.cfg
17:40:03-KVP-INFO: Processing KVP file: /nfs/site/disks/ipg_scf_00159/ajavidi_ship/SHIP_23ww18d3/arf086b128e1r1w0cbbehsaa4acw_work/ship/ip/arf086b128e1r1w0cbbehsaa4acw/zsc11_scc018035_3May2023_172639/crossfire/crossfire/arf086b128e1r1w0cbbehsaa4acw.uv1.2023_05_03_173932.15863/presetup/kvp.cfg
17:40:32-MAIN-INFO: Compiling config ...
17:40:32-MAIN-INFO: Found value for XFIRE_PDK_LAYER_MAP: tf_layermap
17:40:32-MAIN-INFO: Opening file for append: /nfs/site/disks/ipg_scf_00159/ajavidi_ship/SHIP_23ww18d3/arf086b128e1r1w0cbbehsaa4acw_work/ship/ip/arf086b128e1r1w0cbbehsaa4acw/zsc11_scc018035_3May2023_172639/crossfire/crossfire/arf086b128e1r1w0cbbehsaa4acw.uv1.2023_05_03_173932.15863/crossfire.compile.log
17:40:37-MAIN-INFO: Active checks: 1103 15105 15106 15112 15118 15122 15133 15206 15211 15214 15217 15301 15302 15304 15305 15306 15308 15315 15321 15322 16002 16015 16024 16026 16029 16040 16041 16042 16043 16044 16046 16048 16107 16108 16109 16200 16206 16215 16217 16225 16227 16350 16510 16704 16712 21 31 32 61 7309 7410 7503 7505 7510 7605 7607 7708 7709 7710
17:40:46-MAIN-INFO: Generated merged CFS file: /nfs/site/disks/ipg_scf_00159/ajavidi_ship/SHIP_23ww18d3/arf086b128e1r1w0cbbehsaa4acw_work/ship/ip/arf086b128e1r1w0cbbehsaa4acw/zsc11_scc018035_3May2023_172639/crossfire/crossfire/arf086b128e1r1w0cbbehsaa4acw.uv1.2023_05_03_173932.15863/setup.cfs
17:43:05-MAIN-INFO: Copying /nfs/site/disks/ipg_scf_00159/ajavidi_ship/SHIP_23ww18d3/arf086b128e1r1w0cbbehsaa4acw_work/ship/ip/arf086b128e1r1w0cbbehsaa4acw/zsc11_scc018035_3May2023_172639/crossfire/crossfire/arf086b128e1r1w0cbbehsaa4acw.uv1.2023_05_03_173932.15863/presetup/false_messages.filter to /nfs/site/disks/ipg_scf_00159/ajavidi_ship/SHIP_23ww18d3/arf086b128e1r1w0cbbehsaa4acw_work/ship/ip/arf086b128e1r1w0cbbehsaa4acw/zsc11_scc018035_3May2023_172639/crossfire/crossfire/arf086b128e1r1w0cbbehsaa4acw.uv1.2023_05_03_173932.15863/data/internal_waivers.filter
17:43:05-MAIN-INFO: Applying internal waivers
17:43:07-MAIN-INFO: Running command: /p/hdk/pu_tu/prd/ipqa_xfire/23.01.005.p003/bin/parallelization.py -c waives.cfg -o /nfs/site/disks/ipg_scf_00159/ajavidi_ship/SHIP_23ww18d3/arf086b128e1r1w0cbbehsaa4acw_work/ship/ip/arf086b128e1r1w0cbbehsaa4acw/zsc11_scc018035_3May2023_172639/crossfire/crossfire/arf086b128e1r1w0cbbehsaa4acw.uv1.2023_05_03_173932.15863/split_checks > /nfs/site/disks/ipg_scf_00159/ajavidi_ship/SHIP_23ww18d3/arf086b128e1r1w0cbbehsaa4acw_work/ship/ip/arf086b128e1r1w0cbbehsaa4acw/zsc11_scc018035_3May2023_172639/crossfire/crossfire/arf086b128e1r1w0cbbehsaa4acw.uv1.2023_05_03_173932.15863/crossfire.run.log.parallelization
17:43:07-MAIN-INFO: To see status of local checks, look at /nfs/site/disks/ipg_scf_00159/ajavidi_ship/SHIP_23ww18d3/arf086b128e1r1w0cbbehsaa4acw_work/ship/ip/arf086b128e1r1w0cbbehsaa4acw/zsc11_scc018035_3May2023_172639/crossfire/crossfire/arf086b128e1r1w0cbbehsaa4acw.uv1.2023_05_03_173932.15863/crossfire.run.log.parallelization
17:43:07-MAIN-INFO: To see status of netbatch checks, look at /nfs/site/disks/ipg_scf_00159/ajavidi_ship/SHIP_23ww18d3/arf086b128e1r1w0cbbehsaa4acw_work/ship/ip/arf086b128e1r1w0cbbehsaa4acw/zsc11_scc018035_3May2023_172639/crossfire/crossfire/arf086b128e1r1w0cbbehsaa4acw.uv1.2023_05_03_173932.15863/crossfire.run.log.nblog
17:43:07-MAIN-INFO:   Note: it may take a minute or so before the file starts to be populated
17:53:23-MAIN-INFO: Wrote file: /nfs/site/disks/ipg_scf_00159/ajavidi_ship/SHIP_23ww18d3/arf086b128e1r1w0cbbehsaa4acw_work/ship/ip/arf086b128e1r1w0cbbehsaa4acw/zsc11_scc018035_3May2023_172639/crossfire/crossfire/arf086b128e1r1w0cbbehsaa4acw.uv1.2023_05_03_173932.15863/crossfire.run.log.report
17:53:23-MAIN-INFO: Wrote /nfs/site/disks/ipg_scf_00159/ajavidi_ship/SHIP_23ww18d3/arf086b128e1r1w0cbbehsaa4acw_work/ship/ip/arf086b128e1r1w0cbbehsaa4acw/zsc11_scc018035_3May2023_172639/crossfire/crossfire/arf086b128e1r1w0cbbehsaa4acw.uv1.2023_05_03_173932.15863/crossfire.run.log
17:53:23-MAIN-INFO: Writing review files ...
17:53:23-MAIN-INFO: Running review command: /p/hdk/pu_tu/prd/ipqa_xfire/23.01.005.p003/bin/write_review.py --mode ship --checks_run /nfs/site/disks/ipg_scf_00159/ajavidi_ship/SHIP_23ww18d3/arf086b128e1r1w0cbbehsaa4acw_work/ship/ip/arf086b128e1r1w0cbbehsaa4acw/zsc11_scc018035_3May2023_172639/crossfire/crossfire/arf086b128e1r1w0cbbehsaa4acw.uv1.2023_05_03_173932.15863/crossfire.checks_run --dynamic_log /nfs/site/disks/ipg_scf_00159/ajavidi_ship/SHIP_23ww18d3/arf086b128e1r1w0cbbehsaa4acw_work/ship/ip/arf086b128e1r1w0cbbehsaa4acw/zsc11_scc018035_3May2023_172639/crossfire/crossfire/arf086b128e1r1w0cbbehsaa4acw.uv1.2023_05_03_173932.15863/crossfire.dynamic.rules --waived_log /nfs/site/disks/ipg_scf_00159/ajavidi_ship/SHIP_23ww18d3/arf086b128e1r1w0cbbehsaa4acw_work/ship/ip/arf086b128e1r1w0cbbehsaa4acw/zsc11_scc018035_3May2023_172639/crossfire/crossfire/arf086b128e1r1w0cbbehsaa4acw.uv1.2023_05_03_173932.15863/crossfire.run.log --output_log /nfs/site/disks/ipg_scf_00159/ajavidi_ship/SHIP_23ww18d3/arf086b128e1r1w0cbbehsaa4acw_work/ship/ip/arf086b128e1r1w0cbbehsaa4acw/zsc11_scc018035_3May2023_172639/crossfire/collateral/ebb/checks/arf086b128e1r1w0cbbehsaa4acw.crossfire.log --config /nfs/site/disks/ipg_scf_00159/ajavidi_ship/SHIP_23ww18d3/arf086b128e1r1w0cbbehsaa4acw_work/ship/ip/arf086b128e1r1w0cbbehsaa4acw/zsc11_scc018035_3May2023_172639/crossfire/crossfire/arf086b128e1r1w0cbbehsaa4acw.uv1.2023_05_03_173932.15863/presetup/review.cfg/nfs/site/disks/ipg_scf_00159/ajavidi_ship/SHIP_23ww18d3/arf086b128e1r1w0cbbehsaa4acw_work/ship/ip/arf086b128e1r1w0cbbehsaa4acw/zsc11_scc018035_3May2023_172639/crossfire/collateral/ebb/checks/arf086b128e1r1w0cbbehsaa4acw.crossfire.manifest --append_manifest 1 --checklist default,31,32,7303,7306 --checklist timing,31,32,15118,16002,7605,16026,16108,16712,16107,16215,7607,7708,7709,7710,7410,7503,16510,16704 --checklist horizontal,61,16227,16217,7505,15106,21,7309,15105,15112,16024,16029,16044,16048,16109,16040,16041,16042,16043,16046,16206,16225,16350,1103,7510,15122,15133,15211,16015,16200 --checklist driftchecks,16910 --checklist lef,15217,15301,15302,15308,15315,15206,15214,15304,15322,15305,15306,15321
17:53:25-MAIN-INFO: fail:rule_number,rule_name,duration,waive,setup_warning,warning,error,fatal
17:53:25-MAIN-INFO: pass:0,parsing: Rule 0,552.720,0,0,1,0,0
17:53:25-MAIN-INFO: pass:1103,Check if the correct related power pins are used in a liberty file: Rule 1103,18.364,0,0,0,0,0
17:53:25-MAIN-INFO: pass:15105,Naming convention check for buses: Rule 15105,6.280,0,1,0,0,0
17:53:25-MAIN-INFO: pass:15106,Check for the presence of a file: Rule 15106,1.912,0,0,0,0,0
17:53:25-MAIN-INFO: pass:15112,Pin direction check: Rule 15112,2.588,0,0,0,0,0
17:53:25-MAIN-INFO: pass:15118,Check power and ground pin names: Rule 15118,2.140,0,0,0,0,0
17:53:25-MAIN-INFO: pass:15122,Liberty vs UPF: Rule 15122,2.301,0,0,0,0,0
17:53:25-MAIN-INFO: pass:15133,Analog bidirectional pins check: Rule 15133,4.283,0,0,0,0,0
17:53:25-MAIN-INFO: pass:15206,Layer presence check: Rule 15206,3.292,0,0,0,0,0
17:53:25-MAIN-INFO: pass:15211,Pin location check: Rule 15211,4.604,0,0,0,0,0
17:53:25-MAIN-INFO: pass:15214,Polygon covered by BOUNDARY check: Rule 15214,1.112,0,0,0,0,0
17:53:25-MAIN-INFO: pass:15217,Pin width and length check: Rule 15217,1.177,0,0,0,0,0
17:53:25-MAIN-INFO: pass:15301,LEF CLASS check: Rule 15301,0.818,0,0,0,0,0
17:53:25-MAIN-INFO: pass:15302,LEF ORIGIN and SIZE check: Rule 15302,1.226,0,0,0,0,0
17:53:25-MAIN-INFO: pass:15304,LEF MACRO check: Rule 15304,4.725,0,0,0,0,0
17:53:25-MAIN-INFO: pass:15305,LEF HEADER check: Rule 15305,2.384,0,0,0,0,0
17:53:25-MAIN-INFO: pass:15306,LEF SYMMETRY check: Rule 15306,1.964,1,0,0,0,0
17:53:25-MAIN-INFO: pass:15308,LEF double PINS and rectangles check: Rule 15308,3.969,0,0,0,0,0
17:53:25-MAIN-INFO: pass:15315,LEF presence of sheet and detailed OBS layers check: Rule 15315,2.401,0,1,0,0,0
17:53:25-MAIN-INFO: pass:16002,compiles-lib-in-current-environment: Rule 16002,497.197,0,0,0,0,0
17:53:25-MAIN-INFO: pass:16015,Check-for-PIN-types-defined-in-attribute.xml: Rule 16015,0.623,0,0,0,0,0
17:53:25-MAIN-INFO: pass:16024,Check-for-ip2sd-error-messages: Rule 16024,0.761,0,0,6,0,0
17:53:25-MAIN-INFO: pass:16026,NDM-load-ability-check: Rule 16026,66.924,0,0,0,0,0
17:53:25-MAIN-INFO: pass:16029,Reports-UPF-sourcing-errors: Rule 16029,0.678,0,0,0,0,0
17:53:25-MAIN-INFO: pass:16048,Checks-attribute-value-in-attribute.XML: Rule 16048,1.050,0,0,1,0,0
17:53:25-MAIN-INFO: pass:16107,Liberty-file-naming-rule-check.: Rule 16107,3.271,0,0,0,0,0
17:53:25-MAIN-INFO: pass:16108,Analog-attribute-consistency-check: Rule 16108,2.007,0,0,1,0,0
17:53:25-MAIN-INFO: fail:16109,PSC-CSV-check: Rule 16109,4.076,0,0,0,9,0
17:53:25-MAIN-INFO: pass:16206,Hipspec-Compliance-check: Rule 16206,1.532,0,0,0,0,0
17:53:25-MAIN-INFO: pass:16215,Checks-that-pins-matching-the-bus-naming-convention-is-defined-within-buses: Rule 16215,1.801,0,0,0,0,0
17:53:25-MAIN-INFO: pass:16217,Flags-pins-that-have-illegal-related_pin-on-timing-arcs: Rule 16217,6.646,0,0,0,0,0
17:53:25-MAIN-INFO: pass:16225,Flags-errors-thrown-by-ship---swizzle-stage: Rule 16225,2.201,0,0,2,0,0
17:53:25-MAIN-INFO: pass:16227,Check-for-custom-cfs: Rule 16227,1.621,0,0,0,0,0
17:53:25-MAIN-INFO: pass:16350,Flags-absolute-links-within-a-directory: Rule 16350,2.379,0,0,0,0,0
17:53:25-MAIN-INFO: fail:16510,Generic-attribute-conditions-check: Rule 16510,6.032,0,1,0,8,0
17:53:25-MAIN-INFO: fail:16704,Runs-OCV-presence-checks: Rule 16704,4.798,0,0,0,9184,0
17:53:25-MAIN-INFO: pass:16712,Flags-duplicate-pvts: Rule 16712,3.783,0,0,0,0,0
17:53:25-MAIN-INFO: pass:21,cell presence contents check: Rule 21,5.529,0,0,0,0,0
17:53:25-MAIN-INFO: pass:"31,32","pin quantity check: Rule 31,32",2.974,0,0,0,0,0
17:53:25-MAIN-INFO: pass:7309,Check pin properties across liberty files: Rule 7309,1.869,0,0,0,0,0
17:53:25-MAIN-INFO: pass:7410,Ensure arcs present for given related_pins: Rule 7410,1.652,0,0,0,0,0
17:53:25-MAIN-INFO: pass:7503,Check for double defined voltage_map: Rule 7503,1.709,0,0,0,0,0
17:53:25-MAIN-INFO: pass:7505,Intra-Liberty Related PG Pin Check: Rule 7505,7.907,0,0,0,0,0
17:53:25-MAIN-INFO: pass:7510,Generic attribute conditions check: Rule 7510,9.626,0,0,0,0,0
17:53:25-MAIN-INFO: pass:7601,Cross-check presence of all tables in NLDM files: Rule 7601,6.204,0,0,0,0,0
17:53:25-MAIN-INFO: pass:7605:OptUserParameters,Check user defined parameters and values in liberty file: Rule 7605,1.212,0,0,0,0,0
17:53:25-MAIN-INFO: pass:7605:UserParameters,Check user defined parameters and values in liberty file: Rule 7605,1.501,0,0,0,0,0
17:53:25-MAIN-INFO: pass:7607,Check the presence of arcs on pins: Rule 7607,2.103,0,0,0,0,0
17:53:25-MAIN-INFO: SUCCESSFUL DIRTY RUN (4 rules failed)
17:53:25-MAIN-INFO: Elapsed time: 0:13:52.443564  (hr:min:sec)
17:53:25-MAIN-INFO: Crossfire Run Completed.
17:53:25-MAIN-INFO: Wrote file: /nfs/site/disks/ipg_scf_00159/ajavidi_ship/SHIP_23ww18d3/arf086b128e1r1w0cbbehsaa4acw_work/ship/ip/arf086b128e1r1w0cbbehsaa4acw/zsc11_scc018035_3May2023_172639/crossfire/crossfire/arf086b128e1r1w0cbbehsaa4acw.uv1.2023_05_03_173932.15863/crossfire_metrics.json
