+-----------------------------------------------------------------------------+
| Executed on    : sccc522513          Feeder : arf062b128e1r1w0cbbehsaa4acw_2226_zsc11_sccc522513|
| Starting time  : Thu Apr 27 10:42:10 2023                                   |
| Command        : /nfs/site/disks/ipg_scf_00159/ajavidi_ship/SHIP_23ww17d4/arf062b128e1r1w0cbbehsaa4acw_work/ship/ip/arf062b128e1r1w0cbbehsaa4acw/zsc11_sccc522513_27Apr2023_221735/.metadata/scripts/checks.qa_wb.checks-qa_wb.run.csh|
+-----------------------------------------------------------------------------+
/p/hdk/pu_tu/prd/ship/23.02.001/bin/ship_sa.pl -block arf062b128e1r1w0cbbehsaa4acw -src checks -dest qa_wb -action run -meta_dir /nfs/site/disks/ipg_scf_00159/ajavidi_ship/SHIP_23ww17d4/arf062b128e1r1w0cbbehsaa4acw_work/ship/ip/arf062b128e1r1w0cbbehsaa4acw/zsc11_sccc522513_27Apr2023_221735/.metadata -task checks-qa_wb -meta_prefix ship.default
-I- Loaded /nfs/site/disks/ipg_scf_00159/ajavidi_ship/SHIP_23ww17d4/arf062b128e1r1w0cbbehsaa4acw_work/ship/ip/arf062b128e1r1w0cbbehsaa4acw/zsc11_sccc522513_27Apr2023_221735/.metadata/ip_arf062b128e1r1w0cbbehsaa4acw.yml
-I- Loaded /nfs/site/disks/ipg_scf_00159/ajavidi_ship/SHIP_23ww17d4/arf062b128e1r1w0cbbehsaa4acw_work/ship/ip/arf062b128e1r1w0cbbehsaa4acw/zsc11_sccc522513_27Apr2023_221735/.metadata/stage_checks_arf062b128e1r1w0cbbehsaa4acw.yml
-I- Loaded /nfs/site/disks/ipg_scf_00159/ajavidi_ship/SHIP_23ww17d4/arf062b128e1r1w0cbbehsaa4acw_work/ship/ip/arf062b128e1r1w0cbbehsaa4acw/zsc11_sccc522513_27Apr2023_221735/.metadata/stage_qa_wb_arf062b128e1r1w0cbbehsaa4acw.yml
-I- Writing summary file to /nfs/site/disks/ipg_scf_00159/ajavidi_ship/SHIP_23ww17d4/arf062b128e1r1w0cbbehsaa4acw_work/ship/ip/arf062b128e1r1w0cbbehsaa4acw/zsc11_sccc522513_27Apr2023_221735/.metadata/ship.default.qa_wb.run.sum
-I- Loaded /nfs/site/disks/ipg_scf_00159/ajavidi_ship/SHIP_23ww17d4/arf062b128e1r1w0cbbehsaa4acw_work/ship/ip/arf062b128e1r1w0cbbehsaa4acw/zsc11_sccc522513_27Apr2023_221735/.metadata/stage_crossfire_arf062b128e1r1w0cbbehsaa4acw.yml
-I- crossfire -> /nfs/site/disks/ipg_scf_00159/ajavidi_ship/SHIP_23ww17d4/arf062b128e1r1w0cbbehsaa4acw_work/ship/ip/arf062b128e1r1w0cbbehsaa4acw/zsc11_sccc522513_27Apr2023_221735/crossfire
-I- Loaded /nfs/site/disks/ipg_scf_00159/ajavidi_ship/SHIP_23ww17d4/arf062b128e1r1w0cbbehsaa4acw_work/ship/ip/arf062b128e1r1w0cbbehsaa4acw/zsc11_sccc522513_27Apr2023_221735/.metadata/stage_staging_arf062b128e1r1w0cbbehsaa4acw.yml
-I- staging -> /nfs/site/disks/ipg_scf_00159/ajavidi_ship/SHIP_23ww17d4/arf062b128e1r1w0cbbehsaa4acw_work/ship/ip/arf062b128e1r1w0cbbehsaa4acw/zsc11_sccc522513_27Apr2023_221735/staging
-I- Mapping /nfs/site/disks/ipg_scf_00159/ajavidi_ship/SHIP_23ww17d4/arf062b128e1r1w0cbbehsaa4acw_work/ship/ip/arf062b128e1r1w0cbbehsaa4acw/zsc11_sccc522513_27Apr2023_221735/crossfire to /nfs/site/disks/ipg_scf_00159/ajavidi_ship/SHIP_23ww17d4/arf062b128e1r1w0cbbehsaa4acw_work/ship/ip/arf062b128e1r1w0cbbehsaa4acw/zsc11_sccc522513_27Apr2023_221735/staging
-I- Running 13 copy ops from /nfs/site/disks/ipg_scf_00159/ajavidi_ship/SHIP_23ww17d4/arf062b128e1r1w0cbbehsaa4acw_work/ship/ip/arf062b128e1r1w0cbbehsaa4acw/zsc11_sccc522513_27Apr2023_221735/crossfire
-I- Writing summary file to /nfs/site/disks/ipg_scf_00159/ajavidi_ship/SHIP_23ww17d4/arf062b128e1r1w0cbbehsaa4acw_work/ship/ip/arf062b128e1r1w0cbbehsaa4acw/zsc11_sccc522513_27Apr2023_221735/.metadata/ship.default.qa_wb.run.sum
+-----------------------------------------------------------------------------+
| Exit Status    : 0                                                          |
| Finishing time : Thu Apr 27 10:42:14 2023                                   |
+-----------------------------------------------------------------------------+
