
s: Crossfire Rule: 15206
d: Layer presence check
i: firefox -new-window /nfs/site/disks/ipg_scf_00159/ajavidi_ship/SHIP_23ww17d4/arf132b128e1r1w0cbbehbaa4acw_work/ship/ip/arf132b128e1r1w0cbbehbaa4acw/zsc11_scca35108_28Apr2023_015201/crossfire/crossfire/arf132b128e1r1w0cbbehbaa4acw.uv1.2023_04_28_015826.19843/html/index_per_rule.html

s: Crossfire Rule: 15214
d: Pol boundCoverageCheck
i: firefox -new-window /nfs/site/disks/ipg_scf_00159/ajavidi_ship/SHIP_23ww17d4/arf132b128e1r1w0cbbehbaa4acw_work/ship/ip/arf132b128e1r1w0cbbehbaa4acw/zsc11_scca35108_28Apr2023_015201/crossfire/crossfire/arf132b128e1r1w0cbbehbaa4acw.uv1.2023_04_28_015826.19843/html/index_per_rule.html

s: Crossfire Rule: 15217
d: PinWidthLengthCheck
i: firefox -new-window /nfs/site/disks/ipg_scf_00159/ajavidi_ship/SHIP_23ww17d4/arf132b128e1r1w0cbbehbaa4acw_work/ship/ip/arf132b128e1r1w0cbbehbaa4acw/zsc11_scca35108_28Apr2023_015201/crossfire/crossfire/arf132b128e1r1w0cbbehbaa4acw.uv1.2023_04_28_015826.19843/html/index_per_rule.html

s: Crossfire Rule: 15301
d: LEFCLASScheck
i: firefox -new-window /nfs/site/disks/ipg_scf_00159/ajavidi_ship/SHIP_23ww17d4/arf132b128e1r1w0cbbehbaa4acw_work/ship/ip/arf132b128e1r1w0cbbehbaa4acw/zsc11_scca35108_28Apr2023_015201/crossfire/crossfire/arf132b128e1r1w0cbbehbaa4acw.uv1.2023_04_28_015826.19843/html/index_per_rule.html

s: Crossfire Rule: 15302
d: LEFOriginSizecheck
i: firefox -new-window /nfs/site/disks/ipg_scf_00159/ajavidi_ship/SHIP_23ww17d4/arf132b128e1r1w0cbbehbaa4acw_work/ship/ip/arf132b128e1r1w0cbbehbaa4acw/zsc11_scca35108_28Apr2023_015201/crossfire/crossfire/arf132b128e1r1w0cbbehbaa4acw.uv1.2023_04_28_015826.19843/html/index_per_rule.html

s: Crossfire Rule: 15304
d: LEFMacroCheck
i: firefox -new-window /nfs/site/disks/ipg_scf_00159/ajavidi_ship/SHIP_23ww17d4/arf132b128e1r1w0cbbehbaa4acw_work/ship/ip/arf132b128e1r1w0cbbehbaa4acw/zsc11_scca35108_28Apr2023_015201/crossfire/crossfire/arf132b128e1r1w0cbbehbaa4acw.uv1.2023_04_28_015826.19843/html/index_per_rule.html

s: Crossfire Rule: 15305
d: LEFHeaderCheck
i: firefox -new-window /nfs/site/disks/ipg_scf_00159/ajavidi_ship/SHIP_23ww17d4/arf132b128e1r1w0cbbehbaa4acw_work/ship/ip/arf132b128e1r1w0cbbehbaa4acw/zsc11_scca35108_28Apr2023_015201/crossfire/crossfire/arf132b128e1r1w0cbbehbaa4acw.uv1.2023_04_28_015826.19843/html/index_per_rule.html

s: Crossfire Rule: 15306
d: LEFSymmetryCheck
i: firefox -new-window /nfs/site/disks/ipg_scf_00159/ajavidi_ship/SHIP_23ww17d4/arf132b128e1r1w0cbbehbaa4acw_work/ship/ip/arf132b128e1r1w0cbbehbaa4acw/zsc11_scca35108_28Apr2023_015201/crossfire/crossfire/arf132b128e1r1w0cbbehbaa4acw.uv1.2023_04_28_015826.19843/html/index_per_rule.html

s: Crossfire Rule: 15308
d: PinsSingleRect
i: firefox -new-window /nfs/site/disks/ipg_scf_00159/ajavidi_ship/SHIP_23ww17d4/arf132b128e1r1w0cbbehbaa4acw_work/ship/ip/arf132b128e1r1w0cbbehbaa4acw/zsc11_scca35108_28Apr2023_015201/crossfire/crossfire/arf132b128e1r1w0cbbehbaa4acw.uv1.2023_04_28_015826.19843/html/index_per_rule.html

s: Crossfire Rule: 15315
d: SheetDetailBlockage
i: firefox -new-window /nfs/site/disks/ipg_scf_00159/ajavidi_ship/SHIP_23ww17d4/arf132b128e1r1w0cbbehbaa4acw_work/ship/ip/arf132b128e1r1w0cbbehbaa4acw/zsc11_scca35108_28Apr2023_015201/crossfire/crossfire/arf132b128e1r1w0cbbehbaa4acw.uv1.2023_04_28_015826.19843/html/index_per_rule.html
