+-----------------------------------------------------------------------------+
| Executed on    : scc018035           Feeder : arf086b128e1r1w0cbbehsaa4acw_25810_zsc11_scc018035|
| Starting time  : Wed May 03  5:39:20 2023                                   |
| Command        : /nfs/site/disks/ipg_scf_00159/ajavidi_ship/SHIP_23ww18d3/arf086b128e1r1w0cbbehsaa4acw_work/ship/ip/arf086b128e1r1w0cbbehsaa4acw/zsc11_scc018035_3May2023_172639/.metadata/scripts/staging.traceability.staging-traceability.run.csh|
+-----------------------------------------------------------------------------+
/p/hdk/pu_tu/prd/ship/23.02.001/bin/ship_sa.pl -block arf086b128e1r1w0cbbehsaa4acw -src staging -dest traceability -action run -meta_dir /nfs/site/disks/ipg_scf_00159/ajavidi_ship/SHIP_23ww18d3/arf086b128e1r1w0cbbehsaa4acw_work/ship/ip/arf086b128e1r1w0cbbehsaa4acw/zsc11_scc018035_3May2023_172639/.metadata -task staging-traceability -meta_prefix ship.default
-I- Loaded /nfs/site/disks/ipg_scf_00159/ajavidi_ship/SHIP_23ww18d3/arf086b128e1r1w0cbbehsaa4acw_work/ship/ip/arf086b128e1r1w0cbbehsaa4acw/zsc11_scc018035_3May2023_172639/.metadata/ip_arf086b128e1r1w0cbbehsaa4acw.yml
-I- Loaded /nfs/site/disks/ipg_scf_00159/ajavidi_ship/SHIP_23ww18d3/arf086b128e1r1w0cbbehsaa4acw_work/ship/ip/arf086b128e1r1w0cbbehsaa4acw/zsc11_scc018035_3May2023_172639/.metadata/stage_staging_arf086b128e1r1w0cbbehsaa4acw.yml
-I- Loaded /nfs/site/disks/ipg_scf_00159/ajavidi_ship/SHIP_23ww18d3/arf086b128e1r1w0cbbehsaa4acw_work/ship/ip/arf086b128e1r1w0cbbehsaa4acw/zsc11_scc018035_3May2023_172639/.metadata/stage_traceability_arf086b128e1r1w0cbbehsaa4acw.yml
-I- Writing summary file to /nfs/site/disks/ipg_scf_00159/ajavidi_ship/SHIP_23ww18d3/arf086b128e1r1w0cbbehsaa4acw_work/ship/ip/arf086b128e1r1w0cbbehsaa4acw/zsc11_scc018035_3May2023_172639/.metadata/ship.default.traceability.run.sum
-I- Loaded /nfs/site/disks/ipg_scf_00159/ajavidi_ship/SHIP_23ww18d3/arf086b128e1r1w0cbbehsaa4acw_work/ship/ip/arf086b128e1r1w0cbbehsaa4acw/zsc11_scc018035_3May2023_172639/.metadata/stage_staging_arf086b128e1r1w0cbbehsaa4acw.yml
-I- Project library is: not applicable to ARC projects
-I- -fqn switch is: ipghrf_7nm.CMO_SPRF_DMRA0_EV1_UPDATE@.MAINLINE
-I- meta file fqn: ipghrf_7nm.CMO_SPRF_DMRA0_EV1_UPDATE@.MAINLINE
-I- Executing command: ipx ip lineage -ip ipghrf_7nm.CMO_SPRF_DMRA0_EV1_UPDATE@.MAINLINE -logfile none -format flatjson
INFO: IPX completed successfully
-I- Shipped IP will be traced back to this lineage:
-I- ipghrf_7nm.CMO_SPRF_DMRA0_EV1_UPDATE@318.MAINLINE
-I- Writing summary file to /nfs/site/disks/ipg_scf_00159/ajavidi_ship/SHIP_23ww18d3/arf086b128e1r1w0cbbehsaa4acw_work/ship/ip/arf086b128e1r1w0cbbehsaa4acw/zsc11_scc018035_3May2023_172639/.metadata/ship.default.traceability.run.sum
+-----------------------------------------------------------------------------+
| Exit Status    : 0                                                          |
| Finishing time : Wed May 03  5:39:23 2023                                   |
+-----------------------------------------------------------------------------+
