+-----------------------------------------------------------------------------+
| Executed on    : scc018035           Feeder : arf086b128e1r1w0cbbehsaa4acw_25810_zsc11_scc018035|
| Starting time  : Wed May 03  5:27:05 2023                                   |
| Command        : /nfs/site/disks/ipg_scf_00159/ajavidi_ship/SHIP_23ww18d3/arf086b128e1r1w0cbbehsaa4acw_work/ship/ip/arf086b128e1r1w0cbbehsaa4acw/zsc11_scc018035_3May2023_172639/.metadata/scripts/orig.unpacked.orig-unpacked.run.csh|
+-----------------------------------------------------------------------------+
/p/hdk/pu_tu/prd/ship/23.02.001/bin/ship_sa.pl -block arf086b128e1r1w0cbbehsaa4acw -src orig -dest unpacked -action run -meta_dir /nfs/site/disks/ipg_scf_00159/ajavidi_ship/SHIP_23ww18d3/arf086b128e1r1w0cbbehsaa4acw_work/ship/ip/arf086b128e1r1w0cbbehsaa4acw/zsc11_scc018035_3May2023_172639/.metadata -task orig-unpacked -meta_prefix ship.default
-I- Loaded /nfs/site/disks/ipg_scf_00159/ajavidi_ship/SHIP_23ww18d3/arf086b128e1r1w0cbbehsaa4acw_work/ship/ip/arf086b128e1r1w0cbbehsaa4acw/zsc11_scc018035_3May2023_172639/.metadata/ip_arf086b128e1r1w0cbbehsaa4acw.yml
-I- Loaded /nfs/site/disks/ipg_scf_00159/ajavidi_ship/SHIP_23ww18d3/arf086b128e1r1w0cbbehsaa4acw_work/ship/ip/arf086b128e1r1w0cbbehsaa4acw/zsc11_scc018035_3May2023_172639/.metadata/stage_orig_arf086b128e1r1w0cbbehsaa4acw.yml
-I- Loaded /nfs/site/disks/ipg_scf_00159/ajavidi_ship/SHIP_23ww18d3/arf086b128e1r1w0cbbehsaa4acw_work/ship/ip/arf086b128e1r1w0cbbehsaa4acw/zsc11_scc018035_3May2023_172639/.metadata/stage_unpacked_arf086b128e1r1w0cbbehsaa4acw.yml
-I- Writing summary file to /nfs/site/disks/ipg_scf_00159/ajavidi_ship/SHIP_23ww18d3/arf086b128e1r1w0cbbehsaa4acw_work/ship/ip/arf086b128e1r1w0cbbehsaa4acw/zsc11_scc018035_3May2023_172639/.metadata/ship.default.unpacked.run.sum
-I- Executing command: mkdir -p /nfs/site/disks/ipg_scf_00159/ajavidi_ship/SHIP_23ww18d3/arf086b128e1r1w0cbbehsaa4acw_work/ship/ip/arf086b128e1r1w0cbbehsaa4acw/zsc11_scc018035_3May2023_172639/unpacked
-I- Unpacking .
-I- Executing command: mkdir -p /nfs/site/disks/ipg_scf_00159/ajavidi_ship/SHIP_23ww18d3/arf086b128e1r1w0cbbehsaa4acw_work/ship/ip/arf086b128e1r1w0cbbehsaa4acw/zsc11_scc018035_3May2023_172639/unpacked/.
-I- Executing command: tar -zxf /nfs/site/disks/ipg_scf_00159/ajavidi_ship/SHIP_23ww18d3/arf086b128e1r1w0cbbehsaa4acw_work/ship/ip/arf086b128e1r1w0cbbehsaa4acw/zsc11_scc018035_3May2023_172639/orig/arf086b128e1r1w0cbbehsaa4acw.tar.gz -C /nfs/site/disks/ipg_scf_00159/ajavidi_ship/SHIP_23ww18d3/arf086b128e1r1w0cbbehsaa4acw_work/ship/ip/arf086b128e1r1w0cbbehsaa4acw/zsc11_scc018035_3May2023_172639/unpacked/.
-I- Using hipspec config /p/hdk/pu_tu/prd/ship/23.02.001/config/manifest_templates/hipspec_1276.manifest.cfg
-I- -manifest_cfg resolved to '/nfs/site/disks/crt_tools_050/ship/23.02.001/config/manifest_templates/hipspec_1276.manifest.cfg'
-I- Executing command: /p/hdk/pu_tu/prd/iphandoff/23.02.001/bin/make_manifest.py -write_cfg /nfs/site/disks/ipg_scf_00159/ajavidi_ship/SHIP_23ww18d3/arf086b128e1r1w0cbbehsaa4acw_work/ship/ip/arf086b128e1r1w0cbbehsaa4acw/zsc11_scc018035_3May2023_172639/unpacked/arf086b128e1r1w0cbbehsaa4acw.manifest.cfg -config /nfs/site/disks/crt_tools_050/ship/23.02.001/config/manifest_templates/hipspec_1276.manifest.cfg -dir /nfs/site/disks/ipg_scf_00159/ajavidi_ship/SHIP_23ww18d3/arf086b128e1r1w0cbbehsaa4acw_work/ship/ip/arf086b128e1r1w0cbbehsaa4acw/zsc11_scc018035_3May2023_172639/unpacked -libname arf086b128e1r1w0cbbehsaa4acw -output '/nfs/site/disks/ipg_scf_00159/ajavidi_ship/SHIP_23ww18d3/arf086b128e1r1w0cbbehsaa4acw_work/ship/ip/arf086b128e1r1w0cbbehsaa4acw/zsc11_scc018035_3May2023_172639/unpacked/manifest.xml' IP=arf086b128e1r1w0cbbehsaa4acw
-I- Unzipping data in /nfs/site/disks/ipg_scf_00159/ajavidi_ship/SHIP_23ww18d3/arf086b128e1r1w0cbbehsaa4acw_work/ship/ip/arf086b128e1r1w0cbbehsaa4acw/zsc11_scc018035_3May2023_172639/unpacked/manifest.xml
-I- Writing updated manifest to /nfs/site/disks/ipg_scf_00159/ajavidi_ship/SHIP_23ww18d3/arf086b128e1r1w0cbbehsaa4acw_work/ship/ip/arf086b128e1r1w0cbbehsaa4acw/zsc11_scc018035_3May2023_172639/unpacked/manifest.xml
-I- Checking /nfs/site/disks/ipg_scf_00159/ajavidi_ship/SHIP_23ww18d3/arf086b128e1r1w0cbbehsaa4acw_work/ship/ip/arf086b128e1r1w0cbbehsaa4acw/zsc11_scc018035_3May2023_172639/unpacked/manifest.xml for <type>attribute_xml
-I- Checking /nfs/site/disks/ipg_scf_00159/ajavidi_ship/SHIP_23ww18d3/arf086b128e1r1w0cbbehsaa4acw_work/ship/ip/arf086b128e1r1w0cbbehsaa4acw/zsc11_scc018035_3May2023_172639/unpacked/doc/arf086b128e1r1w0cbbehsaa4acw.attribute.xml for <multi_cell>
-I- Writing summary file to /nfs/site/disks/ipg_scf_00159/ajavidi_ship/SHIP_23ww18d3/arf086b128e1r1w0cbbehsaa4acw_work/ship/ip/arf086b128e1r1w0cbbehsaa4acw/zsc11_scc018035_3May2023_172639/.metadata/ship.default.unpacked.run.sum
+-----------------------------------------------------------------------------+
| Exit Status    : 0                                                          |
| Finishing time : Wed May 03  5:27:15 2023                                   |
+-----------------------------------------------------------------------------+
