+-----------------------------------------------------------------------------+
| Executed on    : scc349036           Feeder : arf066b128e2r1w0cbbehsaa4acw_16101_zsc11_scc349036|
| Starting time  : Thu Apr 27 10:24:55 2023                                   |
| Command        : /nfs/site/disks/ipg_scf_00159/ajavidi_ship/SHIP_23ww17d4/arf066b128e2r1w0cbbehsaa4acw_work/ship/ip/arf066b128e2r1w0cbbehsaa4acw/zsc11_scc349036_27Apr2023_221733/.metadata/scripts/checks.crossfire.checks-crossfire.run.csh|
+-----------------------------------------------------------------------------+
/p/hdk/pu_tu/prd/ship/23.02.001/bin/ship_sa.pl -block arf066b128e2r1w0cbbehsaa4acw -src checks -dest crossfire -action run -meta_dir /nfs/site/disks/ipg_scf_00159/ajavidi_ship/SHIP_23ww17d4/arf066b128e2r1w0cbbehsaa4acw_work/ship/ip/arf066b128e2r1w0cbbehsaa4acw/zsc11_scc349036_27Apr2023_221733/.metadata -task checks-crossfire -meta_prefix ship.default
-I- Loaded /nfs/site/disks/ipg_scf_00159/ajavidi_ship/SHIP_23ww17d4/arf066b128e2r1w0cbbehsaa4acw_work/ship/ip/arf066b128e2r1w0cbbehsaa4acw/zsc11_scc349036_27Apr2023_221733/.metadata/ip_arf066b128e2r1w0cbbehsaa4acw.yml
-I- Loaded /nfs/site/disks/ipg_scf_00159/ajavidi_ship/SHIP_23ww17d4/arf066b128e2r1w0cbbehsaa4acw_work/ship/ip/arf066b128e2r1w0cbbehsaa4acw/zsc11_scc349036_27Apr2023_221733/.metadata/stage_checks_arf066b128e2r1w0cbbehsaa4acw.yml
-I- Loaded /nfs/site/disks/ipg_scf_00159/ajavidi_ship/SHIP_23ww17d4/arf066b128e2r1w0cbbehsaa4acw_work/ship/ip/arf066b128e2r1w0cbbehsaa4acw/zsc11_scc349036_27Apr2023_221733/.metadata/stage_crossfire_arf066b128e2r1w0cbbehsaa4acw.yml
-I- Writing summary file to /nfs/site/disks/ipg_scf_00159/ajavidi_ship/SHIP_23ww17d4/arf066b128e2r1w0cbbehsaa4acw_work/ship/ip/arf066b128e2r1w0cbbehsaa4acw/zsc11_scc349036_27Apr2023_221733/.metadata/ship.default.crossfire.run.sum
-I- Using attribute XML from /nfs/site/disks/ipg_scf_00159/ajavidi_ship/SHIP_23ww17d4/arf066b128e2r1w0cbbehsaa4acw_work/ship/ip/arf066b128e2r1w0cbbehsaa4acw/zsc11_scc349036_27Apr2023_221733/staging/be/doc/arf066b128e2r1w0cbbehsaa4acw.attribute.xml
-I- PDK dir == /p/hdk/cad/pdk/pdk764_r0.9.1HP2_23ww14.5
-I- Setting up PROCESS_DOT from /p/hdk/cad/pdk/pdk764_r0.9.1HP2_23ww14.5/etc/kit.index.yaml
-I- PROESS_DOT : 4
-I- Picking up the tech values from PDK_DIR : /p/hdk/cad/pdk/pdk764_r0.9.1HP2_23ww14.5 and /p/hdk/cad/pdk/pdk764_r0.9.1HP2_23ww14.5/etc/kit.index.yaml: 
-I- Saving breadcrumb to /nfs/site/disks/ipg_scf_00159/ajavidi_ship/SHIP_23ww17d4/arf066b128e2r1w0cbbehsaa4acw_work/ship/ip/arf066b128e2r1w0cbbehsaa4acw/zsc11_scc349036_27Apr2023_221733/staging/breadcrumb.pm
-I- Found G_TECH_FILE path: /p/hdk/cad/pdk/pdk764_r0.9.1HP2_23ww14.5/apr/synopsys/tech/m20_6x_4ya_2yb_2yc_2yd_2ye_1ga_mim3x_1gb__bumpp/g1m_8dg_50pp_tp4/p1276_icc2.tf
-I- Found G_NDM2GDS_LAYER_MAP path: /p/hdk/cad/pdk/pdk764_r0.9.1HP2_23ww14.5/apr/synopsys/tech/m20_6x_4ya_2yb_2yc_2yd_2ye_1ga_mim3x_1gb__bumpp/g1m_8dg_50pp_tp4/1276Ndm2GdsLayerMap
-I- Executing command: mkdir -p /nfs/site/disks/ipg_scf_00159/ajavidi_ship/SHIP_23ww17d4/arf066b128e2r1w0cbbehsaa4acw_work/cfg/
-I- Loaded /nfs/site/disks/ipg_scf_00159/ajavidi_ship/SHIP_23ww17d4/arf066b128e2r1w0cbbehsaa4acw_work/ship/ip/arf066b128e2r1w0cbbehsaa4acw/zsc11_scc349036_27Apr2023_221733/.metadata/stage_staging_arf066b128e2r1w0cbbehsaa4acw.yml
-I- Running Crossfire in /nfs/site/disks/ipg_scf_00159/ajavidi_ship/SHIP_23ww17d4/arf066b128e2r1w0cbbehsaa4acw_work/ship/ip/arf066b128e2r1w0cbbehsaa4acw/zsc11_scc349036_27Apr2023_221733/crossfire
-I- Saving breadcrumb to /nfs/site/disks/ipg_scf_00159/ajavidi_ship/SHIP_23ww17d4/arf066b128e2r1w0cbbehsaa4acw_work/ship/ip/arf066b128e2r1w0cbbehsaa4acw/zsc11_scc349036_27Apr2023_221733/crossfire/breadcrumb.pm
-I- Running CROSSFIRE...
-I- 
	Stage               : crossfire
	IP name             : arf066b128e2r1w0cbbehsaa4acw
	Run dir             : /nfs/site/disks/ipg_scf_00159/ajavidi_ship/SHIP_23ww17d4/arf066b128e2r1w0cbbehsaa4acw_work/ship/ip/arf066b128e2r1w0cbbehsaa4acw/zsc11_scc349036_27Apr2023_221733/crossfire
	Source dir          : /nfs/site/disks/ipg_scf_00159/ajavidi_ship/SHIP_23ww17d4/arf066b128e2r1w0cbbehsaa4acw_work/ship/ip/arf066b128e2r1w0cbbehsaa4acw/zsc11_scc349036_27Apr2023_221733/staging
	Tag                 : -
	Reference Tag       : TBD
	Milestone           : UV1
	HIP Milestone       : uv1

-I- Using attribute XML from /nfs/site/disks/ipg_scf_00159/ajavidi_ship/SHIP_23ww17d4/arf066b128e2r1w0cbbehsaa4acw_work/ship/ip/arf066b128e2r1w0cbbehsaa4acw/zsc11_scc349036_27Apr2023_221733/staging/be/doc/arf066b128e2r1w0cbbehsaa4acw.attribute.xml
-I- Setting crossfire drift path to /nfs/site/disks/ipi7.arc.proj_archive/arc/arf066b128e2r1w0cbbehsaa4acw/ip_handoff/I7E240O4A0UV1RTL1IFC1V1
-I- Loaded /nfs/site/disks/ipg_scf_00159/ajavidi_ship/SHIP_23ww17d4/arf066b128e2r1w0cbbehsaa4acw_work/ship/ip/arf066b128e2r1w0cbbehsaa4acw/zsc11_scc349036_27Apr2023_221733/.metadata/stage_staging_arf066b128e2r1w0cbbehsaa4acw.yml
-I- Manifests found: /nfs/site/disks/ipg_scf_00159/ajavidi_ship/SHIP_23ww17d4/arf066b128e2r1w0cbbehsaa4acw_work/ship/ip/arf066b128e2r1w0cbbehsaa4acw/zsc11_scc349036_27Apr2023_221733/staging/manifest.xml
-I- Setup script '/nfs/site/disks/ipg_scf_00159/ajavidi_ship/SHIP_23ww17d4/arf066b128e2r1w0cbbehsaa4acw_work/ship/cmdline/zsc11_scc349036_27Apr2023_221733/arf066b128e2r1w0cbbehsaa4acw/crossfire.cmdline' was created
-I- Running commands in subprocess with filtered output (?^:(INFO: #)|(Running|Executing)|(\.log)\b). See full output at /nfs/site/disks/ipg_scf_00159/ajavidi_ship/SHIP_23ww17d4/arf066b128e2r1w0cbbehsaa4acw_work/ship/log/arf066b128e2r1w0cbbehsaa4acw/zsc11_scc349036_27Apr2023_221733/arf066b128e2r1w0cbbehsaa4acw.crossfire.stdout.log
-I- ### Enter subshell ###
-I- Executing command: tcsh -f /nfs/site/disks/ipg_scf_00159/ajavidi_ship/SHIP_23ww17d4/arf066b128e2r1w0cbbehsaa4acw_work/ship/cmdline/zsc11_scc349036_27Apr2023_221733/arf066b128e2r1w0cbbehsaa4acw/crossfire.cmdline |& tee /nfs/site/disks/ipg_scf_00159/ajavidi_ship/SHIP_23ww17d4/arf066b128e2r1w0cbbehsaa4acw_work/ship/log/arf066b128e2r1w0cbbehsaa4acw/zsc11_scc349036_27Apr2023_221733/arf066b128e2r1w0cbbehsaa4acw.crossfire.stdout.log
-I- Executing command: chdir /nfs/site/disks/ipg_scf_00159/ajavidi_ship/SHIP_23ww17d4/arf066b128e2r1w0cbbehsaa4acw_work/ship/ip/arf066b128e2r1w0cbbehsaa4acw/zsc11_scc349036_27Apr2023_221733/crossfire
-I- Executing command: /p/hdk/pu_tu/prd/ipqa_xfire/23.01.005.p003/bin/crossfire.py --block 'arf066b128e2r1w0cbbehsaa4acw'  --milestone 'uv1'  --review /nfs/site/disks/ipg_scf_00159/ajavidi_ship/SHIP_23ww17d4/arf066b128e2r1w0cbbehsaa4acw_work/ship/ip/arf066b128e2r1w0cbbehsaa4acw/zsc11_scc349036_27Apr2023_221733/crossfire/collateral/ebb/checks/arf066b128e2r1w0cbbehsaa4acw.crossfire.log --location snps_manifest --append_manifest /nfs/site/disks/ipg_scf_00159/ajavidi_ship/SHIP_23ww17d4/arf066b128e2r1w0cbbehsaa4acw_work/ship/ip/arf066b128e2r1w0cbbehsaa4acw/zsc11_scc349036_27Apr2023_221733/crossfire/collateral/ebb/checks/arf066b128e2r1w0cbbehsaa4acw.crossfire.manifest --snps_manifests /nfs/site/disks/ipg_scf_00159/ajavidi_ship/SHIP_23ww17d4/arf066b128e2r1w0cbbehsaa4acw_work/ship/ip/arf066b128e2r1w0cbbehsaa4acw/zsc11_scc349036_27Apr2023_221733/staging/manifest.xml    |& tee /nfs/site/disks/ipg_scf_00159/ajavidi_ship/SHIP_23ww17d4/arf066b128e2r1w0cbbehsaa4acw_work/ship/ip/arf066b128e2r1w0cbbehsaa4acw/zsc11_scc349036_27Apr2023_221733/crossfire/collateral/ebb/checks/arf066b128e2r1w0cbbehsaa4acw.crossfire.run.log
22:24:58-INIT-INFO: Running: /p/hdk/pu_tu/prd/ipqa_xfire/23.01.005.p003/bin/crossfire.py --block arf066b128e2r1w0cbbehsaa4acw --milestone uv1 --review /nfs/site/disks/ipg_scf_00159/ajavidi_ship/SHIP_23ww17d4/arf066b128e2r1w0cbbehsaa4acw_work/ship/ip/arf066b128e2r1w0cbbehsaa4acw/zsc11_scc349036_27Apr2023_221733/crossfire/collateral/ebb/checks/arf066b128e2r1w0cbbehsaa4acw.crossfire.log --location snps_manifest --append_manifest /nfs/site/disks/ipg_scf_00159/ajavidi_ship/SHIP_23ww17d4/arf066b128e2r1w0cbbehsaa4acw_work/ship/ip/arf066b128e2r1w0cbbehsaa4acw/zsc11_scc349036_27Apr2023_221733/crossfire/collateral/ebb/checks/arf066b128e2r1w0cbbehsaa4acw.crossfire.manifest --snps_manifests /nfs/site/disks/ipg_scf_00159/ajavidi_ship/SHIP_23ww17d4/arf066b128e2r1w0cbbehsaa4acw_work/ship/ip/arf066b128e2r1w0cbbehsaa4acw/zsc11_scc349036_27Apr2023_221733/staging/manifest.xml 
22:24:58-INIT-INFO:     review ==> /nfs/site/disks/ipg_scf_00159/ajavidi_ship/SHIP_23ww17d4/arf066b128e2r1w0cbbehsaa4acw_work/ship/ip/arf066b128e2r1w0cbbehsaa4acw/zsc11_scc349036_27Apr2023_221733/crossfire/collateral/ebb/checks/arf066b128e2r1w0cbbehsaa4acw.crossfire.log
22:25:13-MAIN-INFO: Running command: /p/hdk/pu_tu/prd/ipqa_xfire/23.01.005.p003/bin/snps_manifest_populate.py -ip arf066b128e2r1w0cbbehsaa4acw -config /nfs/site/disks/ipg_scf_00159/ajavidi_ship/SHIP_23ww17d4/arf066b128e2r1w0cbbehsaa4acw_work/ship/ip/arf066b128e2r1w0cbbehsaa4acw/zsc11_scc349036_27Apr2023_221733/crossfire/crossfire/arf066b128e2r1w0cbbehsaa4acw.uv1.2023_04_27_222458.19125/presetup/locations_snps_p0.cfg -manifest /nfs/site/disks/ipg_scf_00159/ajavidi_ship/SHIP_23ww17d4/arf066b128e2r1w0cbbehsaa4acw_work/ship/ip/arf066b128e2r1w0cbbehsaa4acw/zsc11_scc349036_27Apr2023_221733/staging/manifest.xml -collateral_dir "" -manifest_filter "" -dest /nfs/site/disks/ipg_scf_00159/ajavidi_ship/SHIP_23ww17d4/arf066b128e2r1w0cbbehsaa4acw_work/ship/ip/arf066b128e2r1w0cbbehsaa4acw/zsc11_scc349036_27Apr2023_221733/crossfire/crossfire/arf066b128e2r1w0cbbehsaa4acw.uv1.2023_04_27_222458.19125/data
22:25:13-MAIN-INFO: Running command: /p/hdk/pu_tu/prd/ipqa_xfire/23.01.005.p003/bin/snps_manifest_populate.py -ip arf066b128e2r1w0cbbehsaa4acw -config /nfs/site/disks/ipg_scf_00159/ajavidi_ship/SHIP_23ww17d4/arf066b128e2r1w0cbbehsaa4acw_work/ship/ip/arf066b128e2r1w0cbbehsaa4acw/zsc11_scc349036_27Apr2023_221733/crossfire/crossfire/arf066b128e2r1w0cbbehsaa4acw.uv1.2023_04_27_222458.19125/presetup/locations_snps_p1.cfg -manifest /nfs/site/disks/ipi7.arc.proj_archive/arc/arf066b128e2r1w0cbbehsaa4acw/ip_handoff/I7E240O4A0UV1RTL1IFC1V1/be/manifest.xml -collateral_dir "/nfs/site/disks/ipi7.arc.proj_archive/arc/arf066b128e2r1w0cbbehsaa4acw/ip_handoff/I7E240O4A0UV1RTL1IFC1V1/be" -manifest_filter "" -dest /nfs/site/disks/ipg_scf_00159/ajavidi_ship/SHIP_23ww17d4/arf066b128e2r1w0cbbehsaa4acw_work/ship/ip/arf066b128e2r1w0cbbehsaa4acw/zsc11_scc349036_27Apr2023_221733/crossfire/crossfire/arf066b128e2r1w0cbbehsaa4acw.uv1.2023_04_27_222458.19125/data
22:25:13-MAIN-INFO: Running command: /p/hdk/pu_tu/prd/ipqa_xfire/23.01.005.p003/bin/snps_manifest_populate.py -ip arf066b128e2r1w0cbbehsaa4acw -config /nfs/site/disks/ipg_scf_00159/ajavidi_ship/SHIP_23ww17d4/arf066b128e2r1w0cbbehsaa4acw_work/ship/ip/arf066b128e2r1w0cbbehsaa4acw/zsc11_scc349036_27Apr2023_221733/crossfire/crossfire/arf066b128e2r1w0cbbehsaa4acw.uv1.2023_04_27_222458.19125/presetup/locations_snps_p1.cfg -manifest /nfs/site/disks/ipi7.arc.proj_archive/arc/arf066b128e2r1w0cbbehsaa4acw/ip_handoff/I7E240O4A0UV1RTL1IFC1V1/fe/manifest.xml -collateral_dir "/nfs/site/disks/ipi7.arc.proj_archive/arc/arf066b128e2r1w0cbbehsaa4acw/ip_handoff/I7E240O4A0UV1RTL1IFC1V1/fe" -manifest_filter "" -dest /nfs/site/disks/ipg_scf_00159/ajavidi_ship/SHIP_23ww17d4/arf066b128e2r1w0cbbehsaa4acw_work/ship/ip/arf066b128e2r1w0cbbehsaa4acw/zsc11_scc349036_27Apr2023_221733/crossfire/crossfire/arf066b128e2r1w0cbbehsaa4acw.uv1.2023_04_27_222458.19125/data
22:25:21-MAIN-INFO: Running command: /p/hdk/pu_tu/prd/ipqa_xfire/23.01.005.p003/bin/snps_manifest_populate.py -ip arf066b128e2r1w0cbbehsaa4acw -config /nfs/site/disks/ipg_scf_00159/ajavidi_ship/SHIP_23ww17d4/arf066b128e2r1w0cbbehsaa4acw_work/ship/ip/arf066b128e2r1w0cbbehsaa4acw/zsc11_scc349036_27Apr2023_221733/crossfire/crossfire/arf066b128e2r1w0cbbehsaa4acw.uv1.2023_04_27_222458.19125/presetup/locations_snps.cfg -manifest /nfs/site/disks/ipg_scf_00159/ajavidi_ship/SHIP_23ww17d4/arf066b128e2r1w0cbbehsaa4acw_work/ship/ip/arf066b128e2r1w0cbbehsaa4acw/zsc11_scc349036_27Apr2023_221733/staging/manifest.xml -collateral_dir "" -manifest_filter "" -dest /nfs/site/disks/ipg_scf_00159/ajavidi_ship/SHIP_23ww17d4/arf066b128e2r1w0cbbehsaa4acw_work/ship/ip/arf066b128e2r1w0cbbehsaa4acw/zsc11_scc349036_27Apr2023_221733/crossfire/crossfire/arf066b128e2r1w0cbbehsaa4acw.uv1.2023_04_27_222458.19125/data
22:25:22-MAIN-INFO: Location compile log file: /nfs/site/disks/ipg_scf_00159/ajavidi_ship/SHIP_23ww17d4/arf066b128e2r1w0cbbehsaa4acw_work/ship/ip/arf066b128e2r1w0cbbehsaa4acw/zsc11_scc349036_27Apr2023_221733/crossfire/crossfire/arf066b128e2r1w0cbbehsaa4acw.uv1.2023_04_27_222458.19125/location.log
22:25:56-MAIN-INFO: Opening file for append: /nfs/site/disks/ipg_scf_00159/ajavidi_ship/SHIP_23ww17d4/arf066b128e2r1w0cbbehsaa4acw_work/ship/ip/arf066b128e2r1w0cbbehsaa4acw/zsc11_scc349036_27Apr2023_221733/crossfire/crossfire/arf066b128e2r1w0cbbehsaa4acw.uv1.2023_04_27_222458.19125/crossfire.compile.log
22:28:28-MAIN-INFO: Running command: /p/hdk/pu_tu/prd/ipqa_xfire/23.01.005.p003/bin/parallelization.py -c waives.cfg -o /nfs/site/disks/ipg_scf_00159/ajavidi_ship/SHIP_23ww17d4/arf066b128e2r1w0cbbehsaa4acw_work/ship/ip/arf066b128e2r1w0cbbehsaa4acw/zsc11_scc349036_27Apr2023_221733/crossfire/crossfire/arf066b128e2r1w0cbbehsaa4acw.uv1.2023_04_27_222458.19125/split_checks > /nfs/site/disks/ipg_scf_00159/ajavidi_ship/SHIP_23ww17d4/arf066b128e2r1w0cbbehsaa4acw_work/ship/ip/arf066b128e2r1w0cbbehsaa4acw/zsc11_scc349036_27Apr2023_221733/crossfire/crossfire/arf066b128e2r1w0cbbehsaa4acw.uv1.2023_04_27_222458.19125/crossfire.run.log.parallelization
22:28:28-MAIN-INFO: To see status of local checks, look at /nfs/site/disks/ipg_scf_00159/ajavidi_ship/SHIP_23ww17d4/arf066b128e2r1w0cbbehsaa4acw_work/ship/ip/arf066b128e2r1w0cbbehsaa4acw/zsc11_scc349036_27Apr2023_221733/crossfire/crossfire/arf066b128e2r1w0cbbehsaa4acw.uv1.2023_04_27_222458.19125/crossfire.run.log.parallelization
22:28:28-MAIN-INFO: To see status of netbatch checks, look at /nfs/site/disks/ipg_scf_00159/ajavidi_ship/SHIP_23ww17d4/arf066b128e2r1w0cbbehsaa4acw_work/ship/ip/arf066b128e2r1w0cbbehsaa4acw/zsc11_scc349036_27Apr2023_221733/crossfire/crossfire/arf066b128e2r1w0cbbehsaa4acw.uv1.2023_04_27_222458.19125/crossfire.run.log.nblog
22:41:26-MAIN-INFO: Wrote file: /nfs/site/disks/ipg_scf_00159/ajavidi_ship/SHIP_23ww17d4/arf066b128e2r1w0cbbehsaa4acw_work/ship/ip/arf066b128e2r1w0cbbehsaa4acw/zsc11_scc349036_27Apr2023_221733/crossfire/crossfire/arf066b128e2r1w0cbbehsaa4acw.uv1.2023_04_27_222458.19125/crossfire.run.log.report
22:41:26-MAIN-INFO: Wrote /nfs/site/disks/ipg_scf_00159/ajavidi_ship/SHIP_23ww17d4/arf066b128e2r1w0cbbehsaa4acw_work/ship/ip/arf066b128e2r1w0cbbehsaa4acw/zsc11_scc349036_27Apr2023_221733/crossfire/crossfire/arf066b128e2r1w0cbbehsaa4acw.uv1.2023_04_27_222458.19125/crossfire.run.log
22:41:26-MAIN-INFO: Running review command: /p/hdk/pu_tu/prd/ipqa_xfire/23.01.005.p003/bin/write_review.py --mode ship --checks_run /nfs/site/disks/ipg_scf_00159/ajavidi_ship/SHIP_23ww17d4/arf066b128e2r1w0cbbehsaa4acw_work/ship/ip/arf066b128e2r1w0cbbehsaa4acw/zsc11_scc349036_27Apr2023_221733/crossfire/crossfire/arf066b128e2r1w0cbbehsaa4acw.uv1.2023_04_27_222458.19125/crossfire.checks_run --dynamic_log /nfs/site/disks/ipg_scf_00159/ajavidi_ship/SHIP_23ww17d4/arf066b128e2r1w0cbbehsaa4acw_work/ship/ip/arf066b128e2r1w0cbbehsaa4acw/zsc11_scc349036_27Apr2023_221733/crossfire/crossfire/arf066b128e2r1w0cbbehsaa4acw.uv1.2023_04_27_222458.19125/crossfire.dynamic.rules --waived_log /nfs/site/disks/ipg_scf_00159/ajavidi_ship/SHIP_23ww17d4/arf066b128e2r1w0cbbehsaa4acw_work/ship/ip/arf066b128e2r1w0cbbehsaa4acw/zsc11_scc349036_27Apr2023_221733/crossfire/crossfire/arf066b128e2r1w0cbbehsaa4acw.uv1.2023_04_27_222458.19125/crossfire.run.log --output_log /nfs/site/disks/ipg_scf_00159/ajavidi_ship/SHIP_23ww17d4/arf066b128e2r1w0cbbehsaa4acw_work/ship/ip/arf066b128e2r1w0cbbehsaa4acw/zsc11_scc349036_27Apr2023_221733/crossfire/collateral/ebb/checks/arf066b128e2r1w0cbbehsaa4acw.crossfire.log --config /nfs/site/disks/ipg_scf_00159/ajavidi_ship/SHIP_23ww17d4/arf066b128e2r1w0cbbehsaa4acw_work/ship/ip/arf066b128e2r1w0cbbehsaa4acw/zsc11_scc349036_27Apr2023_221733/crossfire/crossfire/arf066b128e2r1w0cbbehsaa4acw.uv1.2023_04_27_222458.19125/presetup/review.cfg --drift 31,32,61,7303,7306,16910/nfs/site/disks/ipg_scf_00159/ajavidi_ship/SHIP_23ww17d4/arf066b128e2r1w0cbbehsaa4acw_work/ship/ip/arf066b128e2r1w0cbbehsaa4acw/zsc11_scc349036_27Apr2023_221733/crossfire/collateral/ebb/checks/arf066b128e2r1w0cbbehsaa4acw.crossfire.manifest --append_manifest 1 --checklist default,31,32,7303,7306 --checklist timing,31,32,15118,16002,7605,16026,16108,16712,16107,16215,7607,7708,7709,7710,7410,7503,16510,16704 --checklist horizontal,61,16227,16217,7505,15106,21,7309,15105,15112,16024,16029,16044,16048,16109,16040,16041,16042,16043,16046,16206,16225,16350,1103,7510,15122,15133,15211,16015,16200 --checklist driftchecks,16910 --checklist lef,15217,15301,15302,15308,15315,15206,15214,15304,15322,15305,15306,15321
-I- ### Exit subshell: 0 ###
-I- status: 0
-I- Executing command: mkdir -p /nfs/site/disks/ipg_scf_00159/ajavidi_ship/SHIP_23ww17d4/arf066b128e2r1w0cbbehsaa4acw_work/ship/ip/arf066b128e2r1w0cbbehsaa4acw/zsc11_scc349036_27Apr2023_221733/crossfire/review/
-I- Executing command: /p/hdk/pu_tu/prd/crossfire_checkers/23.01.002/crossfire_checker.py --block arf066b128e2r1w0cbbehsaa4acw --tool crossfire_lv --input_dir /nfs/site/disks/ipg_scf_00159/ajavidi_ship/SHIP_23ww17d4/arf066b128e2r1w0cbbehsaa4acw_work/ship/ip/arf066b128e2r1w0cbbehsaa4acw/zsc11_scc349036_27Apr2023_221733/crossfire/collateral/ebb/checks/ --output_dir /nfs/site/disks/ipg_scf_00159/ajavidi_ship/SHIP_23ww17d4/arf066b128e2r1w0cbbehsaa4acw_work/ship/ip/arf066b128e2r1w0cbbehsaa4acw/zsc11_scc349036_27Apr2023_221733/crossfire/review/
-I- status: 0
-I- Executing command: /p/hdk/pu_tu/prd/crossfire_checkers/23.01.002/crossfire_checker.py --block arf066b128e2r1w0cbbehsaa4acw --tool crossfire_horizontal --input_dir /nfs/site/disks/ipg_scf_00159/ajavidi_ship/SHIP_23ww17d4/arf066b128e2r1w0cbbehsaa4acw_work/ship/ip/arf066b128e2r1w0cbbehsaa4acw/zsc11_scc349036_27Apr2023_221733/crossfire/collateral/ebb/checks/ --output_dir /nfs/site/disks/ipg_scf_00159/ajavidi_ship/SHIP_23ww17d4/arf066b128e2r1w0cbbehsaa4acw_work/ship/ip/arf066b128e2r1w0cbbehsaa4acw/zsc11_scc349036_27Apr2023_221733/crossfire/review/
-I- status: 0
-I- Executing command: /p/hdk/pu_tu/prd/crossfire_checkers/23.01.002/crossfire_checker.py --block arf066b128e2r1w0cbbehsaa4acw --tool crossfire_intgd --input_dir /nfs/site/disks/ipg_scf_00159/ajavidi_ship/SHIP_23ww17d4/arf066b128e2r1w0cbbehsaa4acw_work/ship/ip/arf066b128e2r1w0cbbehsaa4acw/zsc11_scc349036_27Apr2023_221733/crossfire/collateral/ebb/checks/ --output_dir /nfs/site/disks/ipg_scf_00159/ajavidi_ship/SHIP_23ww17d4/arf066b128e2r1w0cbbehsaa4acw_work/ship/ip/arf066b128e2r1w0cbbehsaa4acw/zsc11_scc349036_27Apr2023_221733/crossfire/review/
-I- status: 0
-I- Executing command: /p/hdk/pu_tu/prd/crossfire_checkers/23.01.002/crossfire_checker.py --block arf066b128e2r1w0cbbehsaa4acw --tool crossfire_lef --input_dir /nfs/site/disks/ipg_scf_00159/ajavidi_ship/SHIP_23ww17d4/arf066b128e2r1w0cbbehsaa4acw_work/ship/ip/arf066b128e2r1w0cbbehsaa4acw/zsc11_scc349036_27Apr2023_221733/crossfire/collateral/ebb/checks/ --output_dir /nfs/site/disks/ipg_scf_00159/ajavidi_ship/SHIP_23ww17d4/arf066b128e2r1w0cbbehsaa4acw_work/ship/ip/arf066b128e2r1w0cbbehsaa4acw/zsc11_scc349036_27Apr2023_221733/crossfire/review/
-I- status: 0
-I- Executing command: /p/hdk/pu_tu/prd/crossfire_checkers/23.01.002/crossfire_checker.py --block arf066b128e2r1w0cbbehsaa4acw --tool crossfire_timing --input_dir /nfs/site/disks/ipg_scf_00159/ajavidi_ship/SHIP_23ww17d4/arf066b128e2r1w0cbbehsaa4acw_work/ship/ip/arf066b128e2r1w0cbbehsaa4acw/zsc11_scc349036_27Apr2023_221733/crossfire/collateral/ebb/checks/ --output_dir /nfs/site/disks/ipg_scf_00159/ajavidi_ship/SHIP_23ww17d4/arf066b128e2r1w0cbbehsaa4acw_work/ship/ip/arf066b128e2r1w0cbbehsaa4acw/zsc11_scc349036_27Apr2023_221733/crossfire/review/
-I- status: 0
-I- Executing command: /p/hdk/pu_tu/prd/crossfire_checkers/23.01.002/crossfire_checker.py --block arf066b128e2r1w0cbbehsaa4acw --tool crossfire_power --input_dir /nfs/site/disks/ipg_scf_00159/ajavidi_ship/SHIP_23ww17d4/arf066b128e2r1w0cbbehsaa4acw_work/ship/ip/arf066b128e2r1w0cbbehsaa4acw/zsc11_scc349036_27Apr2023_221733/crossfire/collateral/ebb/checks/ --output_dir /nfs/site/disks/ipg_scf_00159/ajavidi_ship/SHIP_23ww17d4/arf066b128e2r1w0cbbehsaa4acw_work/ship/ip/arf066b128e2r1w0cbbehsaa4acw/zsc11_scc349036_27Apr2023_221733/crossfire/review/
-I- status: 0
-I- Executing command: /p/hdk/pu_tu/prd/crossfire_checkers/23.01.002/crossfire_checker.py --block arf066b128e2r1w0cbbehsaa4acw --tool crossfire_driftchecks --input_dir /nfs/site/disks/ipg_scf_00159/ajavidi_ship/SHIP_23ww17d4/arf066b128e2r1w0cbbehsaa4acw_work/ship/ip/arf066b128e2r1w0cbbehsaa4acw/zsc11_scc349036_27Apr2023_221733/crossfire/collateral/ebb/checks/ --output_dir /nfs/site/disks/ipg_scf_00159/ajavidi_ship/SHIP_23ww17d4/arf066b128e2r1w0cbbehsaa4acw_work/ship/ip/arf066b128e2r1w0cbbehsaa4acw/zsc11_scc349036_27Apr2023_221733/crossfire/review/
-I- status: 0
-I- Populating waivers to /nfs/site/disks/ipg_scf_00159/ajavidi_ship/SHIP_23ww17d4/arf066b128e2r1w0cbbehsaa4acw_work/ship/ip/arf066b128e2r1w0cbbehsaa4acw/zsc11_scc349036_27Apr2023_221733/crossfire
-I- Executing commands in a batch:
cmd: setenv WORKAREA /nfs/site/disks/ipg_scf_00159/ajavidi_ship/SHIP_23ww17d4/arf066b128e2r1w0cbbehsaa4acw_work/ship/ip/arf066b128e2r1w0cbbehsaa4acw/zsc11_scc349036_27Apr2023_221733/crossfire
cmd: mkdir -p /nfs/site/disks/ipg_scf_00159/ajavidi_ship/SHIP_23ww17d4/arf066b128e2r1w0cbbehsaa4acw_work/ship/ip/arf066b128e2r1w0cbbehsaa4acw/zsc11_scc349036_27Apr2023_221733/crossfire/.cth_setup_files || :
cmd: mkdir -p /nfs/site/disks/ipg_scf_00159/ajavidi_ship/SHIP_23ww17d4/arf066b128e2r1w0cbbehsaa4acw_work/ship/ip/arf066b128e2r1w0cbbehsaa4acw/zsc11_scc349036_27Apr2023_221733/crossfire/finale/finale_waivers || :
cmd: cp $CTH_INFRA_CONFIG /nfs/site/disks/ipg_scf_00159/ajavidi_ship/SHIP_23ww17d4/arf066b128e2r1w0cbbehsaa4acw_work/ship/ip/arf066b128e2r1w0cbbehsaa4acw/zsc11_scc349036_27Apr2023_221733/crossfire/.cth_setup_files || :
cmd: chdir $WORKAREA
cmd: setenv ward /nfs/site/disks/ipg_scf_00159/ajavidi_ship/SHIP_23ww17d4/arf066b128e2r1w0cbbehsaa4acw_work/ship/ip/arf066b128e2r1w0cbbehsaa4acw/zsc11_scc349036_27Apr2023_221733/crossfire
cmd: mkdir -p /nfs/site/disks/ipg_scf_00159/ajavidi_ship/SHIP_23ww17d4/arf066b128e2r1w0cbbehsaa4acw_work/ship/ip/arf066b128e2r1w0cbbehsaa4acw/zsc11_scc349036_27Apr2023_221733/crossfire/finale/finale_waivers/
cmd: mkdir -p /nfs/site/disks/ipg_scf_00159/ajavidi_ship/SHIP_23ww17d4/arf066b128e2r1w0cbbehsaa4acw_work/ship/ip/arf066b128e2r1w0cbbehsaa4acw/zsc11_scc349036_27Apr2023_221733/crossfire/finale/finale_approvals/
cmd: cth_waiver populate -block arf066b128e2r1w0cbbehsaa4acw
[22:41:32 2023-04-27] [ERROR] Can't execute XML_FILE not defined or path does not exist
-I- cth_flow: Searching active blocks in 'ip76edmr' container for branch 'main'
[22:41:32 2023-04-27] [ERROR] Please provide a milestone, either via PRODUCT_MILESTONE definition in the config, or with -milestone cmdline switch.
-I- cth_flow: Checking p4 ticket expiration
-F- cth_flow: Invalid block 'arf066b128e2r1w0cbbehsaa4acw', please run 'ddm createDesignBlock' command to create it
cmd: finale migrate -block arf066b128e2r1w0cbbehsaa4acw || :
[22:41:40 2023-04-27] [INFO ] Creating waivers  /nfs/site/disks/ipg_scf_00159/ajavidi_ship/SHIP_23ww17d4/arf066b128e2r1w0cbbehsaa4acw_work/ship/ip/arf066b128e2r1w0cbbehsaa4acw/zsc11_scc349036_27Apr2023_221733/crossfire/finale/finale_waivers/arf066b128e2r1w0cbbehsaa4acw.waivers file
cmd: cp -rf /nfs/site/disks/ipg_scf_00159/ajavidi_ship/SHIP_23ww17d4/arf066b128e2r1w0cbbehsaa4acw_work/ship/ip/arf066b128e2r1w0cbbehsaa4acw/zsc11_scc349036_27Apr2023_221733/crossfire/cth_waiver/arf066b128e2r1w0cbbehsaa4acw*.waivers /nfs/site/disks/ipg_scf_00159/ajavidi_ship/SHIP_23ww17d4/arf066b128e2r1w0cbbehsaa4acw_work/ship/ip/arf066b128e2r1w0cbbehsaa4acw/zsc11_scc349036_27Apr2023_221733/crossfire/finale/finale_waivers/
cp: No match.
cmd: finale refresh -block arf066b128e2r1w0cbbehsaa4acw -violations_dir /nfs/site/disks/ipg_scf_00159/ajavidi_ship/SHIP_23ww17d4/arf066b128e2r1w0cbbehsaa4acw_work/ship/ip/arf066b128e2r1w0cbbehsaa4acw/zsc11_scc349036_27Apr2023_221733/crossfire/review/ -ship -ip_milestone UV1
[22:41:42 2023-04-27] [INFO ] milestone UV1 and milestone_list ['EV1', 'EV2', 'UV', 'UV1', 'UVopt', 'UV2', 'eFV', 'FV']
[22:41:43 2023-04-27] [INFO ] Running finale refresh
[22:41:43 2023-04-27] [INFO ] Tool name: crossfire_lv, xml file: arf066b128e2r1w0cbbehsaa4acw.crossfire_lv.violations.xml
[22:41:43 2023-04-27] [INFO ] Tool name: crossfire_horizontal, xml file: arf066b128e2r1w0cbbehsaa4acw.crossfire_horizontal.violations.xml
[22:41:43 2023-04-27] [INFO ] Tool name: crossfire_intgd, xml file: arf066b128e2r1w0cbbehsaa4acw.crossfire_intgd.violations.xml
[22:41:43 2023-04-27] [INFO ] Tool name: crossfire_lef, xml file: arf066b128e2r1w0cbbehsaa4acw.crossfire_lef.violations.xml
[22:41:43 2023-04-27] [INFO ] Tool name: crossfire_timing, xml file: arf066b128e2r1w0cbbehsaa4acw.crossfire_timing.violations.xml
[22:41:43 2023-04-27] [INFO ] Tool name: crossfire_power, xml file: arf066b128e2r1w0cbbehsaa4acw.crossfire_power.violations.xml
[22:41:43 2023-04-27] [INFO ] Tool name: crossfire_driftchecks, xml file: arf066b128e2r1w0cbbehsaa4acw.crossfire_driftchecks.violations.xml
[22:41:43 2023-04-27] [INFO ] approval data not found: {}
[22:41:44 2023-04-27] [INFO ] Writing File /nfs/site/disks/ipg_scf_00159/ajavidi_ship/SHIP_23ww17d4/arf066b128e2r1w0cbbehsaa4acw_work/ship/ip/arf066b128e2r1w0cbbehsaa4acw/zsc11_scc349036_27Apr2023_221733/crossfire/finale/finale_waivers/arf066b128e2r1w0cbbehsaa4acw.crossfire_lv.finale.summary
[22:41:44 2023-04-27] [INFO ] Processing data and convert into proper structure crossfire_lv
[22:41:44 2023-04-27] [INFO ] Writing File /nfs/site/disks/ipg_scf_00159/ajavidi_ship/SHIP_23ww17d4/arf066b128e2r1w0cbbehsaa4acw_work/ship/ip/arf066b128e2r1w0cbbehsaa4acw/zsc11_scc349036_27Apr2023_221733/crossfire/finale/finale_waivers/arf066b128e2r1w0cbbehsaa4acw.crossfire_lv.filt_viol.xml
[22:41:44 2023-04-27] [INFO ] Writing File /nfs/site/disks/ipg_scf_00159/ajavidi_ship/SHIP_23ww17d4/arf066b128e2r1w0cbbehsaa4acw_work/ship/ip/arf066b128e2r1w0cbbehsaa4acw/zsc11_scc349036_27Apr2023_221733/crossfire/finale/finale_waivers/arf066b128e2r1w0cbbehsaa4acw.crossfire_horizontal.finale.summary
[22:41:44 2023-04-27] [INFO ] Processing data and convert into proper structure crossfire_horizontal
[22:41:44 2023-04-27] [INFO ] Writing File /nfs/site/disks/ipg_scf_00159/ajavidi_ship/SHIP_23ww17d4/arf066b128e2r1w0cbbehsaa4acw_work/ship/ip/arf066b128e2r1w0cbbehsaa4acw/zsc11_scc349036_27Apr2023_221733/crossfire/finale/finale_waivers/arf066b128e2r1w0cbbehsaa4acw.crossfire_horizontal.filt_viol.xml
[22:41:44 2023-04-27] [INFO ] Writing File /nfs/site/disks/ipg_scf_00159/ajavidi_ship/SHIP_23ww17d4/arf066b128e2r1w0cbbehsaa4acw_work/ship/ip/arf066b128e2r1w0cbbehsaa4acw/zsc11_scc349036_27Apr2023_221733/crossfire/finale/finale_waivers/arf066b128e2r1w0cbbehsaa4acw.crossfire_intgd.finale.summary
[22:41:44 2023-04-27] [INFO ] Processing data and convert into proper structure crossfire_intgd
[22:41:44 2023-04-27] [INFO ] Writing File /nfs/site/disks/ipg_scf_00159/ajavidi_ship/SHIP_23ww17d4/arf066b128e2r1w0cbbehsaa4acw_work/ship/ip/arf066b128e2r1w0cbbehsaa4acw/zsc11_scc349036_27Apr2023_221733/crossfire/finale/finale_waivers/arf066b128e2r1w0cbbehsaa4acw.crossfire_intgd.filt_viol.xml
[22:41:44 2023-04-27] [INFO ] Writing File /nfs/site/disks/ipg_scf_00159/ajavidi_ship/SHIP_23ww17d4/arf066b128e2r1w0cbbehsaa4acw_work/ship/ip/arf066b128e2r1w0cbbehsaa4acw/zsc11_scc349036_27Apr2023_221733/crossfire/finale/finale_waivers/arf066b128e2r1w0cbbehsaa4acw.crossfire_lef.finale.summary
[22:41:44 2023-04-27] [INFO ] Processing data and convert into proper structure crossfire_lef
[22:41:44 2023-04-27] [INFO ] Writing File /nfs/site/disks/ipg_scf_00159/ajavidi_ship/SHIP_23ww17d4/arf066b128e2r1w0cbbehsaa4acw_work/ship/ip/arf066b128e2r1w0cbbehsaa4acw/zsc11_scc349036_27Apr2023_221733/crossfire/finale/finale_waivers/arf066b128e2r1w0cbbehsaa4acw.crossfire_lef.filt_viol.xml
[22:41:44 2023-04-27] [INFO ] Writing File /nfs/site/disks/ipg_scf_00159/ajavidi_ship/SHIP_23ww17d4/arf066b128e2r1w0cbbehsaa4acw_work/ship/ip/arf066b128e2r1w0cbbehsaa4acw/zsc11_scc349036_27Apr2023_221733/crossfire/finale/finale_waivers/arf066b128e2r1w0cbbehsaa4acw.crossfire_timing.finale.summary
[22:41:44 2023-04-27] [INFO ] Processing data and convert into proper structure crossfire_timing
[22:41:44 2023-04-27] [INFO ] Writing File /nfs/site/disks/ipg_scf_00159/ajavidi_ship/SHIP_23ww17d4/arf066b128e2r1w0cbbehsaa4acw_work/ship/ip/arf066b128e2r1w0cbbehsaa4acw/zsc11_scc349036_27Apr2023_221733/crossfire/finale/finale_waivers/arf066b128e2r1w0cbbehsaa4acw.crossfire_timing.filt_viol.xml
[22:41:44 2023-04-27] [INFO ] Writing File /nfs/site/disks/ipg_scf_00159/ajavidi_ship/SHIP_23ww17d4/arf066b128e2r1w0cbbehsaa4acw_work/ship/ip/arf066b128e2r1w0cbbehsaa4acw/zsc11_scc349036_27Apr2023_221733/crossfire/finale/finale_waivers/arf066b128e2r1w0cbbehsaa4acw.crossfire_power.finale.summary
[22:41:44 2023-04-27] [INFO ] Processing data and convert into proper structure crossfire_power
[22:41:44 2023-04-27] [INFO ] Writing File /nfs/site/disks/ipg_scf_00159/ajavidi_ship/SHIP_23ww17d4/arf066b128e2r1w0cbbehsaa4acw_work/ship/ip/arf066b128e2r1w0cbbehsaa4acw/zsc11_scc349036_27Apr2023_221733/crossfire/finale/finale_waivers/arf066b128e2r1w0cbbehsaa4acw.crossfire_power.filt_viol.xml
[22:41:44 2023-04-27] [INFO ] Writing File /nfs/site/disks/ipg_scf_00159/ajavidi_ship/SHIP_23ww17d4/arf066b128e2r1w0cbbehsaa4acw_work/ship/ip/arf066b128e2r1w0cbbehsaa4acw/zsc11_scc349036_27Apr2023_221733/crossfire/finale/finale_waivers/arf066b128e2r1w0cbbehsaa4acw.crossfire_driftchecks.finale.summary
[22:41:44 2023-04-27] [INFO ] Processing data and convert into proper structure crossfire_driftchecks
[22:41:44 2023-04-27] [INFO ] Writing File /nfs/site/disks/ipg_scf_00159/ajavidi_ship/SHIP_23ww17d4/arf066b128e2r1w0cbbehsaa4acw_work/ship/ip/arf066b128e2r1w0cbbehsaa4acw/zsc11_scc349036_27Apr2023_221733/crossfire/finale/finale_waivers/arf066b128e2r1w0cbbehsaa4acw.crossfire_driftchecks.filt_viol.xml
[22:41:45 2023-04-27] [INFO ] Writing /nfs/site/disks/ipg_scf_00159/ajavidi_ship/SHIP_23ww17d4/arf066b128e2r1w0cbbehsaa4acw_work/ship/ip/arf066b128e2r1w0cbbehsaa4acw/zsc11_scc349036_27Apr2023_221733/crossfire/finale/finale_waivers/arf066b128e2r1w0cbbehsaa4acw.finale.close file
[22:41:45 2023-04-27] [INFO ] Writing /nfs/site/disks/ipg_scf_00159/ajavidi_ship/SHIP_23ww17d4/arf066b128e2r1w0cbbehsaa4acw_work/ship/ip/arf066b128e2r1w0cbbehsaa4acw/zsc11_scc349036_27Apr2023_221733/crossfire/finale/finale_waivers/arf066b128e2r1w0cbbehsaa4acw.finale.csv file
[22:41:45 2023-04-27] [INFO ] Writing /nfs/site/disks/ipg_scf_00159/ajavidi_ship/SHIP_23ww17d4/arf066b128e2r1w0cbbehsaa4acw_work/ship/ip/arf066b128e2r1w0cbbehsaa4acw/zsc11_scc349036_27Apr2023_221733/crossfire/finale/finale_waivers/arf066b128e2r1w0cbbehsaa4acw.indicator_data.json file
[22:41:45 2023-04-27] [INFO ] Writing File /nfs/site/disks/ipg_scf_00159/ajavidi_ship/SHIP_23ww17d4/arf066b128e2r1w0cbbehsaa4acw_work/ship/ip/arf066b128e2r1w0cbbehsaa4acw/zsc11_scc349036_27Apr2023_221733/crossfire/finale/finale_waivers/arf066b128e2r1w0cbbehsaa4acw.waivers
[22:41:45 2023-04-27] [INFO ] Writing /nfs/site/disks/ipg_scf_00159/ajavidi_ship/SHIP_23ww17d4/arf066b128e2r1w0cbbehsaa4acw_work/ship/ip/arf066b128e2r1w0cbbehsaa4acw/zsc11_scc349036_27Apr2023_221733/crossfire/finale/finale_waivers/arf066b128e2r1w0cbbehsaa4acw.waiver_summary.html file 
cmd: set review_st=$?
cmd: cp -r /nfs/site/disks/ipg_scf_00159/ajavidi_ship/SHIP_23ww17d4/arf066b128e2r1w0cbbehsaa4acw_work/ship/ip/arf066b128e2r1w0cbbehsaa4acw/zsc11_scc349036_27Apr2023_221733/crossfire/finale/finale_waivers/* /nfs/site/disks/ipg_scf_00159/ajavidi_ship/SHIP_23ww17d4/arf066b128e2r1w0cbbehsaa4acw_work/ship/ip/arf066b128e2r1w0cbbehsaa4acw/zsc11_scc349036_27Apr2023_221733/crossfire/review
cmd: chmod -R +w /nfs/site/disks/ipg_scf_00159/ajavidi_ship/SHIP_23ww17d4/arf066b128e2r1w0cbbehsaa4acw_work/ship/ip/arf066b128e2r1w0cbbehsaa4acw/zsc11_scc349036_27Apr2023_221733/crossfire/finale
cmd: rm -rf /nfs/site/disks/ipg_scf_00159/ajavidi_ship/SHIP_23ww17d4/arf066b128e2r1w0cbbehsaa4acw_work/ship/ip/arf066b128e2r1w0cbbehsaa4acw/zsc11_scc349036_27Apr2023_221733/crossfire/finale
cmd: bash -c {chmod +w /nfs/site/disks/ipg_scf_00159/ajavidi_ship/SHIP_23ww17d4/arf066b128e2r1w0cbbehsaa4acw_work/ship/ip/arf066b128e2r1w0cbbehsaa4acw/zsc11_scc349036_27Apr2023_221733/crossfire/{review,approvals/waiver_approvals}/manifest.xml 2>/dev/null{
cmd: bash -c {rm -f /nfs/site/disks/ipg_scf_00159/ajavidi_ship/SHIP_23ww17d4/arf066b128e2r1w0cbbehsaa4acw_work/ship/ip/arf066b128e2r1w0cbbehsaa4acw/zsc11_scc349036_27Apr2023_221733/crossfire/{review,approvals/waiver_approvals}/manifest.xml 2>/dev/null{
cmd: exit $review_st
-I- Batch status: 0
-I- status: 0
-I- Reading crossfire output
-I- Reading "/nfs/site/disks/ipg_scf_00159/ajavidi_ship/SHIP_23ww17d4/arf066b128e2r1w0cbbehsaa4acw_work/ship/ip/arf066b128e2r1w0cbbehsaa4acw/zsc11_scc349036_27Apr2023_221733/crossfire/review/arf066b128e2r1w0cbbehsaa4acw.finale.close" for CROSSFIRE close status...
-I- CROSSFIRE close status: FAIL
-E- CROSSFIRE found collateral issues that need to be addressed.
-E- Please examine /nfs/site/disks/ipg_scf_00159/ajavidi_ship/SHIP_23ww17d4/arf066b128e2r1w0cbbehsaa4acw_work/ship/ip/arf066b128e2r1w0cbbehsaa4acw/zsc11_scc349036_27Apr2023_221733/crossfire/review/arf066b128e2r1w0cbbehsaa4acw.finale.close files for CROSSFIRE errors and address them appropriately.
-E- In case you are not able to determine or fix the issue, please file a ticket in HSD-ES under IP.CROSSFIRE category.
-I- Writing summary file to /nfs/site/disks/ipg_scf_00159/ajavidi_ship/SHIP_23ww17d4/arf066b128e2r1w0cbbehsaa4acw_work/ship/ip/arf066b128e2r1w0cbbehsaa4acw/zsc11_scc349036_27Apr2023_221733/.metadata/ship.default.crossfire.run.sum
+-----------------------------------------------------------------------------+
| Exit Status    : 0                                                          |
| Finishing time : Thu Apr 27 10:41:45 2023                                   |
+-----------------------------------------------------------------------------+
