# /nfs/site/disks/crt_tools_055/ip2sd/23.02.001/bin/stageBin/ip2sd_updatecfg.pl
Starting ip2sd_updatecfg
Using ip2sdCfg file ip2sdCfg_17531.pm
$VAR1 = {
          'flows_required' => 'dfi',
          'track_pattern' => undef,
          'phys_only' => 'no',
          'heml' => '5',
          'lcml' => undef
        };
-W- Invalid return value from ipattribute query for lcml: 
    Using default of 3
-W- Using default milestone of P10 since niether env var is set
-W- Invalid return value from IpAttribute.pm info query for phys_only: no
    Using default of "" (which means no)
Final value going to ip cfg file:
Heml: 5
Lcml: 3
Milestone: P10
Phys_only: 
Flows Required: dfi
Additional Options: 
-I- Writing IP config file: /nfs/site/disks/ipg_scf_00159/ajavidi_ship/SHIP_23ww17d4/ip764hduspsr2048x39m8b2s0r2p0d0_work/ship/ip/ip764hduspsr2048x39m8b2s0r2p0d0/zsc11_scea121612_28Apr2023_044735/ip2sd/collateral/ebb/cfg/ip764hduspsr2048x39m8b2s0r2p0d0.cfg
Finished running ip2sd_updatecfg
