# /nfs/site/disks/crt_tools_055/ip2sd/23.02.001/bin/stageBin/ip2sd_libprep.pl
-I- Using /p/hdk/cad/librarycompiler/T-2022.03-SP3/bin/lc_shell -no_home_init for lib operations
Starting ip2sd_libprep
Using ip2sdCfg file ip2sdCfg_17531.pm
-I- ip cfg file: /nfs/site/disks/ipg_scf_00159/ajavidi_ship/SHIP_23ww17d4/ip764hduspsr2048x39m8b2s0r2p0d0_work/ship/ip/ip764hduspsr2048x39m8b2s0r2p0d0/zsc11_scea121612_28Apr2023_044735/ip2sd/collateral/ebb/cfg/ip764hduspsr2048x39m8b2s0r2p0d0.cfg
-I- Reading IP config file: /nfs/site/disks/ipg_scf_00159/ajavidi_ship/SHIP_23ww17d4/ip764hduspsr2048x39m8b2s0r2p0d0_work/ship/ip/ip764hduspsr2048x39m8b2s0r2p0d0/zsc11_scea121612_28Apr2023_044735/ip2sd/collateral/ebb/cfg/ip764hduspsr2048x39m8b2s0r2p0d0.cfg
-I- Sucessfully read config file.
-I- Correcting library attribute and pin case in lib file ip764hduspsr2048x39m8b2s0r2p0d0_tmin_0.55v_0.55v_100c.lib
-I- Correcting library attribute and pin case in lib file ip764hduspsr2048x39m8b2s0r2p0d0_tmin_0.65v_0.65v_-40c.lib
-I- Correcting library attribute and pin case in lib file ip764hduspsr2048x39m8b2s0r2p0d0_tmin_1.1v_1.1v_-40c.lib
-I- Correcting library attribute and pin case in lib file ip764hduspsr2048x39m8b2s0r2p0d0_tmin_1.1v_1.1v_100c.lib
-I- Correcting library attribute and pin case in lib file ip764hduspsr2048x39m8b2s0r2p0d0_tttt_0.55v_0.55v_100c.lib
-I- Correcting library attribute and pin case in lib file ip764hduspsr2048x39m8b2s0r2p0d0_tmin_0.85v_0.85v_100c.lib
-I- Correcting library attribute and pin case in lib file ip764hduspsr2048x39m8b2s0r2p0d0_tmin_0.65v_0.65v_100c.lib
-I- Correcting library attribute and pin case in lib file ip764hduspsr2048x39m8b2s0r2p0d0_tmin_0.85v_0.85v_-40c.lib
dos2unix: converting file /nfs/site/disks/ipg_scf_00159/ajavidi_ship/SHIP_23ww17d4/ip764hduspsr2048x39m8b2s0r2p0d0_work/ship/ip/ip764hduspsr2048x39m8b2s0r2p0d0/zsc11_scea121612_28Apr2023_044735/ip2sd/timing/ip764hduspsr2048x39m8b2s0r2p0d0_tttt_0.55v_0.55v_100c.lib to Unix format ...
dos2unix: converting file /nfs/site/disks/ipg_scf_00159/ajavidi_ship/SHIP_23ww17d4/ip764hduspsr2048x39m8b2s0r2p0d0_work/ship/ip/ip764hduspsr2048x39m8b2s0r2p0d0/zsc11_scea121612_28Apr2023_044735/ip2sd/timing/ip764hduspsr2048x39m8b2s0r2p0d0_tmin_0.65v_0.65v_100c.lib to Unix format ...
dos2unix: converting file /nfs/site/disks/ipg_scf_00159/ajavidi_ship/SHIP_23ww17d4/ip764hduspsr2048x39m8b2s0r2p0d0_work/ship/ip/ip764hduspsr2048x39m8b2s0r2p0d0/zsc11_scea121612_28Apr2023_044735/ip2sd/timing/ip764hduspsr2048x39m8b2s0r2p0d0_tmin_0.65v_0.65v_-40c.lib to Unix format ...
dos2unix: converting file /nfs/site/disks/ipg_scf_00159/ajavidi_ship/SHIP_23ww17d4/ip764hduspsr2048x39m8b2s0r2p0d0_work/ship/ip/ip764hduspsr2048x39m8b2s0r2p0d0/zsc11_scea121612_28Apr2023_044735/ip2sd/timing/ip764hduspsr2048x39m8b2s0r2p0d0_tmin_1.1v_1.1v_-40c.lib to Unix format ...
dos2unix: converting file /nfs/site/disks/ipg_scf_00159/ajavidi_ship/SHIP_23ww17d4/ip764hduspsr2048x39m8b2s0r2p0d0_work/ship/ip/ip764hduspsr2048x39m8b2s0r2p0d0/zsc11_scea121612_28Apr2023_044735/ip2sd/timing/ip764hduspsr2048x39m8b2s0r2p0d0_tmin_0.85v_0.85v_-40c.lib to Unix format ...
bus_naming_style OK
dos2unix: converting file /nfs/site/disks/ipg_scf_00159/ajavidi_ship/SHIP_23ww17d4/ip764hduspsr2048x39m8b2s0r2p0d0_work/ship/ip/ip764hduspsr2048x39m8b2s0r2p0d0/zsc11_scea121612_28Apr2023_044735/ip2sd/timing/ip764hduspsr2048x39m8b2s0r2p0d0_tmin_0.85v_0.85v_100c.lib to Unix format ...
dos2unix: converting file /nfs/site/disks/ipg_scf_00159/ajavidi_ship/SHIP_23ww17d4/ip764hduspsr2048x39m8b2s0r2p0d0_work/ship/ip/ip764hduspsr2048x39m8b2s0r2p0d0/zsc11_scea121612_28Apr2023_044735/ip2sd/timing/ip764hduspsr2048x39m8b2s0r2p0d0_tmin_1.1v_1.1v_100c.lib to Unix format ...
dos2unix: converting file /nfs/site/disks/ipg_scf_00159/ajavidi_ship/SHIP_23ww17d4/ip764hduspsr2048x39m8b2s0r2p0d0_work/ship/ip/ip764hduspsr2048x39m8b2s0r2p0d0/zsc11_scea121612_28Apr2023_044735/ip2sd/timing/ip764hduspsr2048x39m8b2s0r2p0d0_tmin_0.55v_0.55v_100c.lib to Unix format ...
bus_naming_style OK
bus_naming_style OK
bus_naming_style OK
bus_naming_style OK
bus_naming_style OK
bus_naming_style OK
bus_naming_style OK
-I- libprep ip764hduspsr2048x39m8b2s0r2p0d0_tmin_1.1v_1.1v_-40c.lib returned 0
-I- libprep ip764hduspsr2048x39m8b2s0r2p0d0_tttt_0.55v_0.55v_100c.lib returned 0
-I- libprep ip764hduspsr2048x39m8b2s0r2p0d0_tmin_0.55v_0.55v_100c.lib returned 0
-I- libprep ip764hduspsr2048x39m8b2s0r2p0d0_tmin_0.85v_0.85v_100c.lib returned 0
-I- libprep ip764hduspsr2048x39m8b2s0r2p0d0_tmin_0.65v_0.65v_-40c.lib returned 0
-I- libprep ip764hduspsr2048x39m8b2s0r2p0d0_tmin_0.65v_0.65v_100c.lib returned 0
-I- libprep ip764hduspsr2048x39m8b2s0r2p0d0_tmin_1.1v_1.1v_100c.lib returned 0
-I- libprep ip764hduspsr2048x39m8b2s0r2p0d0_tmin_0.85v_0.85v_-40c.lib returned 0
-I- Correcting library attribute and pin case in lib file ip764hduspsr2048x39m8b2s0r2p0d0_tttt_0.65v_0.65v_-40c.lib
-I- Correcting library attribute and pin case in lib file ip764hduspsr2048x39m8b2s0r2p0d0_tttt_0.85v_0.85v_100c.lib
-I- Correcting library attribute and pin case in lib file ip764hduspsr2048x39m8b2s0r2p0d0_tttt_0.85v_0.85v_-40c.lib
-I- Correcting library attribute and pin case in lib file ip764hduspsr2048x39m8b2s0r2p0d0_tttt_0.65v_0.65v_100c.lib
-I- Correcting library attribute and pin case in lib file ip764hduspsr2048x39m8b2s0r2p0d0_tttt_1.1v_1.1v_100c.lib
-I- Correcting library attribute and pin case in lib file ip764hduspsr2048x39m8b2s0r2p0d0_tttt_1.1v_1.1v_-40c.lib
dos2unix: converting file /nfs/site/disks/ipg_scf_00159/ajavidi_ship/SHIP_23ww17d4/ip764hduspsr2048x39m8b2s0r2p0d0_work/ship/ip/ip764hduspsr2048x39m8b2s0r2p0d0/zsc11_scea121612_28Apr2023_044735/ip2sd/timing/ip764hduspsr2048x39m8b2s0r2p0d0_tttt_1.1v_1.1v_-40c.lib to Unix format ...
dos2unix: converting file /nfs/site/disks/ipg_scf_00159/ajavidi_ship/SHIP_23ww17d4/ip764hduspsr2048x39m8b2s0r2p0d0_work/ship/ip/ip764hduspsr2048x39m8b2s0r2p0d0/zsc11_scea121612_28Apr2023_044735/ip2sd/timing/ip764hduspsr2048x39m8b2s0r2p0d0_tttt_0.65v_0.65v_-40c.lib to Unix format ...
dos2unix: converting file /nfs/site/disks/ipg_scf_00159/ajavidi_ship/SHIP_23ww17d4/ip764hduspsr2048x39m8b2s0r2p0d0_work/ship/ip/ip764hduspsr2048x39m8b2s0r2p0d0/zsc11_scea121612_28Apr2023_044735/ip2sd/timing/ip764hduspsr2048x39m8b2s0r2p0d0_tttt_0.85v_0.85v_100c.lib to Unix format ...
dos2unix: converting file /nfs/site/disks/ipg_scf_00159/ajavidi_ship/SHIP_23ww17d4/ip764hduspsr2048x39m8b2s0r2p0d0_work/ship/ip/ip764hduspsr2048x39m8b2s0r2p0d0/zsc11_scea121612_28Apr2023_044735/ip2sd/timing/ip764hduspsr2048x39m8b2s0r2p0d0_tttt_1.1v_1.1v_100c.lib to Unix format ...
dos2unix: converting file /nfs/site/disks/ipg_scf_00159/ajavidi_ship/SHIP_23ww17d4/ip764hduspsr2048x39m8b2s0r2p0d0_work/ship/ip/ip764hduspsr2048x39m8b2s0r2p0d0/zsc11_scea121612_28Apr2023_044735/ip2sd/timing/ip764hduspsr2048x39m8b2s0r2p0d0_tttt_0.85v_0.85v_-40c.lib to Unix format ...
dos2unix: converting file /nfs/site/disks/ipg_scf_00159/ajavidi_ship/SHIP_23ww17d4/ip764hduspsr2048x39m8b2s0r2p0d0_work/ship/ip/ip764hduspsr2048x39m8b2s0r2p0d0/zsc11_scea121612_28Apr2023_044735/ip2sd/timing/ip764hduspsr2048x39m8b2s0r2p0d0_tttt_0.65v_0.65v_100c.lib to Unix format ...
bus_naming_style OK
bus_naming_style OK
bus_naming_style OK
bus_naming_style OK
bus_naming_style OK
bus_naming_style OK
-I- libprep ip764hduspsr2048x39m8b2s0r2p0d0_tttt_0.65v_0.65v_-40c.lib returned 0
-I- libprep ip764hduspsr2048x39m8b2s0r2p0d0_tttt_0.85v_0.85v_-40c.lib returned 0
-I- libprep ip764hduspsr2048x39m8b2s0r2p0d0_tttt_1.1v_1.1v_100c.lib returned 0
-I- libprep ip764hduspsr2048x39m8b2s0r2p0d0_tttt_0.65v_0.65v_100c.lib returned 0
-I- libprep ip764hduspsr2048x39m8b2s0r2p0d0_tttt_0.85v_0.85v_100c.lib returned 0
-I- libprep ip764hduspsr2048x39m8b2s0r2p0d0_tttt_1.1v_1.1v_-40c.lib returned 0
Finished running ip2sd_libprep
