+-----------------------------------------------------------------------------+
| Executed on    : scea121612          Feeder : ip764hduspsr2048x39m8b2s0r2p0d0_4053_zsc11_scea121612|
| Starting time  : Fri Apr 28  5:18:55 2023                                   |
| Command        : /nfs/site/disks/ipg_scf_00159/ajavidi_ship/SHIP_23ww17d4/ip764hduspsr2048x39m8b2s0r2p0d0_work/ship/ip/ip764hduspsr2048x39m8b2s0r2p0d0/zsc11_scea121612_28Apr2023_044735/.metadata/scripts/checks.qa_wb.checks-qa_wb.run.csh|
+-----------------------------------------------------------------------------+
/p/hdk/pu_tu/prd/ship/23.02.001/bin/ship_sa.pl -block ip764hduspsr2048x39m8b2s0r2p0d0 -src checks -dest qa_wb -action run -meta_dir /nfs/site/disks/ipg_scf_00159/ajavidi_ship/SHIP_23ww17d4/ip764hduspsr2048x39m8b2s0r2p0d0_work/ship/ip/ip764hduspsr2048x39m8b2s0r2p0d0/zsc11_scea121612_28Apr2023_044735/.metadata -task checks-qa_wb -meta_prefix ship.default
-I- Loaded /nfs/site/disks/ipg_scf_00159/ajavidi_ship/SHIP_23ww17d4/ip764hduspsr2048x39m8b2s0r2p0d0_work/ship/ip/ip764hduspsr2048x39m8b2s0r2p0d0/zsc11_scea121612_28Apr2023_044735/.metadata/ip_ip764hduspsr2048x39m8b2s0r2p0d0.yml
-I- Loaded /nfs/site/disks/ipg_scf_00159/ajavidi_ship/SHIP_23ww17d4/ip764hduspsr2048x39m8b2s0r2p0d0_work/ship/ip/ip764hduspsr2048x39m8b2s0r2p0d0/zsc11_scea121612_28Apr2023_044735/.metadata/stage_checks_ip764hduspsr2048x39m8b2s0r2p0d0.yml
-I- Loaded /nfs/site/disks/ipg_scf_00159/ajavidi_ship/SHIP_23ww17d4/ip764hduspsr2048x39m8b2s0r2p0d0_work/ship/ip/ip764hduspsr2048x39m8b2s0r2p0d0/zsc11_scea121612_28Apr2023_044735/.metadata/stage_qa_wb_ip764hduspsr2048x39m8b2s0r2p0d0.yml
-I- Writing summary file to /nfs/site/disks/ipg_scf_00159/ajavidi_ship/SHIP_23ww17d4/ip764hduspsr2048x39m8b2s0r2p0d0_work/ship/ip/ip764hduspsr2048x39m8b2s0r2p0d0/zsc11_scea121612_28Apr2023_044735/.metadata/ship.default.qa_wb.run.sum
-I- Loaded /nfs/site/disks/ipg_scf_00159/ajavidi_ship/SHIP_23ww17d4/ip764hduspsr2048x39m8b2s0r2p0d0_work/ship/ip/ip764hduspsr2048x39m8b2s0r2p0d0/zsc11_scea121612_28Apr2023_044735/.metadata/stage_crossfire_ip764hduspsr2048x39m8b2s0r2p0d0.yml
-I- crossfire -> /nfs/site/disks/ipg_scf_00159/ajavidi_ship/SHIP_23ww17d4/ip764hduspsr2048x39m8b2s0r2p0d0_work/ship/ip/ip764hduspsr2048x39m8b2s0r2p0d0/zsc11_scea121612_28Apr2023_044735/crossfire
-I- Loaded /nfs/site/disks/ipg_scf_00159/ajavidi_ship/SHIP_23ww17d4/ip764hduspsr2048x39m8b2s0r2p0d0_work/ship/ip/ip764hduspsr2048x39m8b2s0r2p0d0/zsc11_scea121612_28Apr2023_044735/.metadata/stage_staging_ip764hduspsr2048x39m8b2s0r2p0d0.yml
-I- staging -> /nfs/site/disks/ipg_scf_00159/ajavidi_ship/SHIP_23ww17d4/ip764hduspsr2048x39m8b2s0r2p0d0_work/ship/ip/ip764hduspsr2048x39m8b2s0r2p0d0/zsc11_scea121612_28Apr2023_044735/staging
-I- Mapping /nfs/site/disks/ipg_scf_00159/ajavidi_ship/SHIP_23ww17d4/ip764hduspsr2048x39m8b2s0r2p0d0_work/ship/ip/ip764hduspsr2048x39m8b2s0r2p0d0/zsc11_scea121612_28Apr2023_044735/crossfire to /nfs/site/disks/ipg_scf_00159/ajavidi_ship/SHIP_23ww17d4/ip764hduspsr2048x39m8b2s0r2p0d0_work/ship/ip/ip764hduspsr2048x39m8b2s0r2p0d0/zsc11_scea121612_28Apr2023_044735/staging
-I- Running 13 copy ops from /nfs/site/disks/ipg_scf_00159/ajavidi_ship/SHIP_23ww17d4/ip764hduspsr2048x39m8b2s0r2p0d0_work/ship/ip/ip764hduspsr2048x39m8b2s0r2p0d0/zsc11_scea121612_28Apr2023_044735/crossfire
-I- Writing summary file to /nfs/site/disks/ipg_scf_00159/ajavidi_ship/SHIP_23ww17d4/ip764hduspsr2048x39m8b2s0r2p0d0_work/ship/ip/ip764hduspsr2048x39m8b2s0r2p0d0/zsc11_scea121612_28Apr2023_044735/.metadata/ship.default.qa_wb.run.sum
+-----------------------------------------------------------------------------+
| Exit Status    : 0                                                          |
| Finishing time : Fri Apr 28  5:18:59 2023                                   |
+-----------------------------------------------------------------------------+
