+-----------------------------------------------------------------------------+
| Executed on    : scea121612          Feeder : ip764hduspsr2048x39m8b2s0r2p0d0_4053_zsc11_scea121612|
| Starting time  : Fri Apr 28  5:18:40 2023                                   |
| Command        : /nfs/site/disks/ipg_scf_00159/ajavidi_ship/SHIP_23ww17d4/ip764hduspsr2048x39m8b2s0r2p0d0_work/ship/ip/ip764hduspsr2048x39m8b2s0r2p0d0/zsc11_scea121612_28Apr2023_044735/.metadata/scripts/checks.review.checks-review.run.csh|
+-----------------------------------------------------------------------------+
/p/hdk/pu_tu/prd/ship/23.02.001/bin/ship_sa.pl -block ip764hduspsr2048x39m8b2s0r2p0d0 -src checks -dest review -action run -meta_dir /nfs/site/disks/ipg_scf_00159/ajavidi_ship/SHIP_23ww17d4/ip764hduspsr2048x39m8b2s0r2p0d0_work/ship/ip/ip764hduspsr2048x39m8b2s0r2p0d0/zsc11_scea121612_28Apr2023_044735/.metadata -task checks-review -meta_prefix ship.default
-I- Loaded /nfs/site/disks/ipg_scf_00159/ajavidi_ship/SHIP_23ww17d4/ip764hduspsr2048x39m8b2s0r2p0d0_work/ship/ip/ip764hduspsr2048x39m8b2s0r2p0d0/zsc11_scea121612_28Apr2023_044735/.metadata/ip_ip764hduspsr2048x39m8b2s0r2p0d0.yml
-I- Loaded /nfs/site/disks/ipg_scf_00159/ajavidi_ship/SHIP_23ww17d4/ip764hduspsr2048x39m8b2s0r2p0d0_work/ship/ip/ip764hduspsr2048x39m8b2s0r2p0d0/zsc11_scea121612_28Apr2023_044735/.metadata/stage_checks_ip764hduspsr2048x39m8b2s0r2p0d0.yml
-I- Loaded /nfs/site/disks/ipg_scf_00159/ajavidi_ship/SHIP_23ww17d4/ip764hduspsr2048x39m8b2s0r2p0d0_work/ship/ip/ip764hduspsr2048x39m8b2s0r2p0d0/zsc11_scea121612_28Apr2023_044735/.metadata/stage_review_ip764hduspsr2048x39m8b2s0r2p0d0.yml
-I- Writing summary file to /nfs/site/disks/ipg_scf_00159/ajavidi_ship/SHIP_23ww17d4/ip764hduspsr2048x39m8b2s0r2p0d0_work/ship/ip/ip764hduspsr2048x39m8b2s0r2p0d0/zsc11_scea121612_28Apr2023_044735/.metadata/ship.default.review.run.sum
-I- Loaded /nfs/site/disks/ipg_scf_00159/ajavidi_ship/SHIP_23ww17d4/ip764hduspsr2048x39m8b2s0r2p0d0_work/ship/ip/ip764hduspsr2048x39m8b2s0r2p0d0/zsc11_scea121612_28Apr2023_044735/.metadata/stage_staging_ip764hduspsr2048x39m8b2s0r2p0d0.yml
-I- Executing command: mkdir -p /nfs/site/disks/ipg_scf_00159/ajavidi_ship/SHIP_23ww17d4/ip764hduspsr2048x39m8b2s0r2p0d0_work/ship/ip/ip764hduspsr2048x39m8b2s0r2p0d0/zsc11_scea121612_28Apr2023_044735/staging/review
-I- Loaded /nfs/site/disks/ipg_scf_00159/ajavidi_ship/SHIP_23ww17d4/ip764hduspsr2048x39m8b2s0r2p0d0_work/ship/ip/ip764hduspsr2048x39m8b2s0r2p0d0/zsc11_scea121612_28Apr2023_044735/.metadata/stage_crossfire_ip764hduspsr2048x39m8b2s0r2p0d0.yml
-I- Loaded /nfs/site/disks/ipg_scf_00159/ajavidi_ship/SHIP_23ww17d4/ip764hduspsr2048x39m8b2s0r2p0d0_work/ship/ip/ip764hduspsr2048x39m8b2s0r2p0d0/zsc11_scea121612_28Apr2023_044735/.metadata/stage_staging_ip764hduspsr2048x39m8b2s0r2p0d0.yml
-I- Pulling crossfire results from /nfs/site/disks/ipg_scf_00159/ajavidi_ship/SHIP_23ww17d4/ip764hduspsr2048x39m8b2s0r2p0d0_work/ship/ip/ip764hduspsr2048x39m8b2s0r2p0d0/zsc11_scea121612_28Apr2023_044735/crossfire/review
-I- Executing command: cp -rf /nfs/site/disks/ipg_scf_00159/ajavidi_ship/SHIP_23ww17d4/ip764hduspsr2048x39m8b2s0r2p0d0_work/ship/ip/ip764hduspsr2048x39m8b2s0r2p0d0/zsc11_scea121612_28Apr2023_044735/crossfire/review/*.xml /nfs/site/disks/ipg_scf_00159/ajavidi_ship/SHIP_23ww17d4/ip764hduspsr2048x39m8b2s0r2p0d0_work/ship/ip/ip764hduspsr2048x39m8b2s0r2p0d0/zsc11_scea121612_28Apr2023_044735/staging/review/
-I- No LV icv review results in /dev/null/icv/waiver_violations_icv
-I- No LV calibre review results in /dev/null/calibre/waiver_violations_calibre
-I- Loaded /nfs/site/disks/ipg_scf_00159/ajavidi_ship/SHIP_23ww17d4/ip764hduspsr2048x39m8b2s0r2p0d0_work/ship/ip/ip764hduspsr2048x39m8b2s0r2p0d0/zsc11_scea121612_28Apr2023_044735/.metadata/stage_unpacked_ip764hduspsr2048x39m8b2s0r2p0d0.yml
/nfs/site/disks/ipg_scf_00159/ajavidi_ship/SHIP_23ww17d4/ip764hduspsr2048x39m8b2s0r2p0d0_work/ship/ip/ip764hduspsr2048x39m8b2s0r2p0d0/zsc11_scea121612_28Apr2023_044735/unpacked/ip764hduspsr2048x39m8b2s0r2p0d0.manifest.cfg /nfs/site/disks/ipg_scf_00159/ajavidi_ship/SHIP_23ww17d4/ip764hduspsr2048x39m8b2s0r2p0d0_work/ship/ip/ip764hduspsr2048x39m8b2s0r2p0d0/zsc11_scea121612_28Apr2023_044735/unpacked/manifest.xml
-I- Resolving directory to /nfs/site/disks/ipg_scf_00159/ajavidi_ship/SHIP_23ww17d4/ip764hduspsr2048x39m8b2s0r2p0d0_work/ship/ip/ip764hduspsr2048x39m8b2s0r2p0d0/zsc11_scea121612_28Apr2023_044735/unpacked because contents matched stop_on: manifest.xml
-I- Populating waivers to /nfs/site/disks/ipg_scf_00159/ajavidi_ship/SHIP_23ww17d4/ip764hduspsr2048x39m8b2s0r2p0d0_work/ship/ip/ip764hduspsr2048x39m8b2s0r2p0d0/zsc11_scea121612_28Apr2023_044735/staging
-I- Executing commands in a batch:
cmd: setenv WORKAREA /nfs/site/disks/ipg_scf_00159/ajavidi_ship/SHIP_23ww17d4/ip764hduspsr2048x39m8b2s0r2p0d0_work/ship/ip/ip764hduspsr2048x39m8b2s0r2p0d0/zsc11_scea121612_28Apr2023_044735/staging
cmd: mkdir -p /nfs/site/disks/ipg_scf_00159/ajavidi_ship/SHIP_23ww17d4/ip764hduspsr2048x39m8b2s0r2p0d0_work/ship/ip/ip764hduspsr2048x39m8b2s0r2p0d0/zsc11_scea121612_28Apr2023_044735/staging/.cth_setup_files || :
cmd: mkdir -p /nfs/site/disks/ipg_scf_00159/ajavidi_ship/SHIP_23ww17d4/ip764hduspsr2048x39m8b2s0r2p0d0_work/ship/ip/ip764hduspsr2048x39m8b2s0r2p0d0/zsc11_scea121612_28Apr2023_044735/staging/finale/finale_waivers || :
cmd: cp $CTH_INFRA_CONFIG /nfs/site/disks/ipg_scf_00159/ajavidi_ship/SHIP_23ww17d4/ip764hduspsr2048x39m8b2s0r2p0d0_work/ship/ip/ip764hduspsr2048x39m8b2s0r2p0d0/zsc11_scea121612_28Apr2023_044735/staging/.cth_setup_files || :
cmd: chdir $WORKAREA
cmd: setenv ward /nfs/site/disks/ipg_scf_00159/ajavidi_ship/SHIP_23ww17d4/ip764hduspsr2048x39m8b2s0r2p0d0_work/ship/ip/ip764hduspsr2048x39m8b2s0r2p0d0/zsc11_scea121612_28Apr2023_044735/staging
cmd: mkdir -p /nfs/site/disks/ipg_scf_00159/ajavidi_ship/SHIP_23ww17d4/ip764hduspsr2048x39m8b2s0r2p0d0_work/ship/ip/ip764hduspsr2048x39m8b2s0r2p0d0/zsc11_scea121612_28Apr2023_044735/staging/finale/finale_waivers/
cmd: mkdir -p /nfs/site/disks/ipg_scf_00159/ajavidi_ship/SHIP_23ww17d4/ip764hduspsr2048x39m8b2s0r2p0d0_work/ship/ip/ip764hduspsr2048x39m8b2s0r2p0d0/zsc11_scea121612_28Apr2023_044735/staging/finale/finale_approvals/
cmd: cth_waiver populate -block ip764hduspsr2048x39m8b2s0r2p0d0
[05:18:45 2023-04-28] [ERROR] Can't execute XML_FILE not defined or path does not exist
-I- cth_flow: Searching active blocks in 'ip76edmr' container for branch 'main'
[05:18:45 2023-04-28] [ERROR] Please provide a milestone, either via PRODUCT_MILESTONE definition in the config, or with -milestone cmdline switch.
-I- cth_flow: Checking p4 ticket expiration
-F- cth_flow: Invalid block 'ip764hduspsr2048x39m8b2s0r2p0d0', please run 'ddm createDesignBlock' command to create it
cmd: finale migrate -block ip764hduspsr2048x39m8b2s0r2p0d0 || :
[05:18:48 2023-04-28] [INFO ] Creating waivers  /nfs/site/disks/ipg_scf_00159/ajavidi_ship/SHIP_23ww17d4/ip764hduspsr2048x39m8b2s0r2p0d0_work/ship/ip/ip764hduspsr2048x39m8b2s0r2p0d0/zsc11_scea121612_28Apr2023_044735/staging/finale/finale_waivers/ip764hduspsr2048x39m8b2s0r2p0d0.waivers file
cmd: cp -rf /nfs/site/disks/ipg_scf_00159/ajavidi_ship/SHIP_23ww17d4/ip764hduspsr2048x39m8b2s0r2p0d0_work/ship/ip/ip764hduspsr2048x39m8b2s0r2p0d0/zsc11_scea121612_28Apr2023_044735/staging/cth_waiver/ip764hduspsr2048x39m8b2s0r2p0d0*.waivers /nfs/site/disks/ipg_scf_00159/ajavidi_ship/SHIP_23ww17d4/ip764hduspsr2048x39m8b2s0r2p0d0_work/ship/ip/ip764hduspsr2048x39m8b2s0r2p0d0/zsc11_scea121612_28Apr2023_044735/staging/finale/finale_waivers/
cp: No match.
cmd: finale refresh -block ip764hduspsr2048x39m8b2s0r2p0d0 -violations_dir /nfs/site/disks/ipg_scf_00159/ajavidi_ship/SHIP_23ww17d4/ip764hduspsr2048x39m8b2s0r2p0d0_work/ship/ip/ip764hduspsr2048x39m8b2s0r2p0d0/zsc11_scea121612_28Apr2023_044735/staging/review/ -ship -ip_milestone UV1
[05:18:50 2023-04-28] [INFO ] milestone UV1 and milestone_list ['EV1', 'EV2', 'UV', 'UV1', 'UVopt', 'UV2', 'eFV', 'FV']
[05:18:50 2023-04-28] [INFO ] Running finale refresh
[05:18:51 2023-04-28] [INFO ] Tool name: crossfire_driftchecks, xml file: ip764hduspsr2048x39m8b2s0r2p0d0.crossfire_driftchecks.violations.xml
[05:18:51 2023-04-28] [INFO ] Tool name: crossfire_horizontal, xml file: ip764hduspsr2048x39m8b2s0r2p0d0.crossfire_horizontal.violations.xml
[05:18:51 2023-04-28] [INFO ] Tool name: crossfire_intgd, xml file: ip764hduspsr2048x39m8b2s0r2p0d0.crossfire_intgd.violations.xml
[05:18:51 2023-04-28] [INFO ] Tool name: crossfire_lef, xml file: ip764hduspsr2048x39m8b2s0r2p0d0.crossfire_lef.violations.xml
[05:18:51 2023-04-28] [INFO ] Tool name: crossfire_lv, xml file: ip764hduspsr2048x39m8b2s0r2p0d0.crossfire_lv.violations.xml
[05:18:51 2023-04-28] [INFO ] Tool name: crossfire_power, xml file: ip764hduspsr2048x39m8b2s0r2p0d0.crossfire_power.violations.xml
[05:18:51 2023-04-28] [INFO ] Tool name: crossfire_timing, xml file: ip764hduspsr2048x39m8b2s0r2p0d0.crossfire_timing.violations.xml
[05:18:51 2023-04-28] [INFO ] approval data not found: {}
[05:18:52 2023-04-28] [INFO ] Writing File /nfs/site/disks/ipg_scf_00159/ajavidi_ship/SHIP_23ww17d4/ip764hduspsr2048x39m8b2s0r2p0d0_work/ship/ip/ip764hduspsr2048x39m8b2s0r2p0d0/zsc11_scea121612_28Apr2023_044735/staging/finale/finale_waivers/ip764hduspsr2048x39m8b2s0r2p0d0.crossfire_driftchecks.finale.summary
[05:18:52 2023-04-28] [INFO ] Processing data and convert into proper structure crossfire_driftchecks
[05:18:52 2023-04-28] [INFO ] Writing File /nfs/site/disks/ipg_scf_00159/ajavidi_ship/SHIP_23ww17d4/ip764hduspsr2048x39m8b2s0r2p0d0_work/ship/ip/ip764hduspsr2048x39m8b2s0r2p0d0/zsc11_scea121612_28Apr2023_044735/staging/finale/finale_waivers/ip764hduspsr2048x39m8b2s0r2p0d0.crossfire_driftchecks.filt_viol.xml
[05:18:52 2023-04-28] [INFO ] Writing File /nfs/site/disks/ipg_scf_00159/ajavidi_ship/SHIP_23ww17d4/ip764hduspsr2048x39m8b2s0r2p0d0_work/ship/ip/ip764hduspsr2048x39m8b2s0r2p0d0/zsc11_scea121612_28Apr2023_044735/staging/finale/finale_waivers/ip764hduspsr2048x39m8b2s0r2p0d0.crossfire_horizontal.finale.summary
[05:18:52 2023-04-28] [INFO ] Processing data and convert into proper structure crossfire_horizontal
[05:18:52 2023-04-28] [INFO ] Writing File /nfs/site/disks/ipg_scf_00159/ajavidi_ship/SHIP_23ww17d4/ip764hduspsr2048x39m8b2s0r2p0d0_work/ship/ip/ip764hduspsr2048x39m8b2s0r2p0d0/zsc11_scea121612_28Apr2023_044735/staging/finale/finale_waivers/ip764hduspsr2048x39m8b2s0r2p0d0.crossfire_horizontal.filt_viol.xml
[05:18:52 2023-04-28] [INFO ] Writing File /nfs/site/disks/ipg_scf_00159/ajavidi_ship/SHIP_23ww17d4/ip764hduspsr2048x39m8b2s0r2p0d0_work/ship/ip/ip764hduspsr2048x39m8b2s0r2p0d0/zsc11_scea121612_28Apr2023_044735/staging/finale/finale_waivers/ip764hduspsr2048x39m8b2s0r2p0d0.crossfire_intgd.finale.summary
[05:18:52 2023-04-28] [INFO ] Processing data and convert into proper structure crossfire_intgd
[05:18:52 2023-04-28] [INFO ] Writing File /nfs/site/disks/ipg_scf_00159/ajavidi_ship/SHIP_23ww17d4/ip764hduspsr2048x39m8b2s0r2p0d0_work/ship/ip/ip764hduspsr2048x39m8b2s0r2p0d0/zsc11_scea121612_28Apr2023_044735/staging/finale/finale_waivers/ip764hduspsr2048x39m8b2s0r2p0d0.crossfire_intgd.filt_viol.xml
[05:18:52 2023-04-28] [INFO ] Writing File /nfs/site/disks/ipg_scf_00159/ajavidi_ship/SHIP_23ww17d4/ip764hduspsr2048x39m8b2s0r2p0d0_work/ship/ip/ip764hduspsr2048x39m8b2s0r2p0d0/zsc11_scea121612_28Apr2023_044735/staging/finale/finale_waivers/ip764hduspsr2048x39m8b2s0r2p0d0.crossfire_lef.finale.summary
[05:18:52 2023-04-28] [INFO ] Processing data and convert into proper structure crossfire_lef
[05:18:52 2023-04-28] [INFO ] Writing File /nfs/site/disks/ipg_scf_00159/ajavidi_ship/SHIP_23ww17d4/ip764hduspsr2048x39m8b2s0r2p0d0_work/ship/ip/ip764hduspsr2048x39m8b2s0r2p0d0/zsc11_scea121612_28Apr2023_044735/staging/finale/finale_waivers/ip764hduspsr2048x39m8b2s0r2p0d0.crossfire_lef.filt_viol.xml
[05:18:52 2023-04-28] [INFO ] Writing File /nfs/site/disks/ipg_scf_00159/ajavidi_ship/SHIP_23ww17d4/ip764hduspsr2048x39m8b2s0r2p0d0_work/ship/ip/ip764hduspsr2048x39m8b2s0r2p0d0/zsc11_scea121612_28Apr2023_044735/staging/finale/finale_waivers/ip764hduspsr2048x39m8b2s0r2p0d0.crossfire_lv.finale.summary
[05:18:52 2023-04-28] [INFO ] Processing data and convert into proper structure crossfire_lv
[05:18:52 2023-04-28] [INFO ] Writing File /nfs/site/disks/ipg_scf_00159/ajavidi_ship/SHIP_23ww17d4/ip764hduspsr2048x39m8b2s0r2p0d0_work/ship/ip/ip764hduspsr2048x39m8b2s0r2p0d0/zsc11_scea121612_28Apr2023_044735/staging/finale/finale_waivers/ip764hduspsr2048x39m8b2s0r2p0d0.crossfire_lv.filt_viol.xml
[05:18:52 2023-04-28] [INFO ] Writing File /nfs/site/disks/ipg_scf_00159/ajavidi_ship/SHIP_23ww17d4/ip764hduspsr2048x39m8b2s0r2p0d0_work/ship/ip/ip764hduspsr2048x39m8b2s0r2p0d0/zsc11_scea121612_28Apr2023_044735/staging/finale/finale_waivers/ip764hduspsr2048x39m8b2s0r2p0d0.crossfire_power.finale.summary
[05:18:52 2023-04-28] [INFO ] Processing data and convert into proper structure crossfire_power
[05:18:52 2023-04-28] [INFO ] Writing File /nfs/site/disks/ipg_scf_00159/ajavidi_ship/SHIP_23ww17d4/ip764hduspsr2048x39m8b2s0r2p0d0_work/ship/ip/ip764hduspsr2048x39m8b2s0r2p0d0/zsc11_scea121612_28Apr2023_044735/staging/finale/finale_waivers/ip764hduspsr2048x39m8b2s0r2p0d0.crossfire_power.filt_viol.xml
[05:18:52 2023-04-28] [INFO ] Writing File /nfs/site/disks/ipg_scf_00159/ajavidi_ship/SHIP_23ww17d4/ip764hduspsr2048x39m8b2s0r2p0d0_work/ship/ip/ip764hduspsr2048x39m8b2s0r2p0d0/zsc11_scea121612_28Apr2023_044735/staging/finale/finale_waivers/ip764hduspsr2048x39m8b2s0r2p0d0.crossfire_timing.finale.summary
[05:18:52 2023-04-28] [INFO ] Processing data and convert into proper structure crossfire_timing
[05:18:52 2023-04-28] [INFO ] Writing File /nfs/site/disks/ipg_scf_00159/ajavidi_ship/SHIP_23ww17d4/ip764hduspsr2048x39m8b2s0r2p0d0_work/ship/ip/ip764hduspsr2048x39m8b2s0r2p0d0/zsc11_scea121612_28Apr2023_044735/staging/finale/finale_waivers/ip764hduspsr2048x39m8b2s0r2p0d0.crossfire_timing.filt_viol.xml
[05:18:52 2023-04-28] [INFO ] Writing /nfs/site/disks/ipg_scf_00159/ajavidi_ship/SHIP_23ww17d4/ip764hduspsr2048x39m8b2s0r2p0d0_work/ship/ip/ip764hduspsr2048x39m8b2s0r2p0d0/zsc11_scea121612_28Apr2023_044735/staging/finale/finale_waivers/ip764hduspsr2048x39m8b2s0r2p0d0.finale.close file
[05:18:52 2023-04-28] [INFO ] Writing /nfs/site/disks/ipg_scf_00159/ajavidi_ship/SHIP_23ww17d4/ip764hduspsr2048x39m8b2s0r2p0d0_work/ship/ip/ip764hduspsr2048x39m8b2s0r2p0d0/zsc11_scea121612_28Apr2023_044735/staging/finale/finale_waivers/ip764hduspsr2048x39m8b2s0r2p0d0.finale.csv file
[05:18:52 2023-04-28] [INFO ] Writing /nfs/site/disks/ipg_scf_00159/ajavidi_ship/SHIP_23ww17d4/ip764hduspsr2048x39m8b2s0r2p0d0_work/ship/ip/ip764hduspsr2048x39m8b2s0r2p0d0/zsc11_scea121612_28Apr2023_044735/staging/finale/finale_waivers/ip764hduspsr2048x39m8b2s0r2p0d0.indicator_data.json file
[05:18:52 2023-04-28] [INFO ] Writing File /nfs/site/disks/ipg_scf_00159/ajavidi_ship/SHIP_23ww17d4/ip764hduspsr2048x39m8b2s0r2p0d0_work/ship/ip/ip764hduspsr2048x39m8b2s0r2p0d0/zsc11_scea121612_28Apr2023_044735/staging/finale/finale_waivers/ip764hduspsr2048x39m8b2s0r2p0d0.waivers
[05:18:53 2023-04-28] [INFO ] Writing /nfs/site/disks/ipg_scf_00159/ajavidi_ship/SHIP_23ww17d4/ip764hduspsr2048x39m8b2s0r2p0d0_work/ship/ip/ip764hduspsr2048x39m8b2s0r2p0d0/zsc11_scea121612_28Apr2023_044735/staging/finale/finale_waivers/ip764hduspsr2048x39m8b2s0r2p0d0.waiver_summary.html file 
cmd: set review_st=$?
cmd: cp -r /nfs/site/disks/ipg_scf_00159/ajavidi_ship/SHIP_23ww17d4/ip764hduspsr2048x39m8b2s0r2p0d0_work/ship/ip/ip764hduspsr2048x39m8b2s0r2p0d0/zsc11_scea121612_28Apr2023_044735/staging/finale/finale_waivers/* /nfs/site/disks/ipg_scf_00159/ajavidi_ship/SHIP_23ww17d4/ip764hduspsr2048x39m8b2s0r2p0d0_work/ship/ip/ip764hduspsr2048x39m8b2s0r2p0d0/zsc11_scea121612_28Apr2023_044735/staging/review
cmd: chmod -R +w /nfs/site/disks/ipg_scf_00159/ajavidi_ship/SHIP_23ww17d4/ip764hduspsr2048x39m8b2s0r2p0d0_work/ship/ip/ip764hduspsr2048x39m8b2s0r2p0d0/zsc11_scea121612_28Apr2023_044735/staging/finale
cmd: rm -rf /nfs/site/disks/ipg_scf_00159/ajavidi_ship/SHIP_23ww17d4/ip764hduspsr2048x39m8b2s0r2p0d0_work/ship/ip/ip764hduspsr2048x39m8b2s0r2p0d0/zsc11_scea121612_28Apr2023_044735/staging/finale
cmd: bash -c {chmod +w /nfs/site/disks/ipg_scf_00159/ajavidi_ship/SHIP_23ww17d4/ip764hduspsr2048x39m8b2s0r2p0d0_work/ship/ip/ip764hduspsr2048x39m8b2s0r2p0d0/zsc11_scea121612_28Apr2023_044735/staging/{review,approvals/waiver_approvals}/manifest.xml 2>/dev/null{
cmd: bash -c {rm -f /nfs/site/disks/ipg_scf_00159/ajavidi_ship/SHIP_23ww17d4/ip764hduspsr2048x39m8b2s0r2p0d0_work/ship/ip/ip764hduspsr2048x39m8b2s0r2p0d0/zsc11_scea121612_28Apr2023_044735/staging/{review,approvals/waiver_approvals}/manifest.xml 2>/dev/null{
cmd: exit $review_st
-I- Batch status: 0
-I- Reading /nfs/site/disks/ipg_scf_00159/ajavidi_ship/SHIP_23ww17d4/ip764hduspsr2048x39m8b2s0r2p0d0_work/ship/ip/ip764hduspsr2048x39m8b2s0r2p0d0/zsc11_scea121612_28Apr2023_044735/staging/review/ip764hduspsr2048x39m8b2s0r2p0d0.finale.csv
-I- Writing summary file to /nfs/site/disks/ipg_scf_00159/ajavidi_ship/SHIP_23ww17d4/ip764hduspsr2048x39m8b2s0r2p0d0_work/ship/ip/ip764hduspsr2048x39m8b2s0r2p0d0/zsc11_scea121612_28Apr2023_044735/.metadata/ship.default.review.run.sum
+-----------------------------------------------------------------------------+
| Exit Status    : 0                                                          |
| Finishing time : Fri Apr 28  5:18:53 2023                                   |
+-----------------------------------------------------------------------------+
