# /nfs/site/disks/crt_tools_055/ip2sd/23.02.001/bin/stageBin/ip2sd_libprep.pl
-I- Using /p/hdk/cad/librarycompiler/T-2022.03-SP3/bin/lc_shell -no_home_init for lib operations
Starting ip2sd_libprep
Using ip2sdCfg file ip2sdCfg_28341.pm
-I- ip cfg file: /nfs/site/disks/ipg_scf_00159/ajavidi_ship/SHIP_23ww17d4/arf184b256e1r1w0cbbehcaa4acw_work/ship/ip/arf184b256e1r1w0cbbehcaa4acw/zsc11_scc311043_28Apr2023_034741/ip2sd/collateral/ebb/cfg/arf184b256e1r1w0cbbehcaa4acw.cfg
-I- Reading IP config file: /nfs/site/disks/ipg_scf_00159/ajavidi_ship/SHIP_23ww17d4/arf184b256e1r1w0cbbehcaa4acw_work/ship/ip/arf184b256e1r1w0cbbehcaa4acw/zsc11_scc311043_28Apr2023_034741/ip2sd/collateral/ebb/cfg/arf184b256e1r1w0cbbehcaa4acw.cfg
-I- Sucessfully read config file.
-I- Correcting library attribute and pin case in lib file arf184b256e1r1w0cbbehcaa4acw_p1276d4_tmin_0.55v_100c.min.lib
-I- Correcting library attribute and pin case in lib file arf184b256e1r1w0cbbehcaa4acw_p1276d4_tmin_0.85v_100c.min.lib
-I- Correcting library attribute and pin case in lib file arf184b256e1r1w0cbbehcaa4acw_p1276d4_tmin_1.10v_100c.min.lib
-I- Correcting library attribute and pin case in lib file arf184b256e1r1w0cbbehcaa4acw_p1276d4_tttt_0.55v_100c.max.lib
-I- Correcting library attribute and pin case in lib file arf184b256e1r1w0cbbehcaa4acw_p1276d4_tmin_0.65v_100c.min.lib
-I- Correcting library attribute and pin case in lib file arf184b256e1r1w0cbbehcaa4acw_p1276d4_tttt_0.65v_100c.max.lib
-I- Correcting library attribute and pin case in lib file arf184b256e1r1w0cbbehcaa4acw_p1276d4_tttt_1.10v_100c.max.lib
-I- Correcting library attribute and pin case in lib file arf184b256e1r1w0cbbehcaa4acw_p1276d4_tttt_0.85v_100c.max.lib
dos2unix: converting file /nfs/site/disks/ipg_scf_00159/ajavidi_ship/SHIP_23ww17d4/arf184b256e1r1w0cbbehcaa4acw_work/ship/ip/arf184b256e1r1w0cbbehcaa4acw/zsc11_scc311043_28Apr2023_034741/ip2sd/timing/arf184b256e1r1w0cbbehcaa4acw_p1276d4_tmin_0.65v_100c.min.lib to Unix format ...
dos2unix: converting file /nfs/site/disks/ipg_scf_00159/ajavidi_ship/SHIP_23ww17d4/arf184b256e1r1w0cbbehcaa4acw_work/ship/ip/arf184b256e1r1w0cbbehcaa4acw/zsc11_scc311043_28Apr2023_034741/ip2sd/timing/arf184b256e1r1w0cbbehcaa4acw_p1276d4_tmin_1.10v_100c.min.lib to Unix format ...
dos2unix: converting file /nfs/site/disks/ipg_scf_00159/ajavidi_ship/SHIP_23ww17d4/arf184b256e1r1w0cbbehcaa4acw_work/ship/ip/arf184b256e1r1w0cbbehcaa4acw/zsc11_scc311043_28Apr2023_034741/ip2sd/timing/arf184b256e1r1w0cbbehcaa4acw_p1276d4_tmin_0.85v_100c.min.lib to Unix format ...
dos2unix: converting file /nfs/site/disks/ipg_scf_00159/ajavidi_ship/SHIP_23ww17d4/arf184b256e1r1w0cbbehcaa4acw_work/ship/ip/arf184b256e1r1w0cbbehcaa4acw/zsc11_scc311043_28Apr2023_034741/ip2sd/timing/arf184b256e1r1w0cbbehcaa4acw_p1276d4_tttt_0.55v_100c.max.lib to Unix format ...
dos2unix: converting file /nfs/site/disks/ipg_scf_00159/ajavidi_ship/SHIP_23ww17d4/arf184b256e1r1w0cbbehcaa4acw_work/ship/ip/arf184b256e1r1w0cbbehcaa4acw/zsc11_scc311043_28Apr2023_034741/ip2sd/timing/arf184b256e1r1w0cbbehcaa4acw_p1276d4_tttt_0.65v_100c.max.lib to Unix format ...
dos2unix: converting file /nfs/site/disks/ipg_scf_00159/ajavidi_ship/SHIP_23ww17d4/arf184b256e1r1w0cbbehcaa4acw_work/ship/ip/arf184b256e1r1w0cbbehcaa4acw/zsc11_scc311043_28Apr2023_034741/ip2sd/timing/arf184b256e1r1w0cbbehcaa4acw_p1276d4_tttt_0.85v_100c.max.lib to Unix format ...
dos2unix: converting file /nfs/site/disks/ipg_scf_00159/ajavidi_ship/SHIP_23ww17d4/arf184b256e1r1w0cbbehcaa4acw_work/ship/ip/arf184b256e1r1w0cbbehcaa4acw/zsc11_scc311043_28Apr2023_034741/ip2sd/timing/arf184b256e1r1w0cbbehcaa4acw_p1276d4_tmin_0.55v_100c.min.lib to Unix format ...
dos2unix: converting file /nfs/site/disks/ipg_scf_00159/ajavidi_ship/SHIP_23ww17d4/arf184b256e1r1w0cbbehcaa4acw_work/ship/ip/arf184b256e1r1w0cbbehcaa4acw/zsc11_scc311043_28Apr2023_034741/ip2sd/timing/arf184b256e1r1w0cbbehcaa4acw_p1276d4_tttt_1.10v_100c.max.lib to Unix format ...
-I- libprep arf184b256e1r1w0cbbehcaa4acw_p1276d4_tttt_0.85v_100c.max.lib returned 0
-I- libprep arf184b256e1r1w0cbbehcaa4acw_p1276d4_tttt_0.55v_100c.max.lib returned 0
-I- libprep arf184b256e1r1w0cbbehcaa4acw_p1276d4_tttt_0.65v_100c.max.lib returned 0
-I- libprep arf184b256e1r1w0cbbehcaa4acw_p1276d4_tmin_0.55v_100c.min.lib returned 0
-I- libprep arf184b256e1r1w0cbbehcaa4acw_p1276d4_tmin_0.65v_100c.min.lib returned 0
-I- libprep arf184b256e1r1w0cbbehcaa4acw_p1276d4_tmin_1.10v_100c.min.lib returned 0
-I- libprep arf184b256e1r1w0cbbehcaa4acw_p1276d4_tttt_1.10v_100c.max.lib returned 0
-I- libprep arf184b256e1r1w0cbbehcaa4acw_p1276d4_tmin_0.85v_100c.min.lib returned 0
Finished running ip2sd_libprep
