
s: Crossfire Rule: 15206
d: Layer presence check
i: firefox -new-window /nfs/site/disks/ipg_scf_00159/ajavidi_ship/SHIP_23ww18d3/arf132b224e1r1w0cbbehcaa4acw_work/ship/ip/arf132b224e1r1w0cbbehcaa4acw/zsc11_scc291253_3May2023_172638/crossfire/crossfire/arf132b224e1r1w0cbbehcaa4acw.uv1.2023_05_03_174132.5383/html/index_per_rule.html

s: Crossfire Rule: 15214
d: Pol boundCoverageCheck
i: firefox -new-window /nfs/site/disks/ipg_scf_00159/ajavidi_ship/SHIP_23ww18d3/arf132b224e1r1w0cbbehcaa4acw_work/ship/ip/arf132b224e1r1w0cbbehcaa4acw/zsc11_scc291253_3May2023_172638/crossfire/crossfire/arf132b224e1r1w0cbbehcaa4acw.uv1.2023_05_03_174132.5383/html/index_per_rule.html

s: Crossfire Rule: 15217
d: PinWidthLengthCheck
i: firefox -new-window /nfs/site/disks/ipg_scf_00159/ajavidi_ship/SHIP_23ww18d3/arf132b224e1r1w0cbbehcaa4acw_work/ship/ip/arf132b224e1r1w0cbbehcaa4acw/zsc11_scc291253_3May2023_172638/crossfire/crossfire/arf132b224e1r1w0cbbehcaa4acw.uv1.2023_05_03_174132.5383/html/index_per_rule.html

s: Crossfire Rule: 15301
d: LEFCLASScheck
i: firefox -new-window /nfs/site/disks/ipg_scf_00159/ajavidi_ship/SHIP_23ww18d3/arf132b224e1r1w0cbbehcaa4acw_work/ship/ip/arf132b224e1r1w0cbbehcaa4acw/zsc11_scc291253_3May2023_172638/crossfire/crossfire/arf132b224e1r1w0cbbehcaa4acw.uv1.2023_05_03_174132.5383/html/index_per_rule.html

s: Crossfire Rule: 15302
d: LEFOriginSizecheck
i: firefox -new-window /nfs/site/disks/ipg_scf_00159/ajavidi_ship/SHIP_23ww18d3/arf132b224e1r1w0cbbehcaa4acw_work/ship/ip/arf132b224e1r1w0cbbehcaa4acw/zsc11_scc291253_3May2023_172638/crossfire/crossfire/arf132b224e1r1w0cbbehcaa4acw.uv1.2023_05_03_174132.5383/html/index_per_rule.html

s: Crossfire Rule: 15304
d: LEFMacroCheck
i: firefox -new-window /nfs/site/disks/ipg_scf_00159/ajavidi_ship/SHIP_23ww18d3/arf132b224e1r1w0cbbehcaa4acw_work/ship/ip/arf132b224e1r1w0cbbehcaa4acw/zsc11_scc291253_3May2023_172638/crossfire/crossfire/arf132b224e1r1w0cbbehcaa4acw.uv1.2023_05_03_174132.5383/html/index_per_rule.html

s: Crossfire Rule: 15305
d: LEFHeaderCheck
i: firefox -new-window /nfs/site/disks/ipg_scf_00159/ajavidi_ship/SHIP_23ww18d3/arf132b224e1r1w0cbbehcaa4acw_work/ship/ip/arf132b224e1r1w0cbbehcaa4acw/zsc11_scc291253_3May2023_172638/crossfire/crossfire/arf132b224e1r1w0cbbehcaa4acw.uv1.2023_05_03_174132.5383/html/index_per_rule.html

s: Crossfire Rule: 15306
d: LEFSymmetryCheck
i: firefox -new-window /nfs/site/disks/ipg_scf_00159/ajavidi_ship/SHIP_23ww18d3/arf132b224e1r1w0cbbehcaa4acw_work/ship/ip/arf132b224e1r1w0cbbehcaa4acw/zsc11_scc291253_3May2023_172638/crossfire/crossfire/arf132b224e1r1w0cbbehcaa4acw.uv1.2023_05_03_174132.5383/html/index_per_rule.html

s: Crossfire Rule: 15308
d: PinsSingleRect
i: firefox -new-window /nfs/site/disks/ipg_scf_00159/ajavidi_ship/SHIP_23ww18d3/arf132b224e1r1w0cbbehcaa4acw_work/ship/ip/arf132b224e1r1w0cbbehcaa4acw/zsc11_scc291253_3May2023_172638/crossfire/crossfire/arf132b224e1r1w0cbbehcaa4acw.uv1.2023_05_03_174132.5383/html/index_per_rule.html

s: Crossfire Rule: 15315
d: SheetDetailBlockage
i: firefox -new-window /nfs/site/disks/ipg_scf_00159/ajavidi_ship/SHIP_23ww18d3/arf132b224e1r1w0cbbehcaa4acw_work/ship/ip/arf132b224e1r1w0cbbehcaa4acw/zsc11_scc291253_3May2023_172638/crossfire/crossfire/arf132b224e1r1w0cbbehcaa4acw.uv1.2023_05_03_174132.5383/html/index_per_rule.html
