+-----------------------------------------------------------------------------+
| Executed on    : scff055505          Feeder : arf038b128e1r1w0cbbehraa4acw_46843_zsc11_scff055505|
| Starting time  : Thu Apr 27  9:00:29 2023                                   |
| Command        : /nfs/site/disks/ipg_scf_00159/ajavidi_ship/SHIP_23ww17d4/arf038b128e1r1w0cbbehraa4acw_work/ship/ip/arf038b128e1r1w0cbbehraa4acw/zsc11_scff055505_27Apr2023_204058/.metadata/scripts/checks.qa_wb.checks-qa_wb.run.csh|
+-----------------------------------------------------------------------------+
/p/hdk/pu_tu/prd/ship/23.02.001/bin/ship_sa.pl -block arf038b128e1r1w0cbbehraa4acw -src checks -dest qa_wb -action run -meta_dir /nfs/site/disks/ipg_scf_00159/ajavidi_ship/SHIP_23ww17d4/arf038b128e1r1w0cbbehraa4acw_work/ship/ip/arf038b128e1r1w0cbbehraa4acw/zsc11_scff055505_27Apr2023_204058/.metadata -task checks-qa_wb -meta_prefix ship.default
-I- Loaded /nfs/site/disks/ipg_scf_00159/ajavidi_ship/SHIP_23ww17d4/arf038b128e1r1w0cbbehraa4acw_work/ship/ip/arf038b128e1r1w0cbbehraa4acw/zsc11_scff055505_27Apr2023_204058/.metadata/ip_arf038b128e1r1w0cbbehraa4acw.yml
-I- Loaded /nfs/site/disks/ipg_scf_00159/ajavidi_ship/SHIP_23ww17d4/arf038b128e1r1w0cbbehraa4acw_work/ship/ip/arf038b128e1r1w0cbbehraa4acw/zsc11_scff055505_27Apr2023_204058/.metadata/stage_checks_arf038b128e1r1w0cbbehraa4acw.yml
-I- Loaded /nfs/site/disks/ipg_scf_00159/ajavidi_ship/SHIP_23ww17d4/arf038b128e1r1w0cbbehraa4acw_work/ship/ip/arf038b128e1r1w0cbbehraa4acw/zsc11_scff055505_27Apr2023_204058/.metadata/stage_qa_wb_arf038b128e1r1w0cbbehraa4acw.yml
-I- Writing summary file to /nfs/site/disks/ipg_scf_00159/ajavidi_ship/SHIP_23ww17d4/arf038b128e1r1w0cbbehraa4acw_work/ship/ip/arf038b128e1r1w0cbbehraa4acw/zsc11_scff055505_27Apr2023_204058/.metadata/ship.default.qa_wb.run.sum
-I- Loaded /nfs/site/disks/ipg_scf_00159/ajavidi_ship/SHIP_23ww17d4/arf038b128e1r1w0cbbehraa4acw_work/ship/ip/arf038b128e1r1w0cbbehraa4acw/zsc11_scff055505_27Apr2023_204058/.metadata/stage_crossfire_arf038b128e1r1w0cbbehraa4acw.yml
-I- crossfire -> /nfs/site/disks/ipg_scf_00159/ajavidi_ship/SHIP_23ww17d4/arf038b128e1r1w0cbbehraa4acw_work/ship/ip/arf038b128e1r1w0cbbehraa4acw/zsc11_scff055505_27Apr2023_204058/crossfire
-I- Loaded /nfs/site/disks/ipg_scf_00159/ajavidi_ship/SHIP_23ww17d4/arf038b128e1r1w0cbbehraa4acw_work/ship/ip/arf038b128e1r1w0cbbehraa4acw/zsc11_scff055505_27Apr2023_204058/.metadata/stage_staging_arf038b128e1r1w0cbbehraa4acw.yml
-I- staging -> /nfs/site/disks/ipg_scf_00159/ajavidi_ship/SHIP_23ww17d4/arf038b128e1r1w0cbbehraa4acw_work/ship/ip/arf038b128e1r1w0cbbehraa4acw/zsc11_scff055505_27Apr2023_204058/staging
-I- Mapping /nfs/site/disks/ipg_scf_00159/ajavidi_ship/SHIP_23ww17d4/arf038b128e1r1w0cbbehraa4acw_work/ship/ip/arf038b128e1r1w0cbbehraa4acw/zsc11_scff055505_27Apr2023_204058/crossfire to /nfs/site/disks/ipg_scf_00159/ajavidi_ship/SHIP_23ww17d4/arf038b128e1r1w0cbbehraa4acw_work/ship/ip/arf038b128e1r1w0cbbehraa4acw/zsc11_scff055505_27Apr2023_204058/staging
-I- Running 13 copy ops from /nfs/site/disks/ipg_scf_00159/ajavidi_ship/SHIP_23ww17d4/arf038b128e1r1w0cbbehraa4acw_work/ship/ip/arf038b128e1r1w0cbbehraa4acw/zsc11_scff055505_27Apr2023_204058/crossfire
-I- Writing summary file to /nfs/site/disks/ipg_scf_00159/ajavidi_ship/SHIP_23ww17d4/arf038b128e1r1w0cbbehraa4acw_work/ship/ip/arf038b128e1r1w0cbbehraa4acw/zsc11_scff055505_27Apr2023_204058/.metadata/ship.default.qa_wb.run.sum
+-----------------------------------------------------------------------------+
| Exit Status    : 0                                                          |
| Finishing time : Thu Apr 27  9:00:31 2023                                   |
+-----------------------------------------------------------------------------+
