+-----------------------------------------------------------------------------+
| Executed on    : sccd070118          Feeder : ip764hduspsr1024x52m4b2s0r2p0d0_11189_zsc11_sccd070118|
| Starting time  : Fri Apr 28  4:49:54 2023                                   |
| Command        : /nfs/site/disks/ipg_scf_00159/ajavidi_ship/SHIP_23ww17d4/ip764hduspsr1024x52m4b2s0r2p0d0_work/ship/ip/ip764hduspsr1024x52m4b2s0r2p0d0/zsc11_sccd070118_28Apr2023_044734/.metadata/scripts/orig.unpacked.orig-unpacked.run.csh|
+-----------------------------------------------------------------------------+
/p/hdk/pu_tu/prd/ship/23.02.001/bin/ship_sa.pl -block ip764hduspsr1024x52m4b2s0r2p0d0 -src orig -dest unpacked -action run -meta_dir /nfs/site/disks/ipg_scf_00159/ajavidi_ship/SHIP_23ww17d4/ip764hduspsr1024x52m4b2s0r2p0d0_work/ship/ip/ip764hduspsr1024x52m4b2s0r2p0d0/zsc11_sccd070118_28Apr2023_044734/.metadata -task orig-unpacked -meta_prefix ship.default
-I- Loaded /nfs/site/disks/ipg_scf_00159/ajavidi_ship/SHIP_23ww17d4/ip764hduspsr1024x52m4b2s0r2p0d0_work/ship/ip/ip764hduspsr1024x52m4b2s0r2p0d0/zsc11_sccd070118_28Apr2023_044734/.metadata/ip_ip764hduspsr1024x52m4b2s0r2p0d0.yml
-I- Loaded /nfs/site/disks/ipg_scf_00159/ajavidi_ship/SHIP_23ww17d4/ip764hduspsr1024x52m4b2s0r2p0d0_work/ship/ip/ip764hduspsr1024x52m4b2s0r2p0d0/zsc11_sccd070118_28Apr2023_044734/.metadata/stage_orig_ip764hduspsr1024x52m4b2s0r2p0d0.yml
-I- Loaded /nfs/site/disks/ipg_scf_00159/ajavidi_ship/SHIP_23ww17d4/ip764hduspsr1024x52m4b2s0r2p0d0_work/ship/ip/ip764hduspsr1024x52m4b2s0r2p0d0/zsc11_sccd070118_28Apr2023_044734/.metadata/stage_unpacked_ip764hduspsr1024x52m4b2s0r2p0d0.yml
-I- Writing summary file to /nfs/site/disks/ipg_scf_00159/ajavidi_ship/SHIP_23ww17d4/ip764hduspsr1024x52m4b2s0r2p0d0_work/ship/ip/ip764hduspsr1024x52m4b2s0r2p0d0/zsc11_sccd070118_28Apr2023_044734/.metadata/ship.default.unpacked.run.sum
-I- Executing command: mkdir -p /nfs/site/disks/ipg_scf_00159/ajavidi_ship/SHIP_23ww17d4/ip764hduspsr1024x52m4b2s0r2p0d0_work/ship/ip/ip764hduspsr1024x52m4b2s0r2p0d0/zsc11_sccd070118_28Apr2023_044734/unpacked
-I- Unpacking .
-I- Executing command: mkdir -p /nfs/site/disks/ipg_scf_00159/ajavidi_ship/SHIP_23ww17d4/ip764hduspsr1024x52m4b2s0r2p0d0_work/ship/ip/ip764hduspsr1024x52m4b2s0r2p0d0/zsc11_sccd070118_28Apr2023_044734/unpacked/.
-I- Executing command: tar -zxf /nfs/site/disks/ipg_scf_00159/ajavidi_ship/SHIP_23ww17d4/ip764hduspsr1024x52m4b2s0r2p0d0_work/ship/ip/ip764hduspsr1024x52m4b2s0r2p0d0/zsc11_sccd070118_28Apr2023_044734/orig/ip764hduspsr1024x52m4b2s0r2p0d0.tar.gz -C /nfs/site/disks/ipg_scf_00159/ajavidi_ship/SHIP_23ww17d4/ip764hduspsr1024x52m4b2s0r2p0d0_work/ship/ip/ip764hduspsr1024x52m4b2s0r2p0d0/zsc11_sccd070118_28Apr2023_044734/unpacked/.
-I- Using hipspec config /p/hdk/pu_tu/prd/ship/23.02.001/config/manifest_templates/hipspec_1276.manifest.cfg
-I- -manifest_cfg resolved to '/nfs/site/disks/crt_tools_050/ship/23.02.001/config/manifest_templates/hipspec_1276.manifest.cfg'
-I- Executing command: /p/hdk/pu_tu/prd/iphandoff/23.02.001/bin/make_manifest.py -write_cfg /nfs/site/disks/ipg_scf_00159/ajavidi_ship/SHIP_23ww17d4/ip764hduspsr1024x52m4b2s0r2p0d0_work/ship/ip/ip764hduspsr1024x52m4b2s0r2p0d0/zsc11_sccd070118_28Apr2023_044734/unpacked/ip764hduspsr1024x52m4b2s0r2p0d0.manifest.cfg -config /nfs/site/disks/crt_tools_050/ship/23.02.001/config/manifest_templates/hipspec_1276.manifest.cfg -dir /nfs/site/disks/ipg_scf_00159/ajavidi_ship/SHIP_23ww17d4/ip764hduspsr1024x52m4b2s0r2p0d0_work/ship/ip/ip764hduspsr1024x52m4b2s0r2p0d0/zsc11_sccd070118_28Apr2023_044734/unpacked -libname ip764hduspsr1024x52m4b2s0r2p0d0 -output '/nfs/site/disks/ipg_scf_00159/ajavidi_ship/SHIP_23ww17d4/ip764hduspsr1024x52m4b2s0r2p0d0_work/ship/ip/ip764hduspsr1024x52m4b2s0r2p0d0/zsc11_sccd070118_28Apr2023_044734/unpacked/manifest.xml' IP=ip764hduspsr1024x52m4b2s0r2p0d0
-I- Unzipping data in /nfs/site/disks/ipg_scf_00159/ajavidi_ship/SHIP_23ww17d4/ip764hduspsr1024x52m4b2s0r2p0d0_work/ship/ip/ip764hduspsr1024x52m4b2s0r2p0d0/zsc11_sccd070118_28Apr2023_044734/unpacked/manifest.xml
-I- Writing updated manifest to /nfs/site/disks/ipg_scf_00159/ajavidi_ship/SHIP_23ww17d4/ip764hduspsr1024x52m4b2s0r2p0d0_work/ship/ip/ip764hduspsr1024x52m4b2s0r2p0d0/zsc11_sccd070118_28Apr2023_044734/unpacked/manifest.xml
-I- Checking /nfs/site/disks/ipg_scf_00159/ajavidi_ship/SHIP_23ww17d4/ip764hduspsr1024x52m4b2s0r2p0d0_work/ship/ip/ip764hduspsr1024x52m4b2s0r2p0d0/zsc11_sccd070118_28Apr2023_044734/unpacked/manifest.xml for <type>attribute_xml
-I- Checking /nfs/site/disks/ipg_scf_00159/ajavidi_ship/SHIP_23ww17d4/ip764hduspsr1024x52m4b2s0r2p0d0_work/ship/ip/ip764hduspsr1024x52m4b2s0r2p0d0/zsc11_sccd070118_28Apr2023_044734/unpacked/doc/ip764hduspsr1024x52m4b2s0r2p0d0.attribute.xml for <multi_cell>
-I- Writing summary file to /nfs/site/disks/ipg_scf_00159/ajavidi_ship/SHIP_23ww17d4/ip764hduspsr1024x52m4b2s0r2p0d0_work/ship/ip/ip764hduspsr1024x52m4b2s0r2p0d0/zsc11_sccd070118_28Apr2023_044734/.metadata/ship.default.unpacked.run.sum
+-----------------------------------------------------------------------------+
| Exit Status    : 0                                                          |
| Finishing time : Fri Apr 28  4:50:44 2023                                   |
+-----------------------------------------------------------------------------+
