+-----------------------------------------------------------------------------+
| Executed on    : scco051901          Feeder : arf028b256e2r2w0cbbeheaa4acw_33500_zsc11_scco051901|
| Starting time  : Thu Apr 27  9:02:18 2023                                   |
| Command        : /nfs/site/disks/ipg_scf_00159/ajavidi_ship/SHIP_23ww17d4/arf028b256e2r2w0cbbeheaa4acw_work/ship/ip/arf028b256e2r2w0cbbeheaa4acw/zsc11_scco051901_27Apr2023_204100/.metadata/scripts/checks.qa_wb.checks-qa_wb.run.csh|
+-----------------------------------------------------------------------------+
/p/hdk/pu_tu/prd/ship/23.02.001/bin/ship_sa.pl -block arf028b256e2r2w0cbbeheaa4acw -src checks -dest qa_wb -action run -meta_dir /nfs/site/disks/ipg_scf_00159/ajavidi_ship/SHIP_23ww17d4/arf028b256e2r2w0cbbeheaa4acw_work/ship/ip/arf028b256e2r2w0cbbeheaa4acw/zsc11_scco051901_27Apr2023_204100/.metadata -task checks-qa_wb -meta_prefix ship.default
-I- Loaded /nfs/site/disks/ipg_scf_00159/ajavidi_ship/SHIP_23ww17d4/arf028b256e2r2w0cbbeheaa4acw_work/ship/ip/arf028b256e2r2w0cbbeheaa4acw/zsc11_scco051901_27Apr2023_204100/.metadata/ip_arf028b256e2r2w0cbbeheaa4acw.yml
-I- Loaded /nfs/site/disks/ipg_scf_00159/ajavidi_ship/SHIP_23ww17d4/arf028b256e2r2w0cbbeheaa4acw_work/ship/ip/arf028b256e2r2w0cbbeheaa4acw/zsc11_scco051901_27Apr2023_204100/.metadata/stage_checks_arf028b256e2r2w0cbbeheaa4acw.yml
-I- Loaded /nfs/site/disks/ipg_scf_00159/ajavidi_ship/SHIP_23ww17d4/arf028b256e2r2w0cbbeheaa4acw_work/ship/ip/arf028b256e2r2w0cbbeheaa4acw/zsc11_scco051901_27Apr2023_204100/.metadata/stage_qa_wb_arf028b256e2r2w0cbbeheaa4acw.yml
-I- Writing summary file to /nfs/site/disks/ipg_scf_00159/ajavidi_ship/SHIP_23ww17d4/arf028b256e2r2w0cbbeheaa4acw_work/ship/ip/arf028b256e2r2w0cbbeheaa4acw/zsc11_scco051901_27Apr2023_204100/.metadata/ship.default.qa_wb.run.sum
-I- Loaded /nfs/site/disks/ipg_scf_00159/ajavidi_ship/SHIP_23ww17d4/arf028b256e2r2w0cbbeheaa4acw_work/ship/ip/arf028b256e2r2w0cbbeheaa4acw/zsc11_scco051901_27Apr2023_204100/.metadata/stage_crossfire_arf028b256e2r2w0cbbeheaa4acw.yml
-I- crossfire -> /nfs/site/disks/ipg_scf_00159/ajavidi_ship/SHIP_23ww17d4/arf028b256e2r2w0cbbeheaa4acw_work/ship/ip/arf028b256e2r2w0cbbeheaa4acw/zsc11_scco051901_27Apr2023_204100/crossfire
-I- Loaded /nfs/site/disks/ipg_scf_00159/ajavidi_ship/SHIP_23ww17d4/arf028b256e2r2w0cbbeheaa4acw_work/ship/ip/arf028b256e2r2w0cbbeheaa4acw/zsc11_scco051901_27Apr2023_204100/.metadata/stage_staging_arf028b256e2r2w0cbbeheaa4acw.yml
-I- staging -> /nfs/site/disks/ipg_scf_00159/ajavidi_ship/SHIP_23ww17d4/arf028b256e2r2w0cbbeheaa4acw_work/ship/ip/arf028b256e2r2w0cbbeheaa4acw/zsc11_scco051901_27Apr2023_204100/staging
-I- Mapping /nfs/site/disks/ipg_scf_00159/ajavidi_ship/SHIP_23ww17d4/arf028b256e2r2w0cbbeheaa4acw_work/ship/ip/arf028b256e2r2w0cbbeheaa4acw/zsc11_scco051901_27Apr2023_204100/crossfire to /nfs/site/disks/ipg_scf_00159/ajavidi_ship/SHIP_23ww17d4/arf028b256e2r2w0cbbeheaa4acw_work/ship/ip/arf028b256e2r2w0cbbeheaa4acw/zsc11_scco051901_27Apr2023_204100/staging
-I- Running 13 copy ops from /nfs/site/disks/ipg_scf_00159/ajavidi_ship/SHIP_23ww17d4/arf028b256e2r2w0cbbeheaa4acw_work/ship/ip/arf028b256e2r2w0cbbeheaa4acw/zsc11_scco051901_27Apr2023_204100/crossfire
-I- Writing summary file to /nfs/site/disks/ipg_scf_00159/ajavidi_ship/SHIP_23ww17d4/arf028b256e2r2w0cbbeheaa4acw_work/ship/ip/arf028b256e2r2w0cbbeheaa4acw/zsc11_scco051901_27Apr2023_204100/.metadata/ship.default.qa_wb.run.sum
+-----------------------------------------------------------------------------+
| Exit Status    : 0                                                          |
| Finishing time : Thu Apr 27  9:02:21 2023                                   |
+-----------------------------------------------------------------------------+
